

HI-TECH Software PIC18 LITE Macro Assembler V9.80 build 11162 
                                                                                               Fri Mar 26 10:29:08 2021

HI-TECH Software Omniscient Code Generator (Lite mode) build 11162
     1  0000                     opt subtitle "HI-TECH Software Omniscient Code Generator (Lite mode) build 11162"
     2                           
     3                           opt pagewidth 120
     4                           
     5                           	opt lm
     6                           
     7                           	processor	18F4520
     8  0000                     porta	equ	0F80h
     9  0000                     portb	equ	0F81h
    10  0000                     portc	equ	0F82h
    11  0000                     portd	equ	0F83h
    12  0000                     porte	equ	0F84h
    13  0000                     lata	equ	0F89h
    14  0000                     latb	equ	0F8Ah
    15  0000                     latc	equ	0F8Bh
    16  0000                     latd	equ	0F8Ch
    17  0000                     late	equ	0F8Dh
    18  0000                     trisa	equ	0F92h
    19  0000                     trisb	equ	0F93h
    20  0000                     trisc	equ	0F94h
    21  0000                     trisd	equ	0F95h
    22  0000                     trise	equ	0F96h
    23  0000                     pie1	equ	0F9Dh
    24  0000                     pir1	equ	0F9Eh
    25  0000                     ipr1	equ	0F9Fh
    26  0000                     pie2	equ	0FA0h
    27  0000                     pir2	equ	0FA1h
    28  0000                     ipr2	equ	0FA2h
    29  0000                     t3con	equ	0FB1h
    30  0000                     tmr3l	equ	0FB2h
    31  0000                     tmr3h	equ	0FB3h
    32  0000                     ccp1con	equ	0FBDh
    33  0000                     ccpr1l	equ	0FBEh
    34  0000                     ccpr1h	equ	0FBFh
    35  0000                     adcon1	equ	0FC1h
    36  0000                     adcon0	equ	0FC2h
    37  0000                     adresl	equ	0FC3h
    38  0000                     adresh	equ	0FC4h
    39  0000                     sspcon2	equ	0FC5h
    40  0000                     sspcon1	equ	0FC6h
    41  0000                     sspstat	equ	0FC7h
    42  0000                     sspadd	equ	0FC8h
    43  0000                     sspbuf	equ	0FC9h
    44  0000                     t2con	equ	0FCAh
    45  0000                     pr2	equ	0FCBh
    46  0000                     tmr2	equ	0FCCh
    47  0000                     t1con	equ	0FCDh
    48  0000                     tmr1l	equ	0FCEh
    49  0000                     tmr1h	equ	0FCFh
    50  0000                     rcon	equ	0FD0h
    51  0000                     wdtcon	equ	0FD1h
    52  0000                     lvdcon	equ	0FD2h
    53  0000                     osccon	equ	0FD3h
    54  0000                     t0con	equ	0FD5h
    55  0000                     tmr0l	equ	0FD6h
    56  0000                     tmr0h	equ	0FD7h
    57  0000                     status	equ	0FD8h
    58  0000                     fsr2	equ	0FD9h
    59  0000                     fsr2l	equ	0FD9h
    60  0000                     fsr2h	equ	0FDAh
    61  0000                     plusw2	equ	0FDBh
    62  0000                     preinc2	equ	0FDCh
    63  0000                     postdec2	equ	0FDDh
    64  0000                     postinc2	equ	0FDEh
    65  0000                     indf2	equ	0FDFh
    66  0000                     bsr	equ	0FE0h
    67  0000                     fsr1	equ	0FE1h
    68  0000                     fsr1l	equ	0FE1h
    69  0000                     fsr1h	equ	0FE2h
    70  0000                     plusw1	equ	0FE3h
    71  0000                     preinc1	equ	0FE4h
    72  0000                     postdec1	equ	0FE5h
    73  0000                     postinc1	equ	0FE6h
    74  0000                     indf1	equ	0FE7h
    75  0000                     wreg	equ	0FE8h
    76  0000                     fsr0	equ	0FE9h
    77  0000                     fsr0l	equ	0FE9h
    78  0000                     fsr0h	equ	0FEAh
    79  0000                     plusw0	equ	0FEBh
    80  0000                     preinc0	equ	0FECh
    81  0000                     postdec0	equ	0FEDh
    82  0000                     postinc0	equ	0FEEh
    83  0000                     indf0	equ	0FEFh
    84  0000                     intcon3	equ	0FF0h
    85  0000                     intcon2	equ	0FF1h
    86  0000                     intcon	equ	0FF2h
    87  0000                     prod	equ	0FF3h
    88  0000                     prodl	equ	0FF3h
    89  0000                     prodh	equ	0FF4h
    90  0000                     tablat	equ	0FF5h
    91  0000                     tblptr	equ	0FF6h
    92  0000                     tblptrl	equ	0FF6h
    93  0000                     tblptrh	equ	0FF7h
    94  0000                     tblptru	equ	0FF8h
    95  0000                     pcl	equ	0FF9h
    96  0000                     pclat	equ	0FFAh
    97  0000                     pclath	equ	0FFAh
    98  0000                     pclatu	equ	0FFBh
    99  0000                     stkptr	equ	0FFCh
   100  0000                     tosl	equ	0FFDh
   101  0000                     tosh	equ	0FFEh
   102  0000                     tosu	equ	0FFFh
   103                           skipnz macro
   104                           	btfsc	status,2
   105  0000                     	endm
   106                           	global	__ramtop
   107                           	global	__accesstop
   108                           # 19 "C:\Program Files (x86)\HI-TECH Software\PICC-18\9.80\include\pic18f4520.h"
   109  0000                     PORTA equ 0F80h ;# 
   110                           # 90 "C:\Program Files (x86)\HI-TECH Software\PICC-18\9.80\include\pic18f4520.h"
   111  0000                     PORTB equ 0F81h ;# 
   112                           # 139 "C:\Program Files (x86)\HI-TECH Software\PICC-18\9.80\include\pic18f4520.h"
   113  0000                     PORTC equ 0F82h ;# 
   114                           # 194 "C:\Program Files (x86)\HI-TECH Software\PICC-18\9.80\include\pic18f4520.h"
   115  0000                     PORTD equ 0F83h ;# 
   116                           # 236 "C:\Program Files (x86)\HI-TECH Software\PICC-18\9.80\include\pic18f4520.h"
   117  0000                     PORTE equ 0F84h ;# 
   118                           # 365 "C:\Program Files (x86)\HI-TECH Software\PICC-18\9.80\include\pic18f4520.h"
   119  0000                     LATA equ 0F89h ;# 
   120                           # 418 "C:\Program Files (x86)\HI-TECH Software\PICC-18\9.80\include\pic18f4520.h"
   121  0000                     LATB equ 0F8Ah ;# 
   122                           # 471 "C:\Program Files (x86)\HI-TECH Software\PICC-18\9.80\include\pic18f4520.h"
   123  0000                     LATC equ 0F8Bh ;# 
   124                           # 524 "C:\Program Files (x86)\HI-TECH Software\PICC-18\9.80\include\pic18f4520.h"
   125  0000                     LATD equ 0F8Ch ;# 
   126                           # 577 "C:\Program Files (x86)\HI-TECH Software\PICC-18\9.80\include\pic18f4520.h"
   127  0000                     LATE equ 0F8Dh ;# 
   128                           # 625 "C:\Program Files (x86)\HI-TECH Software\PICC-18\9.80\include\pic18f4520.h"
   129  0000                     TRISA equ 0F92h ;# 
   130                           # 630 "C:\Program Files (x86)\HI-TECH Software\PICC-18\9.80\include\pic18f4520.h"
   131  0000                     DDRA equ 0F92h ;# 
   132                           # 688 "C:\Program Files (x86)\HI-TECH Software\PICC-18\9.80\include\pic18f4520.h"
   133  0000                     TRISB equ 0F93h ;# 
   134                           # 693 "C:\Program Files (x86)\HI-TECH Software\PICC-18\9.80\include\pic18f4520.h"
   135  0000                     DDRB equ 0F93h ;# 
   136                           # 751 "C:\Program Files (x86)\HI-TECH Software\PICC-18\9.80\include\pic18f4520.h"
   137  0000                     TRISC equ 0F94h ;# 
   138                           # 756 "C:\Program Files (x86)\HI-TECH Software\PICC-18\9.80\include\pic18f4520.h"
   139  0000                     DDRC equ 0F94h ;# 
   140                           # 814 "C:\Program Files (x86)\HI-TECH Software\PICC-18\9.80\include\pic18f4520.h"
   141  0000                     TRISD equ 0F95h ;# 
   142                           # 819 "C:\Program Files (x86)\HI-TECH Software\PICC-18\9.80\include\pic18f4520.h"
   143  0000                     DDRD equ 0F95h ;# 
   144                           # 877 "C:\Program Files (x86)\HI-TECH Software\PICC-18\9.80\include\pic18f4520.h"
   145  0000                     TRISE equ 0F96h ;# 
   146                           # 882 "C:\Program Files (x86)\HI-TECH Software\PICC-18\9.80\include\pic18f4520.h"
   147  0000                     DDRE equ 0F96h ;# 
   148                           # 932 "C:\Program Files (x86)\HI-TECH Software\PICC-18\9.80\include\pic18f4520.h"
   149  0000                     OSCTUNE equ 0F9Bh ;# 
   150                           # 954 "C:\Program Files (x86)\HI-TECH Software\PICC-18\9.80\include\pic18f4520.h"
   151  0000                     PIE1 equ 0F9Dh ;# 
   152                           # 981 "C:\Program Files (x86)\HI-TECH Software\PICC-18\9.80\include\pic18f4520.h"
   153  0000                     PIR1 equ 0F9Eh ;# 
   154                           # 1017 "C:\Program Files (x86)\HI-TECH Software\PICC-18\9.80\include\pic18f4520.h"
   155  0000                     IPR1 equ 0F9Fh ;# 
   156                           # 1044 "C:\Program Files (x86)\HI-TECH Software\PICC-18\9.80\include\pic18f4520.h"
   157  0000                     PIE2 equ 0FA0h ;# 
   158                           # 1067 "C:\Program Files (x86)\HI-TECH Software\PICC-18\9.80\include\pic18f4520.h"
   159  0000                     PIR2 equ 0FA1h ;# 
   160                           # 1090 "C:\Program Files (x86)\HI-TECH Software\PICC-18\9.80\include\pic18f4520.h"
   161  0000                     IPR2 equ 0FA2h ;# 
   162                           # 1113 "C:\Program Files (x86)\HI-TECH Software\PICC-18\9.80\include\pic18f4520.h"
   163  0000                     EECON1 equ 0FA6h ;# 
   164                           # 1136 "C:\Program Files (x86)\HI-TECH Software\PICC-18\9.80\include\pic18f4520.h"
   165  0000                     EECON2 equ 0FA7h ;# 
   166                           # 1148 "C:\Program Files (x86)\HI-TECH Software\PICC-18\9.80\include\pic18f4520.h"
   167  0000                     EEDATA equ 0FA8h ;# 
   168                           # 1160 "C:\Program Files (x86)\HI-TECH Software\PICC-18\9.80\include\pic18f4520.h"
   169  0000                     EEADR equ 0FA9h ;# 
   170                           # 1172 "C:\Program Files (x86)\HI-TECH Software\PICC-18\9.80\include\pic18f4520.h"
   171  0000                     RCSTA equ 0FABh ;# 
   172                           # 1177 "C:\Program Files (x86)\HI-TECH Software\PICC-18\9.80\include\pic18f4520.h"
   173  0000                     RCSTA1 equ 0FABh ;# 
   174                           # 1225 "C:\Program Files (x86)\HI-TECH Software\PICC-18\9.80\include\pic18f4520.h"
   175  0000                     TXSTA equ 0FACh ;# 
   176                           # 1230 "C:\Program Files (x86)\HI-TECH Software\PICC-18\9.80\include\pic18f4520.h"
   177  0000                     TXSTA1 equ 0FACh ;# 
   178                           # 1324 "C:\Program Files (x86)\HI-TECH Software\PICC-18\9.80\include\pic18f4520.h"
   179  0000                     TXREG equ 0FADh ;# 
   180                           # 1329 "C:\Program Files (x86)\HI-TECH Software\PICC-18\9.80\include\pic18f4520.h"
   181  0000                     TXREG1 equ 0FADh ;# 
   182                           # 1347 "C:\Program Files (x86)\HI-TECH Software\PICC-18\9.80\include\pic18f4520.h"
   183  0000                     RCREG equ 0FAEh ;# 
   184                           # 1352 "C:\Program Files (x86)\HI-TECH Software\PICC-18\9.80\include\pic18f4520.h"
   185  0000                     RCREG1 equ 0FAEh ;# 
   186                           # 1370 "C:\Program Files (x86)\HI-TECH Software\PICC-18\9.80\include\pic18f4520.h"
   187  0000                     SPBRG equ 0FAFh ;# 
   188                           # 1375 "C:\Program Files (x86)\HI-TECH Software\PICC-18\9.80\include\pic18f4520.h"
   189  0000                     SPBRG1 equ 0FAFh ;# 
   190                           # 1393 "C:\Program Files (x86)\HI-TECH Software\PICC-18\9.80\include\pic18f4520.h"
   191  0000                     SPBRGH equ 0FB0h ;# 
   192                           # 1405 "C:\Program Files (x86)\HI-TECH Software\PICC-18\9.80\include\pic18f4520.h"
   193  0000                     T3CON equ 0FB1h ;# 
   194                           # 1446 "C:\Program Files (x86)\HI-TECH Software\PICC-18\9.80\include\pic18f4520.h"
   195  0000                     TMR3 equ 0FB2h ;# 
   196                           # 1458 "C:\Program Files (x86)\HI-TECH Software\PICC-18\9.80\include\pic18f4520.h"
   197  0000                     TMR3L equ 0FB2h ;# 
   198                           # 1470 "C:\Program Files (x86)\HI-TECH Software\PICC-18\9.80\include\pic18f4520.h"
   199  0000                     TMR3H equ 0FB3h ;# 
   200                           # 1482 "C:\Program Files (x86)\HI-TECH Software\PICC-18\9.80\include\pic18f4520.h"
   201  0000                     CMCON equ 0FB4h ;# 
   202                           # 1515 "C:\Program Files (x86)\HI-TECH Software\PICC-18\9.80\include\pic18f4520.h"
   203  0000                     CVRCON equ 0FB5h ;# 
   204                           # 1541 "C:\Program Files (x86)\HI-TECH Software\PICC-18\9.80\include\pic18f4520.h"
   205  0000                     ECCP1AS equ 0FB6h ;# 
   206                           # 1546 "C:\Program Files (x86)\HI-TECH Software\PICC-18\9.80\include\pic18f4520.h"
   207  0000                     ECCPAS equ 0FB6h ;# 
   208                           # 1588 "C:\Program Files (x86)\HI-TECH Software\PICC-18\9.80\include\pic18f4520.h"
   209  0000                     PWM1CON equ 0FB7h ;# 
   210                           # 1593 "C:\Program Files (x86)\HI-TECH Software\PICC-18\9.80\include\pic18f4520.h"
   211  0000                     ECCP1DEL equ 0FB7h ;# 
   212                           # 1631 "C:\Program Files (x86)\HI-TECH Software\PICC-18\9.80\include\pic18f4520.h"
   213  0000                     BAUDCON equ 0FB8h ;# 
   214                           # 1636 "C:\Program Files (x86)\HI-TECH Software\PICC-18\9.80\include\pic18f4520.h"
   215  0000                     BAUDCTL equ 0FB8h ;# 
   216                           # 1696 "C:\Program Files (x86)\HI-TECH Software\PICC-18\9.80\include\pic18f4520.h"
   217  0000                     CCP2CON equ 0FBAh ;# 
   218                           # 1722 "C:\Program Files (x86)\HI-TECH Software\PICC-18\9.80\include\pic18f4520.h"
   219  0000                     CCPR2 equ 0FBBh ;# 
   220                           # 1734 "C:\Program Files (x86)\HI-TECH Software\PICC-18\9.80\include\pic18f4520.h"
   221  0000                     CCPR2L equ 0FBBh ;# 
   222                           # 1746 "C:\Program Files (x86)\HI-TECH Software\PICC-18\9.80\include\pic18f4520.h"
   223  0000                     CCPR2H equ 0FBCh ;# 
   224                           # 1758 "C:\Program Files (x86)\HI-TECH Software\PICC-18\9.80\include\pic18f4520.h"
   225  0000                     CCP1CON equ 0FBDh ;# 
   226                           # 1787 "C:\Program Files (x86)\HI-TECH Software\PICC-18\9.80\include\pic18f4520.h"
   227  0000                     CCPR1 equ 0FBEh ;# 
   228                           # 1799 "C:\Program Files (x86)\HI-TECH Software\PICC-18\9.80\include\pic18f4520.h"
   229  0000                     CCPR1L equ 0FBEh ;# 
   230                           # 1811 "C:\Program Files (x86)\HI-TECH Software\PICC-18\9.80\include\pic18f4520.h"
   231  0000                     CCPR1H equ 0FBFh ;# 
   232                           # 1823 "C:\Program Files (x86)\HI-TECH Software\PICC-18\9.80\include\pic18f4520.h"
   233  0000                     ADCON2 equ 0FC0h ;# 
   234                           # 1846 "C:\Program Files (x86)\HI-TECH Software\PICC-18\9.80\include\pic18f4520.h"
   235  0000                     ADCON1 equ 0FC1h ;# 
   236                           # 1879 "C:\Program Files (x86)\HI-TECH Software\PICC-18\9.80\include\pic18f4520.h"
   237  0000                     ADCON0 equ 0FC2h ;# 
   238                           # 1934 "C:\Program Files (x86)\HI-TECH Software\PICC-18\9.80\include\pic18f4520.h"
   239  0000                     ADRES equ 0FC3h ;# 
   240                           # 1946 "C:\Program Files (x86)\HI-TECH Software\PICC-18\9.80\include\pic18f4520.h"
   241  0000                     ADRESL equ 0FC3h ;# 
   242                           # 1958 "C:\Program Files (x86)\HI-TECH Software\PICC-18\9.80\include\pic18f4520.h"
   243  0000                     ADRESH equ 0FC4h ;# 
   244                           # 1970 "C:\Program Files (x86)\HI-TECH Software\PICC-18\9.80\include\pic18f4520.h"
   245  0000                     SSPCON2 equ 0FC5h ;# 
   246                           # 1997 "C:\Program Files (x86)\HI-TECH Software\PICC-18\9.80\include\pic18f4520.h"
   247  0000                     SSPCON1 equ 0FC6h ;# 
   248                           # 2019 "C:\Program Files (x86)\HI-TECH Software\PICC-18\9.80\include\pic18f4520.h"
   249  0000                     SSPSTAT equ 0FC7h ;# 
   250                           # 2126 "C:\Program Files (x86)\HI-TECH Software\PICC-18\9.80\include\pic18f4520.h"
   251  0000                     SSPADD equ 0FC8h ;# 
   252                           # 2138 "C:\Program Files (x86)\HI-TECH Software\PICC-18\9.80\include\pic18f4520.h"
   253  0000                     SSPBUF equ 0FC9h ;# 
   254                           # 2150 "C:\Program Files (x86)\HI-TECH Software\PICC-18\9.80\include\pic18f4520.h"
   255  0000                     T2CON equ 0FCAh ;# 
   256                           # 2180 "C:\Program Files (x86)\HI-TECH Software\PICC-18\9.80\include\pic18f4520.h"
   257  0000                     PR2 equ 0FCBh ;# 
   258                           # 2185 "C:\Program Files (x86)\HI-TECH Software\PICC-18\9.80\include\pic18f4520.h"
   259  0000                     MEMCON equ 0FCBh ;# 
   260                           # 2203 "C:\Program Files (x86)\HI-TECH Software\PICC-18\9.80\include\pic18f4520.h"
   261  0000                     TMR2 equ 0FCCh ;# 
   262                           # 2215 "C:\Program Files (x86)\HI-TECH Software\PICC-18\9.80\include\pic18f4520.h"
   263  0000                     T1CON equ 0FCDh ;# 
   264                           # 2252 "C:\Program Files (x86)\HI-TECH Software\PICC-18\9.80\include\pic18f4520.h"
   265  0000                     TMR1 equ 0FCEh ;# 
   266                           # 2264 "C:\Program Files (x86)\HI-TECH Software\PICC-18\9.80\include\pic18f4520.h"
   267  0000                     TMR1L equ 0FCEh ;# 
   268                           # 2276 "C:\Program Files (x86)\HI-TECH Software\PICC-18\9.80\include\pic18f4520.h"
   269  0000                     TMR1H equ 0FCFh ;# 
   270                           # 2288 "C:\Program Files (x86)\HI-TECH Software\PICC-18\9.80\include\pic18f4520.h"
   271  0000                     RCON equ 0FD0h ;# 
   272                           # 2333 "C:\Program Files (x86)\HI-TECH Software\PICC-18\9.80\include\pic18f4520.h"
   273  0000                     WDTCON equ 0FD1h ;# 
   274                           # 2348 "C:\Program Files (x86)\HI-TECH Software\PICC-18\9.80\include\pic18f4520.h"
   275  0000                     HLVDCON equ 0FD2h ;# 
   276                           # 2353 "C:\Program Files (x86)\HI-TECH Software\PICC-18\9.80\include\pic18f4520.h"
   277  0000                     LVDCON equ 0FD2h ;# 
   278                           # 2423 "C:\Program Files (x86)\HI-TECH Software\PICC-18\9.80\include\pic18f4520.h"
   279  0000                     OSCCON equ 0FD3h ;# 
   280                           # 2448 "C:\Program Files (x86)\HI-TECH Software\PICC-18\9.80\include\pic18f4520.h"
   281  0000                     T0CON equ 0FD5h ;# 
   282                           # 2473 "C:\Program Files (x86)\HI-TECH Software\PICC-18\9.80\include\pic18f4520.h"
   283  0000                     TMR0 equ 0FD6h ;# 
   284                           # 2485 "C:\Program Files (x86)\HI-TECH Software\PICC-18\9.80\include\pic18f4520.h"
   285  0000                     TMR0L equ 0FD6h ;# 
   286                           # 2497 "C:\Program Files (x86)\HI-TECH Software\PICC-18\9.80\include\pic18f4520.h"
   287  0000                     TMR0H equ 0FD7h ;# 
   288                           # 2509 "C:\Program Files (x86)\HI-TECH Software\PICC-18\9.80\include\pic18f4520.h"
   289  0000                     STATUS equ 0FD8h ;# 
   290                           # 2540 "C:\Program Files (x86)\HI-TECH Software\PICC-18\9.80\include\pic18f4520.h"
   291  0000                     FSR2 equ 0FD9h ;# 
   292                           # 2552 "C:\Program Files (x86)\HI-TECH Software\PICC-18\9.80\include\pic18f4520.h"
   293  0000                     FSR2L equ 0FD9h ;# 
   294                           # 2564 "C:\Program Files (x86)\HI-TECH Software\PICC-18\9.80\include\pic18f4520.h"
   295  0000                     FSR2H equ 0FDAh ;# 
   296                           # 2576 "C:\Program Files (x86)\HI-TECH Software\PICC-18\9.80\include\pic18f4520.h"
   297  0000                     PLUSW2 equ 0FDBh ;# 
   298                           # 2588 "C:\Program Files (x86)\HI-TECH Software\PICC-18\9.80\include\pic18f4520.h"
   299  0000                     PREINC2 equ 0FDCh ;# 
   300                           # 2600 "C:\Program Files (x86)\HI-TECH Software\PICC-18\9.80\include\pic18f4520.h"
   301  0000                     POSTDEC2 equ 0FDDh ;# 
   302                           # 2612 "C:\Program Files (x86)\HI-TECH Software\PICC-18\9.80\include\pic18f4520.h"
   303  0000                     POSTINC2 equ 0FDEh ;# 
   304                           # 2624 "C:\Program Files (x86)\HI-TECH Software\PICC-18\9.80\include\pic18f4520.h"
   305  0000                     INDF2 equ 0FDFh ;# 
   306                           # 2636 "C:\Program Files (x86)\HI-TECH Software\PICC-18\9.80\include\pic18f4520.h"
   307  0000                     BSR equ 0FE0h ;# 
   308                           # 2648 "C:\Program Files (x86)\HI-TECH Software\PICC-18\9.80\include\pic18f4520.h"
   309  0000                     FSR1 equ 0FE1h ;# 
   310                           # 2660 "C:\Program Files (x86)\HI-TECH Software\PICC-18\9.80\include\pic18f4520.h"
   311  0000                     FSR1L equ 0FE1h ;# 
   312                           # 2672 "C:\Program Files (x86)\HI-TECH Software\PICC-18\9.80\include\pic18f4520.h"
   313  0000                     FSR1H equ 0FE2h ;# 
   314                           # 2684 "C:\Program Files (x86)\HI-TECH Software\PICC-18\9.80\include\pic18f4520.h"
   315  0000                     PLUSW1 equ 0FE3h ;# 
   316                           # 2696 "C:\Program Files (x86)\HI-TECH Software\PICC-18\9.80\include\pic18f4520.h"
   317  0000                     PREINC1 equ 0FE4h ;# 
   318                           # 2708 "C:\Program Files (x86)\HI-TECH Software\PICC-18\9.80\include\pic18f4520.h"
   319  0000                     POSTDEC1 equ 0FE5h ;# 
   320                           # 2720 "C:\Program Files (x86)\HI-TECH Software\PICC-18\9.80\include\pic18f4520.h"
   321  0000                     POSTINC1 equ 0FE6h ;# 
   322                           # 2732 "C:\Program Files (x86)\HI-TECH Software\PICC-18\9.80\include\pic18f4520.h"
   323  0000                     INDF1 equ 0FE7h ;# 
   324                           # 2744 "C:\Program Files (x86)\HI-TECH Software\PICC-18\9.80\include\pic18f4520.h"
   325  0000                     WREG equ 0FE8h ;# 
   326                           # 2767 "C:\Program Files (x86)\HI-TECH Software\PICC-18\9.80\include\pic18f4520.h"
   327  0000                     FSR0 equ 0FE9h ;# 
   328                           # 2779 "C:\Program Files (x86)\HI-TECH Software\PICC-18\9.80\include\pic18f4520.h"
   329  0000                     FSR0L equ 0FE9h ;# 
   330                           # 2791 "C:\Program Files (x86)\HI-TECH Software\PICC-18\9.80\include\pic18f4520.h"
   331  0000                     FSR0H equ 0FEAh ;# 
   332                           # 2803 "C:\Program Files (x86)\HI-TECH Software\PICC-18\9.80\include\pic18f4520.h"
   333  0000                     PLUSW0 equ 0FEBh ;# 
   334                           # 2815 "C:\Program Files (x86)\HI-TECH Software\PICC-18\9.80\include\pic18f4520.h"
   335  0000                     PREINC0 equ 0FECh ;# 
   336                           # 2827 "C:\Program Files (x86)\HI-TECH Software\PICC-18\9.80\include\pic18f4520.h"
   337  0000                     POSTDEC0 equ 0FEDh ;# 
   338                           # 2839 "C:\Program Files (x86)\HI-TECH Software\PICC-18\9.80\include\pic18f4520.h"
   339  0000                     POSTINC0 equ 0FEEh ;# 
   340                           # 2851 "C:\Program Files (x86)\HI-TECH Software\PICC-18\9.80\include\pic18f4520.h"
   341  0000                     INDF0 equ 0FEFh ;# 
   342                           # 2863 "C:\Program Files (x86)\HI-TECH Software\PICC-18\9.80\include\pic18f4520.h"
   343  0000                     INTCON3 equ 0FF0h ;# 
   344                           # 2892 "C:\Program Files (x86)\HI-TECH Software\PICC-18\9.80\include\pic18f4520.h"
   345  0000                     INTCON2 equ 0FF1h ;# 
   346                           # 2919 "C:\Program Files (x86)\HI-TECH Software\PICC-18\9.80\include\pic18f4520.h"
   347  0000                     INTCON equ 0FF2h ;# 
   348                           # 2983 "C:\Program Files (x86)\HI-TECH Software\PICC-18\9.80\include\pic18f4520.h"
   349  0000                     PROD equ 0FF3h ;# 
   350                           # 2995 "C:\Program Files (x86)\HI-TECH Software\PICC-18\9.80\include\pic18f4520.h"
   351  0000                     PRODL equ 0FF3h ;# 
   352                           # 3007 "C:\Program Files (x86)\HI-TECH Software\PICC-18\9.80\include\pic18f4520.h"
   353  0000                     PRODH equ 0FF4h ;# 
   354                           # 3019 "C:\Program Files (x86)\HI-TECH Software\PICC-18\9.80\include\pic18f4520.h"
   355  0000                     TABLAT equ 0FF5h ;# 
   356                           # 3031 "C:\Program Files (x86)\HI-TECH Software\PICC-18\9.80\include\pic18f4520.h"
   357  0000                     TBLPTR equ 0FF6h ;# 
   358                           # 3044 "C:\Program Files (x86)\HI-TECH Software\PICC-18\9.80\include\pic18f4520.h"
   359  0000                     TBLPTRL equ 0FF6h ;# 
   360                           # 3056 "C:\Program Files (x86)\HI-TECH Software\PICC-18\9.80\include\pic18f4520.h"
   361  0000                     TBLPTRH equ 0FF7h ;# 
   362                           # 3068 "C:\Program Files (x86)\HI-TECH Software\PICC-18\9.80\include\pic18f4520.h"
   363  0000                     TBLPTRU equ 0FF8h ;# 
   364                           # 3081 "C:\Program Files (x86)\HI-TECH Software\PICC-18\9.80\include\pic18f4520.h"
   365  0000                     PCLAT equ 0FF9h ;# 
   366                           # 3086 "C:\Program Files (x86)\HI-TECH Software\PICC-18\9.80\include\pic18f4520.h"
   367  0000                     PC equ 0FF9h ;# 
   368                           # 3104 "C:\Program Files (x86)\HI-TECH Software\PICC-18\9.80\include\pic18f4520.h"
   369  0000                     PCL equ 0FF9h ;# 
   370                           # 3116 "C:\Program Files (x86)\HI-TECH Software\PICC-18\9.80\include\pic18f4520.h"
   371  0000                     PCLATH equ 0FFAh ;# 
   372                           # 3128 "C:\Program Files (x86)\HI-TECH Software\PICC-18\9.80\include\pic18f4520.h"
   373  0000                     PCLATU equ 0FFBh ;# 
   374                           # 3140 "C:\Program Files (x86)\HI-TECH Software\PICC-18\9.80\include\pic18f4520.h"
   375  0000                     STKPTR equ 0FFCh ;# 
   376                           # 3164 "C:\Program Files (x86)\HI-TECH Software\PICC-18\9.80\include\pic18f4520.h"
   377  0000                     TOS equ 0FFDh ;# 
   378                           # 3176 "C:\Program Files (x86)\HI-TECH Software\PICC-18\9.80\include\pic18f4520.h"
   379  0000                     TOSL equ 0FFDh ;# 
   380                           # 3188 "C:\Program Files (x86)\HI-TECH Software\PICC-18\9.80\include\pic18f4520.h"
   381  0000                     TOSH equ 0FFEh ;# 
   382                           # 3200 "C:\Program Files (x86)\HI-TECH Software\PICC-18\9.80\include\pic18f4520.h"
   383  0000                     TOSU equ 0FFFh ;# 
   384                           	FNCALL	_main,_delay
   385                           	FNROOT	_main
   386                           	global	_RB0
   387  0000                     _RB0	set	0x7C08
   388                           	global	_RD0
   389  0000                     _RD0	set	0x7C18
   390                           	global	_RD1
   391  0000                     _RD1	set	0x7C19
   392                           	global	_TRISB0
   393  0000                     _TRISB0	set	0x7C98
   394                           	global	_TRISD0
   395  0000                     _TRISD0	set	0x7CA8
   396                           	global	_TRISD1
   397  0000                     _TRISD1	set	0x7CA9
   398                           psect	text0,class=CODE,space=0,reloc=2
   399                           global __ptext0
   400  007FAE                     __ptext0:
   401                           ; #config settings
   402                           	file	"Dc.as"
   403                           	line	#
   404                           psect	cinit,class=CODE,delta=1,reloc=2
   405                           global __pcinit
   406  007F8A                     __pcinit:
   407                           global start_initialization
   408  007F8A                     start_initialization:
   409                           
   410                           psect cinit,class=CODE,delta=1
   411                           global end_of_initialization
   412                           
   413                           ;End of C runtime variable initialization code
   414                           
   415  007F8A                     end_of_initialization:
   416  007F8A  0100               movlb 0
   417  007F8C  EFD7  F03F         goto _main	;jump to C main() function
   418                           psect	cstackCOMRAM,class=COMRAM,space=1
   419                           global __pcstackCOMRAM
   420  000001                     __pcstackCOMRAM:
   421                           	global	?_delay
   422  000001                     ?_delay:	; 0 bytes @ 0x0
   423                           	global	?_main
   424  000001                     ?_main:	; 0 bytes @ 0x0
   425                           	global	delay@a
   426  000001                     delay@a:	; 1 bytes @ 0x0
   427  000001                     	ds   1
   428                           	global	??_delay
   429  000002                     ??_delay:	; 0 bytes @ 0x1
   430  000002                     	ds   1
   431                           	global	delay@i
   432  000003                     delay@i:	; 1 bytes @ 0x2
   433  000003                     	ds   1
   434                           	global	??_main
   435  000004                     ??_main:	; 0 bytes @ 0x3
   436  000004                     	ds   1
   437                           ;!
   438                           ;!Data Sizes:
   439                           ;!    Strings     0
   440                           ;!    Constant    0
   441                           ;!    Data        0
   442                           ;!    BSS         0
   443                           ;!    Persistent  0
   444                           ;!    Stack       0
   445                           ;!
   446                           ;!Auto Spaces:
   447                           ;!    Space          Size  Autos    Used
   448                           ;!    COMRAM          127      4       4
   449                           ;!    BANK0           128      0       0
   450                           ;!    BANK1           256      0       0
   451                           ;!    BANK2           256      0       0
   452                           ;!    BANK3           256      0       0
   453                           ;!    BANK4           256      0       0
   454                           ;!    BANK5           256      0       0
   455                           
   456                           ;!
   457                           ;!Pointer List with Targets:
   458                           ;!
   459                           ;!    None.
   460                           
   461                           
   462                           ;!
   463                           ;!Critical Paths under _main in COMRAM
   464                           ;!
   465                           ;!    _main->_delay
   466                           ;!
   467                           ;!Critical Paths under _main in BANK0
   468                           ;!
   469                           ;!    None.
   470                           ;!
   471                           ;!Critical Paths under _main in BANK1
   472                           ;!
   473                           ;!    None.
   474                           ;!
   475                           ;!Critical Paths under _main in BANK2
   476                           ;!
   477                           ;!    None.
   478                           ;!
   479                           ;!Critical Paths under _main in BANK3
   480                           ;!
   481                           ;!    None.
   482                           ;!
   483                           ;!Critical Paths under _main in BANK4
   484                           ;!
   485                           ;!    None.
   486                           ;!
   487                           ;!Critical Paths under _main in BANK5
   488                           ;!
   489                           ;!    None.
   490                           
   491 ;;
   492 ;;Main: autosize = 0, tempsize = 1, incstack = 0, save=0
   493 ;;
   494                           
   495                           ;!
   496                           ;!Call Graph Tables:
   497                           ;!
   498                           ;! ---------------------------------------------------------------------------------
   499                           ;! (Depth) Function   	        Calls       Base Space   Used Autos Params    Refs
   500                           ;! ---------------------------------------------------------------------------------
   501                           ;! (0) _main                                                 1     1      0      30
   502                           ;!                                              3 COMRAM     1     1      0
   503                           ;!                              _delay
   504                           ;! ---------------------------------------------------------------------------------
   505                           ;! (1) _delay                                                3     2      1      30
   506                           ;!                                              0 COMRAM     3     2      1
   507                           ;! ---------------------------------------------------------------------------------
   508                           ;! Estimated maximum stack depth 1
   509                           ;! ---------------------------------------------------------------------------------
   510                           ;!
   511                           ;! Call Graph Graphs:
   512                           ;!
   513                           ;! _main (ROOT)
   514                           ;!   _delay
   515                           ;!
   516                           
   517                           ;! Address spaces:
   518                           
   519                           ;!Name               Size   Autos  Total    Cost      Usage
   520                           ;!BITCOMRAM           7F      0       0       0        0.0%
   521                           ;!EEDATA             100      0       0       0        0.0%
   522                           ;!NULL                 0      0       0       0        0.0%
   523                           ;!CODE                 0      0       0       0        0.0%
   524                           ;!COMRAM              7F      4       4       1        3.1%
   525                           ;!STACK                0      0       1       2        0.0%
   526                           ;!DATA                 0      0       0       3        0.0%
   527                           ;!BITBANK0            80      0       0       4        0.0%
   528                           ;!BANK0               80      0       0       5        0.0%
   529                           ;!BITBANK1           100      0       0       6        0.0%
   530                           ;!BANK1              100      0       0       7        0.0%
   531                           ;!BITBANK2           100      0       0       8        0.0%
   532                           ;!BANK2              100      0       0       9        0.0%
   533                           ;!BITBANK3           100      0       0      10        0.0%
   534                           ;!BANK3              100      0       0      11        0.0%
   535                           ;!BITBANK4           100      0       0      12        0.0%
   536                           ;!BANK4              100      0       0      13        0.0%
   537                           ;!BANK5              100      0       0      14        0.0%
   538                           ;!ABS                  0      0       0      15        0.0%
   539                           ;!BITBANK5           100      0       0      16        0.0%
   540                           ;!BIGRAM             5FF      0       0      17        0.0%
   541                           ;!BITSFR               0      0       0      40        0.0%
   542                           ;!SFR                  0      0       0      40        0.0%
   543                           
   544                           	global	_main
   545                           
   546 ;; *************** function _main *****************
   547 ;; Defined at:
   548 ;;		line 5 in file "D:\Aumrudh Documents\mepco\lab\sem6-Lab\embedded\even\embedded\StepperMotor\Dcc.c"
   549 ;; Parameters:    Size  Location     Type
   550 ;;		None
   551 ;; Auto vars:     Size  Location     Type
   552 ;;		None
   553 ;; Return value:  Size  Location     Type
   554 ;;		None               void
   555 ;; Registers used:
   556 ;;		wreg, status,2, status,0, cstack
   557 ;; Tracked objects:
   558 ;;		On entry : 0/0
   559 ;;		On exit  : 0/0
   560 ;;		Unchanged: 0/0
   561 ;; Data sizes:     COMRAM   BANK0   BANK1   BANK2   BANK3   BANK4   BANK5
   562 ;;      Params:         0       0       0       0       0       0       0
   563 ;;      Locals:         0       0       0       0       0       0       0
   564 ;;      Temps:          1       0       0       0       0       0       0
   565 ;;      Totals:         1       0       0       0       0       0       0
   566 ;;Total ram usage:        1 bytes
   567 ;; Hardware stack levels required when called:    1
   568 ;; This function calls:
   569 ;;		_delay
   570 ;; This function is called by:
   571 ;;		Startup code after reset
   572 ;; This function uses a non-reentrant model
   573 ;;
   574                           psect	text0
   575                           psect	text0
   576                           	file	"D:\Aumrudh Documents\mepco\lab\sem6-Lab\embedded\even\embedded\StepperMotor\Dcc.c
                                 "
   577                           	line	5
   578                           	global	__size_of_main
   579  0000                     	__size_of_main	equ	__end_of_main-_main
   580                           	
   581  007FAE                     _main:
   582                           	opt	stack 30
   583                           	line	6
   584                           	
   585  007FAE                     l1775:
   586                           ;Dcc.c: 6: TRISB0=1;
   587  007FAE  8093               	bsf	c:(31896/8),(31896)&7	;volatile
   588                           	line	7
   589                           ;Dcc.c: 7: TRISD0=0;
   590  007FB0  9095               	bcf	c:(31912/8),(31912)&7	;volatile
   591                           	line	8
   592                           ;Dcc.c: 8: TRISD1=0;
   593  007FB2  9295               	bcf	c:(31913/8),(31913)&7	;volatile
   594                           	line	9
   595                           ;Dcc.c: 9: while(1){
   596                           	
   597  007FB4                     l21:
   598                           	line	10
   599                           ;Dcc.c: 10: if(RB0==1){
   600  007FB4  A081               	btfss	c:(31752/8),(31752)&7	;volatile
   601  007FB6  D001               	goto	u1831
   602  007FB8  D001               	goto	u1830
   603  007FBA                     u1831:
   604  007FBA  D00F               	goto	l22
   605  007FBC                     u1830:
   606                           	line	11
   607                           	
   608  007FBC                     l1777:
   609                           ;Dcc.c: 11: RD0=1;
   610  007FBC  8083               	bsf	c:(31768/8),(31768)&7	;volatile
   611                           	line	12
   612                           	
   613  007FBE                     l1779:
   614                           ;Dcc.c: 12: delay(200);
   615  007FBE  6E04               	movwf	(??_main+0+0)&0ffh,c
   616  007FC0  0EC8               	movlw	low(0C8h)
   617  007FC2  6E01               	movwf	((c:?_delay)),c
   618  007FC4  5004               	movf	(??_main+0+0)&0ffh,c,w
   619  007FC6  ECC8  F03F         	call	_delay	;wreg free
   620                           	line	13
   621                           	
   622  007FCA                     l1781:
   623                           ;Dcc.c: 13: RD1=0;
   624  007FCA  9283               	bcf	c:(31769/8),(31769)&7	;volatile
   625                           	line	14
   626                           ;Dcc.c: 14: delay(200);
   627  007FCC  6E04               	movwf	(??_main+0+0)&0ffh,c
   628  007FCE  0EC8               	movlw	low(0C8h)
   629  007FD0  6E01               	movwf	((c:?_delay)),c
   630  007FD2  5004               	movf	(??_main+0+0)&0ffh,c,w
   631  007FD4  ECC8  F03F         	call	_delay	;wreg free
   632                           	line	15
   633                           ;Dcc.c: 15: }
   634  007FD8  D7ED               	goto	l21
   635                           	line	16
   636                           	
   637  007FDA                     l22:
   638                           	line	17
   639                           ;Dcc.c: 16: else{
   640                           ;Dcc.c: 17: RD0=0;
   641  007FDA  9083               	bcf	c:(31768/8),(31768)&7	;volatile
   642                           	line	18
   643                           	
   644  007FDC                     l1783:
   645                           ;Dcc.c: 18: delay(200);
   646  007FDC  6E04               	movwf	(??_main+0+0)&0ffh,c
   647  007FDE  0EC8               	movlw	low(0C8h)
   648  007FE0  6E01               	movwf	((c:?_delay)),c
   649  007FE2  5004               	movf	(??_main+0+0)&0ffh,c,w
   650  007FE4  ECC8  F03F         	call	_delay	;wreg free
   651                           	line	19
   652                           	
   653  007FE8                     l1785:
   654                           ;Dcc.c: 19: RD1=1;
   655  007FE8  8283               	bsf	c:(31769/8),(31769)&7	;volatile
   656                           	line	20
   657                           ;Dcc.c: 20: delay(200);
   658  007FEA  6E04               	movwf	(??_main+0+0)&0ffh,c
   659  007FEC  0EC8               	movlw	low(0C8h)
   660  007FEE  6E01               	movwf	((c:?_delay)),c
   661  007FF0  5004               	movf	(??_main+0+0)&0ffh,c,w
   662  007FF2  ECC8  F03F         	call	_delay	;wreg free
   663  007FF6  D7DE               	goto	l21
   664                           	line	21
   665                           	
   666  007FF8                     l23:
   667  007FF8  D7DD               	goto	l21
   668                           	line	22
   669                           	
   670  007FFA                     l24:
   671                           	line	9
   672  007FFA  D7DC               	goto	l21
   673                           	
   674  007FFC                     l25:
   675                           	line	23
   676                           	
   677  007FFC                     l26:
   678                           	global	start
   679  007FFC  EF00  F000         	goto	start
   680                           	opt stack 0
   681                           GLOBAL	__end_of_main
   682  008000                     	__end_of_main:
   683                           	signat	_main,88
   684                           	global	_delay
   685                           
   686 ;; *************** function _delay *****************
   687 ;; Defined at:
   688 ;;		line 2 in file "D:\Aumrudh Documents\mepco\lab\sem6-Lab\embedded\even\embedded\StepperMotor\Dcc.c"
   689 ;; Parameters:    Size  Location     Type
   690 ;;  a               1    0[COMRAM] unsigned char 
   691 ;; Auto vars:     Size  Location     Type
   692 ;;  i               1    2[COMRAM] unsigned char 
   693 ;; Return value:  Size  Location     Type
   694 ;;		None               void
   695 ;; Registers used:
   696 ;;		wreg, status,2, status,0
   697 ;; Tracked objects:
   698 ;;		On entry : 0/0
   699 ;;		On exit  : 0/0
   700 ;;		Unchanged: 0/0
   701 ;; Data sizes:     COMRAM   BANK0   BANK1   BANK2   BANK3   BANK4   BANK5
   702 ;;      Params:         1       0       0       0       0       0       0
   703 ;;      Locals:         1       0       0       0       0       0       0
   704 ;;      Temps:          1       0       0       0       0       0       0
   705 ;;      Totals:         3       0       0       0       0       0       0
   706 ;;Total ram usage:        3 bytes
   707 ;; Hardware stack levels used:    1
   708 ;; This function calls:
   709 ;;		Nothing
   710 ;; This function is called by:
   711 ;;		_main
   712 ;; This function uses a non-reentrant model
   713 ;;
   714                           psect	text1,class=CODE,space=0,reloc=2
   715                           global __ptext1
   716  007F90                     __ptext1:
   717                           psect	text1
   718                           	file	"D:\Aumrudh Documents\mepco\lab\sem6-Lab\embedded\even\embedded\StepperMotor\Dcc.c
                                 "
   719                           	line	2
   720                           	global	__size_of_delay
   721  0000                     	__size_of_delay	equ	__end_of_delay-_delay
   722                           	
   723  007F90                     _delay:
   724                           	opt	stack 30
   725                           	line	3
   726                           	
   727  007F90                     l605:
   728                           ;Dcc.c: 3: for(unsigned char i=0;i<a;i++){}
   729  007F90  6E02               	movwf	(??_delay+0+0)&0ffh,c
   730  007F92  0E00               	movlw	low(0)
   731  007F94  6E03               	movwf	((c:delay@i)),c
   732  007F96  5002               	movf	(??_delay+0+0)&0ffh,c,w
   733  007F98  D002               	goto	l609
   734                           	
   735  007F9A                     l16:
   736                           	
   737  007F9A                     l607:
   738  007F9A  2A03               	incf	((c:delay@i)),c
   739  007F9C  D000               	goto	l609
   740                           	
   741  007F9E                     l15:
   742                           	
   743  007F9E                     l609:
   744  007F9E  5001               	movf	((c:delay@a)),c,w
   745  007FA0  5C03               	subwf	((c:delay@i)),c,w
   746  007FA2  A0D8               	btfss	status,0
   747  007FA4  D001               	goto	u11
   748  007FA6  D001               	goto	u10
   749  007FA8                     u11:
   750  007FA8  D7F8               	goto	l607
   751  007FAA                     u10:
   752  007FAA  D000               	goto	l18
   753                           	
   754  007FAC                     l17:
   755                           	line	4
   756                           	
   757  007FAC                     l18:
   758  007FAC  0012               	return
   759                           	opt stack 0
   760                           GLOBAL	__end_of_delay
   761  007FAE                     	__end_of_delay:
   762                           	signat	_delay,4216
   763                           	GLOBAL	__activetblptr
   764  0000                     __activetblptr	EQU	0
   765                           	psect	intsave_regs,class=BIGRAM,space=1
   766                           psect	text2,class=CODE,space=0,reloc=2
   767                           global __ptext2
   768  000000                     __ptext2:
   769                           	PSECT	rparam,class=COMRAM,space=1
   770                           	GLOBAL	__Lrparam
   771                           	FNCONF	rparam,??,?
   772                           GLOBAL	__Lparam, __Hparam
   773                           GLOBAL	__Lrparam, __Hrparam
   774  0000                     __Lparam	EQU	__Lrparam
   775  0000                     __Hparam	EQU	__Hrparam


Data Sizes:
    Strings     0
    Constant    0
    Data        0
    BSS         0
    Persistent  0
    Stack       0

Auto Spaces:
    Space          Size  Autos    Used
    COMRAM          127      4       4
    BANK0           128      0       0
    BANK1           256      0       0
    BANK2           256      0       0
    BANK3           256      0       0
    BANK4           256      0       0
    BANK5           256      0       0

Pointer List with Targets:

    None.

Critical Paths under _main in COMRAM

    _main->_delay

Critical Paths under _main in BANK0

    None.

Critical Paths under _main in BANK1

    None.

Critical Paths under _main in BANK2

    None.

Critical Paths under _main in BANK3

    None.

Critical Paths under _main in BANK4

    None.

Critical Paths under _main in BANK5

    None.

Call Graph Tables:

 ---------------------------------------------------------------------------------
 (Depth) Function   	        Calls       Base Space   Used Autos Params    Refs
 ---------------------------------------------------------------------------------
 (0) _main                                                 1     1      0      30
                                              3 COMRAM     1     1      0
                              _delay
 ---------------------------------------------------------------------------------
 (1) _delay                                                3     2      1      30
                                              0 COMRAM     3     2      1
 ---------------------------------------------------------------------------------
 Estimated maximum stack depth 1
 ---------------------------------------------------------------------------------

 Call Graph Graphs:

 _main (ROOT)
   _delay

 Address spaces:
Name               Size   Autos  Total    Cost      Usage
BITCOMRAM           7F      0       0       0        0.0%
EEDATA             100      0       0       0        0.0%
NULL                 0      0       0       0        0.0%
CODE                 0      0       0       0        0.0%
COMRAM              7F      4       4       1        3.1%
STACK                0      0       1       2        0.0%
DATA                 0      0       0       3        0.0%
BITBANK0            80      0       0       4        0.0%
BANK0               80      0       0       5        0.0%
BITBANK1           100      0       0       6        0.0%
BANK1              100      0       0       7        0.0%
BITBANK2           100      0       0       8        0.0%
BANK2              100      0       0       9        0.0%
BITBANK3           100      0       0      10        0.0%
BANK3              100      0       0      11        0.0%
BITBANK4           100      0       0      12        0.0%
BANK4              100      0       0      13        0.0%
BANK5              100      0       0      14        0.0%
ABS                  0      0       0      15        0.0%
BITBANK5           100      0       0      16        0.0%
BIGRAM             5FF      0       0      17        0.0%
BITSFR               0      0       0      40        0.0%
SFR                  0      0       0      40        0.0%


HI-TECH Software PICC-18 Macro Assembler V9.80 build 11162 
Symbol Table                                                                                   Fri Mar 26 10:29:08 2021

                  l21 7FB4                    l22 7FDA                    l15 7F9E                    l23 7FF8  
                  l16 7F9A                    l24 7FFA                    l17 7FAC                    l25 7FFC  
                  l18 7FAC                    l26 7FFC                    u10 7FAA                    u11 7FA8  
                 l605 7F90                   l607 7F9A                   l609 7F9E                   _RB0 007C08  
                 _RD0 007C18                   _RD1 007C19                  l1781 7FCA                  l1783 7FDC  
                l1775 7FAE                  l1785 7FE8                  l1777 7FBC                  l1779 7FBE  
                u1830 7FBC                  u1831 7FBA                  _main 7FAE                  start 0000  
               ?_main 0001                 _delay 7F90                 status 000FD8          __end_of_main 8000  
              ??_main 0004         __activetblptr 000000                ?_delay 0001                _TRISB0 007C98  
              _TRISD0 007CA8                _TRISD1 007CA9                delay@a 0001                delay@i 0003  
          __accesstop 0080        __pcstackCOMRAM 0001         __end_of_delay 7FAE               ??_delay 0002  
             __Hparam 0000               __Lparam 0000               __pcinit 7F8A               __ramtop 0600  
             __ptext0 7FAE               __ptext1 7F90               __ptext2 0000  end_of_initialization 7F8A  
 start_initialization 7F8A        __size_of_delay 001E              __Hrparam 0000              __Lrparam 0000  
       __size_of_main 0052  
