

HI-TECH Software PIC18 LITE Macro Assembler V9.80 build 11162 
                                                                                               Wed Mar 24 15:01:43 2021

HI-TECH Software Omniscient Code Generator (Lite mode) build 11162
     1  0000                     opt subtitle "HI-TECH Software Omniscient Code Generator (Lite mode) build 11162"
     2                           
     3                           opt pagewidth 120
     4                           
     5                           	opt lm
     6                           
     7                           	processor	18F4520
     8  0000                     porta	equ	0F80h
     9  0000                     portb	equ	0F81h
    10  0000                     portc	equ	0F82h
    11  0000                     portd	equ	0F83h
    12  0000                     porte	equ	0F84h
    13  0000                     lata	equ	0F89h
    14  0000                     latb	equ	0F8Ah
    15  0000                     latc	equ	0F8Bh
    16  0000                     latd	equ	0F8Ch
    17  0000                     late	equ	0F8Dh
    18  0000                     trisa	equ	0F92h
    19  0000                     trisb	equ	0F93h
    20  0000                     trisc	equ	0F94h
    21  0000                     trisd	equ	0F95h
    22  0000                     trise	equ	0F96h
    23  0000                     pie1	equ	0F9Dh
    24  0000                     pir1	equ	0F9Eh
    25  0000                     ipr1	equ	0F9Fh
    26  0000                     pie2	equ	0FA0h
    27  0000                     pir2	equ	0FA1h
    28  0000                     ipr2	equ	0FA2h
    29  0000                     t3con	equ	0FB1h
    30  0000                     tmr3l	equ	0FB2h
    31  0000                     tmr3h	equ	0FB3h
    32  0000                     ccp1con	equ	0FBDh
    33  0000                     ccpr1l	equ	0FBEh
    34  0000                     ccpr1h	equ	0FBFh
    35  0000                     adcon1	equ	0FC1h
    36  0000                     adcon0	equ	0FC2h
    37  0000                     adresl	equ	0FC3h
    38  0000                     adresh	equ	0FC4h
    39  0000                     sspcon2	equ	0FC5h
    40  0000                     sspcon1	equ	0FC6h
    41  0000                     sspstat	equ	0FC7h
    42  0000                     sspadd	equ	0FC8h
    43  0000                     sspbuf	equ	0FC9h
    44  0000                     t2con	equ	0FCAh
    45  0000                     pr2	equ	0FCBh
    46  0000                     tmr2	equ	0FCCh
    47  0000                     t1con	equ	0FCDh
    48  0000                     tmr1l	equ	0FCEh
    49  0000                     tmr1h	equ	0FCFh
    50  0000                     rcon	equ	0FD0h
    51  0000                     wdtcon	equ	0FD1h
    52  0000                     lvdcon	equ	0FD2h
    53  0000                     osccon	equ	0FD3h
    54  0000                     t0con	equ	0FD5h
    55  0000                     tmr0l	equ	0FD6h
    56  0000                     tmr0h	equ	0FD7h
    57  0000                     status	equ	0FD8h
    58  0000                     fsr2	equ	0FD9h
    59  0000                     fsr2l	equ	0FD9h
    60  0000                     fsr2h	equ	0FDAh
    61  0000                     plusw2	equ	0FDBh
    62  0000                     preinc2	equ	0FDCh
    63  0000                     postdec2	equ	0FDDh
    64  0000                     postinc2	equ	0FDEh
    65  0000                     indf2	equ	0FDFh
    66  0000                     bsr	equ	0FE0h
    67  0000                     fsr1	equ	0FE1h
    68  0000                     fsr1l	equ	0FE1h
    69  0000                     fsr1h	equ	0FE2h
    70  0000                     plusw1	equ	0FE3h
    71  0000                     preinc1	equ	0FE4h
    72  0000                     postdec1	equ	0FE5h
    73  0000                     postinc1	equ	0FE6h
    74  0000                     indf1	equ	0FE7h
    75  0000                     wreg	equ	0FE8h
    76  0000                     fsr0	equ	0FE9h
    77  0000                     fsr0l	equ	0FE9h
    78  0000                     fsr0h	equ	0FEAh
    79  0000                     plusw0	equ	0FEBh
    80  0000                     preinc0	equ	0FECh
    81  0000                     postdec0	equ	0FEDh
    82  0000                     postinc0	equ	0FEEh
    83  0000                     indf0	equ	0FEFh
    84  0000                     intcon3	equ	0FF0h
    85  0000                     intcon2	equ	0FF1h
    86  0000                     intcon	equ	0FF2h
    87  0000                     prod	equ	0FF3h
    88  0000                     prodl	equ	0FF3h
    89  0000                     prodh	equ	0FF4h
    90  0000                     tablat	equ	0FF5h
    91  0000                     tblptr	equ	0FF6h
    92  0000                     tblptrl	equ	0FF6h
    93  0000                     tblptrh	equ	0FF7h
    94  0000                     tblptru	equ	0FF8h
    95  0000                     pcl	equ	0FF9h
    96  0000                     pclat	equ	0FFAh
    97  0000                     pclath	equ	0FFAh
    98  0000                     pclatu	equ	0FFBh
    99  0000                     stkptr	equ	0FFCh
   100  0000                     tosl	equ	0FFDh
   101  0000                     tosh	equ	0FFEh
   102  0000                     tosu	equ	0FFFh
   103                           skipnz macro
   104                           	btfsc	status,2
   105  0000                     	endm
   106                           	global	__ramtop
   107                           	global	__accesstop
   108                           # 19 "C:\Program Files (x86)\HI-TECH Software\PICC-18\9.80\include\pic18f4520.h"
   109  0000                     PORTA equ 0F80h ;# 
   110                           # 90 "C:\Program Files (x86)\HI-TECH Software\PICC-18\9.80\include\pic18f4520.h"
   111  0000                     PORTB equ 0F81h ;# 
   112                           # 139 "C:\Program Files (x86)\HI-TECH Software\PICC-18\9.80\include\pic18f4520.h"
   113  0000                     PORTC equ 0F82h ;# 
   114                           # 194 "C:\Program Files (x86)\HI-TECH Software\PICC-18\9.80\include\pic18f4520.h"
   115  0000                     PORTD equ 0F83h ;# 
   116                           # 236 "C:\Program Files (x86)\HI-TECH Software\PICC-18\9.80\include\pic18f4520.h"
   117  0000                     PORTE equ 0F84h ;# 
   118                           # 365 "C:\Program Files (x86)\HI-TECH Software\PICC-18\9.80\include\pic18f4520.h"
   119  0000                     LATA equ 0F89h ;# 
   120                           # 418 "C:\Program Files (x86)\HI-TECH Software\PICC-18\9.80\include\pic18f4520.h"
   121  0000                     LATB equ 0F8Ah ;# 
   122                           # 471 "C:\Program Files (x86)\HI-TECH Software\PICC-18\9.80\include\pic18f4520.h"
   123  0000                     LATC equ 0F8Bh ;# 
   124                           # 524 "C:\Program Files (x86)\HI-TECH Software\PICC-18\9.80\include\pic18f4520.h"
   125  0000                     LATD equ 0F8Ch ;# 
   126                           # 577 "C:\Program Files (x86)\HI-TECH Software\PICC-18\9.80\include\pic18f4520.h"
   127  0000                     LATE equ 0F8Dh ;# 
   128                           # 625 "C:\Program Files (x86)\HI-TECH Software\PICC-18\9.80\include\pic18f4520.h"
   129  0000                     TRISA equ 0F92h ;# 
   130                           # 630 "C:\Program Files (x86)\HI-TECH Software\PICC-18\9.80\include\pic18f4520.h"
   131  0000                     DDRA equ 0F92h ;# 
   132                           # 688 "C:\Program Files (x86)\HI-TECH Software\PICC-18\9.80\include\pic18f4520.h"
   133  0000                     TRISB equ 0F93h ;# 
   134                           # 693 "C:\Program Files (x86)\HI-TECH Software\PICC-18\9.80\include\pic18f4520.h"
   135  0000                     DDRB equ 0F93h ;# 
   136                           # 751 "C:\Program Files (x86)\HI-TECH Software\PICC-18\9.80\include\pic18f4520.h"
   137  0000                     TRISC equ 0F94h ;# 
   138                           # 756 "C:\Program Files (x86)\HI-TECH Software\PICC-18\9.80\include\pic18f4520.h"
   139  0000                     DDRC equ 0F94h ;# 
   140                           # 814 "C:\Program Files (x86)\HI-TECH Software\PICC-18\9.80\include\pic18f4520.h"
   141  0000                     TRISD equ 0F95h ;# 
   142                           # 819 "C:\Program Files (x86)\HI-TECH Software\PICC-18\9.80\include\pic18f4520.h"
   143  0000                     DDRD equ 0F95h ;# 
   144                           # 877 "C:\Program Files (x86)\HI-TECH Software\PICC-18\9.80\include\pic18f4520.h"
   145  0000                     TRISE equ 0F96h ;# 
   146                           # 882 "C:\Program Files (x86)\HI-TECH Software\PICC-18\9.80\include\pic18f4520.h"
   147  0000                     DDRE equ 0F96h ;# 
   148                           # 932 "C:\Program Files (x86)\HI-TECH Software\PICC-18\9.80\include\pic18f4520.h"
   149  0000                     OSCTUNE equ 0F9Bh ;# 
   150                           # 954 "C:\Program Files (x86)\HI-TECH Software\PICC-18\9.80\include\pic18f4520.h"
   151  0000                     PIE1 equ 0F9Dh ;# 
   152                           # 981 "C:\Program Files (x86)\HI-TECH Software\PICC-18\9.80\include\pic18f4520.h"
   153  0000                     PIR1 equ 0F9Eh ;# 
   154                           # 1017 "C:\Program Files (x86)\HI-TECH Software\PICC-18\9.80\include\pic18f4520.h"
   155  0000                     IPR1 equ 0F9Fh ;# 
   156                           # 1044 "C:\Program Files (x86)\HI-TECH Software\PICC-18\9.80\include\pic18f4520.h"
   157  0000                     PIE2 equ 0FA0h ;# 
   158                           # 1067 "C:\Program Files (x86)\HI-TECH Software\PICC-18\9.80\include\pic18f4520.h"
   159  0000                     PIR2 equ 0FA1h ;# 
   160                           # 1090 "C:\Program Files (x86)\HI-TECH Software\PICC-18\9.80\include\pic18f4520.h"
   161  0000                     IPR2 equ 0FA2h ;# 
   162                           # 1113 "C:\Program Files (x86)\HI-TECH Software\PICC-18\9.80\include\pic18f4520.h"
   163  0000                     EECON1 equ 0FA6h ;# 
   164                           # 1136 "C:\Program Files (x86)\HI-TECH Software\PICC-18\9.80\include\pic18f4520.h"
   165  0000                     EECON2 equ 0FA7h ;# 
   166                           # 1148 "C:\Program Files (x86)\HI-TECH Software\PICC-18\9.80\include\pic18f4520.h"
   167  0000                     EEDATA equ 0FA8h ;# 
   168                           # 1160 "C:\Program Files (x86)\HI-TECH Software\PICC-18\9.80\include\pic18f4520.h"
   169  0000                     EEADR equ 0FA9h ;# 
   170                           # 1172 "C:\Program Files (x86)\HI-TECH Software\PICC-18\9.80\include\pic18f4520.h"
   171  0000                     RCSTA equ 0FABh ;# 
   172                           # 1177 "C:\Program Files (x86)\HI-TECH Software\PICC-18\9.80\include\pic18f4520.h"
   173  0000                     RCSTA1 equ 0FABh ;# 
   174                           # 1225 "C:\Program Files (x86)\HI-TECH Software\PICC-18\9.80\include\pic18f4520.h"
   175  0000                     TXSTA equ 0FACh ;# 
   176                           # 1230 "C:\Program Files (x86)\HI-TECH Software\PICC-18\9.80\include\pic18f4520.h"
   177  0000                     TXSTA1 equ 0FACh ;# 
   178                           # 1324 "C:\Program Files (x86)\HI-TECH Software\PICC-18\9.80\include\pic18f4520.h"
   179  0000                     TXREG equ 0FADh ;# 
   180                           # 1329 "C:\Program Files (x86)\HI-TECH Software\PICC-18\9.80\include\pic18f4520.h"
   181  0000                     TXREG1 equ 0FADh ;# 
   182                           # 1347 "C:\Program Files (x86)\HI-TECH Software\PICC-18\9.80\include\pic18f4520.h"
   183  0000                     RCREG equ 0FAEh ;# 
   184                           # 1352 "C:\Program Files (x86)\HI-TECH Software\PICC-18\9.80\include\pic18f4520.h"
   185  0000                     RCREG1 equ 0FAEh ;# 
   186                           # 1370 "C:\Program Files (x86)\HI-TECH Software\PICC-18\9.80\include\pic18f4520.h"
   187  0000                     SPBRG equ 0FAFh ;# 
   188                           # 1375 "C:\Program Files (x86)\HI-TECH Software\PICC-18\9.80\include\pic18f4520.h"
   189  0000                     SPBRG1 equ 0FAFh ;# 
   190                           # 1393 "C:\Program Files (x86)\HI-TECH Software\PICC-18\9.80\include\pic18f4520.h"
   191  0000                     SPBRGH equ 0FB0h ;# 
   192                           # 1405 "C:\Program Files (x86)\HI-TECH Software\PICC-18\9.80\include\pic18f4520.h"
   193  0000                     T3CON equ 0FB1h ;# 
   194                           # 1446 "C:\Program Files (x86)\HI-TECH Software\PICC-18\9.80\include\pic18f4520.h"
   195  0000                     TMR3 equ 0FB2h ;# 
   196                           # 1458 "C:\Program Files (x86)\HI-TECH Software\PICC-18\9.80\include\pic18f4520.h"
   197  0000                     TMR3L equ 0FB2h ;# 
   198                           # 1470 "C:\Program Files (x86)\HI-TECH Software\PICC-18\9.80\include\pic18f4520.h"
   199  0000                     TMR3H equ 0FB3h ;# 
   200                           # 1482 "C:\Program Files (x86)\HI-TECH Software\PICC-18\9.80\include\pic18f4520.h"
   201  0000                     CMCON equ 0FB4h ;# 
   202                           # 1515 "C:\Program Files (x86)\HI-TECH Software\PICC-18\9.80\include\pic18f4520.h"
   203  0000                     CVRCON equ 0FB5h ;# 
   204                           # 1541 "C:\Program Files (x86)\HI-TECH Software\PICC-18\9.80\include\pic18f4520.h"
   205  0000                     ECCP1AS equ 0FB6h ;# 
   206                           # 1546 "C:\Program Files (x86)\HI-TECH Software\PICC-18\9.80\include\pic18f4520.h"
   207  0000                     ECCPAS equ 0FB6h ;# 
   208                           # 1588 "C:\Program Files (x86)\HI-TECH Software\PICC-18\9.80\include\pic18f4520.h"
   209  0000                     PWM1CON equ 0FB7h ;# 
   210                           # 1593 "C:\Program Files (x86)\HI-TECH Software\PICC-18\9.80\include\pic18f4520.h"
   211  0000                     ECCP1DEL equ 0FB7h ;# 
   212                           # 1631 "C:\Program Files (x86)\HI-TECH Software\PICC-18\9.80\include\pic18f4520.h"
   213  0000                     BAUDCON equ 0FB8h ;# 
   214                           # 1636 "C:\Program Files (x86)\HI-TECH Software\PICC-18\9.80\include\pic18f4520.h"
   215  0000                     BAUDCTL equ 0FB8h ;# 
   216                           # 1696 "C:\Program Files (x86)\HI-TECH Software\PICC-18\9.80\include\pic18f4520.h"
   217  0000                     CCP2CON equ 0FBAh ;# 
   218                           # 1722 "C:\Program Files (x86)\HI-TECH Software\PICC-18\9.80\include\pic18f4520.h"
   219  0000                     CCPR2 equ 0FBBh ;# 
   220                           # 1734 "C:\Program Files (x86)\HI-TECH Software\PICC-18\9.80\include\pic18f4520.h"
   221  0000                     CCPR2L equ 0FBBh ;# 
   222                           # 1746 "C:\Program Files (x86)\HI-TECH Software\PICC-18\9.80\include\pic18f4520.h"
   223  0000                     CCPR2H equ 0FBCh ;# 
   224                           # 1758 "C:\Program Files (x86)\HI-TECH Software\PICC-18\9.80\include\pic18f4520.h"
   225  0000                     CCP1CON equ 0FBDh ;# 
   226                           # 1787 "C:\Program Files (x86)\HI-TECH Software\PICC-18\9.80\include\pic18f4520.h"
   227  0000                     CCPR1 equ 0FBEh ;# 
   228                           # 1799 "C:\Program Files (x86)\HI-TECH Software\PICC-18\9.80\include\pic18f4520.h"
   229  0000                     CCPR1L equ 0FBEh ;# 
   230                           # 1811 "C:\Program Files (x86)\HI-TECH Software\PICC-18\9.80\include\pic18f4520.h"
   231  0000                     CCPR1H equ 0FBFh ;# 
   232                           # 1823 "C:\Program Files (x86)\HI-TECH Software\PICC-18\9.80\include\pic18f4520.h"
   233  0000                     ADCON2 equ 0FC0h ;# 
   234                           # 1846 "C:\Program Files (x86)\HI-TECH Software\PICC-18\9.80\include\pic18f4520.h"
   235  0000                     ADCON1 equ 0FC1h ;# 
   236                           # 1879 "C:\Program Files (x86)\HI-TECH Software\PICC-18\9.80\include\pic18f4520.h"
   237  0000                     ADCON0 equ 0FC2h ;# 
   238                           # 1934 "C:\Program Files (x86)\HI-TECH Software\PICC-18\9.80\include\pic18f4520.h"
   239  0000                     ADRES equ 0FC3h ;# 
   240                           # 1946 "C:\Program Files (x86)\HI-TECH Software\PICC-18\9.80\include\pic18f4520.h"
   241  0000                     ADRESL equ 0FC3h ;# 
   242                           # 1958 "C:\Program Files (x86)\HI-TECH Software\PICC-18\9.80\include\pic18f4520.h"
   243  0000                     ADRESH equ 0FC4h ;# 
   244                           # 1970 "C:\Program Files (x86)\HI-TECH Software\PICC-18\9.80\include\pic18f4520.h"
   245  0000                     SSPCON2 equ 0FC5h ;# 
   246                           # 1997 "C:\Program Files (x86)\HI-TECH Software\PICC-18\9.80\include\pic18f4520.h"
   247  0000                     SSPCON1 equ 0FC6h ;# 
   248                           # 2019 "C:\Program Files (x86)\HI-TECH Software\PICC-18\9.80\include\pic18f4520.h"
   249  0000                     SSPSTAT equ 0FC7h ;# 
   250                           # 2126 "C:\Program Files (x86)\HI-TECH Software\PICC-18\9.80\include\pic18f4520.h"
   251  0000                     SSPADD equ 0FC8h ;# 
   252                           # 2138 "C:\Program Files (x86)\HI-TECH Software\PICC-18\9.80\include\pic18f4520.h"
   253  0000                     SSPBUF equ 0FC9h ;# 
   254                           # 2150 "C:\Program Files (x86)\HI-TECH Software\PICC-18\9.80\include\pic18f4520.h"
   255  0000                     T2CON equ 0FCAh ;# 
   256                           # 2180 "C:\Program Files (x86)\HI-TECH Software\PICC-18\9.80\include\pic18f4520.h"
   257  0000                     PR2 equ 0FCBh ;# 
   258                           # 2185 "C:\Program Files (x86)\HI-TECH Software\PICC-18\9.80\include\pic18f4520.h"
   259  0000                     MEMCON equ 0FCBh ;# 
   260                           # 2203 "C:\Program Files (x86)\HI-TECH Software\PICC-18\9.80\include\pic18f4520.h"
   261  0000                     TMR2 equ 0FCCh ;# 
   262                           # 2215 "C:\Program Files (x86)\HI-TECH Software\PICC-18\9.80\include\pic18f4520.h"
   263  0000                     T1CON equ 0FCDh ;# 
   264                           # 2252 "C:\Program Files (x86)\HI-TECH Software\PICC-18\9.80\include\pic18f4520.h"
   265  0000                     TMR1 equ 0FCEh ;# 
   266                           # 2264 "C:\Program Files (x86)\HI-TECH Software\PICC-18\9.80\include\pic18f4520.h"
   267  0000                     TMR1L equ 0FCEh ;# 
   268                           # 2276 "C:\Program Files (x86)\HI-TECH Software\PICC-18\9.80\include\pic18f4520.h"
   269  0000                     TMR1H equ 0FCFh ;# 
   270                           # 2288 "C:\Program Files (x86)\HI-TECH Software\PICC-18\9.80\include\pic18f4520.h"
   271  0000                     RCON equ 0FD0h ;# 
   272                           # 2333 "C:\Program Files (x86)\HI-TECH Software\PICC-18\9.80\include\pic18f4520.h"
   273  0000                     WDTCON equ 0FD1h ;# 
   274                           # 2348 "C:\Program Files (x86)\HI-TECH Software\PICC-18\9.80\include\pic18f4520.h"
   275  0000                     HLVDCON equ 0FD2h ;# 
   276                           # 2353 "C:\Program Files (x86)\HI-TECH Software\PICC-18\9.80\include\pic18f4520.h"
   277  0000                     LVDCON equ 0FD2h ;# 
   278                           # 2423 "C:\Program Files (x86)\HI-TECH Software\PICC-18\9.80\include\pic18f4520.h"
   279  0000                     OSCCON equ 0FD3h ;# 
   280                           # 2448 "C:\Program Files (x86)\HI-TECH Software\PICC-18\9.80\include\pic18f4520.h"
   281  0000                     T0CON equ 0FD5h ;# 
   282                           # 2473 "C:\Program Files (x86)\HI-TECH Software\PICC-18\9.80\include\pic18f4520.h"
   283  0000                     TMR0 equ 0FD6h ;# 
   284                           # 2485 "C:\Program Files (x86)\HI-TECH Software\PICC-18\9.80\include\pic18f4520.h"
   285  0000                     TMR0L equ 0FD6h ;# 
   286                           # 2497 "C:\Program Files (x86)\HI-TECH Software\PICC-18\9.80\include\pic18f4520.h"
   287  0000                     TMR0H equ 0FD7h ;# 
   288                           # 2509 "C:\Program Files (x86)\HI-TECH Software\PICC-18\9.80\include\pic18f4520.h"
   289  0000                     STATUS equ 0FD8h ;# 
   290                           # 2540 "C:\Program Files (x86)\HI-TECH Software\PICC-18\9.80\include\pic18f4520.h"
   291  0000                     FSR2 equ 0FD9h ;# 
   292                           # 2552 "C:\Program Files (x86)\HI-TECH Software\PICC-18\9.80\include\pic18f4520.h"
   293  0000                     FSR2L equ 0FD9h ;# 
   294                           # 2564 "C:\Program Files (x86)\HI-TECH Software\PICC-18\9.80\include\pic18f4520.h"
   295  0000                     FSR2H equ 0FDAh ;# 
   296                           # 2576 "C:\Program Files (x86)\HI-TECH Software\PICC-18\9.80\include\pic18f4520.h"
   297  0000                     PLUSW2 equ 0FDBh ;# 
   298                           # 2588 "C:\Program Files (x86)\HI-TECH Software\PICC-18\9.80\include\pic18f4520.h"
   299  0000                     PREINC2 equ 0FDCh ;# 
   300                           # 2600 "C:\Program Files (x86)\HI-TECH Software\PICC-18\9.80\include\pic18f4520.h"
   301  0000                     POSTDEC2 equ 0FDDh ;# 
   302                           # 2612 "C:\Program Files (x86)\HI-TECH Software\PICC-18\9.80\include\pic18f4520.h"
   303  0000                     POSTINC2 equ 0FDEh ;# 
   304                           # 2624 "C:\Program Files (x86)\HI-TECH Software\PICC-18\9.80\include\pic18f4520.h"
   305  0000                     INDF2 equ 0FDFh ;# 
   306                           # 2636 "C:\Program Files (x86)\HI-TECH Software\PICC-18\9.80\include\pic18f4520.h"
   307  0000                     BSR equ 0FE0h ;# 
   308                           # 2648 "C:\Program Files (x86)\HI-TECH Software\PICC-18\9.80\include\pic18f4520.h"
   309  0000                     FSR1 equ 0FE1h ;# 
   310                           # 2660 "C:\Program Files (x86)\HI-TECH Software\PICC-18\9.80\include\pic18f4520.h"
   311  0000                     FSR1L equ 0FE1h ;# 
   312                           # 2672 "C:\Program Files (x86)\HI-TECH Software\PICC-18\9.80\include\pic18f4520.h"
   313  0000                     FSR1H equ 0FE2h ;# 
   314                           # 2684 "C:\Program Files (x86)\HI-TECH Software\PICC-18\9.80\include\pic18f4520.h"
   315  0000                     PLUSW1 equ 0FE3h ;# 
   316                           # 2696 "C:\Program Files (x86)\HI-TECH Software\PICC-18\9.80\include\pic18f4520.h"
   317  0000                     PREINC1 equ 0FE4h ;# 
   318                           # 2708 "C:\Program Files (x86)\HI-TECH Software\PICC-18\9.80\include\pic18f4520.h"
   319  0000                     POSTDEC1 equ 0FE5h ;# 
   320                           # 2720 "C:\Program Files (x86)\HI-TECH Software\PICC-18\9.80\include\pic18f4520.h"
   321  0000                     POSTINC1 equ 0FE6h ;# 
   322                           # 2732 "C:\Program Files (x86)\HI-TECH Software\PICC-18\9.80\include\pic18f4520.h"
   323  0000                     INDF1 equ 0FE7h ;# 
   324                           # 2744 "C:\Program Files (x86)\HI-TECH Software\PICC-18\9.80\include\pic18f4520.h"
   325  0000                     WREG equ 0FE8h ;# 
   326                           # 2767 "C:\Program Files (x86)\HI-TECH Software\PICC-18\9.80\include\pic18f4520.h"
   327  0000                     FSR0 equ 0FE9h ;# 
   328                           # 2779 "C:\Program Files (x86)\HI-TECH Software\PICC-18\9.80\include\pic18f4520.h"
   329  0000                     FSR0L equ 0FE9h ;# 
   330                           # 2791 "C:\Program Files (x86)\HI-TECH Software\PICC-18\9.80\include\pic18f4520.h"
   331  0000                     FSR0H equ 0FEAh ;# 
   332                           # 2803 "C:\Program Files (x86)\HI-TECH Software\PICC-18\9.80\include\pic18f4520.h"
   333  0000                     PLUSW0 equ 0FEBh ;# 
   334                           # 2815 "C:\Program Files (x86)\HI-TECH Software\PICC-18\9.80\include\pic18f4520.h"
   335  0000                     PREINC0 equ 0FECh ;# 
   336                           # 2827 "C:\Program Files (x86)\HI-TECH Software\PICC-18\9.80\include\pic18f4520.h"
   337  0000                     POSTDEC0 equ 0FEDh ;# 
   338                           # 2839 "C:\Program Files (x86)\HI-TECH Software\PICC-18\9.80\include\pic18f4520.h"
   339  0000                     POSTINC0 equ 0FEEh ;# 
   340                           # 2851 "C:\Program Files (x86)\HI-TECH Software\PICC-18\9.80\include\pic18f4520.h"
   341  0000                     INDF0 equ 0FEFh ;# 
   342                           # 2863 "C:\Program Files (x86)\HI-TECH Software\PICC-18\9.80\include\pic18f4520.h"
   343  0000                     INTCON3 equ 0FF0h ;# 
   344                           # 2892 "C:\Program Files (x86)\HI-TECH Software\PICC-18\9.80\include\pic18f4520.h"
   345  0000                     INTCON2 equ 0FF1h ;# 
   346                           # 2919 "C:\Program Files (x86)\HI-TECH Software\PICC-18\9.80\include\pic18f4520.h"
   347  0000                     INTCON equ 0FF2h ;# 
   348                           # 2983 "C:\Program Files (x86)\HI-TECH Software\PICC-18\9.80\include\pic18f4520.h"
   349  0000                     PROD equ 0FF3h ;# 
   350                           # 2995 "C:\Program Files (x86)\HI-TECH Software\PICC-18\9.80\include\pic18f4520.h"
   351  0000                     PRODL equ 0FF3h ;# 
   352                           # 3007 "C:\Program Files (x86)\HI-TECH Software\PICC-18\9.80\include\pic18f4520.h"
   353  0000                     PRODH equ 0FF4h ;# 
   354                           # 3019 "C:\Program Files (x86)\HI-TECH Software\PICC-18\9.80\include\pic18f4520.h"
   355  0000                     TABLAT equ 0FF5h ;# 
   356                           # 3031 "C:\Program Files (x86)\HI-TECH Software\PICC-18\9.80\include\pic18f4520.h"
   357  0000                     TBLPTR equ 0FF6h ;# 
   358                           # 3044 "C:\Program Files (x86)\HI-TECH Software\PICC-18\9.80\include\pic18f4520.h"
   359  0000                     TBLPTRL equ 0FF6h ;# 
   360                           # 3056 "C:\Program Files (x86)\HI-TECH Software\PICC-18\9.80\include\pic18f4520.h"
   361  0000                     TBLPTRH equ 0FF7h ;# 
   362                           # 3068 "C:\Program Files (x86)\HI-TECH Software\PICC-18\9.80\include\pic18f4520.h"
   363  0000                     TBLPTRU equ 0FF8h ;# 
   364                           # 3081 "C:\Program Files (x86)\HI-TECH Software\PICC-18\9.80\include\pic18f4520.h"
   365  0000                     PCLAT equ 0FF9h ;# 
   366                           # 3086 "C:\Program Files (x86)\HI-TECH Software\PICC-18\9.80\include\pic18f4520.h"
   367  0000                     PC equ 0FF9h ;# 
   368                           # 3104 "C:\Program Files (x86)\HI-TECH Software\PICC-18\9.80\include\pic18f4520.h"
   369  0000                     PCL equ 0FF9h ;# 
   370                           # 3116 "C:\Program Files (x86)\HI-TECH Software\PICC-18\9.80\include\pic18f4520.h"
   371  0000                     PCLATH equ 0FFAh ;# 
   372                           # 3128 "C:\Program Files (x86)\HI-TECH Software\PICC-18\9.80\include\pic18f4520.h"
   373  0000                     PCLATU equ 0FFBh ;# 
   374                           # 3140 "C:\Program Files (x86)\HI-TECH Software\PICC-18\9.80\include\pic18f4520.h"
   375  0000                     STKPTR equ 0FFCh ;# 
   376                           # 3164 "C:\Program Files (x86)\HI-TECH Software\PICC-18\9.80\include\pic18f4520.h"
   377  0000                     TOS equ 0FFDh ;# 
   378                           # 3176 "C:\Program Files (x86)\HI-TECH Software\PICC-18\9.80\include\pic18f4520.h"
   379  0000                     TOSL equ 0FFDh ;# 
   380                           # 3188 "C:\Program Files (x86)\HI-TECH Software\PICC-18\9.80\include\pic18f4520.h"
   381  0000                     TOSH equ 0FFEh ;# 
   382                           # 3200 "C:\Program Files (x86)\HI-TECH Software\PICC-18\9.80\include\pic18f4520.h"
   383  0000                     TOSU equ 0FFFh ;# 
   384                           	FNCALL	_main,_delay
   385                           	FNROOT	_main
   386                           	global	_PORTD
   387  0000                     _PORTD	set	0xF83
   388                           	global	_TRISD
   389  0000                     _TRISD	set	0xF95
   390                           	global	_RB0
   391  0000                     _RB0	set	0x7C08
   392                           	global	_TRISB0
   393  0000                     _TRISB0	set	0x7C98
   394                           psect	text0,class=CODE,space=0,reloc=2
   395                           global __ptext0
   396  007F64                     __ptext0:
   397                           ; #config settings
   398                           	file	"Stepper.as"
   399                           	line	#
   400                           psect	cinit,class=CODE,delta=1,reloc=2
   401                           global __pcinit
   402  007EE8                     __pcinit:
   403                           global start_initialization
   404  007EE8                     start_initialization:
   405                           
   406                           psect cinit,class=CODE,delta=1
   407                           global end_of_initialization
   408                           
   409                           ;End of C runtime variable initialization code
   410                           
   411  007EE8                     end_of_initialization:
   412  007EE8  0100               movlb 0
   413  007EEA  EFB2  F03F         goto _main	;jump to C main() function
   414                           psect	cstackCOMRAM,class=COMRAM,space=1
   415                           global __pcstackCOMRAM
   416  000001                     __pcstackCOMRAM:
   417                           	global	?_delay
   418  000001                     ?_delay:	; 0 bytes @ 0x0
   419                           	global	?_main
   420  000001                     ?_main:	; 0 bytes @ 0x0
   421                           	global	delay@a
   422  000001                     delay@a:	; 1 bytes @ 0x0
   423  000001                     	ds   1
   424                           	global	??_delay
   425  000002                     ??_delay:	; 0 bytes @ 0x1
   426                           	global	delay@i
   427  000002                     delay@i:	; 2 bytes @ 0x1
   428  000002                     	ds   2
   429                           	global	delay@j
   430  000004                     delay@j:	; 2 bytes @ 0x3
   431  000004                     	ds   2
   432                           	global	??_main
   433  000006                     ??_main:	; 0 bytes @ 0x5
   434  000006                     	ds   1
   435                           ;!
   436                           ;!Data Sizes:
   437                           ;!    Strings     0
   438                           ;!    Constant    0
   439                           ;!    Data        0
   440                           ;!    BSS         0
   441                           ;!    Persistent  0
   442                           ;!    Stack       0
   443                           ;!
   444                           ;!Auto Spaces:
   445                           ;!    Space          Size  Autos    Used
   446                           ;!    COMRAM          127      6       6
   447                           ;!    BANK0           128      0       0
   448                           ;!    BANK1           256      0       0
   449                           ;!    BANK2           256      0       0
   450                           ;!    BANK3           256      0       0
   451                           ;!    BANK4           256      0       0
   452                           ;!    BANK5           256      0       0
   453                           
   454                           ;!
   455                           ;!Pointer List with Targets:
   456                           ;!
   457                           ;!    None.
   458                           
   459                           
   460                           ;!
   461                           ;!Critical Paths under _main in COMRAM
   462                           ;!
   463                           ;!    _main->_delay
   464                           ;!
   465                           ;!Critical Paths under _main in BANK0
   466                           ;!
   467                           ;!    None.
   468                           ;!
   469                           ;!Critical Paths under _main in BANK1
   470                           ;!
   471                           ;!    None.
   472                           ;!
   473                           ;!Critical Paths under _main in BANK2
   474                           ;!
   475                           ;!    None.
   476                           ;!
   477                           ;!Critical Paths under _main in BANK3
   478                           ;!
   479                           ;!    None.
   480                           ;!
   481                           ;!Critical Paths under _main in BANK4
   482                           ;!
   483                           ;!    None.
   484                           ;!
   485                           ;!Critical Paths under _main in BANK5
   486                           ;!
   487                           ;!    None.
   488                           
   489 ;;
   490 ;;Main: autosize = 0, tempsize = 1, incstack = 0, save=0
   491 ;;
   492                           
   493                           ;!
   494                           ;!Call Graph Tables:
   495                           ;!
   496                           ;! ---------------------------------------------------------------------------------
   497                           ;! (Depth) Function   	        Calls       Base Space   Used Autos Params    Refs
   498                           ;! ---------------------------------------------------------------------------------
   499                           ;! (0) _main                                                 1     1      0      60
   500                           ;!                                              5 COMRAM     1     1      0
   501                           ;!                              _delay
   502                           ;! ---------------------------------------------------------------------------------
   503                           ;! (1) _delay                                                5     4      1      60
   504                           ;!                                              0 COMRAM     5     4      1
   505                           ;! ---------------------------------------------------------------------------------
   506                           ;! Estimated maximum stack depth 1
   507                           ;! ---------------------------------------------------------------------------------
   508                           ;!
   509                           ;! Call Graph Graphs:
   510                           ;!
   511                           ;! _main (ROOT)
   512                           ;!   _delay
   513                           ;!
   514                           
   515                           ;! Address spaces:
   516                           
   517                           ;!Name               Size   Autos  Total    Cost      Usage
   518                           ;!BITCOMRAM           7F      0       0       0        0.0%
   519                           ;!EEDATA             100      0       0       0        0.0%
   520                           ;!NULL                 0      0       0       0        0.0%
   521                           ;!CODE                 0      0       0       0        0.0%
   522                           ;!COMRAM              7F      6       6       1        4.7%
   523                           ;!STACK                0      0       1       2        0.0%
   524                           ;!DATA                 0      0       0       3        0.0%
   525                           ;!BITBANK0            80      0       0       4        0.0%
   526                           ;!BANK0               80      0       0       5        0.0%
   527                           ;!BITBANK1           100      0       0       6        0.0%
   528                           ;!BANK1              100      0       0       7        0.0%
   529                           ;!BITBANK2           100      0       0       8        0.0%
   530                           ;!BANK2              100      0       0       9        0.0%
   531                           ;!BITBANK3           100      0       0      10        0.0%
   532                           ;!BANK3              100      0       0      11        0.0%
   533                           ;!BITBANK4           100      0       0      12        0.0%
   534                           ;!BANK4              100      0       0      13        0.0%
   535                           ;!BANK5              100      0       0      14        0.0%
   536                           ;!ABS                  0      0       0      15        0.0%
   537                           ;!BITBANK5           100      0       0      16        0.0%
   538                           ;!BIGRAM             5FF      0       0      17        0.0%
   539                           ;!BITSFR               0      0       0      40        0.0%
   540                           ;!SFR                  0      0       0      40        0.0%
   541                           
   542                           	global	_main
   543                           
   544 ;; *************** function _main *****************
   545 ;; Defined at:
   546 ;;		line 7 in file "C:\Users\Sankar\Documents\em-lab\Exstepper\stepperr.c"
   547 ;; Parameters:    Size  Location     Type
   548 ;;		None
   549 ;; Auto vars:     Size  Location     Type
   550 ;;		None
   551 ;; Return value:  Size  Location     Type
   552 ;;		None               void
   553 ;; Registers used:
   554 ;;		wreg, status,2, status,0, cstack
   555 ;; Tracked objects:
   556 ;;		On entry : 0/0
   557 ;;		On exit  : 0/0
   558 ;;		Unchanged: 0/0
   559 ;; Data sizes:     COMRAM   BANK0   BANK1   BANK2   BANK3   BANK4   BANK5
   560 ;;      Params:         0       0       0       0       0       0       0
   561 ;;      Locals:         0       0       0       0       0       0       0
   562 ;;      Temps:          1       0       0       0       0       0       0
   563 ;;      Totals:         1       0       0       0       0       0       0
   564 ;;Total ram usage:        1 bytes
   565 ;; Hardware stack levels required when called:    1
   566 ;; This function calls:
   567 ;;		_delay
   568 ;; This function is called by:
   569 ;;		Startup code after reset
   570 ;; This function uses a non-reentrant model
   571 ;;
   572                           psect	text0
   573                           psect	text0
   574                           	file	"C:\Users\Sankar\Documents\em-lab\Exstepper\stepperr.c"
   575                           	line	7
   576                           	global	__size_of_main
   577  0000                     	__size_of_main	equ	__end_of_main-_main
   578                           	
   579  007F64                     _main:
   580                           	opt	stack 30
   581                           	line	8
   582                           	
   583  007F64                     l1786:
   584                           ;stepperr.c: 8: TRISB0=1;
   585  007F64  8093               	bsf	c:(31896/8),(31896)&7	;volatile
   586                           	line	9
   587                           	
   588  007F66                     l1788:
   589                           ;stepperr.c: 9: TRISD=0;
   590  007F66  0E00               	movlw	low(0)
   591  007F68  6E95               	movwf	((c:3989)),c	;volatile
   592  007F6A  D000               	goto	l1790
   593                           	line	10
   594                           ;stepperr.c: 10: while(1){
   595                           	
   596  007F6C                     l18:
   597                           	line	11
   598                           	
   599  007F6C                     l1790:
   600                           ;stepperr.c: 11: if(RB0==1){
   601  007F6C  A081               	btfss	c:(31752/8),(31752)&7	;volatile
   602  007F6E  D001               	goto	u1861
   603  007F70  D001               	goto	u1860
   604  007F72                     u1861:
   605  007F72  D021               	goto	l1804
   606  007F74                     u1860:
   607                           	line	12
   608                           	
   609  007F74                     l1792:
   610                           ;stepperr.c: 12: PORTD=0x99;
   611  007F74  0E99               	movlw	low(099h)
   612  007F76  6E83               	movwf	((c:3971)),c	;volatile
   613                           	line	13
   614                           	
   615  007F78                     l1794:
   616                           ;stepperr.c: 13: delay(250);
   617  007F78  6E06               	movwf	(??_main+0+0)&0ffh,c
   618  007F7A  0EFA               	movlw	low(0FAh)
   619  007F7C  6E01               	movwf	((c:?_delay)),c
   620  007F7E  5006               	movf	(??_main+0+0)&0ffh,c,w
   621  007F80  EC77  F03F         	call	_delay	;wreg free
   622                           	line	14
   623                           	
   624  007F84                     l1796:
   625                           ;stepperr.c: 14: PORTD=0xCC;
   626  007F84  0ECC               	movlw	low(0CCh)
   627  007F86  6E83               	movwf	((c:3971)),c	;volatile
   628                           	line	15
   629                           ;stepperr.c: 15: delay(250);
   630  007F88  6E06               	movwf	(??_main+0+0)&0ffh,c
   631  007F8A  0EFA               	movlw	low(0FAh)
   632  007F8C  6E01               	movwf	((c:?_delay)),c
   633  007F8E  5006               	movf	(??_main+0+0)&0ffh,c,w
   634  007F90  EC77  F03F         	call	_delay	;wreg free
   635                           	line	16
   636                           	
   637  007F94                     l1798:
   638                           ;stepperr.c: 16: PORTD=0x66;
   639  007F94  0E66               	movlw	low(066h)
   640  007F96  6E83               	movwf	((c:3971)),c	;volatile
   641                           	line	17
   642                           	
   643  007F98                     l1800:
   644                           ;stepperr.c: 17: delay(250);
   645  007F98  6E06               	movwf	(??_main+0+0)&0ffh,c
   646  007F9A  0EFA               	movlw	low(0FAh)
   647  007F9C  6E01               	movwf	((c:?_delay)),c
   648  007F9E  5006               	movf	(??_main+0+0)&0ffh,c,w
   649  007FA0  EC77  F03F         	call	_delay	;wreg free
   650                           	line	18
   651                           ;stepperr.c: 18: PORTD=0x33;
   652  007FA4  0E33               	movlw	low(033h)
   653  007FA6  6E83               	movwf	((c:3971)),c	;volatile
   654                           	line	19
   655                           	
   656  007FA8                     l1802:
   657                           ;stepperr.c: 19: delay(250);
   658  007FA8  6E06               	movwf	(??_main+0+0)&0ffh,c
   659  007FAA  0EFA               	movlw	low(0FAh)
   660  007FAC  6E01               	movwf	((c:?_delay)),c
   661  007FAE  5006               	movf	(??_main+0+0)&0ffh,c,w
   662  007FB0  EC77  F03F         	call	_delay	;wreg free
   663                           	line	20
   664                           ;stepperr.c: 20: }
   665  007FB4  D7DB               	goto	l1790
   666                           	line	21
   667                           	
   668  007FB6                     l19:
   669                           	line	22
   670                           	
   671  007FB6                     l1804:
   672                           ;stepperr.c: 21: else{
   673                           ;stepperr.c: 22: PORTD=0x33;
   674  007FB6  0E33               	movlw	low(033h)
   675  007FB8  6E83               	movwf	((c:3971)),c	;volatile
   676                           	line	23
   677                           	
   678  007FBA                     l1806:
   679                           ;stepperr.c: 23: delay(250);
   680  007FBA  6E06               	movwf	(??_main+0+0)&0ffh,c
   681  007FBC  0EFA               	movlw	low(0FAh)
   682  007FBE  6E01               	movwf	((c:?_delay)),c
   683  007FC0  5006               	movf	(??_main+0+0)&0ffh,c,w
   684  007FC2  EC77  F03F         	call	_delay	;wreg free
   685                           	line	24
   686                           	
   687  007FC6                     l1808:
   688                           ;stepperr.c: 24: PORTD=0x66;
   689  007FC6  0E66               	movlw	low(066h)
   690  007FC8  6E83               	movwf	((c:3971)),c	;volatile
   691                           	line	25
   692                           ;stepperr.c: 25: delay(250);
   693  007FCA  6E06               	movwf	(??_main+0+0)&0ffh,c
   694  007FCC  0EFA               	movlw	low(0FAh)
   695  007FCE  6E01               	movwf	((c:?_delay)),c
   696  007FD0  5006               	movf	(??_main+0+0)&0ffh,c,w
   697  007FD2  EC77  F03F         	call	_delay	;wreg free
   698                           	line	26
   699                           	
   700  007FD6                     l1810:
   701                           ;stepperr.c: 26: PORTD=0xCC;
   702  007FD6  0ECC               	movlw	low(0CCh)
   703  007FD8  6E83               	movwf	((c:3971)),c	;volatile
   704                           	line	27
   705                           	
   706  007FDA                     l1812:
   707                           ;stepperr.c: 27: delay(250);
   708  007FDA  6E06               	movwf	(??_main+0+0)&0ffh,c
   709  007FDC  0EFA               	movlw	low(0FAh)
   710  007FDE  6E01               	movwf	((c:?_delay)),c
   711  007FE0  5006               	movf	(??_main+0+0)&0ffh,c,w
   712  007FE2  EC77  F03F         	call	_delay	;wreg free
   713                           	line	28
   714                           ;stepperr.c: 28: PORTD=0x99;
   715  007FE6  0E99               	movlw	low(099h)
   716  007FE8  6E83               	movwf	((c:3971)),c	;volatile
   717                           	line	29
   718                           	
   719  007FEA                     l1814:
   720                           ;stepperr.c: 29: delay(250);
   721  007FEA  6E06               	movwf	(??_main+0+0)&0ffh,c
   722  007FEC  0EFA               	movlw	low(0FAh)
   723  007FEE  6E01               	movwf	((c:?_delay)),c
   724  007FF0  5006               	movf	(??_main+0+0)&0ffh,c,w
   725  007FF2  EC77  F03F         	call	_delay	;wreg free
   726  007FF6  D7BA               	goto	l1790
   727                           	line	30
   728                           	
   729  007FF8                     l20:
   730  007FF8  D7B9               	goto	l1790
   731                           	line	31
   732                           	
   733  007FFA                     l21:
   734                           	line	10
   735  007FFA  D7B8               	goto	l1790
   736                           	
   737  007FFC                     l22:
   738                           	line	32
   739                           	
   740  007FFC                     l23:
   741                           	global	start
   742  007FFC  EF00  F000         	goto	start
   743                           	opt stack 0
   744                           GLOBAL	__end_of_main
   745  008000                     	__end_of_main:
   746                           	signat	_main,88
   747                           	global	_delay
   748                           
   749 ;; *************** function _delay *****************
   750 ;; Defined at:
   751 ;;		line 2 in file "C:\Users\Sankar\Documents\em-lab\Exstepper\stepperr.c"
   752 ;; Parameters:    Size  Location     Type
   753 ;;  a               1    0[COMRAM] unsigned char 
   754 ;; Auto vars:     Size  Location     Type
   755 ;;  j               2    3[COMRAM] int 
   756 ;;  i               2    1[COMRAM] int 
   757 ;; Return value:  Size  Location     Type
   758 ;;		None               void
   759 ;; Registers used:
   760 ;;		wreg, status,2, status,0
   761 ;; Tracked objects:
   762 ;;		On entry : 0/0
   763 ;;		On exit  : 0/0
   764 ;;		Unchanged: 0/0
   765 ;; Data sizes:     COMRAM   BANK0   BANK1   BANK2   BANK3   BANK4   BANK5
   766 ;;      Params:         1       0       0       0       0       0       0
   767 ;;      Locals:         4       0       0       0       0       0       0
   768 ;;      Temps:          0       0       0       0       0       0       0
   769 ;;      Totals:         5       0       0       0       0       0       0
   770 ;;Total ram usage:        5 bytes
   771 ;; Hardware stack levels used:    1
   772 ;; This function calls:
   773 ;;		Nothing
   774 ;; This function is called by:
   775 ;;		_main
   776 ;; This function uses a non-reentrant model
   777 ;;
   778                           psect	text1,class=CODE,space=0,reloc=2
   779                           global __ptext1
   780  007EEE                     __ptext1:
   781                           psect	text1
   782                           	file	"C:\Users\Sankar\Documents\em-lab\Exstepper\stepperr.c"
   783                           	line	2
   784                           	global	__size_of_delay
   785  0000                     	__size_of_delay	equ	__end_of_delay-_delay
   786                           	
   787  007EEE                     _delay:
   788                           	opt	stack 30
   789                           	line	3
   790                           	
   791  007EEE                     l602:
   792                           ;stepperr.c: 3: for(int i=0;i<1275;i++){
   793  007EEE  0E00               	movlw	high(0)
   794  007EF0  6E03               	movwf	((c:delay@i+1)),c
   795  007EF2  0E00               	movlw	low(0)
   796  007EF4  6E02               	movwf	((c:delay@i)),c
   797                           	
   798  007EF6                     l604:
   799  007EF6  5003               	movf	((c:delay@i+1)),c,w
   800  007EF8  0A80               	xorlw	80h
   801  007EFA  0F7C               	addlw	-((04h)^80h)
   802  007EFC  0EFB               	movlw	0FBh
   803  007EFE  B4D8               	btfsc	status,2
   804  007F00  5C02               	subwf	((c:delay@i)),c,w
   805  007F02  A0D8               	btfss	status,0
   806  007F04  D001               	goto	u11
   807  007F06  D001               	goto	u10
   808  007F08                     u11:
   809  007F08  D002               	goto	l608
   810  007F0A                     u10:
   811  007F0A  D02B               	goto	l15
   812                           	
   813  007F0C                     l606:
   814  007F0C  D02A               	goto	l15
   815                           	
   816  007F0E                     l11:
   817                           	line	4
   818                           	
   819  007F0E                     l608:
   820                           ;stepperr.c: 4: for(int j=0;j<5;j++);
   821  007F0E  0E00               	movlw	high(0)
   822  007F10  6E05               	movwf	((c:delay@j+1)),c
   823  007F12  0E00               	movlw	low(0)
   824  007F14  6E04               	movwf	((c:delay@j)),c
   825                           	
   826  007F16                     l610:
   827  007F16  5005               	movf	((c:delay@j+1)),c,w
   828  007F18  0A80               	xorlw	80h
   829  007F1A  0F80               	addlw	-((0)^80h)
   830  007F1C  0E05               	movlw	05h
   831  007F1E  B4D8               	btfsc	status,2
   832  007F20  5C04               	subwf	((c:delay@j)),c,w
   833  007F22  A0D8               	btfss	status,0
   834  007F24  D001               	goto	u21
   835  007F26  D001               	goto	u20
   836  007F28                     u21:
   837  007F28  D002               	goto	l614
   838  007F2A                     u20:
   839  007F2A  D00E               	goto	l618
   840                           	
   841  007F2C                     l612:
   842  007F2C  D00D               	goto	l618
   843                           	
   844  007F2E                     l13:
   845                           	
   846  007F2E                     l614:
   847  007F2E  4A04               	infsnz	((c:delay@j)),c
   848  007F30  2A05               	incf	((c:delay@j+1)),c
   849                           	
   850  007F32                     l616:
   851  007F32  5005               	movf	((c:delay@j+1)),c,w
   852  007F34  0A80               	xorlw	80h
   853  007F36  0F80               	addlw	-((0)^80h)
   854  007F38  0E05               	movlw	05h
   855  007F3A  B4D8               	btfsc	status,2
   856  007F3C  5C04               	subwf	((c:delay@j)),c,w
   857  007F3E  A0D8               	btfss	status,0
   858  007F40  D001               	goto	u31
   859  007F42  D001               	goto	u30
   860  007F44                     u31:
   861  007F44  D7F4               	goto	l614
   862  007F46                     u30:
   863  007F46  D000               	goto	l618
   864                           	
   865  007F48                     l14:
   866                           	line	3
   867                           	
   868  007F48                     l618:
   869  007F48  4A02               	infsnz	((c:delay@i)),c
   870  007F4A  2A03               	incf	((c:delay@i+1)),c
   871                           	
   872  007F4C                     l620:
   873  007F4C  5003               	movf	((c:delay@i+1)),c,w
   874  007F4E  0A80               	xorlw	80h
   875  007F50  0F7C               	addlw	-((04h)^80h)
   876  007F52  0EFB               	movlw	0FBh
   877  007F54  B4D8               	btfsc	status,2
   878  007F56  5C02               	subwf	((c:delay@i)),c,w
   879  007F58  A0D8               	btfss	status,0
   880  007F5A  D001               	goto	u41
   881  007F5C  D001               	goto	u40
   882  007F5E                     u41:
   883  007F5E  D7D7               	goto	l608
   884  007F60                     u40:
   885  007F60  D000               	goto	l15
   886                           	
   887  007F62                     l12:
   888                           	line	6
   889                           	
   890  007F62                     l15:
   891  007F62  0012               	return
   892                           	opt stack 0
   893                           GLOBAL	__end_of_delay
   894  007F64                     	__end_of_delay:
   895                           	signat	_delay,4216
   896                           	GLOBAL	__activetblptr
   897  0000                     __activetblptr	EQU	0
   898                           	psect	intsave_regs,class=BIGRAM,space=1
   899                           psect	text2,class=CODE,space=0,reloc=2
   900                           global __ptext2
   901  000000                     __ptext2:
   902                           	PSECT	rparam,class=COMRAM,space=1
   903                           	GLOBAL	__Lrparam
   904                           	FNCONF	rparam,??,?
   905                           GLOBAL	__Lparam, __Hparam
   906                           GLOBAL	__Lrparam, __Hrparam
   907  0000                     __Lparam	EQU	__Lrparam
   908  0000                     __Hparam	EQU	__Hrparam


Data Sizes:
    Strings     0
    Constant    0
    Data        0
    BSS         0
    Persistent  0
    Stack       0

Auto Spaces:
    Space          Size  Autos    Used
    COMRAM          127      6       6
    BANK0           128      0       0
    BANK1           256      0       0
    BANK2           256      0       0
    BANK3           256      0       0
    BANK4           256      0       0
    BANK5           256      0       0

Pointer List with Targets:

    None.

Critical Paths under _main in COMRAM

    _main->_delay

Critical Paths under _main in BANK0

    None.

Critical Paths under _main in BANK1

    None.

Critical Paths under _main in BANK2

    None.

Critical Paths under _main in BANK3

    None.

Critical Paths under _main in BANK4

    None.

Critical Paths under _main in BANK5

    None.

Call Graph Tables:

 ---------------------------------------------------------------------------------
 (Depth) Function   	        Calls       Base Space   Used Autos Params    Refs
 ---------------------------------------------------------------------------------
 (0) _main                                                 1     1      0      60
                                              5 COMRAM     1     1      0
                              _delay
 ---------------------------------------------------------------------------------
 (1) _delay                                                5     4      1      60
                                              0 COMRAM     5     4      1
 ---------------------------------------------------------------------------------
 Estimated maximum stack depth 1
 ---------------------------------------------------------------------------------

 Call Graph Graphs:

 _main (ROOT)
   _delay

 Address spaces:
Name               Size   Autos  Total    Cost      Usage
BITCOMRAM           7F      0       0       0        0.0%
EEDATA             100      0       0       0        0.0%
NULL                 0      0       0       0        0.0%
CODE                 0      0       0       0        0.0%
COMRAM              7F      6       6       1        4.7%
STACK                0      0       1       2        0.0%
DATA                 0      0       0       3        0.0%
BITBANK0            80      0       0       4        0.0%
BANK0               80      0       0       5        0.0%
BITBANK1           100      0       0       6        0.0%
BANK1              100      0       0       7        0.0%
BITBANK2           100      0       0       8        0.0%
BANK2              100      0       0       9        0.0%
BITBANK3           100      0       0      10        0.0%
BANK3              100      0       0      11        0.0%
BITBANK4           100      0       0      12        0.0%
BANK4              100      0       0      13        0.0%
BANK5              100      0       0      14        0.0%
ABS                  0      0       0      15        0.0%
BITBANK5           100      0       0      16        0.0%
BIGRAM             5FF      0       0      17        0.0%
BITSFR               0      0       0      40        0.0%
SFR                  0      0       0      40        0.0%


HI-TECH Software PICC-18 Macro Assembler V9.80 build 11162 
Symbol Table                                                                                   Wed Mar 24 15:01:43 2021

                  l11 7F0E                    l12 7F62                    l20 7FF8                    l13 7F2E  
                  l21 7FFA                    l14 7F48                    l22 7FFC                    l15 7F62  
                  l23 7FFC                    l18 7F6C                    l19 7FB6                    u10 7F0A  
                  u11 7F08                    u20 7F2A                    u21 7F28                    u30 7F46  
                  u31 7F44                    u40 7F60                    u41 7F5E                   l610 7F16  
                 l602 7EEE                   l620 7F4C                   l612 7F2C                   l604 7EF6  
                 l614 7F2E                   l606 7F0C                   l616 7F32                   l608 7F0E  
                 l618 7F48                   _RB0 007C08                  l1800 7F98                  l1810 7FD6  
                l1802 7FA8                  l1812 7FDA                  l1804 7FB6                  l1814 7FEA  
                l1806 7FBA                  l1808 7FC6                  l1790 7F6C                  l1792 7F74  
                l1794 7F78                  l1786 7F64                  l1796 7F84                  l1788 7F66  
                l1798 7F94                  u1860 7F74                  u1861 7F72                  _main 7F64  
                start 0000                 ?_main 0001                 _PORTD 000F83                 _TRISD 000F95  
               _delay 7EEE                 status 000FD8          __end_of_main 8000                ??_main 0006  
       __activetblptr 000000                ?_delay 0001                _TRISB0 007C98                delay@a 0001  
              delay@i 0002                delay@j 0004            __accesstop 0080        __pcstackCOMRAM 0001  
       __end_of_delay 7F64               ??_delay 0002               __Hparam 0000               __Lparam 0000  
             __pcinit 7EE8               __ramtop 0600               __ptext0 7F64               __ptext1 7EEE  
             __ptext2 0000  end_of_initialization 7EE8   start_initialization 7EE8        __size_of_delay 0076  
            __Hrparam 0000              __Lrparam 0000         __size_of_main 009C  
