

HI-TECH Software PIC18 LITE Macro Assembler V9.80 build 11162 
                                                                                               Fri Mar 05 11:30:16 2021

HI-TECH Software Omniscient Code Generator (Lite mode) build 11162
     1  0000                     opt subtitle "HI-TECH Software Omniscient Code Generator (Lite mode) build 11162"
     2                           
     3                           opt pagewidth 120
     4                           
     5                           	opt lm
     6                           
     7                           	processor	18F4520
     8  0000                     porta	equ	0F80h
     9  0000                     portb	equ	0F81h
    10  0000                     portc	equ	0F82h
    11  0000                     portd	equ	0F83h
    12  0000                     porte	equ	0F84h
    13  0000                     lata	equ	0F89h
    14  0000                     latb	equ	0F8Ah
    15  0000                     latc	equ	0F8Bh
    16  0000                     latd	equ	0F8Ch
    17  0000                     late	equ	0F8Dh
    18  0000                     trisa	equ	0F92h
    19  0000                     trisb	equ	0F93h
    20  0000                     trisc	equ	0F94h
    21  0000                     trisd	equ	0F95h
    22  0000                     trise	equ	0F96h
    23  0000                     pie1	equ	0F9Dh
    24  0000                     pir1	equ	0F9Eh
    25  0000                     ipr1	equ	0F9Fh
    26  0000                     pie2	equ	0FA0h
    27  0000                     pir2	equ	0FA1h
    28  0000                     ipr2	equ	0FA2h
    29  0000                     t3con	equ	0FB1h
    30  0000                     tmr3l	equ	0FB2h
    31  0000                     tmr3h	equ	0FB3h
    32  0000                     ccp1con	equ	0FBDh
    33  0000                     ccpr1l	equ	0FBEh
    34  0000                     ccpr1h	equ	0FBFh
    35  0000                     adcon1	equ	0FC1h
    36  0000                     adcon0	equ	0FC2h
    37  0000                     adresl	equ	0FC3h
    38  0000                     adresh	equ	0FC4h
    39  0000                     sspcon2	equ	0FC5h
    40  0000                     sspcon1	equ	0FC6h
    41  0000                     sspstat	equ	0FC7h
    42  0000                     sspadd	equ	0FC8h
    43  0000                     sspbuf	equ	0FC9h
    44  0000                     t2con	equ	0FCAh
    45  0000                     pr2	equ	0FCBh
    46  0000                     tmr2	equ	0FCCh
    47  0000                     t1con	equ	0FCDh
    48  0000                     tmr1l	equ	0FCEh
    49  0000                     tmr1h	equ	0FCFh
    50  0000                     rcon	equ	0FD0h
    51  0000                     wdtcon	equ	0FD1h
    52  0000                     lvdcon	equ	0FD2h
    53  0000                     osccon	equ	0FD3h
    54  0000                     t0con	equ	0FD5h
    55  0000                     tmr0l	equ	0FD6h
    56  0000                     tmr0h	equ	0FD7h
    57  0000                     status	equ	0FD8h
    58  0000                     fsr2	equ	0FD9h
    59  0000                     fsr2l	equ	0FD9h
    60  0000                     fsr2h	equ	0FDAh
    61  0000                     plusw2	equ	0FDBh
    62  0000                     preinc2	equ	0FDCh
    63  0000                     postdec2	equ	0FDDh
    64  0000                     postinc2	equ	0FDEh
    65  0000                     indf2	equ	0FDFh
    66  0000                     bsr	equ	0FE0h
    67  0000                     fsr1	equ	0FE1h
    68  0000                     fsr1l	equ	0FE1h
    69  0000                     fsr1h	equ	0FE2h
    70  0000                     plusw1	equ	0FE3h
    71  0000                     preinc1	equ	0FE4h
    72  0000                     postdec1	equ	0FE5h
    73  0000                     postinc1	equ	0FE6h
    74  0000                     indf1	equ	0FE7h
    75  0000                     wreg	equ	0FE8h
    76  0000                     fsr0	equ	0FE9h
    77  0000                     fsr0l	equ	0FE9h
    78  0000                     fsr0h	equ	0FEAh
    79  0000                     plusw0	equ	0FEBh
    80  0000                     preinc0	equ	0FECh
    81  0000                     postdec0	equ	0FEDh
    82  0000                     postinc0	equ	0FEEh
    83  0000                     indf0	equ	0FEFh
    84  0000                     intcon3	equ	0FF0h
    85  0000                     intcon2	equ	0FF1h
    86  0000                     intcon	equ	0FF2h
    87  0000                     prod	equ	0FF3h
    88  0000                     prodl	equ	0FF3h
    89  0000                     prodh	equ	0FF4h
    90  0000                     tablat	equ	0FF5h
    91  0000                     tblptr	equ	0FF6h
    92  0000                     tblptrl	equ	0FF6h
    93  0000                     tblptrh	equ	0FF7h
    94  0000                     tblptru	equ	0FF8h
    95  0000                     pcl	equ	0FF9h
    96  0000                     pclat	equ	0FFAh
    97  0000                     pclath	equ	0FFAh
    98  0000                     pclatu	equ	0FFBh
    99  0000                     stkptr	equ	0FFCh
   100  0000                     tosl	equ	0FFDh
   101  0000                     tosh	equ	0FFEh
   102  0000                     tosu	equ	0FFFh
   103                           skipnz macro
   104                           	btfsc	status,2
   105  0000                     	endm
   106                           	global	__ramtop
   107                           	global	__accesstop
   108                           # 19 "C:\Program Files (x86)\HI-TECH Software\PICC-18\9.80\include\pic18f4520.h"
   109  0000                     PORTA equ 0F80h ;# 
   110                           # 90 "C:\Program Files (x86)\HI-TECH Software\PICC-18\9.80\include\pic18f4520.h"
   111  0000                     PORTB equ 0F81h ;# 
   112                           # 139 "C:\Program Files (x86)\HI-TECH Software\PICC-18\9.80\include\pic18f4520.h"
   113  0000                     PORTC equ 0F82h ;# 
   114                           # 194 "C:\Program Files (x86)\HI-TECH Software\PICC-18\9.80\include\pic18f4520.h"
   115  0000                     PORTD equ 0F83h ;# 
   116                           # 236 "C:\Program Files (x86)\HI-TECH Software\PICC-18\9.80\include\pic18f4520.h"
   117  0000                     PORTE equ 0F84h ;# 
   118                           # 365 "C:\Program Files (x86)\HI-TECH Software\PICC-18\9.80\include\pic18f4520.h"
   119  0000                     LATA equ 0F89h ;# 
   120                           # 418 "C:\Program Files (x86)\HI-TECH Software\PICC-18\9.80\include\pic18f4520.h"
   121  0000                     LATB equ 0F8Ah ;# 
   122                           # 471 "C:\Program Files (x86)\HI-TECH Software\PICC-18\9.80\include\pic18f4520.h"
   123  0000                     LATC equ 0F8Bh ;# 
   124                           # 524 "C:\Program Files (x86)\HI-TECH Software\PICC-18\9.80\include\pic18f4520.h"
   125  0000                     LATD equ 0F8Ch ;# 
   126                           # 577 "C:\Program Files (x86)\HI-TECH Software\PICC-18\9.80\include\pic18f4520.h"
   127  0000                     LATE equ 0F8Dh ;# 
   128                           # 625 "C:\Program Files (x86)\HI-TECH Software\PICC-18\9.80\include\pic18f4520.h"
   129  0000                     TRISA equ 0F92h ;# 
   130                           # 630 "C:\Program Files (x86)\HI-TECH Software\PICC-18\9.80\include\pic18f4520.h"
   131  0000                     DDRA equ 0F92h ;# 
   132                           # 688 "C:\Program Files (x86)\HI-TECH Software\PICC-18\9.80\include\pic18f4520.h"
   133  0000                     TRISB equ 0F93h ;# 
   134                           # 693 "C:\Program Files (x86)\HI-TECH Software\PICC-18\9.80\include\pic18f4520.h"
   135  0000                     DDRB equ 0F93h ;# 
   136                           # 751 "C:\Program Files (x86)\HI-TECH Software\PICC-18\9.80\include\pic18f4520.h"
   137  0000                     TRISC equ 0F94h ;# 
   138                           # 756 "C:\Program Files (x86)\HI-TECH Software\PICC-18\9.80\include\pic18f4520.h"
   139  0000                     DDRC equ 0F94h ;# 
   140                           # 814 "C:\Program Files (x86)\HI-TECH Software\PICC-18\9.80\include\pic18f4520.h"
   141  0000                     TRISD equ 0F95h ;# 
   142                           # 819 "C:\Program Files (x86)\HI-TECH Software\PICC-18\9.80\include\pic18f4520.h"
   143  0000                     DDRD equ 0F95h ;# 
   144                           # 877 "C:\Program Files (x86)\HI-TECH Software\PICC-18\9.80\include\pic18f4520.h"
   145  0000                     TRISE equ 0F96h ;# 
   146                           # 882 "C:\Program Files (x86)\HI-TECH Software\PICC-18\9.80\include\pic18f4520.h"
   147  0000                     DDRE equ 0F96h ;# 
   148                           # 932 "C:\Program Files (x86)\HI-TECH Software\PICC-18\9.80\include\pic18f4520.h"
   149  0000                     OSCTUNE equ 0F9Bh ;# 
   150                           # 954 "C:\Program Files (x86)\HI-TECH Software\PICC-18\9.80\include\pic18f4520.h"
   151  0000                     PIE1 equ 0F9Dh ;# 
   152                           # 981 "C:\Program Files (x86)\HI-TECH Software\PICC-18\9.80\include\pic18f4520.h"
   153  0000                     PIR1 equ 0F9Eh ;# 
   154                           # 1017 "C:\Program Files (x86)\HI-TECH Software\PICC-18\9.80\include\pic18f4520.h"
   155  0000                     IPR1 equ 0F9Fh ;# 
   156                           # 1044 "C:\Program Files (x86)\HI-TECH Software\PICC-18\9.80\include\pic18f4520.h"
   157  0000                     PIE2 equ 0FA0h ;# 
   158                           # 1067 "C:\Program Files (x86)\HI-TECH Software\PICC-18\9.80\include\pic18f4520.h"
   159  0000                     PIR2 equ 0FA1h ;# 
   160                           # 1090 "C:\Program Files (x86)\HI-TECH Software\PICC-18\9.80\include\pic18f4520.h"
   161  0000                     IPR2 equ 0FA2h ;# 
   162                           # 1113 "C:\Program Files (x86)\HI-TECH Software\PICC-18\9.80\include\pic18f4520.h"
   163  0000                     EECON1 equ 0FA6h ;# 
   164                           # 1136 "C:\Program Files (x86)\HI-TECH Software\PICC-18\9.80\include\pic18f4520.h"
   165  0000                     EECON2 equ 0FA7h ;# 
   166                           # 1148 "C:\Program Files (x86)\HI-TECH Software\PICC-18\9.80\include\pic18f4520.h"
   167  0000                     EEDATA equ 0FA8h ;# 
   168                           # 1160 "C:\Program Files (x86)\HI-TECH Software\PICC-18\9.80\include\pic18f4520.h"
   169  0000                     EEADR equ 0FA9h ;# 
   170                           # 1172 "C:\Program Files (x86)\HI-TECH Software\PICC-18\9.80\include\pic18f4520.h"
   171  0000                     RCSTA equ 0FABh ;# 
   172                           # 1177 "C:\Program Files (x86)\HI-TECH Software\PICC-18\9.80\include\pic18f4520.h"
   173  0000                     RCSTA1 equ 0FABh ;# 
   174                           # 1225 "C:\Program Files (x86)\HI-TECH Software\PICC-18\9.80\include\pic18f4520.h"
   175  0000                     TXSTA equ 0FACh ;# 
   176                           # 1230 "C:\Program Files (x86)\HI-TECH Software\PICC-18\9.80\include\pic18f4520.h"
   177  0000                     TXSTA1 equ 0FACh ;# 
   178                           # 1324 "C:\Program Files (x86)\HI-TECH Software\PICC-18\9.80\include\pic18f4520.h"
   179  0000                     TXREG equ 0FADh ;# 
   180                           # 1329 "C:\Program Files (x86)\HI-TECH Software\PICC-18\9.80\include\pic18f4520.h"
   181  0000                     TXREG1 equ 0FADh ;# 
   182                           # 1347 "C:\Program Files (x86)\HI-TECH Software\PICC-18\9.80\include\pic18f4520.h"
   183  0000                     RCREG equ 0FAEh ;# 
   184                           # 1352 "C:\Program Files (x86)\HI-TECH Software\PICC-18\9.80\include\pic18f4520.h"
   185  0000                     RCREG1 equ 0FAEh ;# 
   186                           # 1370 "C:\Program Files (x86)\HI-TECH Software\PICC-18\9.80\include\pic18f4520.h"
   187  0000                     SPBRG equ 0FAFh ;# 
   188                           # 1375 "C:\Program Files (x86)\HI-TECH Software\PICC-18\9.80\include\pic18f4520.h"
   189  0000                     SPBRG1 equ 0FAFh ;# 
   190                           # 1393 "C:\Program Files (x86)\HI-TECH Software\PICC-18\9.80\include\pic18f4520.h"
   191  0000                     SPBRGH equ 0FB0h ;# 
   192                           # 1405 "C:\Program Files (x86)\HI-TECH Software\PICC-18\9.80\include\pic18f4520.h"
   193  0000                     T3CON equ 0FB1h ;# 
   194                           # 1446 "C:\Program Files (x86)\HI-TECH Software\PICC-18\9.80\include\pic18f4520.h"
   195  0000                     TMR3 equ 0FB2h ;# 
   196                           # 1458 "C:\Program Files (x86)\HI-TECH Software\PICC-18\9.80\include\pic18f4520.h"
   197  0000                     TMR3L equ 0FB2h ;# 
   198                           # 1470 "C:\Program Files (x86)\HI-TECH Software\PICC-18\9.80\include\pic18f4520.h"
   199  0000                     TMR3H equ 0FB3h ;# 
   200                           # 1482 "C:\Program Files (x86)\HI-TECH Software\PICC-18\9.80\include\pic18f4520.h"
   201  0000                     CMCON equ 0FB4h ;# 
   202                           # 1515 "C:\Program Files (x86)\HI-TECH Software\PICC-18\9.80\include\pic18f4520.h"
   203  0000                     CVRCON equ 0FB5h ;# 
   204                           # 1541 "C:\Program Files (x86)\HI-TECH Software\PICC-18\9.80\include\pic18f4520.h"
   205  0000                     ECCP1AS equ 0FB6h ;# 
   206                           # 1546 "C:\Program Files (x86)\HI-TECH Software\PICC-18\9.80\include\pic18f4520.h"
   207  0000                     ECCPAS equ 0FB6h ;# 
   208                           # 1588 "C:\Program Files (x86)\HI-TECH Software\PICC-18\9.80\include\pic18f4520.h"
   209  0000                     PWM1CON equ 0FB7h ;# 
   210                           # 1593 "C:\Program Files (x86)\HI-TECH Software\PICC-18\9.80\include\pic18f4520.h"
   211  0000                     ECCP1DEL equ 0FB7h ;# 
   212                           # 1631 "C:\Program Files (x86)\HI-TECH Software\PICC-18\9.80\include\pic18f4520.h"
   213  0000                     BAUDCON equ 0FB8h ;# 
   214                           # 1636 "C:\Program Files (x86)\HI-TECH Software\PICC-18\9.80\include\pic18f4520.h"
   215  0000                     BAUDCTL equ 0FB8h ;# 
   216                           # 1696 "C:\Program Files (x86)\HI-TECH Software\PICC-18\9.80\include\pic18f4520.h"
   217  0000                     CCP2CON equ 0FBAh ;# 
   218                           # 1722 "C:\Program Files (x86)\HI-TECH Software\PICC-18\9.80\include\pic18f4520.h"
   219  0000                     CCPR2 equ 0FBBh ;# 
   220                           # 1734 "C:\Program Files (x86)\HI-TECH Software\PICC-18\9.80\include\pic18f4520.h"
   221  0000                     CCPR2L equ 0FBBh ;# 
   222                           # 1746 "C:\Program Files (x86)\HI-TECH Software\PICC-18\9.80\include\pic18f4520.h"
   223  0000                     CCPR2H equ 0FBCh ;# 
   224                           # 1758 "C:\Program Files (x86)\HI-TECH Software\PICC-18\9.80\include\pic18f4520.h"
   225  0000                     CCP1CON equ 0FBDh ;# 
   226                           # 1787 "C:\Program Files (x86)\HI-TECH Software\PICC-18\9.80\include\pic18f4520.h"
   227  0000                     CCPR1 equ 0FBEh ;# 
   228                           # 1799 "C:\Program Files (x86)\HI-TECH Software\PICC-18\9.80\include\pic18f4520.h"
   229  0000                     CCPR1L equ 0FBEh ;# 
   230                           # 1811 "C:\Program Files (x86)\HI-TECH Software\PICC-18\9.80\include\pic18f4520.h"
   231  0000                     CCPR1H equ 0FBFh ;# 
   232                           # 1823 "C:\Program Files (x86)\HI-TECH Software\PICC-18\9.80\include\pic18f4520.h"
   233  0000                     ADCON2 equ 0FC0h ;# 
   234                           # 1846 "C:\Program Files (x86)\HI-TECH Software\PICC-18\9.80\include\pic18f4520.h"
   235  0000                     ADCON1 equ 0FC1h ;# 
   236                           # 1879 "C:\Program Files (x86)\HI-TECH Software\PICC-18\9.80\include\pic18f4520.h"
   237  0000                     ADCON0 equ 0FC2h ;# 
   238                           # 1934 "C:\Program Files (x86)\HI-TECH Software\PICC-18\9.80\include\pic18f4520.h"
   239  0000                     ADRES equ 0FC3h ;# 
   240                           # 1946 "C:\Program Files (x86)\HI-TECH Software\PICC-18\9.80\include\pic18f4520.h"
   241  0000                     ADRESL equ 0FC3h ;# 
   242                           # 1958 "C:\Program Files (x86)\HI-TECH Software\PICC-18\9.80\include\pic18f4520.h"
   243  0000                     ADRESH equ 0FC4h ;# 
   244                           # 1970 "C:\Program Files (x86)\HI-TECH Software\PICC-18\9.80\include\pic18f4520.h"
   245  0000                     SSPCON2 equ 0FC5h ;# 
   246                           # 1997 "C:\Program Files (x86)\HI-TECH Software\PICC-18\9.80\include\pic18f4520.h"
   247  0000                     SSPCON1 equ 0FC6h ;# 
   248                           # 2019 "C:\Program Files (x86)\HI-TECH Software\PICC-18\9.80\include\pic18f4520.h"
   249  0000                     SSPSTAT equ 0FC7h ;# 
   250                           # 2126 "C:\Program Files (x86)\HI-TECH Software\PICC-18\9.80\include\pic18f4520.h"
   251  0000                     SSPADD equ 0FC8h ;# 
   252                           # 2138 "C:\Program Files (x86)\HI-TECH Software\PICC-18\9.80\include\pic18f4520.h"
   253  0000                     SSPBUF equ 0FC9h ;# 
   254                           # 2150 "C:\Program Files (x86)\HI-TECH Software\PICC-18\9.80\include\pic18f4520.h"
   255  0000                     T2CON equ 0FCAh ;# 
   256                           # 2180 "C:\Program Files (x86)\HI-TECH Software\PICC-18\9.80\include\pic18f4520.h"
   257  0000                     PR2 equ 0FCBh ;# 
   258                           # 2185 "C:\Program Files (x86)\HI-TECH Software\PICC-18\9.80\include\pic18f4520.h"
   259  0000                     MEMCON equ 0FCBh ;# 
   260                           # 2203 "C:\Program Files (x86)\HI-TECH Software\PICC-18\9.80\include\pic18f4520.h"
   261  0000                     TMR2 equ 0FCCh ;# 
   262                           # 2215 "C:\Program Files (x86)\HI-TECH Software\PICC-18\9.80\include\pic18f4520.h"
   263  0000                     T1CON equ 0FCDh ;# 
   264                           # 2252 "C:\Program Files (x86)\HI-TECH Software\PICC-18\9.80\include\pic18f4520.h"
   265  0000                     TMR1 equ 0FCEh ;# 
   266                           # 2264 "C:\Program Files (x86)\HI-TECH Software\PICC-18\9.80\include\pic18f4520.h"
   267  0000                     TMR1L equ 0FCEh ;# 
   268                           # 2276 "C:\Program Files (x86)\HI-TECH Software\PICC-18\9.80\include\pic18f4520.h"
   269  0000                     TMR1H equ 0FCFh ;# 
   270                           # 2288 "C:\Program Files (x86)\HI-TECH Software\PICC-18\9.80\include\pic18f4520.h"
   271  0000                     RCON equ 0FD0h ;# 
   272                           # 2333 "C:\Program Files (x86)\HI-TECH Software\PICC-18\9.80\include\pic18f4520.h"
   273  0000                     WDTCON equ 0FD1h ;# 
   274                           # 2348 "C:\Program Files (x86)\HI-TECH Software\PICC-18\9.80\include\pic18f4520.h"
   275  0000                     HLVDCON equ 0FD2h ;# 
   276                           # 2353 "C:\Program Files (x86)\HI-TECH Software\PICC-18\9.80\include\pic18f4520.h"
   277  0000                     LVDCON equ 0FD2h ;# 
   278                           # 2423 "C:\Program Files (x86)\HI-TECH Software\PICC-18\9.80\include\pic18f4520.h"
   279  0000                     OSCCON equ 0FD3h ;# 
   280                           # 2448 "C:\Program Files (x86)\HI-TECH Software\PICC-18\9.80\include\pic18f4520.h"
   281  0000                     T0CON equ 0FD5h ;# 
   282                           # 2473 "C:\Program Files (x86)\HI-TECH Software\PICC-18\9.80\include\pic18f4520.h"
   283  0000                     TMR0 equ 0FD6h ;# 
   284                           # 2485 "C:\Program Files (x86)\HI-TECH Software\PICC-18\9.80\include\pic18f4520.h"
   285  0000                     TMR0L equ 0FD6h ;# 
   286                           # 2497 "C:\Program Files (x86)\HI-TECH Software\PICC-18\9.80\include\pic18f4520.h"
   287  0000                     TMR0H equ 0FD7h ;# 
   288                           # 2509 "C:\Program Files (x86)\HI-TECH Software\PICC-18\9.80\include\pic18f4520.h"
   289  0000                     STATUS equ 0FD8h ;# 
   290                           # 2540 "C:\Program Files (x86)\HI-TECH Software\PICC-18\9.80\include\pic18f4520.h"
   291  0000                     FSR2 equ 0FD9h ;# 
   292                           # 2552 "C:\Program Files (x86)\HI-TECH Software\PICC-18\9.80\include\pic18f4520.h"
   293  0000                     FSR2L equ 0FD9h ;# 
   294                           # 2564 "C:\Program Files (x86)\HI-TECH Software\PICC-18\9.80\include\pic18f4520.h"
   295  0000                     FSR2H equ 0FDAh ;# 
   296                           # 2576 "C:\Program Files (x86)\HI-TECH Software\PICC-18\9.80\include\pic18f4520.h"
   297  0000                     PLUSW2 equ 0FDBh ;# 
   298                           # 2588 "C:\Program Files (x86)\HI-TECH Software\PICC-18\9.80\include\pic18f4520.h"
   299  0000                     PREINC2 equ 0FDCh ;# 
   300                           # 2600 "C:\Program Files (x86)\HI-TECH Software\PICC-18\9.80\include\pic18f4520.h"
   301  0000                     POSTDEC2 equ 0FDDh ;# 
   302                           # 2612 "C:\Program Files (x86)\HI-TECH Software\PICC-18\9.80\include\pic18f4520.h"
   303  0000                     POSTINC2 equ 0FDEh ;# 
   304                           # 2624 "C:\Program Files (x86)\HI-TECH Software\PICC-18\9.80\include\pic18f4520.h"
   305  0000                     INDF2 equ 0FDFh ;# 
   306                           # 2636 "C:\Program Files (x86)\HI-TECH Software\PICC-18\9.80\include\pic18f4520.h"
   307  0000                     BSR equ 0FE0h ;# 
   308                           # 2648 "C:\Program Files (x86)\HI-TECH Software\PICC-18\9.80\include\pic18f4520.h"
   309  0000                     FSR1 equ 0FE1h ;# 
   310                           # 2660 "C:\Program Files (x86)\HI-TECH Software\PICC-18\9.80\include\pic18f4520.h"
   311  0000                     FSR1L equ 0FE1h ;# 
   312                           # 2672 "C:\Program Files (x86)\HI-TECH Software\PICC-18\9.80\include\pic18f4520.h"
   313  0000                     FSR1H equ 0FE2h ;# 
   314                           # 2684 "C:\Program Files (x86)\HI-TECH Software\PICC-18\9.80\include\pic18f4520.h"
   315  0000                     PLUSW1 equ 0FE3h ;# 
   316                           # 2696 "C:\Program Files (x86)\HI-TECH Software\PICC-18\9.80\include\pic18f4520.h"
   317  0000                     PREINC1 equ 0FE4h ;# 
   318                           # 2708 "C:\Program Files (x86)\HI-TECH Software\PICC-18\9.80\include\pic18f4520.h"
   319  0000                     POSTDEC1 equ 0FE5h ;# 
   320                           # 2720 "C:\Program Files (x86)\HI-TECH Software\PICC-18\9.80\include\pic18f4520.h"
   321  0000                     POSTINC1 equ 0FE6h ;# 
   322                           # 2732 "C:\Program Files (x86)\HI-TECH Software\PICC-18\9.80\include\pic18f4520.h"
   323  0000                     INDF1 equ 0FE7h ;# 
   324                           # 2744 "C:\Program Files (x86)\HI-TECH Software\PICC-18\9.80\include\pic18f4520.h"
   325  0000                     WREG equ 0FE8h ;# 
   326                           # 2767 "C:\Program Files (x86)\HI-TECH Software\PICC-18\9.80\include\pic18f4520.h"
   327  0000                     FSR0 equ 0FE9h ;# 
   328                           # 2779 "C:\Program Files (x86)\HI-TECH Software\PICC-18\9.80\include\pic18f4520.h"
   329  0000                     FSR0L equ 0FE9h ;# 
   330                           # 2791 "C:\Program Files (x86)\HI-TECH Software\PICC-18\9.80\include\pic18f4520.h"
   331  0000                     FSR0H equ 0FEAh ;# 
   332                           # 2803 "C:\Program Files (x86)\HI-TECH Software\PICC-18\9.80\include\pic18f4520.h"
   333  0000                     PLUSW0 equ 0FEBh ;# 
   334                           # 2815 "C:\Program Files (x86)\HI-TECH Software\PICC-18\9.80\include\pic18f4520.h"
   335  0000                     PREINC0 equ 0FECh ;# 
   336                           # 2827 "C:\Program Files (x86)\HI-TECH Software\PICC-18\9.80\include\pic18f4520.h"
   337  0000                     POSTDEC0 equ 0FEDh ;# 
   338                           # 2839 "C:\Program Files (x86)\HI-TECH Software\PICC-18\9.80\include\pic18f4520.h"
   339  0000                     POSTINC0 equ 0FEEh ;# 
   340                           # 2851 "C:\Program Files (x86)\HI-TECH Software\PICC-18\9.80\include\pic18f4520.h"
   341  0000                     INDF0 equ 0FEFh ;# 
   342                           # 2863 "C:\Program Files (x86)\HI-TECH Software\PICC-18\9.80\include\pic18f4520.h"
   343  0000                     INTCON3 equ 0FF0h ;# 
   344                           # 2892 "C:\Program Files (x86)\HI-TECH Software\PICC-18\9.80\include\pic18f4520.h"
   345  0000                     INTCON2 equ 0FF1h ;# 
   346                           # 2919 "C:\Program Files (x86)\HI-TECH Software\PICC-18\9.80\include\pic18f4520.h"
   347  0000                     INTCON equ 0FF2h ;# 
   348                           # 2983 "C:\Program Files (x86)\HI-TECH Software\PICC-18\9.80\include\pic18f4520.h"
   349  0000                     PROD equ 0FF3h ;# 
   350                           # 2995 "C:\Program Files (x86)\HI-TECH Software\PICC-18\9.80\include\pic18f4520.h"
   351  0000                     PRODL equ 0FF3h ;# 
   352                           # 3007 "C:\Program Files (x86)\HI-TECH Software\PICC-18\9.80\include\pic18f4520.h"
   353  0000                     PRODH equ 0FF4h ;# 
   354                           # 3019 "C:\Program Files (x86)\HI-TECH Software\PICC-18\9.80\include\pic18f4520.h"
   355  0000                     TABLAT equ 0FF5h ;# 
   356                           # 3031 "C:\Program Files (x86)\HI-TECH Software\PICC-18\9.80\include\pic18f4520.h"
   357  0000                     TBLPTR equ 0FF6h ;# 
   358                           # 3044 "C:\Program Files (x86)\HI-TECH Software\PICC-18\9.80\include\pic18f4520.h"
   359  0000                     TBLPTRL equ 0FF6h ;# 
   360                           # 3056 "C:\Program Files (x86)\HI-TECH Software\PICC-18\9.80\include\pic18f4520.h"
   361  0000                     TBLPTRH equ 0FF7h ;# 
   362                           # 3068 "C:\Program Files (x86)\HI-TECH Software\PICC-18\9.80\include\pic18f4520.h"
   363  0000                     TBLPTRU equ 0FF8h ;# 
   364                           # 3081 "C:\Program Files (x86)\HI-TECH Software\PICC-18\9.80\include\pic18f4520.h"
   365  0000                     PCLAT equ 0FF9h ;# 
   366                           # 3086 "C:\Program Files (x86)\HI-TECH Software\PICC-18\9.80\include\pic18f4520.h"
   367  0000                     PC equ 0FF9h ;# 
   368                           # 3104 "C:\Program Files (x86)\HI-TECH Software\PICC-18\9.80\include\pic18f4520.h"
   369  0000                     PCL equ 0FF9h ;# 
   370                           # 3116 "C:\Program Files (x86)\HI-TECH Software\PICC-18\9.80\include\pic18f4520.h"
   371  0000                     PCLATH equ 0FFAh ;# 
   372                           # 3128 "C:\Program Files (x86)\HI-TECH Software\PICC-18\9.80\include\pic18f4520.h"
   373  0000                     PCLATU equ 0FFBh ;# 
   374                           # 3140 "C:\Program Files (x86)\HI-TECH Software\PICC-18\9.80\include\pic18f4520.h"
   375  0000                     STKPTR equ 0FFCh ;# 
   376                           # 3164 "C:\Program Files (x86)\HI-TECH Software\PICC-18\9.80\include\pic18f4520.h"
   377  0000                     TOS equ 0FFDh ;# 
   378                           # 3176 "C:\Program Files (x86)\HI-TECH Software\PICC-18\9.80\include\pic18f4520.h"
   379  0000                     TOSL equ 0FFDh ;# 
   380                           # 3188 "C:\Program Files (x86)\HI-TECH Software\PICC-18\9.80\include\pic18f4520.h"
   381  0000                     TOSH equ 0FFEh ;# 
   382                           # 3200 "C:\Program Files (x86)\HI-TECH Software\PICC-18\9.80\include\pic18f4520.h"
   383  0000                     TOSU equ 0FFFh ;# 
   384                           	FNCALL	_main,_delay
   385                           	FNROOT	_main
   386                           	global	_T3CON
   387  0000                     _T3CON	set	0xFB1
   388                           	global	_TMR3H
   389  0000                     _TMR3H	set	0xFB3
   390                           	global	_TMR3L
   391  0000                     _TMR3L	set	0xFB2
   392                           	global	_RB5
   393  0000                     _RB5	set	0x7C0D
   394                           	global	_TMR3IF
   395  0000                     _TMR3IF	set	0x7D09
   396                           	global	_TMR3ON
   397  0000                     _TMR3ON	set	0x7D88
   398                           	global	_TRISB5
   399  0000                     _TRISB5	set	0x7C9D
   400                           psect	text0,class=CODE,space=0,reloc=2
   401                           global __ptext0
   402  007FCE                     __ptext0:
   403                           ; #config settings
   404                           	file	"squarewave.as"
   405                           	line	#
   406                           psect	cinit,class=CODE,delta=1,reloc=2
   407                           global __pcinit
   408  007FC8                     __pcinit:
   409                           global start_initialization
   410  007FC8                     start_initialization:
   411                           
   412                           psect cinit,class=CODE,delta=1
   413                           global end_of_initialization
   414                           
   415                           ;End of C runtime variable initialization code
   416                           
   417  007FC8                     end_of_initialization:
   418  007FC8  0100               movlb 0
   419  007FCA  EFE7  F03F         goto _main	;jump to C main() function
   420                           psect	cstackCOMRAM,class=COMRAM,space=1
   421                           global __pcstackCOMRAM
   422  000000                     __pcstackCOMRAM:
   423                           	global	?_delay
   424  000000                     ?_delay:	; 0 bytes @ 0x0
   425                           	global	??_delay
   426  000000                     ??_delay:	; 0 bytes @ 0x0
   427                           	global	??_main
   428  000000                     ??_main:	; 0 bytes @ 0x0
   429                           	global	?_main
   430  000000                     ?_main:	; 2 bytes @ 0x0
   431                           ;!
   432                           ;!Data Sizes:
   433                           ;!    Strings     0
   434                           ;!    Constant    0
   435                           ;!    Data        0
   436                           ;!    BSS         0
   437                           ;!    Persistent  0
   438                           ;!    Stack       0
   439                           ;!
   440                           ;!Auto Spaces:
   441                           ;!    Space          Size  Autos    Used
   442                           ;!    COMRAM          127      0       0
   443                           ;!    BANK0           128      0       0
   444                           ;!    BANK1           256      0       0
   445                           ;!    BANK2           256      0       0
   446                           ;!    BANK3           256      0       0
   447                           ;!    BANK4           256      0       0
   448                           ;!    BANK5           256      0       0
   449                           
   450                           ;!
   451                           ;!Pointer List with Targets:
   452                           ;!
   453                           ;!    None.
   454                           
   455                           
   456                           ;!
   457                           ;!Critical Paths under _main in COMRAM
   458                           ;!
   459                           ;!    None.
   460                           ;!
   461                           ;!Critical Paths under _main in BANK0
   462                           ;!
   463                           ;!    None.
   464                           ;!
   465                           ;!Critical Paths under _main in BANK1
   466                           ;!
   467                           ;!    None.
   468                           ;!
   469                           ;!Critical Paths under _main in BANK2
   470                           ;!
   471                           ;!    None.
   472                           ;!
   473                           ;!Critical Paths under _main in BANK3
   474                           ;!
   475                           ;!    None.
   476                           ;!
   477                           ;!Critical Paths under _main in BANK4
   478                           ;!
   479                           ;!    None.
   480                           ;!
   481                           ;!Critical Paths under _main in BANK5
   482                           ;!
   483                           ;!    None.
   484                           
   485 ;;
   486 ;;Main: autosize = 0, tempsize = 0, incstack = 0, save=0
   487 ;;
   488                           
   489                           ;!
   490                           ;!Call Graph Tables:
   491                           ;!
   492                           ;! ---------------------------------------------------------------------------------
   493                           ;! (Depth) Function   	        Calls       Base Space   Used Autos Params    Refs
   494                           ;! ---------------------------------------------------------------------------------
   495                           ;! (0) _main                                                 0     0      0       0
   496                           ;!                              _delay
   497                           ;! ---------------------------------------------------------------------------------
   498                           ;! (1) _delay                                                0     0      0       0
   499                           ;! ---------------------------------------------------------------------------------
   500                           ;! Estimated maximum stack depth 1
   501                           ;! ---------------------------------------------------------------------------------
   502                           ;!
   503                           ;! Call Graph Graphs:
   504                           ;!
   505                           ;! _main (ROOT)
   506                           ;!   _delay
   507                           ;!
   508                           
   509                           ;! Address spaces:
   510                           
   511                           ;!Name               Size   Autos  Total    Cost      Usage
   512                           ;!BITCOMRAM           7F      0       0       0        0.0%
   513                           ;!EEDATA             100      0       0       0        0.0%
   514                           ;!NULL                 0      0       0       0        0.0%
   515                           ;!CODE                 0      0       0       0        0.0%
   516                           ;!COMRAM              7F      0       0       1        0.0%
   517                           ;!STACK                0      0       1       2        0.0%
   518                           ;!DATA                 0      0       0       3        0.0%
   519                           ;!BITBANK0            80      0       0       4        0.0%
   520                           ;!BANK0               80      0       0       5        0.0%
   521                           ;!BITBANK1           100      0       0       6        0.0%
   522                           ;!BANK1              100      0       0       7        0.0%
   523                           ;!BITBANK2           100      0       0       8        0.0%
   524                           ;!BANK2              100      0       0       9        0.0%
   525                           ;!BITBANK3           100      0       0      10        0.0%
   526                           ;!BANK3              100      0       0      11        0.0%
   527                           ;!BITBANK4           100      0       0      12        0.0%
   528                           ;!BANK4              100      0       0      13        0.0%
   529                           ;!BANK5              100      0       0      14        0.0%
   530                           ;!ABS                  0      0       0      15        0.0%
   531                           ;!BITBANK5           100      0       0      16        0.0%
   532                           ;!BIGRAM             5FF      0       0      17        0.0%
   533                           ;!BITSFR               0      0       0      40        0.0%
   534                           ;!SFR                  0      0       0      40        0.0%
   535                           
   536                           	global	_main
   537                           
   538 ;; *************** function _main *****************
   539 ;; Defined at:
   540 ;;		line 10 in file "D:\18bit034\ex2\timer3\square.c"
   541 ;; Parameters:    Size  Location     Type
   542 ;;		None
   543 ;; Auto vars:     Size  Location     Type
   544 ;;		None
   545 ;; Return value:  Size  Location     Type
   546 ;;                  2   22[COMRAM] int 
   547 ;; Registers used:
   548 ;;		wreg, status,2, cstack
   549 ;; Tracked objects:
   550 ;;		On entry : 0/0
   551 ;;		On exit  : 0/0
   552 ;;		Unchanged: 0/0
   553 ;; Data sizes:     COMRAM   BANK0   BANK1   BANK2   BANK3   BANK4   BANK5
   554 ;;      Params:         0       0       0       0       0       0       0
   555 ;;      Locals:         0       0       0       0       0       0       0
   556 ;;      Temps:          0       0       0       0       0       0       0
   557 ;;      Totals:         0       0       0       0       0       0       0
   558 ;;Total ram usage:        0 bytes
   559 ;; Hardware stack levels required when called:    1
   560 ;; This function calls:
   561 ;;		_delay
   562 ;; This function is called by:
   563 ;;		Startup code after reset
   564 ;; This function uses a non-reentrant model
   565 ;;
   566                           psect	text0
   567                           psect	text0
   568                           	file	"D:\18bit034\ex2\timer3\square.c"
   569                           	line	10
   570                           	global	__size_of_main
   571  0000                     	__size_of_main	equ	__end_of_main-_main
   572                           	
   573  007FCE                     _main:
   574                           	opt	stack 30
   575                           	line	11
   576                           	
   577  007FCE                     l1773:
   578                           ;square.c: 11: TRISB5=0;
   579  007FCE  9A93               	bcf	c:(31901/8),(31901)&7	;volatile
   580                           	line	12
   581                           	
   582  007FD0                     l1775:
   583                           ;square.c: 12: T3CON=0x34;
   584  007FD0  0E34               	movlw	low(034h)
   585  007FD2  6EB1               	movwf	((c:4017)),c	;volatile
   586                           	line	13
   587                           	
   588  007FD4                     l1777:
   589                           ;square.c: 13: RB5=0;
   590  007FD4  9A81               	bcf	c:(31757/8),(31757)&7	;volatile
   591  007FD6  D000               	goto	l1779
   592                           	line	14
   593                           ;square.c: 14: while(1){
   594                           	
   595  007FD8                     l23:
   596                           	line	15
   597                           	
   598  007FD8                     l1779:
   599                           ;square.c: 15: RB5=~RB5;
   600  007FD8  7A81               	btg	c:(31757/8),(31757)&7	;volatile
   601                           	line	16
   602                           	
   603  007FDA                     l1781:
   604                           ;square.c: 16: delay();
   605  007FDA  ECF3  F03F         	call	_delay	;wreg free
   606  007FDE  D7FC               	goto	l1779
   607                           	line	17
   608                           	
   609  007FE0                     l24:
   610                           	line	14
   611  007FE0  D7FB               	goto	l1779
   612                           	
   613  007FE2                     l25:
   614                           	line	18
   615                           	
   616  007FE2                     l26:
   617                           	global	start
   618  007FE2  EF00  F000         	goto	start
   619                           	opt stack 0
   620                           GLOBAL	__end_of_main
   621  007FE6                     	__end_of_main:
   622                           	signat	_main,90
   623                           	global	_delay
   624                           
   625 ;; *************** function _delay *****************
   626 ;; Defined at:
   627 ;;		line 2 in file "D:\18bit034\ex2\timer3\square.c"
   628 ;; Parameters:    Size  Location     Type
   629 ;;		None
   630 ;; Auto vars:     Size  Location     Type
   631 ;;		None
   632 ;; Return value:  Size  Location     Type
   633 ;;		None               void
   634 ;; Registers used:
   635 ;;		wreg, status,2
   636 ;; Tracked objects:
   637 ;;		On entry : 0/0
   638 ;;		On exit  : 0/0
   639 ;;		Unchanged: 0/0
   640 ;; Data sizes:     COMRAM   BANK0   BANK1   BANK2   BANK3   BANK4   BANK5
   641 ;;      Params:         0       0       0       0       0       0       0
   642 ;;      Locals:         0       0       0       0       0       0       0
   643 ;;      Temps:          0       0       0       0       0       0       0
   644 ;;      Totals:         0       0       0       0       0       0       0
   645 ;;Total ram usage:        0 bytes
   646 ;; Hardware stack levels used:    1
   647 ;; This function calls:
   648 ;;		Nothing
   649 ;; This function is called by:
   650 ;;		_main
   651 ;; This function uses a non-reentrant model
   652 ;;
   653                           psect	text1,class=CODE,space=0,reloc=2
   654                           global __ptext1
   655  007FE6                     __ptext1:
   656                           psect	text1
   657                           	file	"D:\18bit034\ex2\timer3\square.c"
   658                           	line	2
   659                           	global	__size_of_delay
   660  0000                     	__size_of_delay	equ	__end_of_delay-_delay
   661                           	
   662  007FE6                     _delay:
   663                           	opt	stack 30
   664                           	line	3
   665                           	
   666  007FE6                     l605:
   667                           ;square.c: 3: TMR3H=0xF3;
   668  007FE6  0EF3               	movlw	low(0F3h)
   669  007FE8  6EB3               	movwf	((c:4019)),c	;volatile
   670                           	line	4
   671                           ;square.c: 4: TMR3L=0xCB;
   672  007FEA  0ECB               	movlw	low(0CBh)
   673  007FEC  6EB2               	movwf	((c:4018)),c	;volatile
   674                           	line	5
   675                           	
   676  007FEE                     l607:
   677                           ;square.c: 5: TMR3ON=1;
   678  007FEE  80B1               	bsf	c:(32136/8),(32136)&7	;volatile
   679                           	line	6
   680                           ;square.c: 6: while(TMR3IF==0);
   681  007FF0  D000               	goto	l17
   682                           	
   683  007FF2                     l18:
   684                           	
   685  007FF2                     l17:
   686  007FF2  A2A1               	btfss	c:(32009/8),(32009)&7	;volatile
   687  007FF4  D001               	goto	u11
   688  007FF6  D001               	goto	u10
   689  007FF8                     u11:
   690  007FF8  D7FC               	goto	l17
   691  007FFA                     u10:
   692                           	
   693  007FFA                     l19:
   694                           	line	7
   695                           ;square.c: 7: TMR3ON=0;
   696  007FFA  90B1               	bcf	c:(32136/8),(32136)&7	;volatile
   697                           	line	8
   698                           ;square.c: 8: TMR3IF=0;
   699  007FFC  92A1               	bcf	c:(32009/8),(32009)&7	;volatile
   700                           	line	9
   701                           	
   702  007FFE                     l20:
   703  007FFE  0012               	return
   704                           	opt stack 0
   705                           GLOBAL	__end_of_delay
   706  008000                     	__end_of_delay:
   707                           	signat	_delay,88
   708                           	GLOBAL	__activetblptr
   709  0000                     __activetblptr	EQU	0
   710                           	psect	intsave_regs,class=BIGRAM,space=1
   711                           psect	text2,class=CODE,space=0,reloc=2
   712                           global __ptext2
   713  000000                     __ptext2:
   714                           	PSECT	rparam,class=COMRAM,space=1
   715                           	GLOBAL	__Lrparam
   716                           	FNCONF	rparam,??,?
   717                           GLOBAL	__Lparam, __Hparam
   718                           GLOBAL	__Lrparam, __Hrparam
   719  0000                     __Lparam	EQU	__Lrparam
   720  0000                     __Hparam	EQU	__Hrparam


Data Sizes:
    Strings     0
    Constant    0
    Data        0
    BSS         0
    Persistent  0
    Stack       0

Auto Spaces:
    Space          Size  Autos    Used
    COMRAM          127      0       0
    BANK0           128      0       0
    BANK1           256      0       0
    BANK2           256      0       0
    BANK3           256      0       0
    BANK4           256      0       0
    BANK5           256      0       0

Pointer List with Targets:

    None.

Critical Paths under _main in COMRAM

    None.

Critical Paths under _main in BANK0

    None.

Critical Paths under _main in BANK1

    None.

Critical Paths under _main in BANK2

    None.

Critical Paths under _main in BANK3

    None.

Critical Paths under _main in BANK4

    None.

Critical Paths under _main in BANK5

    None.

Call Graph Tables:

 ---------------------------------------------------------------------------------
 (Depth) Function   	        Calls       Base Space   Used Autos Params    Refs
 ---------------------------------------------------------------------------------
 (0) _main                                                 0     0      0       0
                              _delay
 ---------------------------------------------------------------------------------
 (1) _delay                                                0     0      0       0
 ---------------------------------------------------------------------------------
 Estimated maximum stack depth 1
 ---------------------------------------------------------------------------------

 Call Graph Graphs:

 _main (ROOT)
   _delay

 Address spaces:
Name               Size   Autos  Total    Cost      Usage
BITCOMRAM           7F      0       0       0        0.0%
EEDATA             100      0       0       0        0.0%
NULL                 0      0       0       0        0.0%
CODE                 0      0       0       0        0.0%
COMRAM              7F      0       0       1        0.0%
STACK                0      0       1       2        0.0%
DATA                 0      0       0       3        0.0%
BITBANK0            80      0       0       4        0.0%
BANK0               80      0       0       5        0.0%
BITBANK1           100      0       0       6        0.0%
BANK1              100      0       0       7        0.0%
BITBANK2           100      0       0       8        0.0%
BANK2              100      0       0       9        0.0%
BITBANK3           100      0       0      10        0.0%
BANK3              100      0       0      11        0.0%
BITBANK4           100      0       0      12        0.0%
BANK4              100      0       0      13        0.0%
BANK5              100      0       0      14        0.0%
ABS                  0      0       0      15        0.0%
BITBANK5           100      0       0      16        0.0%
BIGRAM             5FF      0       0      17        0.0%
BITSFR               0      0       0      40        0.0%
SFR                  0      0       0      40        0.0%


HI-TECH Software PICC-18 Macro Assembler V9.80 build 11162 
Symbol Table                                                                                   Fri Mar 05 11:30:16 2021

                  l20 7FFE                    l23 7FD8                    l24 7FE0                    l17 7FF2  
                  l25 7FE2                    l18 7FF2                    l26 7FE2                    l19 7FFA  
                  u10 7FFA                    u11 7FF8                   l605 7FE6                   l607 7FEE  
                 _RB5 007C0D                  l1781 7FDA                  l1773 7FCE                  l1775 7FD0  
                l1777 7FD4                  l1779 7FD8                  _main 7FCE                  start 0000  
               ?_main 0000                 _T3CON 000FB1                 _TMR3H 000FB3                 _TMR3L 000FB2  
               _delay 7FE6          __end_of_main 7FE6                ??_main 0000         __activetblptr 000000  
              ?_delay 0000                _TMR3IF 007D09                _TMR3ON 007D88                _TRISB5 007C9D  
          __accesstop 0080        __pcstackCOMRAM 0000         __end_of_delay 8000               ??_delay 0000  
             __Hparam 0000               __Lparam 0000               __pcinit 7FC8               __ramtop 0600  
             __ptext0 7FCE               __ptext1 7FE6               __ptext2 0000  end_of_initialization 7FC8  
 start_initialization 7FC8        __size_of_delay 001A              __Hrparam 0000              __Lrparam 0000  
       __size_of_main 0018  
