

HI-TECH Software PIC18 LITE Macro Assembler V9.80 build 11162 
                                                                                               Tue Mar 30 05:38:16 2021

HI-TECH Software Omniscient Code Generator (Lite mode) build 11162
     1  0000                     opt subtitle "HI-TECH Software Omniscient Code Generator (Lite mode) build 11162"
     2                           
     3                           opt pagewidth 120
     4                           
     5                           	opt lm
     6                           
     7                           	processor	18F4520
     8  0000                     porta	equ	0F80h
     9  0000                     portb	equ	0F81h
    10  0000                     portc	equ	0F82h
    11  0000                     portd	equ	0F83h
    12  0000                     porte	equ	0F84h
    13  0000                     lata	equ	0F89h
    14  0000                     latb	equ	0F8Ah
    15  0000                     latc	equ	0F8Bh
    16  0000                     latd	equ	0F8Ch
    17  0000                     late	equ	0F8Dh
    18  0000                     trisa	equ	0F92h
    19  0000                     trisb	equ	0F93h
    20  0000                     trisc	equ	0F94h
    21  0000                     trisd	equ	0F95h
    22  0000                     trise	equ	0F96h
    23  0000                     pie1	equ	0F9Dh
    24  0000                     pir1	equ	0F9Eh
    25  0000                     ipr1	equ	0F9Fh
    26  0000                     pie2	equ	0FA0h
    27  0000                     pir2	equ	0FA1h
    28  0000                     ipr2	equ	0FA2h
    29  0000                     t3con	equ	0FB1h
    30  0000                     tmr3l	equ	0FB2h
    31  0000                     tmr3h	equ	0FB3h
    32  0000                     ccp1con	equ	0FBDh
    33  0000                     ccpr1l	equ	0FBEh
    34  0000                     ccpr1h	equ	0FBFh
    35  0000                     adcon1	equ	0FC1h
    36  0000                     adcon0	equ	0FC2h
    37  0000                     adresl	equ	0FC3h
    38  0000                     adresh	equ	0FC4h
    39  0000                     sspcon2	equ	0FC5h
    40  0000                     sspcon1	equ	0FC6h
    41  0000                     sspstat	equ	0FC7h
    42  0000                     sspadd	equ	0FC8h
    43  0000                     sspbuf	equ	0FC9h
    44  0000                     t2con	equ	0FCAh
    45  0000                     pr2	equ	0FCBh
    46  0000                     tmr2	equ	0FCCh
    47  0000                     t1con	equ	0FCDh
    48  0000                     tmr1l	equ	0FCEh
    49  0000                     tmr1h	equ	0FCFh
    50  0000                     rcon	equ	0FD0h
    51  0000                     wdtcon	equ	0FD1h
    52  0000                     lvdcon	equ	0FD2h
    53  0000                     osccon	equ	0FD3h
    54  0000                     t0con	equ	0FD5h
    55  0000                     tmr0l	equ	0FD6h
    56  0000                     tmr0h	equ	0FD7h
    57  0000                     status	equ	0FD8h
    58  0000                     fsr2	equ	0FD9h
    59  0000                     fsr2l	equ	0FD9h
    60  0000                     fsr2h	equ	0FDAh
    61  0000                     plusw2	equ	0FDBh
    62  0000                     preinc2	equ	0FDCh
    63  0000                     postdec2	equ	0FDDh
    64  0000                     postinc2	equ	0FDEh
    65  0000                     indf2	equ	0FDFh
    66  0000                     bsr	equ	0FE0h
    67  0000                     fsr1	equ	0FE1h
    68  0000                     fsr1l	equ	0FE1h
    69  0000                     fsr1h	equ	0FE2h
    70  0000                     plusw1	equ	0FE3h
    71  0000                     preinc1	equ	0FE4h
    72  0000                     postdec1	equ	0FE5h
    73  0000                     postinc1	equ	0FE6h
    74  0000                     indf1	equ	0FE7h
    75  0000                     wreg	equ	0FE8h
    76  0000                     fsr0	equ	0FE9h
    77  0000                     fsr0l	equ	0FE9h
    78  0000                     fsr0h	equ	0FEAh
    79  0000                     plusw0	equ	0FEBh
    80  0000                     preinc0	equ	0FECh
    81  0000                     postdec0	equ	0FEDh
    82  0000                     postinc0	equ	0FEEh
    83  0000                     indf0	equ	0FEFh
    84  0000                     intcon3	equ	0FF0h
    85  0000                     intcon2	equ	0FF1h
    86  0000                     intcon	equ	0FF2h
    87  0000                     prod	equ	0FF3h
    88  0000                     prodl	equ	0FF3h
    89  0000                     prodh	equ	0FF4h
    90  0000                     tablat	equ	0FF5h
    91  0000                     tblptr	equ	0FF6h
    92  0000                     tblptrl	equ	0FF6h
    93  0000                     tblptrh	equ	0FF7h
    94  0000                     tblptru	equ	0FF8h
    95  0000                     pcl	equ	0FF9h
    96  0000                     pclat	equ	0FFAh
    97  0000                     pclath	equ	0FFAh
    98  0000                     pclatu	equ	0FFBh
    99  0000                     stkptr	equ	0FFCh
   100  0000                     tosl	equ	0FFDh
   101  0000                     tosh	equ	0FFEh
   102  0000                     tosu	equ	0FFFh
   103                           skipnz macro
   104                           	btfsc	status,2
   105  0000                     	endm
   106                           	global	__ramtop
   107                           	global	__accesstop
   108                           # 19 "C:\Program Files (x86)\HI-TECH Software\PICC-18\9.80\include\pic18f4520.h"
   109  0000                     PORTA equ 0F80h ;# 
   110                           # 90 "C:\Program Files (x86)\HI-TECH Software\PICC-18\9.80\include\pic18f4520.h"
   111  0000                     PORTB equ 0F81h ;# 
   112                           # 139 "C:\Program Files (x86)\HI-TECH Software\PICC-18\9.80\include\pic18f4520.h"
   113  0000                     PORTC equ 0F82h ;# 
   114                           # 194 "C:\Program Files (x86)\HI-TECH Software\PICC-18\9.80\include\pic18f4520.h"
   115  0000                     PORTD equ 0F83h ;# 
   116                           # 236 "C:\Program Files (x86)\HI-TECH Software\PICC-18\9.80\include\pic18f4520.h"
   117  0000                     PORTE equ 0F84h ;# 
   118                           # 365 "C:\Program Files (x86)\HI-TECH Software\PICC-18\9.80\include\pic18f4520.h"
   119  0000                     LATA equ 0F89h ;# 
   120                           # 418 "C:\Program Files (x86)\HI-TECH Software\PICC-18\9.80\include\pic18f4520.h"
   121  0000                     LATB equ 0F8Ah ;# 
   122                           # 471 "C:\Program Files (x86)\HI-TECH Software\PICC-18\9.80\include\pic18f4520.h"
   123  0000                     LATC equ 0F8Bh ;# 
   124                           # 524 "C:\Program Files (x86)\HI-TECH Software\PICC-18\9.80\include\pic18f4520.h"
   125  0000                     LATD equ 0F8Ch ;# 
   126                           # 577 "C:\Program Files (x86)\HI-TECH Software\PICC-18\9.80\include\pic18f4520.h"
   127  0000                     LATE equ 0F8Dh ;# 
   128                           # 625 "C:\Program Files (x86)\HI-TECH Software\PICC-18\9.80\include\pic18f4520.h"
   129  0000                     TRISA equ 0F92h ;# 
   130                           # 630 "C:\Program Files (x86)\HI-TECH Software\PICC-18\9.80\include\pic18f4520.h"
   131  0000                     DDRA equ 0F92h ;# 
   132                           # 688 "C:\Program Files (x86)\HI-TECH Software\PICC-18\9.80\include\pic18f4520.h"
   133  0000                     TRISB equ 0F93h ;# 
   134                           # 693 "C:\Program Files (x86)\HI-TECH Software\PICC-18\9.80\include\pic18f4520.h"
   135  0000                     DDRB equ 0F93h ;# 
   136                           # 751 "C:\Program Files (x86)\HI-TECH Software\PICC-18\9.80\include\pic18f4520.h"
   137  0000                     TRISC equ 0F94h ;# 
   138                           # 756 "C:\Program Files (x86)\HI-TECH Software\PICC-18\9.80\include\pic18f4520.h"
   139  0000                     DDRC equ 0F94h ;# 
   140                           # 814 "C:\Program Files (x86)\HI-TECH Software\PICC-18\9.80\include\pic18f4520.h"
   141  0000                     TRISD equ 0F95h ;# 
   142                           # 819 "C:\Program Files (x86)\HI-TECH Software\PICC-18\9.80\include\pic18f4520.h"
   143  0000                     DDRD equ 0F95h ;# 
   144                           # 877 "C:\Program Files (x86)\HI-TECH Software\PICC-18\9.80\include\pic18f4520.h"
   145  0000                     TRISE equ 0F96h ;# 
   146                           # 882 "C:\Program Files (x86)\HI-TECH Software\PICC-18\9.80\include\pic18f4520.h"
   147  0000                     DDRE equ 0F96h ;# 
   148                           # 932 "C:\Program Files (x86)\HI-TECH Software\PICC-18\9.80\include\pic18f4520.h"
   149  0000                     OSCTUNE equ 0F9Bh ;# 
   150                           # 954 "C:\Program Files (x86)\HI-TECH Software\PICC-18\9.80\include\pic18f4520.h"
   151  0000                     PIE1 equ 0F9Dh ;# 
   152                           # 981 "C:\Program Files (x86)\HI-TECH Software\PICC-18\9.80\include\pic18f4520.h"
   153  0000                     PIR1 equ 0F9Eh ;# 
   154                           # 1017 "C:\Program Files (x86)\HI-TECH Software\PICC-18\9.80\include\pic18f4520.h"
   155  0000                     IPR1 equ 0F9Fh ;# 
   156                           # 1044 "C:\Program Files (x86)\HI-TECH Software\PICC-18\9.80\include\pic18f4520.h"
   157  0000                     PIE2 equ 0FA0h ;# 
   158                           # 1067 "C:\Program Files (x86)\HI-TECH Software\PICC-18\9.80\include\pic18f4520.h"
   159  0000                     PIR2 equ 0FA1h ;# 
   160                           # 1090 "C:\Program Files (x86)\HI-TECH Software\PICC-18\9.80\include\pic18f4520.h"
   161  0000                     IPR2 equ 0FA2h ;# 
   162                           # 1113 "C:\Program Files (x86)\HI-TECH Software\PICC-18\9.80\include\pic18f4520.h"
   163  0000                     EECON1 equ 0FA6h ;# 
   164                           # 1136 "C:\Program Files (x86)\HI-TECH Software\PICC-18\9.80\include\pic18f4520.h"
   165  0000                     EECON2 equ 0FA7h ;# 
   166                           # 1148 "C:\Program Files (x86)\HI-TECH Software\PICC-18\9.80\include\pic18f4520.h"
   167  0000                     EEDATA equ 0FA8h ;# 
   168                           # 1160 "C:\Program Files (x86)\HI-TECH Software\PICC-18\9.80\include\pic18f4520.h"
   169  0000                     EEADR equ 0FA9h ;# 
   170                           # 1172 "C:\Program Files (x86)\HI-TECH Software\PICC-18\9.80\include\pic18f4520.h"
   171  0000                     RCSTA equ 0FABh ;# 
   172                           # 1177 "C:\Program Files (x86)\HI-TECH Software\PICC-18\9.80\include\pic18f4520.h"
   173  0000                     RCSTA1 equ 0FABh ;# 
   174                           # 1225 "C:\Program Files (x86)\HI-TECH Software\PICC-18\9.80\include\pic18f4520.h"
   175  0000                     TXSTA equ 0FACh ;# 
   176                           # 1230 "C:\Program Files (x86)\HI-TECH Software\PICC-18\9.80\include\pic18f4520.h"
   177  0000                     TXSTA1 equ 0FACh ;# 
   178                           # 1324 "C:\Program Files (x86)\HI-TECH Software\PICC-18\9.80\include\pic18f4520.h"
   179  0000                     TXREG equ 0FADh ;# 
   180                           # 1329 "C:\Program Files (x86)\HI-TECH Software\PICC-18\9.80\include\pic18f4520.h"
   181  0000                     TXREG1 equ 0FADh ;# 
   182                           # 1347 "C:\Program Files (x86)\HI-TECH Software\PICC-18\9.80\include\pic18f4520.h"
   183  0000                     RCREG equ 0FAEh ;# 
   184                           # 1352 "C:\Program Files (x86)\HI-TECH Software\PICC-18\9.80\include\pic18f4520.h"
   185  0000                     RCREG1 equ 0FAEh ;# 
   186                           # 1370 "C:\Program Files (x86)\HI-TECH Software\PICC-18\9.80\include\pic18f4520.h"
   187  0000                     SPBRG equ 0FAFh ;# 
   188                           # 1375 "C:\Program Files (x86)\HI-TECH Software\PICC-18\9.80\include\pic18f4520.h"
   189  0000                     SPBRG1 equ 0FAFh ;# 
   190                           # 1393 "C:\Program Files (x86)\HI-TECH Software\PICC-18\9.80\include\pic18f4520.h"
   191  0000                     SPBRGH equ 0FB0h ;# 
   192                           # 1405 "C:\Program Files (x86)\HI-TECH Software\PICC-18\9.80\include\pic18f4520.h"
   193  0000                     T3CON equ 0FB1h ;# 
   194                           # 1446 "C:\Program Files (x86)\HI-TECH Software\PICC-18\9.80\include\pic18f4520.h"
   195  0000                     TMR3 equ 0FB2h ;# 
   196                           # 1458 "C:\Program Files (x86)\HI-TECH Software\PICC-18\9.80\include\pic18f4520.h"
   197  0000                     TMR3L equ 0FB2h ;# 
   198                           # 1470 "C:\Program Files (x86)\HI-TECH Software\PICC-18\9.80\include\pic18f4520.h"
   199  0000                     TMR3H equ 0FB3h ;# 
   200                           # 1482 "C:\Program Files (x86)\HI-TECH Software\PICC-18\9.80\include\pic18f4520.h"
   201  0000                     CMCON equ 0FB4h ;# 
   202                           # 1515 "C:\Program Files (x86)\HI-TECH Software\PICC-18\9.80\include\pic18f4520.h"
   203  0000                     CVRCON equ 0FB5h ;# 
   204                           # 1541 "C:\Program Files (x86)\HI-TECH Software\PICC-18\9.80\include\pic18f4520.h"
   205  0000                     ECCP1AS equ 0FB6h ;# 
   206                           # 1546 "C:\Program Files (x86)\HI-TECH Software\PICC-18\9.80\include\pic18f4520.h"
   207  0000                     ECCPAS equ 0FB6h ;# 
   208                           # 1588 "C:\Program Files (x86)\HI-TECH Software\PICC-18\9.80\include\pic18f4520.h"
   209  0000                     PWM1CON equ 0FB7h ;# 
   210                           # 1593 "C:\Program Files (x86)\HI-TECH Software\PICC-18\9.80\include\pic18f4520.h"
   211  0000                     ECCP1DEL equ 0FB7h ;# 
   212                           # 1631 "C:\Program Files (x86)\HI-TECH Software\PICC-18\9.80\include\pic18f4520.h"
   213  0000                     BAUDCON equ 0FB8h ;# 
   214                           # 1636 "C:\Program Files (x86)\HI-TECH Software\PICC-18\9.80\include\pic18f4520.h"
   215  0000                     BAUDCTL equ 0FB8h ;# 
   216                           # 1696 "C:\Program Files (x86)\HI-TECH Software\PICC-18\9.80\include\pic18f4520.h"
   217  0000                     CCP2CON equ 0FBAh ;# 
   218                           # 1722 "C:\Program Files (x86)\HI-TECH Software\PICC-18\9.80\include\pic18f4520.h"
   219  0000                     CCPR2 equ 0FBBh ;# 
   220                           # 1734 "C:\Program Files (x86)\HI-TECH Software\PICC-18\9.80\include\pic18f4520.h"
   221  0000                     CCPR2L equ 0FBBh ;# 
   222                           # 1746 "C:\Program Files (x86)\HI-TECH Software\PICC-18\9.80\include\pic18f4520.h"
   223  0000                     CCPR2H equ 0FBCh ;# 
   224                           # 1758 "C:\Program Files (x86)\HI-TECH Software\PICC-18\9.80\include\pic18f4520.h"
   225  0000                     CCP1CON equ 0FBDh ;# 
   226                           # 1787 "C:\Program Files (x86)\HI-TECH Software\PICC-18\9.80\include\pic18f4520.h"
   227  0000                     CCPR1 equ 0FBEh ;# 
   228                           # 1799 "C:\Program Files (x86)\HI-TECH Software\PICC-18\9.80\include\pic18f4520.h"
   229  0000                     CCPR1L equ 0FBEh ;# 
   230                           # 1811 "C:\Program Files (x86)\HI-TECH Software\PICC-18\9.80\include\pic18f4520.h"
   231  0000                     CCPR1H equ 0FBFh ;# 
   232                           # 1823 "C:\Program Files (x86)\HI-TECH Software\PICC-18\9.80\include\pic18f4520.h"
   233  0000                     ADCON2 equ 0FC0h ;# 
   234                           # 1846 "C:\Program Files (x86)\HI-TECH Software\PICC-18\9.80\include\pic18f4520.h"
   235  0000                     ADCON1 equ 0FC1h ;# 
   236                           # 1879 "C:\Program Files (x86)\HI-TECH Software\PICC-18\9.80\include\pic18f4520.h"
   237  0000                     ADCON0 equ 0FC2h ;# 
   238                           # 1934 "C:\Program Files (x86)\HI-TECH Software\PICC-18\9.80\include\pic18f4520.h"
   239  0000                     ADRES equ 0FC3h ;# 
   240                           # 1946 "C:\Program Files (x86)\HI-TECH Software\PICC-18\9.80\include\pic18f4520.h"
   241  0000                     ADRESL equ 0FC3h ;# 
   242                           # 1958 "C:\Program Files (x86)\HI-TECH Software\PICC-18\9.80\include\pic18f4520.h"
   243  0000                     ADRESH equ 0FC4h ;# 
   244                           # 1970 "C:\Program Files (x86)\HI-TECH Software\PICC-18\9.80\include\pic18f4520.h"
   245  0000                     SSPCON2 equ 0FC5h ;# 
   246                           # 1997 "C:\Program Files (x86)\HI-TECH Software\PICC-18\9.80\include\pic18f4520.h"
   247  0000                     SSPCON1 equ 0FC6h ;# 
   248                           # 2019 "C:\Program Files (x86)\HI-TECH Software\PICC-18\9.80\include\pic18f4520.h"
   249  0000                     SSPSTAT equ 0FC7h ;# 
   250                           # 2126 "C:\Program Files (x86)\HI-TECH Software\PICC-18\9.80\include\pic18f4520.h"
   251  0000                     SSPADD equ 0FC8h ;# 
   252                           # 2138 "C:\Program Files (x86)\HI-TECH Software\PICC-18\9.80\include\pic18f4520.h"
   253  0000                     SSPBUF equ 0FC9h ;# 
   254                           # 2150 "C:\Program Files (x86)\HI-TECH Software\PICC-18\9.80\include\pic18f4520.h"
   255  0000                     T2CON equ 0FCAh ;# 
   256                           # 2180 "C:\Program Files (x86)\HI-TECH Software\PICC-18\9.80\include\pic18f4520.h"
   257  0000                     PR2 equ 0FCBh ;# 
   258                           # 2185 "C:\Program Files (x86)\HI-TECH Software\PICC-18\9.80\include\pic18f4520.h"
   259  0000                     MEMCON equ 0FCBh ;# 
   260                           # 2203 "C:\Program Files (x86)\HI-TECH Software\PICC-18\9.80\include\pic18f4520.h"
   261  0000                     TMR2 equ 0FCCh ;# 
   262                           # 2215 "C:\Program Files (x86)\HI-TECH Software\PICC-18\9.80\include\pic18f4520.h"
   263  0000                     T1CON equ 0FCDh ;# 
   264                           # 2252 "C:\Program Files (x86)\HI-TECH Software\PICC-18\9.80\include\pic18f4520.h"
   265  0000                     TMR1 equ 0FCEh ;# 
   266                           # 2264 "C:\Program Files (x86)\HI-TECH Software\PICC-18\9.80\include\pic18f4520.h"
   267  0000                     TMR1L equ 0FCEh ;# 
   268                           # 2276 "C:\Program Files (x86)\HI-TECH Software\PICC-18\9.80\include\pic18f4520.h"
   269  0000                     TMR1H equ 0FCFh ;# 
   270                           # 2288 "C:\Program Files (x86)\HI-TECH Software\PICC-18\9.80\include\pic18f4520.h"
   271  0000                     RCON equ 0FD0h ;# 
   272                           # 2333 "C:\Program Files (x86)\HI-TECH Software\PICC-18\9.80\include\pic18f4520.h"
   273  0000                     WDTCON equ 0FD1h ;# 
   274                           # 2348 "C:\Program Files (x86)\HI-TECH Software\PICC-18\9.80\include\pic18f4520.h"
   275  0000                     HLVDCON equ 0FD2h ;# 
   276                           # 2353 "C:\Program Files (x86)\HI-TECH Software\PICC-18\9.80\include\pic18f4520.h"
   277  0000                     LVDCON equ 0FD2h ;# 
   278                           # 2423 "C:\Program Files (x86)\HI-TECH Software\PICC-18\9.80\include\pic18f4520.h"
   279  0000                     OSCCON equ 0FD3h ;# 
   280                           # 2448 "C:\Program Files (x86)\HI-TECH Software\PICC-18\9.80\include\pic18f4520.h"
   281  0000                     T0CON equ 0FD5h ;# 
   282                           # 2473 "C:\Program Files (x86)\HI-TECH Software\PICC-18\9.80\include\pic18f4520.h"
   283  0000                     TMR0 equ 0FD6h ;# 
   284                           # 2485 "C:\Program Files (x86)\HI-TECH Software\PICC-18\9.80\include\pic18f4520.h"
   285  0000                     TMR0L equ 0FD6h ;# 
   286                           # 2497 "C:\Program Files (x86)\HI-TECH Software\PICC-18\9.80\include\pic18f4520.h"
   287  0000                     TMR0H equ 0FD7h ;# 
   288                           # 2509 "C:\Program Files (x86)\HI-TECH Software\PICC-18\9.80\include\pic18f4520.h"
   289  0000                     STATUS equ 0FD8h ;# 
   290                           # 2540 "C:\Program Files (x86)\HI-TECH Software\PICC-18\9.80\include\pic18f4520.h"
   291  0000                     FSR2 equ 0FD9h ;# 
   292                           # 2552 "C:\Program Files (x86)\HI-TECH Software\PICC-18\9.80\include\pic18f4520.h"
   293  0000                     FSR2L equ 0FD9h ;# 
   294                           # 2564 "C:\Program Files (x86)\HI-TECH Software\PICC-18\9.80\include\pic18f4520.h"
   295  0000                     FSR2H equ 0FDAh ;# 
   296                           # 2576 "C:\Program Files (x86)\HI-TECH Software\PICC-18\9.80\include\pic18f4520.h"
   297  0000                     PLUSW2 equ 0FDBh ;# 
   298                           # 2588 "C:\Program Files (x86)\HI-TECH Software\PICC-18\9.80\include\pic18f4520.h"
   299  0000                     PREINC2 equ 0FDCh ;# 
   300                           # 2600 "C:\Program Files (x86)\HI-TECH Software\PICC-18\9.80\include\pic18f4520.h"
   301  0000                     POSTDEC2 equ 0FDDh ;# 
   302                           # 2612 "C:\Program Files (x86)\HI-TECH Software\PICC-18\9.80\include\pic18f4520.h"
   303  0000                     POSTINC2 equ 0FDEh ;# 
   304                           # 2624 "C:\Program Files (x86)\HI-TECH Software\PICC-18\9.80\include\pic18f4520.h"
   305  0000                     INDF2 equ 0FDFh ;# 
   306                           # 2636 "C:\Program Files (x86)\HI-TECH Software\PICC-18\9.80\include\pic18f4520.h"
   307  0000                     BSR equ 0FE0h ;# 
   308                           # 2648 "C:\Program Files (x86)\HI-TECH Software\PICC-18\9.80\include\pic18f4520.h"
   309  0000                     FSR1 equ 0FE1h ;# 
   310                           # 2660 "C:\Program Files (x86)\HI-TECH Software\PICC-18\9.80\include\pic18f4520.h"
   311  0000                     FSR1L equ 0FE1h ;# 
   312                           # 2672 "C:\Program Files (x86)\HI-TECH Software\PICC-18\9.80\include\pic18f4520.h"
   313  0000                     FSR1H equ 0FE2h ;# 
   314                           # 2684 "C:\Program Files (x86)\HI-TECH Software\PICC-18\9.80\include\pic18f4520.h"
   315  0000                     PLUSW1 equ 0FE3h ;# 
   316                           # 2696 "C:\Program Files (x86)\HI-TECH Software\PICC-18\9.80\include\pic18f4520.h"
   317  0000                     PREINC1 equ 0FE4h ;# 
   318                           # 2708 "C:\Program Files (x86)\HI-TECH Software\PICC-18\9.80\include\pic18f4520.h"
   319  0000                     POSTDEC1 equ 0FE5h ;# 
   320                           # 2720 "C:\Program Files (x86)\HI-TECH Software\PICC-18\9.80\include\pic18f4520.h"
   321  0000                     POSTINC1 equ 0FE6h ;# 
   322                           # 2732 "C:\Program Files (x86)\HI-TECH Software\PICC-18\9.80\include\pic18f4520.h"
   323  0000                     INDF1 equ 0FE7h ;# 
   324                           # 2744 "C:\Program Files (x86)\HI-TECH Software\PICC-18\9.80\include\pic18f4520.h"
   325  0000                     WREG equ 0FE8h ;# 
   326                           # 2767 "C:\Program Files (x86)\HI-TECH Software\PICC-18\9.80\include\pic18f4520.h"
   327  0000                     FSR0 equ 0FE9h ;# 
   328                           # 2779 "C:\Program Files (x86)\HI-TECH Software\PICC-18\9.80\include\pic18f4520.h"
   329  0000                     FSR0L equ 0FE9h ;# 
   330                           # 2791 "C:\Program Files (x86)\HI-TECH Software\PICC-18\9.80\include\pic18f4520.h"
   331  0000                     FSR0H equ 0FEAh ;# 
   332                           # 2803 "C:\Program Files (x86)\HI-TECH Software\PICC-18\9.80\include\pic18f4520.h"
   333  0000                     PLUSW0 equ 0FEBh ;# 
   334                           # 2815 "C:\Program Files (x86)\HI-TECH Software\PICC-18\9.80\include\pic18f4520.h"
   335  0000                     PREINC0 equ 0FECh ;# 
   336                           # 2827 "C:\Program Files (x86)\HI-TECH Software\PICC-18\9.80\include\pic18f4520.h"
   337  0000                     POSTDEC0 equ 0FEDh ;# 
   338                           # 2839 "C:\Program Files (x86)\HI-TECH Software\PICC-18\9.80\include\pic18f4520.h"
   339  0000                     POSTINC0 equ 0FEEh ;# 
   340                           # 2851 "C:\Program Files (x86)\HI-TECH Software\PICC-18\9.80\include\pic18f4520.h"
   341  0000                     INDF0 equ 0FEFh ;# 
   342                           # 2863 "C:\Program Files (x86)\HI-TECH Software\PICC-18\9.80\include\pic18f4520.h"
   343  0000                     INTCON3 equ 0FF0h ;# 
   344                           # 2892 "C:\Program Files (x86)\HI-TECH Software\PICC-18\9.80\include\pic18f4520.h"
   345  0000                     INTCON2 equ 0FF1h ;# 
   346                           # 2919 "C:\Program Files (x86)\HI-TECH Software\PICC-18\9.80\include\pic18f4520.h"
   347  0000                     INTCON equ 0FF2h ;# 
   348                           # 2983 "C:\Program Files (x86)\HI-TECH Software\PICC-18\9.80\include\pic18f4520.h"
   349  0000                     PROD equ 0FF3h ;# 
   350                           # 2995 "C:\Program Files (x86)\HI-TECH Software\PICC-18\9.80\include\pic18f4520.h"
   351  0000                     PRODL equ 0FF3h ;# 
   352                           # 3007 "C:\Program Files (x86)\HI-TECH Software\PICC-18\9.80\include\pic18f4520.h"
   353  0000                     PRODH equ 0FF4h ;# 
   354                           # 3019 "C:\Program Files (x86)\HI-TECH Software\PICC-18\9.80\include\pic18f4520.h"
   355  0000                     TABLAT equ 0FF5h ;# 
   356                           # 3031 "C:\Program Files (x86)\HI-TECH Software\PICC-18\9.80\include\pic18f4520.h"
   357  0000                     TBLPTR equ 0FF6h ;# 
   358                           # 3044 "C:\Program Files (x86)\HI-TECH Software\PICC-18\9.80\include\pic18f4520.h"
   359  0000                     TBLPTRL equ 0FF6h ;# 
   360                           # 3056 "C:\Program Files (x86)\HI-TECH Software\PICC-18\9.80\include\pic18f4520.h"
   361  0000                     TBLPTRH equ 0FF7h ;# 
   362                           # 3068 "C:\Program Files (x86)\HI-TECH Software\PICC-18\9.80\include\pic18f4520.h"
   363  0000                     TBLPTRU equ 0FF8h ;# 
   364                           # 3081 "C:\Program Files (x86)\HI-TECH Software\PICC-18\9.80\include\pic18f4520.h"
   365  0000                     PCLAT equ 0FF9h ;# 
   366                           # 3086 "C:\Program Files (x86)\HI-TECH Software\PICC-18\9.80\include\pic18f4520.h"
   367  0000                     PC equ 0FF9h ;# 
   368                           # 3104 "C:\Program Files (x86)\HI-TECH Software\PICC-18\9.80\include\pic18f4520.h"
   369  0000                     PCL equ 0FF9h ;# 
   370                           # 3116 "C:\Program Files (x86)\HI-TECH Software\PICC-18\9.80\include\pic18f4520.h"
   371  0000                     PCLATH equ 0FFAh ;# 
   372                           # 3128 "C:\Program Files (x86)\HI-TECH Software\PICC-18\9.80\include\pic18f4520.h"
   373  0000                     PCLATU equ 0FFBh ;# 
   374                           # 3140 "C:\Program Files (x86)\HI-TECH Software\PICC-18\9.80\include\pic18f4520.h"
   375  0000                     STKPTR equ 0FFCh ;# 
   376                           # 3164 "C:\Program Files (x86)\HI-TECH Software\PICC-18\9.80\include\pic18f4520.h"
   377  0000                     TOS equ 0FFDh ;# 
   378                           # 3176 "C:\Program Files (x86)\HI-TECH Software\PICC-18\9.80\include\pic18f4520.h"
   379  0000                     TOSL equ 0FFDh ;# 
   380                           # 3188 "C:\Program Files (x86)\HI-TECH Software\PICC-18\9.80\include\pic18f4520.h"
   381  0000                     TOSH equ 0FFEh ;# 
   382                           # 3200 "C:\Program Files (x86)\HI-TECH Software\PICC-18\9.80\include\pic18f4520.h"
   383  0000                     TOSU equ 0FFFh ;# 
   384                           	FNCALL	_main,_lcdcmd
   385                           	FNCALL	_main,_ready
   386                           	FNCALL	_main,_lcddata
   387                           	FNCALL	_ready,_delay
   388                           	FNCALL	_lcdcmd,_delay
   389                           	FNCALL	_lcddata,_delay
   390                           	FNROOT	_main
   391                           	global	main@F4455
   392                           psect	idataCOMRAM,class=CODE,space=0,delta=1
   393                           global __pidataCOMRAM
   394  007E66                     __pidataCOMRAM:
   395                           	file	"D:\Aumrudh Documents\mepco\lab\sem6-Lab\embedded\even\embedded\ex5\lcd.c"
   396                           	line	39
   397                           
   398                           ;initializer for main@F4455
   399  007E66  41                 	db	low(041h)
   400  007E67  55                 	db	low(055h)
   401  007E68  4D                 	db	low(04Dh)
   402  007E69  52                 	db	low(052h)
   403  007E6A  55                 	db	low(055h)
   404  007E6B  44                 	db	low(044h)
   405  007E6C  48                 	db	low(048h)
   406  007E6D  20                 	db	low(020h)
   407  007E6E  4C                 	db	low(04Ch)
   408  007E6F  41                 	db	low(041h)
   409  007E70  4C                 	db	low(04Ch)
   410  007E71  20                 	db	low(020h)
   411  007E72  4B                 	db	low(04Bh)
   412  007E73  55                 	db	low(055h)
   413  007E74  4D                 	db	low(04Dh)
   414  007E75  41                 	db	low(041h)
   415  007E76  52                 	db	low(052h)
   416  007E77  20                 	db	low(020h)
   417  007E78  54                 	db	low(054h)
   418  007E79  20                 	db	low(020h)
   419  007E7A  4A                 	db	low(04Ah)
   420  007E7B  00                 	db	low(0)
   421                           	global	_PORTC
   422  0000                     _PORTC	set	0xF82
   423                           	global	_TRISB
   424  0000                     _TRISB	set	0xF93
   425                           	global	_TRISC
   426  0000                     _TRISC	set	0xF94
   427                           	global	_TRISD
   428  0000                     _TRISD	set	0xF95
   429                           	global	_RB0
   430  0000                     _RB0	set	0x7C08
   431                           	global	_RB1
   432  0000                     _RB1	set	0x7C09
   433                           	global	_RB2
   434  0000                     _RB2	set	0x7C0A
   435                           	global	_RC7
   436  0000                     _RC7	set	0x7C17
   437                           ; #config settings
   438                           	file	"lcd.as"
   439                           	line	#
   440                           psect	cinit,class=CODE,delta=1,reloc=2
   441                           global __pcinit
   442  007E9A                     __pcinit:
   443                           global start_initialization
   444  007E9A                     start_initialization:
   445                           
   446                           psect	dataCOMRAM,class=COMRAM,space=1
   447                           global __pdataCOMRAM
   448  000020                     __pdataCOMRAM:
   449                           	file	"D:\Aumrudh Documents\mepco\lab\sem6-Lab\embedded\even\embedded\ex5\lcd.c"
   450  000020                     main@F4455:
   451  000020                            ds      22
   452                           psect	cinit
   453                           ; Initialize objects allocated to COMRAM (22 bytes)
   454                           	global __pidataCOMRAM
   455                           	; load TBLPTR registers with __pidataCOMRAM
   456  007E9A  0E66               	movlw	low (__pidataCOMRAM)
   457  007E9C  6EF6               	movwf	tblptrl
   458  007E9E  0E7E               	movlw	high(__pidataCOMRAM)
   459  007EA0  6EF7               	movwf	tblptrh
   460  007EA2  0E00               	movlw	low highword(__pidataCOMRAM)
   461  007EA4  6EF8               	movwf	tblptru
   462  007EA6  EE00  F020         	lfsr	0,__pdataCOMRAM
   463  007EAA  EE10 F016          	lfsr	1,22
   464  007EAE                     	copy_data0:
   465  007EAE  0009               	tblrd	*+
   466  007EB0  CFF5 FFEE          	movff	tablat, postinc0
   467  007EB4  50E5               	movf	postdec1,w
   468  007EB6  50E1               	movf	fsr1l,w
   469  007EB8  E1FA               	bnz	copy_data0
   470                           psect cinit,class=CODE,delta=1
   471                           global end_of_initialization
   472                           
   473                           ;End of C runtime variable initialization code
   474                           
   475  007EBA                     end_of_initialization:
   476  007EBA  0100               movlb 0
   477  007EBC  EF8C  F03F         goto _main	;jump to C main() function
   478                           psect	cstackCOMRAM,class=COMRAM,space=1
   479                           global __pcstackCOMRAM
   480  000001                     __pcstackCOMRAM:
   481                           	global	?_delay
   482  000001                     ?_delay:	; 0 bytes @ 0x0
   483                           	global	??_delay
   484  000001                     ??_delay:	; 0 bytes @ 0x0
   485                           	global	?_ready
   486  000001                     ?_ready:	; 0 bytes @ 0x0
   487                           	global	?_main
   488  000001                     ?_main:	; 2 bytes @ 0x0
   489                           	global	delay@i
   490  000001                     delay@i:	; 4 bytes @ 0x0
   491  000001                     	ds   4
   492                           	global	?_lcdcmd
   493  000005                     ?_lcdcmd:	; 0 bytes @ 0x4
   494                           	global	?_lcddata
   495  000005                     ?_lcddata:	; 0 bytes @ 0x4
   496                           	global	??_ready
   497  000005                     ??_ready:	; 0 bytes @ 0x4
   498                           	global	lcdcmd@a
   499  000005                     lcdcmd@a:	; 1 bytes @ 0x4
   500                           	global	lcddata@a
   501  000005                     lcddata@a:	; 1 bytes @ 0x4
   502  000005                     	ds   1
   503                           	global	??_lcdcmd
   504  000006                     ??_lcdcmd:	; 0 bytes @ 0x5
   505                           	global	??_lcddata
   506  000006                     ??_lcddata:	; 0 bytes @ 0x5
   507                           	global	??_main
   508  000006                     ??_main:	; 0 bytes @ 0x5
   509  000006                     	ds   1
   510                           	global	main@str
   511  000007                     main@str:	; 22 bytes @ 0x6
   512  000007                     	ds   22
   513                           	global	main@i
   514  00001D                     main@i:	; 1 bytes @ 0x1C
   515  00001D                     	ds   1
   516                           	global	main@au
   517  00001E                     main@au:	; 2 bytes @ 0x1D
   518  00001E                     	ds   2
   519                           ;!
   520                           ;!Data Sizes:
   521                           ;!    Strings     0
   522                           ;!    Constant    0
   523                           ;!    Data        22
   524                           ;!    BSS         0
   525                           ;!    Persistent  0
   526                           ;!    Stack       0
   527                           ;!
   528                           ;!Auto Spaces:
   529                           ;!    Space          Size  Autos    Used
   530                           ;!    COMRAM          127     31      53
   531                           ;!    BANK0           128      0       0
   532                           ;!    BANK1           256      0       0
   533                           ;!    BANK2           256      0       0
   534                           ;!    BANK3           256      0       0
   535                           ;!    BANK4           256      0       0
   536                           ;!    BANK5           256      0       0
   537                           
   538                           ;!
   539                           ;!Pointer List with Targets:
   540                           ;!
   541                           ;!    None.
   542                           
   543                           
   544                           ;!
   545                           ;!Critical Paths under _main in COMRAM
   546                           ;!
   547                           ;!    _main->_lcdcmd
   548                           ;!    _main->_lcddata
   549                           ;!    _ready->_delay
   550                           ;!    _lcdcmd->_delay
   551                           ;!    _lcddata->_delay
   552                           ;!
   553                           ;!Critical Paths under _main in BANK0
   554                           ;!
   555                           ;!    None.
   556                           ;!
   557                           ;!Critical Paths under _main in BANK1
   558                           ;!
   559                           ;!    None.
   560                           ;!
   561                           ;!Critical Paths under _main in BANK2
   562                           ;!
   563                           ;!    None.
   564                           ;!
   565                           ;!Critical Paths under _main in BANK3
   566                           ;!
   567                           ;!    None.
   568                           ;!
   569                           ;!Critical Paths under _main in BANK4
   570                           ;!
   571                           ;!    None.
   572                           ;!
   573                           ;!Critical Paths under _main in BANK5
   574                           ;!
   575                           ;!    None.
   576                           
   577 ;;
   578 ;;Main: autosize = 0, tempsize = 1, incstack = 0, save=0
   579 ;;
   580                           
   581                           ;!
   582                           ;!Call Graph Tables:
   583                           ;!
   584                           ;! ---------------------------------------------------------------------------------
   585                           ;! (Depth) Function   	        Calls       Base Space   Used Autos Params    Refs
   586                           ;! ---------------------------------------------------------------------------------
   587                           ;! (0) _main                                                26    26      0     180
   588                           ;!                                              5 COMRAM    26    26      0
   589                           ;!                             _lcdcmd
   590                           ;!                              _ready
   591                           ;!                            _lcddata
   592                           ;! ---------------------------------------------------------------------------------
   593                           ;! (1) _ready                                                0     0      0      30
   594                           ;!                              _delay
   595                           ;! ---------------------------------------------------------------------------------
   596                           ;! (1) _lcdcmd                                               1     0      1      45
   597                           ;!                                              4 COMRAM     1     0      1
   598                           ;!                              _delay
   599                           ;! ---------------------------------------------------------------------------------
   600                           ;! (1) _lcddata                                              1     0      1      45
   601                           ;!                                              4 COMRAM     1     0      1
   602                           ;!                              _delay
   603                           ;! ---------------------------------------------------------------------------------
   604                           ;! (2) _delay                                                4     4      0      30
   605                           ;!                                              0 COMRAM     4     4      0
   606                           ;! ---------------------------------------------------------------------------------
   607                           ;! Estimated maximum stack depth 2
   608                           ;! ---------------------------------------------------------------------------------
   609                           ;!
   610                           ;! Call Graph Graphs:
   611                           ;!
   612                           ;! _main (ROOT)
   613                           ;!   _lcdcmd
   614                           ;!     _delay
   615                           ;!   _ready
   616                           ;!     _delay
   617                           ;!   _lcddata
   618                           ;!     _delay
   619                           ;!
   620                           
   621                           ;! Address spaces:
   622                           
   623                           ;!Name               Size   Autos  Total    Cost      Usage
   624                           ;!BIGRAM             5FF      0       0      17        0.0%
   625                           ;!EEDATA             100      0       0       0        0.0%
   626                           ;!BITBANK5           100      0       0      16        0.0%
   627                           ;!BANK5              100      0       0      14        0.0%
   628                           ;!BITBANK4           100      0       0      12        0.0%
   629                           ;!BANK4              100      0       0      13        0.0%
   630                           ;!BITBANK3           100      0       0      10        0.0%
   631                           ;!BANK3              100      0       0      11        0.0%
   632                           ;!BITBANK2           100      0       0       8        0.0%
   633                           ;!BANK2              100      0       0       9        0.0%
   634                           ;!BITBANK1           100      0       0       6        0.0%
   635                           ;!BANK1              100      0       0       7        0.0%
   636                           ;!BITBANK0            80      0       0       4        0.0%
   637                           ;!BANK0               80      0       0       5        0.0%
   638                           ;!BITCOMRAM           7F      0       0       0        0.0%
   639                           ;!COMRAM              7F     1F      35       1       41.7%
   640                           ;!BITSFR               0      0       0      40        0.0%
   641                           ;!SFR                  0      0       0      40        0.0%
   642                           ;!STACK                0      0       2       2        0.0%
   643                           ;!NULL                 0      0       0       0        0.0%
   644                           ;!ABS                  0      0      35      15        0.0%
   645                           ;!DATA                 0      0      37       3        0.0%
   646                           ;!CODE                 0      0       0       0        0.0%
   647                           
   648                           	global	_main
   649                           
   650 ;; *************** function _main *****************
   651 ;; Defined at:
   652 ;;		line 38 in file "D:\Aumrudh Documents\mepco\lab\sem6-Lab\embedded\even\embedded\ex5\lcd.c"
   653 ;; Parameters:    Size  Location     Type
   654 ;;		None
   655 ;; Auto vars:     Size  Location     Type
   656 ;;  au              2   29[COMRAM] int 
   657 ;;  str            22    6[COMRAM] unsigned char [22]
   658 ;;  i               1   28[COMRAM] unsigned char 
   659 ;; Return value:  Size  Location     Type
   660 ;;                  2   34[COMRAM] int 
   661 ;; Registers used:
   662 ;;		wreg, fsr1l, fsr1h, fsr2l, fsr2h, status,2, status,0, cstack
   663 ;; Tracked objects:
   664 ;;		On entry : 0/0
   665 ;;		On exit  : 0/0
   666 ;;		Unchanged: 0/0
   667 ;; Data sizes:     COMRAM   BANK0   BANK1   BANK2   BANK3   BANK4   BANK5
   668 ;;      Params:         0       0       0       0       0       0       0
   669 ;;      Locals:        25       0       0       0       0       0       0
   670 ;;      Temps:          1       0       0       0       0       0       0
   671 ;;      Totals:        26       0       0       0       0       0       0
   672 ;;Total ram usage:       26 bytes
   673 ;; Hardware stack levels required when called:    2
   674 ;; This function calls:
   675 ;;		_lcdcmd
   676 ;;		_ready
   677 ;;		_lcddata
   678 ;; This function is called by:
   679 ;;		Startup code after reset
   680 ;; This function uses a non-reentrant model
   681 ;;
   682                           psect	text0,class=CODE,space=0,reloc=2
   683                           global __ptext0
   684  007F18                     __ptext0:
   685                           psect	text0
   686                           	file	"D:\Aumrudh Documents\mepco\lab\sem6-Lab\embedded\even\embedded\ex5\lcd.c"
   687                           	line	38
   688                           	global	__size_of_main
   689  0000                     	__size_of_main	equ	__end_of_main-_main
   690                           	
   691  007F18                     _main:
   692                           	opt	stack 29
   693                           	line	39
   694                           	
   695  007F18                     l1812:
   696                           ;lcd.c: 39: unsigned char str[]="AUMRUDH LAL KUMAR T J",i=0;
   697  007F18  EE20  F020         	lfsr	2,(main@F4455)
   698  007F1C  EE10  F007         	lfsr	1,(main@str)
   699  007F20  0E16               	movlw	22
   700  007F22                     u1851:
   701  007F22  CFDE FFE6          	movff	postinc2,postinc1
   702  007F26  2EE8               	decfsz	wreg
   703  007F28  D7FC               	goto	u1851
   704                           	
   705  007F2A                     l1814:
   706  007F2A  6E06               	movwf	(??_main+0+0)&0ffh,c
   707  007F2C  0E00               	movlw	low(0)
   708  007F2E  6E1D               	movwf	((c:main@i)),c
   709  007F30  5006               	movf	(??_main+0+0)&0ffh,c,w
   710                           	line	40
   711                           	
   712  007F32                     l1816:
   713                           ;lcd.c: 40: TRISB=0;
   714  007F32  0E00               	movlw	low(0)
   715  007F34  6E93               	movwf	((c:3987)),c	;volatile
   716                           	line	41
   717                           	
   718  007F36                     l1818:
   719                           ;lcd.c: 41: TRISD=0;
   720  007F36  0E00               	movlw	low(0)
   721  007F38  6E95               	movwf	((c:3989)),c	;volatile
   722                           	line	42
   723                           	
   724  007F3A                     l1820:
   725                           ;lcd.c: 42: lcdcmd(0x38);
   726  007F3A  6E06               	movwf	(??_main+0+0)&0ffh,c
   727  007F3C  0E38               	movlw	low(038h)
   728  007F3E  6E05               	movwf	((c:?_lcdcmd)),c
   729  007F40  5006               	movf	(??_main+0+0)&0ffh,c,w
   730  007F42  EC2A  F03F         	call	_lcdcmd	;wreg free
   731                           	line	43
   732                           	
   733  007F46                     l1822:
   734                           ;lcd.c: 43: ready();
   735  007F46  EC3E  F03F         	call	_ready	;wreg free
   736                           	line	44
   737                           	
   738  007F4A                     l1824:
   739                           ;lcd.c: 44: lcdcmd(0x0E);
   740  007F4A  6E06               	movwf	(??_main+0+0)&0ffh,c
   741  007F4C  0E0E               	movlw	low(0Eh)
   742  007F4E  6E05               	movwf	((c:?_lcdcmd)),c
   743  007F50  5006               	movf	(??_main+0+0)&0ffh,c,w
   744  007F52  EC2A  F03F         	call	_lcdcmd	;wreg free
   745                           	line	45
   746                           	
   747  007F56                     l1826:
   748                           ;lcd.c: 45: ready();
   749  007F56  EC3E  F03F         	call	_ready	;wreg free
   750                           	line	46
   751                           	
   752  007F5A                     l1828:
   753                           ;lcd.c: 46: lcdcmd(0x01);
   754  007F5A  6E06               	movwf	(??_main+0+0)&0ffh,c
   755  007F5C  0E01               	movlw	low(01h)
   756  007F5E  6E05               	movwf	((c:?_lcdcmd)),c
   757  007F60  5006               	movf	(??_main+0+0)&0ffh,c,w
   758  007F62  EC2A  F03F         	call	_lcdcmd	;wreg free
   759                           	line	47
   760                           	
   761  007F66                     l1830:
   762                           ;lcd.c: 47: ready();
   763  007F66  EC3E  F03F         	call	_ready	;wreg free
   764                           	line	48
   765                           	
   766  007F6A                     l1832:
   767                           ;lcd.c: 48: lcdcmd(0x06);
   768  007F6A  6E06               	movwf	(??_main+0+0)&0ffh,c
   769  007F6C  0E06               	movlw	low(06h)
   770  007F6E  6E05               	movwf	((c:?_lcdcmd)),c
   771  007F70  5006               	movf	(??_main+0+0)&0ffh,c,w
   772  007F72  EC2A  F03F         	call	_lcdcmd	;wreg free
   773                           	line	49
   774                           	
   775  007F76                     l1834:
   776                           ;lcd.c: 49: ready();
   777  007F76  EC3E  F03F         	call	_ready	;wreg free
   778                           	line	50
   779                           	
   780  007F7A                     l1836:
   781                           ;lcd.c: 50: lcdcmd(0x86);
   782  007F7A  6E06               	movwf	(??_main+0+0)&0ffh,c
   783  007F7C  0E86               	movlw	low(086h)
   784  007F7E  6E05               	movwf	((c:?_lcdcmd)),c
   785  007F80  5006               	movf	(??_main+0+0)&0ffh,c,w
   786  007F82  EC2A  F03F         	call	_lcdcmd	;wreg free
   787                           	line	51
   788                           	
   789  007F86                     l1838:
   790                           ;lcd.c: 51: ready();
   791  007F86  EC3E  F03F         	call	_ready	;wreg free
   792                           	line	52
   793                           	
   794  007F8A                     l1840:
   795                           ;lcd.c: 52: lcdcmd(0x1C);
   796  007F8A  6E06               	movwf	(??_main+0+0)&0ffh,c
   797  007F8C  0E1C               	movlw	low(01Ch)
   798  007F8E  6E05               	movwf	((c:?_lcdcmd)),c
   799  007F90  5006               	movf	(??_main+0+0)&0ffh,c,w
   800  007F92  EC2A  F03F         	call	_lcdcmd	;wreg free
   801                           	line	53
   802                           	
   803  007F96                     l1842:
   804                           ;lcd.c: 53: ready();
   805  007F96  EC3E  F03F         	call	_ready	;wreg free
   806                           	line	54
   807                           	
   808  007F9A                     l1844:
   809                           ;lcd.c: 54: for(int au=1;au<20;au++){
   810  007F9A  0E00               	movlw	high(01h)
   811  007F9C  6E1F               	movwf	((c:main@au+1)),c
   812  007F9E  0E01               	movlw	low(01h)
   813  007FA0  6E1E               	movwf	((c:main@au)),c
   814                           	
   815  007FA2                     l1846:
   816  007FA2  501F               	movf	((c:main@au+1)),c,w
   817  007FA4  0A80               	xorlw	80h
   818  007FA6  0F80               	addlw	-((0)^80h)
   819  007FA8  0E14               	movlw	014h
   820  007FAA  B4D8               	btfsc	status,2
   821  007FAC  5C1E               	subwf	((c:main@au)),c,w
   822  007FAE  A0D8               	btfss	status,0
   823  007FB0  D001               	goto	u1861
   824  007FB2  D001               	goto	u1860
   825  007FB4                     u1861:
   826  007FB4  D002               	goto	l1850
   827  007FB6                     u1860:
   828  007FB6  D022               	goto	l39
   829                           	
   830  007FB8                     l1848:
   831  007FB8  D021               	goto	l39
   832                           	
   833  007FBA                     l37:
   834                           	line	55
   835                           	
   836  007FBA                     l1850:
   837                           ;lcd.c: 55: lcddata(str[au]);
   838  007FBA  0E07               	movlw	low((c:main@str))
   839  007FBC  241E               	addwf	((c:main@au)),c,w
   840  007FBE  6ED9               	movwf	c:fsr2l
   841  007FC0  6ADA               	clrf	1+c:fsr2l
   842  007FC2  0E00               	movlw	high((c:main@str))
   843  007FC4  22DA               	addwfc	1+c:fsr2l
   844  007FC6  50DF               	movf	indf2,w
   845  007FC8  6E05               	movwf	((c:?_lcddata)),c
   846  007FCA  EC21  F03F         	call	_lcddata	;wreg free
   847                           	line	56
   848                           	
   849  007FCE                     l1852:
   850                           ;lcd.c: 56: ready();
   851  007FCE  EC3E  F03F         	call	_ready	;wreg free
   852                           	line	58
   853                           	
   854  007FD2                     l1854:
   855                           ;lcd.c: 58: lcdcmd(0x1C);
   856  007FD2  6E06               	movwf	(??_main+0+0)&0ffh,c
   857  007FD4  0E1C               	movlw	low(01Ch)
   858  007FD6  6E05               	movwf	((c:?_lcdcmd)),c
   859  007FD8  5006               	movf	(??_main+0+0)&0ffh,c,w
   860  007FDA  EC2A  F03F         	call	_lcdcmd	;wreg free
   861                           	line	59
   862                           	
   863  007FDE                     l1856:
   864                           ;lcd.c: 59: ready();
   865  007FDE  EC3E  F03F         	call	_ready	;wreg free
   866                           	line	54
   867                           	
   868  007FE2                     l1858:
   869  007FE2  4A1E               	infsnz	((c:main@au)),c
   870  007FE4  2A1F               	incf	((c:main@au+1)),c
   871                           	
   872  007FE6                     l1860:
   873  007FE6  501F               	movf	((c:main@au+1)),c,w
   874  007FE8  0A80               	xorlw	80h
   875  007FEA  0F80               	addlw	-((0)^80h)
   876  007FEC  0E14               	movlw	014h
   877  007FEE  B4D8               	btfsc	status,2
   878  007FF0  5C1E               	subwf	((c:main@au)),c,w
   879  007FF2  A0D8               	btfss	status,0
   880  007FF4  D001               	goto	u1871
   881  007FF6  D001               	goto	u1870
   882  007FF8                     u1871:
   883  007FF8  D7E0               	goto	l1850
   884  007FFA                     u1870:
   885  007FFA  D000               	goto	l39
   886                           	
   887  007FFC                     l38:
   888                           	line	62
   889                           	
   890  007FFC                     l39:
   891                           	global	start
   892  007FFC  EF00  F000         	goto	start
   893                           	opt stack 0
   894                           GLOBAL	__end_of_main
   895  008000                     	__end_of_main:
   896                           	signat	_main,90
   897                           	global	_ready
   898                           
   899 ;; *************** function _ready *****************
   900 ;; Defined at:
   901 ;;		line 25 in file "D:\Aumrudh Documents\mepco\lab\sem6-Lab\embedded\even\embedded\ex5\lcd.c"
   902 ;; Parameters:    Size  Location     Type
   903 ;;		None
   904 ;; Auto vars:     Size  Location     Type
   905 ;;		None
   906 ;; Return value:  Size  Location     Type
   907 ;;		None               void
   908 ;; Registers used:
   909 ;;		wreg, status,2, status,0, cstack
   910 ;; Tracked objects:
   911 ;;		On entry : 0/0
   912 ;;		On exit  : 0/0
   913 ;;		Unchanged: 0/0
   914 ;; Data sizes:     COMRAM   BANK0   BANK1   BANK2   BANK3   BANK4   BANK5
   915 ;;      Params:         0       0       0       0       0       0       0
   916 ;;      Locals:         0       0       0       0       0       0       0
   917 ;;      Temps:          0       0       0       0       0       0       0
   918 ;;      Totals:         0       0       0       0       0       0       0
   919 ;;Total ram usage:        0 bytes
   920 ;; Hardware stack levels used:    1
   921 ;; Hardware stack levels required when called:    1
   922 ;; This function calls:
   923 ;;		_delay
   924 ;; This function is called by:
   925 ;;		_main
   926 ;; This function uses a non-reentrant model
   927 ;;
   928                           psect	text1,class=CODE,space=0,reloc=2
   929                           global __ptext1
   930  007E7C                     __ptext1:
   931                           psect	text1
   932                           	file	"D:\Aumrudh Documents\mepco\lab\sem6-Lab\embedded\even\embedded\ex5\lcd.c"
   933                           	line	25
   934                           	global	__size_of_ready
   935  0000                     	__size_of_ready	equ	__end_of_ready-_ready
   936                           	
   937  007E7C                     _ready:
   938                           	opt	stack 29
   939                           	line	26
   940                           	
   941  007E7C                     l1802:
   942                           ;lcd.c: 26: TRISC=0xFF;
   943  007E7C  6894               	setf	((c:3988)),c	;volatile
   944                           	line	27
   945                           ;lcd.c: 27: RB0=0;
   946  007E7E  9081               	bcf	c:(31752/8),(31752)&7	;volatile
   947                           	line	28
   948                           ;lcd.c: 28: RB1=1;
   949  007E80  8281               	bsf	c:(31753/8),(31753)&7	;volatile
   950                           	line	29
   951                           ;lcd.c: 29: do{
   952                           	
   953  007E82                     l30:
   954                           	line	30
   955                           ;lcd.c: 30: RB2=1;
   956  007E82  8481               	bsf	c:(31754/8),(31754)&7	;volatile
   957                           	line	31
   958                           	
   959  007E84                     l1804:
   960                           ;lcd.c: 31: delay();
   961  007E84  EC60  F03F         	call	_delay	;wreg free
   962                           	line	32
   963                           	
   964  007E88                     l1806:
   965                           ;lcd.c: 32: RB2=0;
   966  007E88  9481               	bcf	c:(31754/8),(31754)&7	;volatile
   967                           	line	33
   968                           	
   969  007E8A                     l1808:
   970                           ;lcd.c: 33: }while(RC7==1);
   971  007E8A  BE82               	btfsc	c:(31767/8),(31767)&7	;volatile
   972  007E8C  D001               	goto	u1841
   973  007E8E  D001               	goto	u1840
   974  007E90                     u1841:
   975  007E90  D7F8               	goto	l30
   976  007E92                     u1840:
   977  007E92  D000               	goto	l1810
   978                           	
   979  007E94                     l31:
   980                           	line	34
   981                           	
   982  007E94                     l1810:
   983                           ;lcd.c: 34: TRISC=0;
   984  007E94  0E00               	movlw	low(0)
   985  007E96  6E94               	movwf	((c:3988)),c	;volatile
   986                           	line	35
   987                           	
   988  007E98                     l32:
   989  007E98  0012               	return
   990                           	opt stack 0
   991                           GLOBAL	__end_of_ready
   992  007E9A                     	__end_of_ready:
   993                           	signat	_ready,88
   994                           	global	_lcdcmd
   995                           
   996 ;; *************** function _lcdcmd *****************
   997 ;; Defined at:
   998 ;;		line 7 in file "D:\Aumrudh Documents\mepco\lab\sem6-Lab\embedded\even\embedded\ex5\lcd.c"
   999 ;; Parameters:    Size  Location     Type
  1000 ;;  a               1    4[COMRAM] unsigned char 
  1001 ;; Auto vars:     Size  Location     Type
  1002 ;;		None
  1003 ;; Return value:  Size  Location     Type
  1004 ;;		None               void
  1005 ;; Registers used:
  1006 ;;		wreg, status,2, status,0, cstack
  1007 ;; Tracked objects:
  1008 ;;		On entry : 0/0
  1009 ;;		On exit  : 0/0
  1010 ;;		Unchanged: 0/0
  1011 ;; Data sizes:     COMRAM   BANK0   BANK1   BANK2   BANK3   BANK4   BANK5
  1012 ;;      Params:         1       0       0       0       0       0       0
  1013 ;;      Locals:         0       0       0       0       0       0       0
  1014 ;;      Temps:          0       0       0       0       0       0       0
  1015 ;;      Totals:         1       0       0       0       0       0       0
  1016 ;;Total ram usage:        1 bytes
  1017 ;; Hardware stack levels used:    1
  1018 ;; Hardware stack levels required when called:    1
  1019 ;; This function calls:
  1020 ;;		_delay
  1021 ;; This function is called by:
  1022 ;;		_main
  1023 ;; This function uses a non-reentrant model
  1024 ;;
  1025                           psect	text2,class=CODE,space=0,reloc=2
  1026                           global __ptext2
  1027  007E54                     __ptext2:
  1028                           psect	text2
  1029                           	file	"D:\Aumrudh Documents\mepco\lab\sem6-Lab\embedded\even\embedded\ex5\lcd.c"
  1030                           	line	7
  1031                           	global	__size_of_lcdcmd
  1032  0000                     	__size_of_lcdcmd	equ	__end_of_lcdcmd-_lcdcmd
  1033                           	
  1034  007E54                     _lcdcmd:
  1035                           	opt	stack 29
  1036                           	line	8
  1037                           	
  1038  007E54                     l1790:
  1039                           ;lcd.c: 8: PORTC=a;
  1040  007E54  C005  FF82         	movff	(c:lcdcmd@a),(c:3970)	;volatile
  1041                           	line	9
  1042                           ;lcd.c: 9: RB0=0;
  1043  007E58  9081               	bcf	c:(31752/8),(31752)&7	;volatile
  1044                           	line	10
  1045                           ;lcd.c: 10: RB1=0;
  1046  007E5A  9281               	bcf	c:(31753/8),(31753)&7	;volatile
  1047                           	line	11
  1048                           ;lcd.c: 11: RB2=1;
  1049  007E5C  8481               	bsf	c:(31754/8),(31754)&7	;volatile
  1050                           	line	12
  1051                           	
  1052  007E5E                     l1792:
  1053                           ;lcd.c: 12: delay();
  1054  007E5E  EC60  F03F         	call	_delay	;wreg free
  1055                           	line	13
  1056                           	
  1057  007E62                     l1794:
  1058                           ;lcd.c: 13: RB2=0;
  1059  007E62  9481               	bcf	c:(31754/8),(31754)&7	;volatile
  1060                           	line	14
  1061                           	
  1062  007E64                     l24:
  1063  007E64  0012               	return
  1064                           	opt stack 0
  1065                           GLOBAL	__end_of_lcdcmd
  1066  007E66                     	__end_of_lcdcmd:
  1067                           	signat	_lcdcmd,4216
  1068                           	global	_lcddata
  1069                           
  1070 ;; *************** function _lcddata *****************
  1071 ;; Defined at:
  1072 ;;		line 16 in file "D:\Aumrudh Documents\mepco\lab\sem6-Lab\embedded\even\embedded\ex5\lcd.c"
  1073 ;; Parameters:    Size  Location     Type
  1074 ;;  a               1    4[COMRAM] unsigned char 
  1075 ;; Auto vars:     Size  Location     Type
  1076 ;;		None
  1077 ;; Return value:  Size  Location     Type
  1078 ;;		None               void
  1079 ;; Registers used:
  1080 ;;		wreg, status,2, status,0, cstack
  1081 ;; Tracked objects:
  1082 ;;		On entry : 0/0
  1083 ;;		On exit  : 0/0
  1084 ;;		Unchanged: 0/0
  1085 ;; Data sizes:     COMRAM   BANK0   BANK1   BANK2   BANK3   BANK4   BANK5
  1086 ;;      Params:         1       0       0       0       0       0       0
  1087 ;;      Locals:         0       0       0       0       0       0       0
  1088 ;;      Temps:          0       0       0       0       0       0       0
  1089 ;;      Totals:         1       0       0       0       0       0       0
  1090 ;;Total ram usage:        1 bytes
  1091 ;; Hardware stack levels used:    1
  1092 ;; Hardware stack levels required when called:    1
  1093 ;; This function calls:
  1094 ;;		_delay
  1095 ;; This function is called by:
  1096 ;;		_main
  1097 ;; This function uses a non-reentrant model
  1098 ;;
  1099                           psect	text3,class=CODE,space=0,reloc=2
  1100                           global __ptext3
  1101  007E42                     __ptext3:
  1102                           psect	text3
  1103                           	file	"D:\Aumrudh Documents\mepco\lab\sem6-Lab\embedded\even\embedded\ex5\lcd.c"
  1104                           	line	16
  1105                           	global	__size_of_lcddata
  1106  0000                     	__size_of_lcddata	equ	__end_of_lcddata-_lcddata
  1107                           	
  1108  007E42                     _lcddata:
  1109                           	opt	stack 29
  1110                           	line	17
  1111                           	
  1112  007E42                     l1796:
  1113                           ;lcd.c: 17: PORTC=a;
  1114  007E42  C005  FF82         	movff	(c:lcddata@a),(c:3970)	;volatile
  1115                           	line	18
  1116                           ;lcd.c: 18: RB0=1;
  1117  007E46  8081               	bsf	c:(31752/8),(31752)&7	;volatile
  1118                           	line	19
  1119                           ;lcd.c: 19: RB1=0;
  1120  007E48  9281               	bcf	c:(31753/8),(31753)&7	;volatile
  1121                           	line	20
  1122                           ;lcd.c: 20: RB2=1;
  1123  007E4A  8481               	bsf	c:(31754/8),(31754)&7	;volatile
  1124                           	line	21
  1125                           	
  1126  007E4C                     l1798:
  1127                           ;lcd.c: 21: delay();
  1128  007E4C  EC60  F03F         	call	_delay	;wreg free
  1129                           	line	22
  1130                           	
  1131  007E50                     l1800:
  1132                           ;lcd.c: 22: RB2=0;
  1133  007E50  9481               	bcf	c:(31754/8),(31754)&7	;volatile
  1134                           	line	23
  1135                           	
  1136  007E52                     l27:
  1137  007E52  0012               	return
  1138                           	opt stack 0
  1139                           GLOBAL	__end_of_lcddata
  1140  007E54                     	__end_of_lcddata:
  1141                           	signat	_lcddata,4216
  1142                           	global	_delay
  1143                           
  1144 ;; *************** function _delay *****************
  1145 ;; Defined at:
  1146 ;;		line 3 in file "D:\Aumrudh Documents\mepco\lab\sem6-Lab\embedded\even\embedded\ex5\lcd.c"
  1147 ;; Parameters:    Size  Location     Type
  1148 ;;		None
  1149 ;; Auto vars:     Size  Location     Type
  1150 ;;  i               4    0[COMRAM] unsigned long 
  1151 ;; Return value:  Size  Location     Type
  1152 ;;		None               void
  1153 ;; Registers used:
  1154 ;;		wreg, status,2, status,0
  1155 ;; Tracked objects:
  1156 ;;		On entry : 0/0
  1157 ;;		On exit  : 0/0
  1158 ;;		Unchanged: 0/0
  1159 ;; Data sizes:     COMRAM   BANK0   BANK1   BANK2   BANK3   BANK4   BANK5
  1160 ;;      Params:         0       0       0       0       0       0       0
  1161 ;;      Locals:         4       0       0       0       0       0       0
  1162 ;;      Temps:          0       0       0       0       0       0       0
  1163 ;;      Totals:         4       0       0       0       0       0       0
  1164 ;;Total ram usage:        4 bytes
  1165 ;; Hardware stack levels used:    1
  1166 ;; This function calls:
  1167 ;;		Nothing
  1168 ;; This function is called by:
  1169 ;;		_lcdcmd
  1170 ;;		_lcddata
  1171 ;;		_ready
  1172 ;; This function uses a non-reentrant model
  1173 ;;
  1174                           psect	text4,class=CODE,space=0,reloc=2
  1175                           global __ptext4
  1176  007EC0                     __ptext4:
  1177                           psect	text4
  1178                           	file	"D:\Aumrudh Documents\mepco\lab\sem6-Lab\embedded\even\embedded\ex5\lcd.c"
  1179                           	line	3
  1180                           	global	__size_of_delay
  1181  0000                     	__size_of_delay	equ	__end_of_delay-_delay
  1182                           	
  1183  007EC0                     _delay:
  1184                           	opt	stack 29
  1185                           	line	4
  1186                           	
  1187  007EC0                     l618:
  1188                           ;lcd.c: 4: for(unsigned long int i=0;i<100;i++)
  1189  007EC0  0E00               	movlw	low(0)
  1190  007EC2  6E01               	movwf	((c:delay@i)),c
  1191  007EC4  0E00               	movlw	high(0)
  1192  007EC6  6E02               	movwf	((c:delay@i+1)),c
  1193  007EC8  0E00               	movlw	low highword(0)
  1194  007ECA  6E03               	movwf	((c:delay@i+2)),c
  1195  007ECC  0E00               	movlw	high highword(0)
  1196  007ECE  6E04               	movwf	((c:delay@i+3)),c
  1197                           	
  1198  007ED0                     l620:
  1199  007ED0  0E64               	movlw	low(064h)
  1200  007ED2  5C01               	subwf	((c:delay@i)),c,w
  1201  007ED4  0E00               	movlw	high(064h)
  1202  007ED6  5802               	subwfb	((c:delay@i+1)),c,w
  1203  007ED8  0E00               	movlw	low highword(064h)
  1204  007EDA  5803               	subwfb	((c:delay@i+2)),c,w
  1205  007EDC  0E00               	movlw	high highword(064h)
  1206  007EDE  5804               	subwfb	((c:delay@i+3)),c,w
  1207  007EE0  A0D8               	btfss	status,0
  1208  007EE2  D001               	goto	u11
  1209  007EE4  D001               	goto	u10
  1210  007EE6                     u11:
  1211  007EE6  D002               	goto	l624
  1212  007EE8                     u10:
  1213  007EE8  D016               	goto	l21
  1214                           	
  1215  007EEA                     l622:
  1216  007EEA  D015               	goto	l21
  1217                           	line	5
  1218                           	
  1219  007EEC                     l19:
  1220                           	line	4
  1221                           	
  1222  007EEC                     l624:
  1223                           ;lcd.c: 5: {}
  1224  007EEC  0E01               	movlw	01h
  1225  007EEE  2601               	addwf	((c:delay@i)),c
  1226  007EF0  0E00               	movlw	0
  1227  007EF2  2202               	addwfc	((c:delay@i+1)),c
  1228  007EF4  0E00               	movlw	0
  1229  007EF6  2203               	addwfc	((c:delay@i+2)),c
  1230  007EF8  0E00               	movlw	0
  1231  007EFA  2204               	addwfc	((c:delay@i+3)),c
  1232  007EFC  0E64               	movlw	low(064h)
  1233  007EFE  5C01               	subwf	((c:delay@i)),c,w
  1234  007F00  0E00               	movlw	high(064h)
  1235  007F02  5802               	subwfb	((c:delay@i+1)),c,w
  1236  007F04  0E00               	movlw	low highword(064h)
  1237  007F06  5803               	subwfb	((c:delay@i+2)),c,w
  1238  007F08  0E00               	movlw	high highword(064h)
  1239  007F0A  5804               	subwfb	((c:delay@i+3)),c,w
  1240  007F0C  A0D8               	btfss	status,0
  1241  007F0E  D001               	goto	u21
  1242  007F10  D001               	goto	u20
  1243  007F12                     u21:
  1244  007F12  D7EC               	goto	l624
  1245  007F14                     u20:
  1246  007F14  D000               	goto	l21
  1247                           	
  1248  007F16                     l20:
  1249                           	line	6
  1250                           	
  1251  007F16                     l21:
  1252  007F16  0012               	return
  1253                           	opt stack 0
  1254                           GLOBAL	__end_of_delay
  1255  007F18                     	__end_of_delay:
  1256                           	signat	_delay,88
  1257                           	GLOBAL	__activetblptr
  1258  0000                     __activetblptr	EQU	0
  1259                           	psect	intsave_regs,class=BIGRAM,space=1
  1260                           psect	text5,class=CODE,space=0,reloc=2
  1261                           global __ptext5
  1262  000000                     __ptext5:
  1263                           	PSECT	rparam,class=COMRAM,space=1
  1264                           	GLOBAL	__Lrparam
  1265                           	FNCONF	rparam,??,?
  1266                           GLOBAL	__Lparam, __Hparam
  1267                           GLOBAL	__Lrparam, __Hrparam
  1268  0000                     __Lparam	EQU	__Lrparam
  1269  0000                     __Hparam	EQU	__Hrparam


Data Sizes:
    Strings     0
    Constant    0
    Data        22
    BSS         0
    Persistent  0
    Stack       0

Auto Spaces:
    Space          Size  Autos    Used
    COMRAM          127     31      53
    BANK0           128      0       0
    BANK1           256      0       0
    BANK2           256      0       0
    BANK3           256      0       0
    BANK4           256      0       0
    BANK5           256      0       0

Pointer List with Targets:

    None.

Critical Paths under _main in COMRAM

    _main->_lcdcmd
    _main->_lcddata
    _ready->_delay
    _lcdcmd->_delay
    _lcddata->_delay

Critical Paths under _main in BANK0

    None.

Critical Paths under _main in BANK1

    None.

Critical Paths under _main in BANK2

    None.

Critical Paths under _main in BANK3

    None.

Critical Paths under _main in BANK4

    None.

Critical Paths under _main in BANK5

    None.

Call Graph Tables:

 ---------------------------------------------------------------------------------
 (Depth) Function   	        Calls       Base Space   Used Autos Params    Refs
 ---------------------------------------------------------------------------------
 (0) _main                                                26    26      0     180
                                              5 COMRAM    26    26      0
                             _lcdcmd
                              _ready
                            _lcddata
 ---------------------------------------------------------------------------------
 (1) _ready                                                0     0      0      30
                              _delay
 ---------------------------------------------------------------------------------
 (1) _lcdcmd                                               1     0      1      45
                                              4 COMRAM     1     0      1
                              _delay
 ---------------------------------------------------------------------------------
 (1) _lcddata                                              1     0      1      45
                                              4 COMRAM     1     0      1
                              _delay
 ---------------------------------------------------------------------------------
 (2) _delay                                                4     4      0      30
                                              0 COMRAM     4     4      0
 ---------------------------------------------------------------------------------
 Estimated maximum stack depth 2
 ---------------------------------------------------------------------------------

 Call Graph Graphs:

 _main (ROOT)
   _lcdcmd
     _delay
   _ready
     _delay
   _lcddata
     _delay

 Address spaces:
Name               Size   Autos  Total    Cost      Usage
BIGRAM             5FF      0       0      17        0.0%
EEDATA             100      0       0       0        0.0%
BITBANK5           100      0       0      16        0.0%
BANK5              100      0       0      14        0.0%
BITBANK4           100      0       0      12        0.0%
BANK4              100      0       0      13        0.0%
BITBANK3           100      0       0      10        0.0%
BANK3              100      0       0      11        0.0%
BITBANK2           100      0       0       8        0.0%
BANK2              100      0       0       9        0.0%
BITBANK1           100      0       0       6        0.0%
BANK1              100      0       0       7        0.0%
BITBANK0            80      0       0       4        0.0%
BANK0               80      0       0       5        0.0%
BITCOMRAM           7F      0       0       0        0.0%
COMRAM              7F     1F      35       1       41.7%
BITSFR               0      0       0      40        0.0%
SFR                  0      0       0      40        0.0%
STACK                0      0       2       2        0.0%
NULL                 0      0       0       0        0.0%
ABS                  0      0      35      15        0.0%
DATA                 0      0      37       3        0.0%
CODE                 0      0       0       0        0.0%


HI-TECH Software PICC-18 Macro Assembler V9.80 build 11162 
Symbol Table                                                                                   Tue Mar 30 05:38:16 2021

                  l20 7F16                    l21 7F16                    l30 7E82                    l31 7E94  
                  l24 7E64                    l32 7E98                    l19 7EEC                    l27 7E52  
                  l37 7FBA                    l38 7FFC                    l39 7FFC                    u10 7EE8  
                  u11 7EE6                    u20 7F14                    u21 7F12                   l620 7ED0  
                 l622 7EEA                   l624 7EEC                   l618 7EC0                   _RB0 007C08  
                 _RB1 007C09                   _RB2 007C0A                   _RC7 007C17                   wreg 000FE8  
                l1800 7E50                  l1810 7E94                  l1802 7E7C                  l1804 7E84  
                l1820 7F3A                  l1812 7F18                  l1806 7E88                  l1830 7F66  
                l1822 7F46                  l1814 7F2A                  l1808 7E8A                  l1840 7F8A  
                l1832 7F6A                  l1824 7F4A                  l1816 7F32                  l1850 7FBA  
                l1842 7F96                  l1834 7F76                  l1826 7F56                  l1818 7F36  
                l1860 7FE6                  l1852 7FCE                  l1844 7F9A                  l1836 7F7A  
                l1828 7F5A                  l1790 7E54                  l1854 7FD2                  l1846 7FA2  
                l1838 7F86                  l1792 7E5E                  l1856 7FDE                  l1848 7FB8  
                l1794 7E62                  l1858 7FE2                  l1796 7E42                  l1798 7E4C  
                u1840 7E92                  u1841 7E90                  u1851 7F22                  u1860 7FB6  
                u1861 7FB4                  u1870 7FFA                  u1871 7FF8                  _main 7F18  
                fsr1l 000FE1                  indf2 000FDF                  fsr2l 000FD9                  start 0000  
               ?_main 0001                 _PORTC 000F82                 _TRISB 000F93                 _TRISC 000F94  
               _TRISD 000F95       __end_of_lcddata 7E54                 _delay 7EC0                 _ready 7E7C  
               main@i 001D                 tablat 000FF5                 status 000FD8          __end_of_main 8000  
              ??_main 0006         __activetblptr 000000                ?_delay 0001                ?_ready 0001  
              _lcdcmd 7E54                delay@i 0001                main@au 001E             ??_lcddata 0006  
        __pdataCOMRAM 0020                tblptrh 000FF7                tblptrl 000FF6                tblptru 000FF8  
          __accesstop 0080        __pcstackCOMRAM 0001         __end_of_delay 7F18         __end_of_ready 7E9A  
             ??_delay 0001               ??_ready 0005               ?_lcdcmd 0005               __Hparam 0000  
             __Lparam 0000       __size_of_lcdcmd 0012               __pcinit 7E9A               __ramtop 0600  
             __ptext0 7F18               __ptext1 7E7C               __ptext2 7E54               __ptext3 7E42  
             __ptext4 7EC0               __ptext5 0000               _lcddata 7E42               lcdcmd@a 0005  
             main@str 0007  end_of_initialization 7EBA               postdec1 000FE5               postinc0 000FEE  
             postinc1 000FE6               postinc2 000FDE         __pidataCOMRAM 7E66        __end_of_lcdcmd 7E66  
 start_initialization 7E9A              ??_lcdcmd 0006              ?_lcddata 0005        __size_of_delay 0058  
      __size_of_ready 001E             main@F4455 0020             copy_data0 7EAE              __Hrparam 0000  
            __Lrparam 0000      __size_of_lcddata 0012         __size_of_main 00E8              lcddata@a 0005  
