

HI-TECH Software PIC18 LITE Macro Assembler V9.80 build 11162 
                                                                                               Thu Mar 04 16:10:41 2021

HI-TECH Software Omniscient Code Generator (Lite mode) build 11162
     1  0000                     opt subtitle "HI-TECH Software Omniscient Code Generator (Lite mode) build 11162"
     2                           
     3                           opt pagewidth 120
     4                           
     5                           	opt lm
     6                           
     7                           	processor	18F4520
     8  0000                     porta	equ	0F80h
     9  0000                     portb	equ	0F81h
    10  0000                     portc	equ	0F82h
    11  0000                     portd	equ	0F83h
    12  0000                     porte	equ	0F84h
    13  0000                     lata	equ	0F89h
    14  0000                     latb	equ	0F8Ah
    15  0000                     latc	equ	0F8Bh
    16  0000                     latd	equ	0F8Ch
    17  0000                     late	equ	0F8Dh
    18  0000                     trisa	equ	0F92h
    19  0000                     trisb	equ	0F93h
    20  0000                     trisc	equ	0F94h
    21  0000                     trisd	equ	0F95h
    22  0000                     trise	equ	0F96h
    23  0000                     pie1	equ	0F9Dh
    24  0000                     pir1	equ	0F9Eh
    25  0000                     ipr1	equ	0F9Fh
    26  0000                     pie2	equ	0FA0h
    27  0000                     pir2	equ	0FA1h
    28  0000                     ipr2	equ	0FA2h
    29  0000                     t3con	equ	0FB1h
    30  0000                     tmr3l	equ	0FB2h
    31  0000                     tmr3h	equ	0FB3h
    32  0000                     ccp1con	equ	0FBDh
    33  0000                     ccpr1l	equ	0FBEh
    34  0000                     ccpr1h	equ	0FBFh
    35  0000                     adcon1	equ	0FC1h
    36  0000                     adcon0	equ	0FC2h
    37  0000                     adresl	equ	0FC3h
    38  0000                     adresh	equ	0FC4h
    39  0000                     sspcon2	equ	0FC5h
    40  0000                     sspcon1	equ	0FC6h
    41  0000                     sspstat	equ	0FC7h
    42  0000                     sspadd	equ	0FC8h
    43  0000                     sspbuf	equ	0FC9h
    44  0000                     t2con	equ	0FCAh
    45  0000                     pr2	equ	0FCBh
    46  0000                     tmr2	equ	0FCCh
    47  0000                     t1con	equ	0FCDh
    48  0000                     tmr1l	equ	0FCEh
    49  0000                     tmr1h	equ	0FCFh
    50  0000                     rcon	equ	0FD0h
    51  0000                     wdtcon	equ	0FD1h
    52  0000                     lvdcon	equ	0FD2h
    53  0000                     osccon	equ	0FD3h
    54  0000                     t0con	equ	0FD5h
    55  0000                     tmr0l	equ	0FD6h
    56  0000                     tmr0h	equ	0FD7h
    57  0000                     status	equ	0FD8h
    58  0000                     fsr2	equ	0FD9h
    59  0000                     fsr2l	equ	0FD9h
    60  0000                     fsr2h	equ	0FDAh
    61  0000                     plusw2	equ	0FDBh
    62  0000                     preinc2	equ	0FDCh
    63  0000                     postdec2	equ	0FDDh
    64  0000                     postinc2	equ	0FDEh
    65  0000                     indf2	equ	0FDFh
    66  0000                     bsr	equ	0FE0h
    67  0000                     fsr1	equ	0FE1h
    68  0000                     fsr1l	equ	0FE1h
    69  0000                     fsr1h	equ	0FE2h
    70  0000                     plusw1	equ	0FE3h
    71  0000                     preinc1	equ	0FE4h
    72  0000                     postdec1	equ	0FE5h
    73  0000                     postinc1	equ	0FE6h
    74  0000                     indf1	equ	0FE7h
    75  0000                     wreg	equ	0FE8h
    76  0000                     fsr0	equ	0FE9h
    77  0000                     fsr0l	equ	0FE9h
    78  0000                     fsr0h	equ	0FEAh
    79  0000                     plusw0	equ	0FEBh
    80  0000                     preinc0	equ	0FECh
    81  0000                     postdec0	equ	0FEDh
    82  0000                     postinc0	equ	0FEEh
    83  0000                     indf0	equ	0FEFh
    84  0000                     intcon3	equ	0FF0h
    85  0000                     intcon2	equ	0FF1h
    86  0000                     intcon	equ	0FF2h
    87  0000                     prod	equ	0FF3h
    88  0000                     prodl	equ	0FF3h
    89  0000                     prodh	equ	0FF4h
    90  0000                     tablat	equ	0FF5h
    91  0000                     tblptr	equ	0FF6h
    92  0000                     tblptrl	equ	0FF6h
    93  0000                     tblptrh	equ	0FF7h
    94  0000                     tblptru	equ	0FF8h
    95  0000                     pcl	equ	0FF9h
    96  0000                     pclat	equ	0FFAh
    97  0000                     pclath	equ	0FFAh
    98  0000                     pclatu	equ	0FFBh
    99  0000                     stkptr	equ	0FFCh
   100  0000                     tosl	equ	0FFDh
   101  0000                     tosh	equ	0FFEh
   102  0000                     tosu	equ	0FFFh
   103                           skipnz macro
   104                           	btfsc	status,2
   105  0000                     	endm
   106                           	global	__ramtop
   107                           	global	__accesstop
   108                           # 19 "C:\Program Files (x86)\HI-TECH Software\PICC-18\9.80\include\pic18f4520.h"
   109  0000                     PORTA equ 0F80h ;# 
   110                           # 90 "C:\Program Files (x86)\HI-TECH Software\PICC-18\9.80\include\pic18f4520.h"
   111  0000                     PORTB equ 0F81h ;# 
   112                           # 139 "C:\Program Files (x86)\HI-TECH Software\PICC-18\9.80\include\pic18f4520.h"
   113  0000                     PORTC equ 0F82h ;# 
   114                           # 194 "C:\Program Files (x86)\HI-TECH Software\PICC-18\9.80\include\pic18f4520.h"
   115  0000                     PORTD equ 0F83h ;# 
   116                           # 236 "C:\Program Files (x86)\HI-TECH Software\PICC-18\9.80\include\pic18f4520.h"
   117  0000                     PORTE equ 0F84h ;# 
   118                           # 365 "C:\Program Files (x86)\HI-TECH Software\PICC-18\9.80\include\pic18f4520.h"
   119  0000                     LATA equ 0F89h ;# 
   120                           # 418 "C:\Program Files (x86)\HI-TECH Software\PICC-18\9.80\include\pic18f4520.h"
   121  0000                     LATB equ 0F8Ah ;# 
   122                           # 471 "C:\Program Files (x86)\HI-TECH Software\PICC-18\9.80\include\pic18f4520.h"
   123  0000                     LATC equ 0F8Bh ;# 
   124                           # 524 "C:\Program Files (x86)\HI-TECH Software\PICC-18\9.80\include\pic18f4520.h"
   125  0000                     LATD equ 0F8Ch ;# 
   126                           # 577 "C:\Program Files (x86)\HI-TECH Software\PICC-18\9.80\include\pic18f4520.h"
   127  0000                     LATE equ 0F8Dh ;# 
   128                           # 625 "C:\Program Files (x86)\HI-TECH Software\PICC-18\9.80\include\pic18f4520.h"
   129  0000                     TRISA equ 0F92h ;# 
   130                           # 630 "C:\Program Files (x86)\HI-TECH Software\PICC-18\9.80\include\pic18f4520.h"
   131  0000                     DDRA equ 0F92h ;# 
   132                           # 688 "C:\Program Files (x86)\HI-TECH Software\PICC-18\9.80\include\pic18f4520.h"
   133  0000                     TRISB equ 0F93h ;# 
   134                           # 693 "C:\Program Files (x86)\HI-TECH Software\PICC-18\9.80\include\pic18f4520.h"
   135  0000                     DDRB equ 0F93h ;# 
   136                           # 751 "C:\Program Files (x86)\HI-TECH Software\PICC-18\9.80\include\pic18f4520.h"
   137  0000                     TRISC equ 0F94h ;# 
   138                           # 756 "C:\Program Files (x86)\HI-TECH Software\PICC-18\9.80\include\pic18f4520.h"
   139  0000                     DDRC equ 0F94h ;# 
   140                           # 814 "C:\Program Files (x86)\HI-TECH Software\PICC-18\9.80\include\pic18f4520.h"
   141  0000                     TRISD equ 0F95h ;# 
   142                           # 819 "C:\Program Files (x86)\HI-TECH Software\PICC-18\9.80\include\pic18f4520.h"
   143  0000                     DDRD equ 0F95h ;# 
   144                           # 877 "C:\Program Files (x86)\HI-TECH Software\PICC-18\9.80\include\pic18f4520.h"
   145  0000                     TRISE equ 0F96h ;# 
   146                           # 882 "C:\Program Files (x86)\HI-TECH Software\PICC-18\9.80\include\pic18f4520.h"
   147  0000                     DDRE equ 0F96h ;# 
   148                           # 932 "C:\Program Files (x86)\HI-TECH Software\PICC-18\9.80\include\pic18f4520.h"
   149  0000                     OSCTUNE equ 0F9Bh ;# 
   150                           # 954 "C:\Program Files (x86)\HI-TECH Software\PICC-18\9.80\include\pic18f4520.h"
   151  0000                     PIE1 equ 0F9Dh ;# 
   152                           # 981 "C:\Program Files (x86)\HI-TECH Software\PICC-18\9.80\include\pic18f4520.h"
   153  0000                     PIR1 equ 0F9Eh ;# 
   154                           # 1017 "C:\Program Files (x86)\HI-TECH Software\PICC-18\9.80\include\pic18f4520.h"
   155  0000                     IPR1 equ 0F9Fh ;# 
   156                           # 1044 "C:\Program Files (x86)\HI-TECH Software\PICC-18\9.80\include\pic18f4520.h"
   157  0000                     PIE2 equ 0FA0h ;# 
   158                           # 1067 "C:\Program Files (x86)\HI-TECH Software\PICC-18\9.80\include\pic18f4520.h"
   159  0000                     PIR2 equ 0FA1h ;# 
   160                           # 1090 "C:\Program Files (x86)\HI-TECH Software\PICC-18\9.80\include\pic18f4520.h"
   161  0000                     IPR2 equ 0FA2h ;# 
   162                           # 1113 "C:\Program Files (x86)\HI-TECH Software\PICC-18\9.80\include\pic18f4520.h"
   163  0000                     EECON1 equ 0FA6h ;# 
   164                           # 1136 "C:\Program Files (x86)\HI-TECH Software\PICC-18\9.80\include\pic18f4520.h"
   165  0000                     EECON2 equ 0FA7h ;# 
   166                           # 1148 "C:\Program Files (x86)\HI-TECH Software\PICC-18\9.80\include\pic18f4520.h"
   167  0000                     EEDATA equ 0FA8h ;# 
   168                           # 1160 "C:\Program Files (x86)\HI-TECH Software\PICC-18\9.80\include\pic18f4520.h"
   169  0000                     EEADR equ 0FA9h ;# 
   170                           # 1172 "C:\Program Files (x86)\HI-TECH Software\PICC-18\9.80\include\pic18f4520.h"
   171  0000                     RCSTA equ 0FABh ;# 
   172                           # 1177 "C:\Program Files (x86)\HI-TECH Software\PICC-18\9.80\include\pic18f4520.h"
   173  0000                     RCSTA1 equ 0FABh ;# 
   174                           # 1225 "C:\Program Files (x86)\HI-TECH Software\PICC-18\9.80\include\pic18f4520.h"
   175  0000                     TXSTA equ 0FACh ;# 
   176                           # 1230 "C:\Program Files (x86)\HI-TECH Software\PICC-18\9.80\include\pic18f4520.h"
   177  0000                     TXSTA1 equ 0FACh ;# 
   178                           # 1324 "C:\Program Files (x86)\HI-TECH Software\PICC-18\9.80\include\pic18f4520.h"
   179  0000                     TXREG equ 0FADh ;# 
   180                           # 1329 "C:\Program Files (x86)\HI-TECH Software\PICC-18\9.80\include\pic18f4520.h"
   181  0000                     TXREG1 equ 0FADh ;# 
   182                           # 1347 "C:\Program Files (x86)\HI-TECH Software\PICC-18\9.80\include\pic18f4520.h"
   183  0000                     RCREG equ 0FAEh ;# 
   184                           # 1352 "C:\Program Files (x86)\HI-TECH Software\PICC-18\9.80\include\pic18f4520.h"
   185  0000                     RCREG1 equ 0FAEh ;# 
   186                           # 1370 "C:\Program Files (x86)\HI-TECH Software\PICC-18\9.80\include\pic18f4520.h"
   187  0000                     SPBRG equ 0FAFh ;# 
   188                           # 1375 "C:\Program Files (x86)\HI-TECH Software\PICC-18\9.80\include\pic18f4520.h"
   189  0000                     SPBRG1 equ 0FAFh ;# 
   190                           # 1393 "C:\Program Files (x86)\HI-TECH Software\PICC-18\9.80\include\pic18f4520.h"
   191  0000                     SPBRGH equ 0FB0h ;# 
   192                           # 1405 "C:\Program Files (x86)\HI-TECH Software\PICC-18\9.80\include\pic18f4520.h"
   193  0000                     T3CON equ 0FB1h ;# 
   194                           # 1446 "C:\Program Files (x86)\HI-TECH Software\PICC-18\9.80\include\pic18f4520.h"
   195  0000                     TMR3 equ 0FB2h ;# 
   196                           # 1458 "C:\Program Files (x86)\HI-TECH Software\PICC-18\9.80\include\pic18f4520.h"
   197  0000                     TMR3L equ 0FB2h ;# 
   198                           # 1470 "C:\Program Files (x86)\HI-TECH Software\PICC-18\9.80\include\pic18f4520.h"
   199  0000                     TMR3H equ 0FB3h ;# 
   200                           # 1482 "C:\Program Files (x86)\HI-TECH Software\PICC-18\9.80\include\pic18f4520.h"
   201  0000                     CMCON equ 0FB4h ;# 
   202                           # 1515 "C:\Program Files (x86)\HI-TECH Software\PICC-18\9.80\include\pic18f4520.h"
   203  0000                     CVRCON equ 0FB5h ;# 
   204                           # 1541 "C:\Program Files (x86)\HI-TECH Software\PICC-18\9.80\include\pic18f4520.h"
   205  0000                     ECCP1AS equ 0FB6h ;# 
   206                           # 1546 "C:\Program Files (x86)\HI-TECH Software\PICC-18\9.80\include\pic18f4520.h"
   207  0000                     ECCPAS equ 0FB6h ;# 
   208                           # 1588 "C:\Program Files (x86)\HI-TECH Software\PICC-18\9.80\include\pic18f4520.h"
   209  0000                     PWM1CON equ 0FB7h ;# 
   210                           # 1593 "C:\Program Files (x86)\HI-TECH Software\PICC-18\9.80\include\pic18f4520.h"
   211  0000                     ECCP1DEL equ 0FB7h ;# 
   212                           # 1631 "C:\Program Files (x86)\HI-TECH Software\PICC-18\9.80\include\pic18f4520.h"
   213  0000                     BAUDCON equ 0FB8h ;# 
   214                           # 1636 "C:\Program Files (x86)\HI-TECH Software\PICC-18\9.80\include\pic18f4520.h"
   215  0000                     BAUDCTL equ 0FB8h ;# 
   216                           # 1696 "C:\Program Files (x86)\HI-TECH Software\PICC-18\9.80\include\pic18f4520.h"
   217  0000                     CCP2CON equ 0FBAh ;# 
   218                           # 1722 "C:\Program Files (x86)\HI-TECH Software\PICC-18\9.80\include\pic18f4520.h"
   219  0000                     CCPR2 equ 0FBBh ;# 
   220                           # 1734 "C:\Program Files (x86)\HI-TECH Software\PICC-18\9.80\include\pic18f4520.h"
   221  0000                     CCPR2L equ 0FBBh ;# 
   222                           # 1746 "C:\Program Files (x86)\HI-TECH Software\PICC-18\9.80\include\pic18f4520.h"
   223  0000                     CCPR2H equ 0FBCh ;# 
   224                           # 1758 "C:\Program Files (x86)\HI-TECH Software\PICC-18\9.80\include\pic18f4520.h"
   225  0000                     CCP1CON equ 0FBDh ;# 
   226                           # 1787 "C:\Program Files (x86)\HI-TECH Software\PICC-18\9.80\include\pic18f4520.h"
   227  0000                     CCPR1 equ 0FBEh ;# 
   228                           # 1799 "C:\Program Files (x86)\HI-TECH Software\PICC-18\9.80\include\pic18f4520.h"
   229  0000                     CCPR1L equ 0FBEh ;# 
   230                           # 1811 "C:\Program Files (x86)\HI-TECH Software\PICC-18\9.80\include\pic18f4520.h"
   231  0000                     CCPR1H equ 0FBFh ;# 
   232                           # 1823 "C:\Program Files (x86)\HI-TECH Software\PICC-18\9.80\include\pic18f4520.h"
   233  0000                     ADCON2 equ 0FC0h ;# 
   234                           # 1846 "C:\Program Files (x86)\HI-TECH Software\PICC-18\9.80\include\pic18f4520.h"
   235  0000                     ADCON1 equ 0FC1h ;# 
   236                           # 1879 "C:\Program Files (x86)\HI-TECH Software\PICC-18\9.80\include\pic18f4520.h"
   237  0000                     ADCON0 equ 0FC2h ;# 
   238                           # 1934 "C:\Program Files (x86)\HI-TECH Software\PICC-18\9.80\include\pic18f4520.h"
   239  0000                     ADRES equ 0FC3h ;# 
   240                           # 1946 "C:\Program Files (x86)\HI-TECH Software\PICC-18\9.80\include\pic18f4520.h"
   241  0000                     ADRESL equ 0FC3h ;# 
   242                           # 1958 "C:\Program Files (x86)\HI-TECH Software\PICC-18\9.80\include\pic18f4520.h"
   243  0000                     ADRESH equ 0FC4h ;# 
   244                           # 1970 "C:\Program Files (x86)\HI-TECH Software\PICC-18\9.80\include\pic18f4520.h"
   245  0000                     SSPCON2 equ 0FC5h ;# 
   246                           # 1997 "C:\Program Files (x86)\HI-TECH Software\PICC-18\9.80\include\pic18f4520.h"
   247  0000                     SSPCON1 equ 0FC6h ;# 
   248                           # 2019 "C:\Program Files (x86)\HI-TECH Software\PICC-18\9.80\include\pic18f4520.h"
   249  0000                     SSPSTAT equ 0FC7h ;# 
   250                           # 2126 "C:\Program Files (x86)\HI-TECH Software\PICC-18\9.80\include\pic18f4520.h"
   251  0000                     SSPADD equ 0FC8h ;# 
   252                           # 2138 "C:\Program Files (x86)\HI-TECH Software\PICC-18\9.80\include\pic18f4520.h"
   253  0000                     SSPBUF equ 0FC9h ;# 
   254                           # 2150 "C:\Program Files (x86)\HI-TECH Software\PICC-18\9.80\include\pic18f4520.h"
   255  0000                     T2CON equ 0FCAh ;# 
   256                           # 2180 "C:\Program Files (x86)\HI-TECH Software\PICC-18\9.80\include\pic18f4520.h"
   257  0000                     PR2 equ 0FCBh ;# 
   258                           # 2185 "C:\Program Files (x86)\HI-TECH Software\PICC-18\9.80\include\pic18f4520.h"
   259  0000                     MEMCON equ 0FCBh ;# 
   260                           # 2203 "C:\Program Files (x86)\HI-TECH Software\PICC-18\9.80\include\pic18f4520.h"
   261  0000                     TMR2 equ 0FCCh ;# 
   262                           # 2215 "C:\Program Files (x86)\HI-TECH Software\PICC-18\9.80\include\pic18f4520.h"
   263  0000                     T1CON equ 0FCDh ;# 
   264                           # 2252 "C:\Program Files (x86)\HI-TECH Software\PICC-18\9.80\include\pic18f4520.h"
   265  0000                     TMR1 equ 0FCEh ;# 
   266                           # 2264 "C:\Program Files (x86)\HI-TECH Software\PICC-18\9.80\include\pic18f4520.h"
   267  0000                     TMR1L equ 0FCEh ;# 
   268                           # 2276 "C:\Program Files (x86)\HI-TECH Software\PICC-18\9.80\include\pic18f4520.h"
   269  0000                     TMR1H equ 0FCFh ;# 
   270                           # 2288 "C:\Program Files (x86)\HI-TECH Software\PICC-18\9.80\include\pic18f4520.h"
   271  0000                     RCON equ 0FD0h ;# 
   272                           # 2333 "C:\Program Files (x86)\HI-TECH Software\PICC-18\9.80\include\pic18f4520.h"
   273  0000                     WDTCON equ 0FD1h ;# 
   274                           # 2348 "C:\Program Files (x86)\HI-TECH Software\PICC-18\9.80\include\pic18f4520.h"
   275  0000                     HLVDCON equ 0FD2h ;# 
   276                           # 2353 "C:\Program Files (x86)\HI-TECH Software\PICC-18\9.80\include\pic18f4520.h"
   277  0000                     LVDCON equ 0FD2h ;# 
   278                           # 2423 "C:\Program Files (x86)\HI-TECH Software\PICC-18\9.80\include\pic18f4520.h"
   279  0000                     OSCCON equ 0FD3h ;# 
   280                           # 2448 "C:\Program Files (x86)\HI-TECH Software\PICC-18\9.80\include\pic18f4520.h"
   281  0000                     T0CON equ 0FD5h ;# 
   282                           # 2473 "C:\Program Files (x86)\HI-TECH Software\PICC-18\9.80\include\pic18f4520.h"
   283  0000                     TMR0 equ 0FD6h ;# 
   284                           # 2485 "C:\Program Files (x86)\HI-TECH Software\PICC-18\9.80\include\pic18f4520.h"
   285  0000                     TMR0L equ 0FD6h ;# 
   286                           # 2497 "C:\Program Files (x86)\HI-TECH Software\PICC-18\9.80\include\pic18f4520.h"
   287  0000                     TMR0H equ 0FD7h ;# 
   288                           # 2509 "C:\Program Files (x86)\HI-TECH Software\PICC-18\9.80\include\pic18f4520.h"
   289  0000                     STATUS equ 0FD8h ;# 
   290                           # 2540 "C:\Program Files (x86)\HI-TECH Software\PICC-18\9.80\include\pic18f4520.h"
   291  0000                     FSR2 equ 0FD9h ;# 
   292                           # 2552 "C:\Program Files (x86)\HI-TECH Software\PICC-18\9.80\include\pic18f4520.h"
   293  0000                     FSR2L equ 0FD9h ;# 
   294                           # 2564 "C:\Program Files (x86)\HI-TECH Software\PICC-18\9.80\include\pic18f4520.h"
   295  0000                     FSR2H equ 0FDAh ;# 
   296                           # 2576 "C:\Program Files (x86)\HI-TECH Software\PICC-18\9.80\include\pic18f4520.h"
   297  0000                     PLUSW2 equ 0FDBh ;# 
   298                           # 2588 "C:\Program Files (x86)\HI-TECH Software\PICC-18\9.80\include\pic18f4520.h"
   299  0000                     PREINC2 equ 0FDCh ;# 
   300                           # 2600 "C:\Program Files (x86)\HI-TECH Software\PICC-18\9.80\include\pic18f4520.h"
   301  0000                     POSTDEC2 equ 0FDDh ;# 
   302                           # 2612 "C:\Program Files (x86)\HI-TECH Software\PICC-18\9.80\include\pic18f4520.h"
   303  0000                     POSTINC2 equ 0FDEh ;# 
   304                           # 2624 "C:\Program Files (x86)\HI-TECH Software\PICC-18\9.80\include\pic18f4520.h"
   305  0000                     INDF2 equ 0FDFh ;# 
   306                           # 2636 "C:\Program Files (x86)\HI-TECH Software\PICC-18\9.80\include\pic18f4520.h"
   307  0000                     BSR equ 0FE0h ;# 
   308                           # 2648 "C:\Program Files (x86)\HI-TECH Software\PICC-18\9.80\include\pic18f4520.h"
   309  0000                     FSR1 equ 0FE1h ;# 
   310                           # 2660 "C:\Program Files (x86)\HI-TECH Software\PICC-18\9.80\include\pic18f4520.h"
   311  0000                     FSR1L equ 0FE1h ;# 
   312                           # 2672 "C:\Program Files (x86)\HI-TECH Software\PICC-18\9.80\include\pic18f4520.h"
   313  0000                     FSR1H equ 0FE2h ;# 
   314                           # 2684 "C:\Program Files (x86)\HI-TECH Software\PICC-18\9.80\include\pic18f4520.h"
   315  0000                     PLUSW1 equ 0FE3h ;# 
   316                           # 2696 "C:\Program Files (x86)\HI-TECH Software\PICC-18\9.80\include\pic18f4520.h"
   317  0000                     PREINC1 equ 0FE4h ;# 
   318                           # 2708 "C:\Program Files (x86)\HI-TECH Software\PICC-18\9.80\include\pic18f4520.h"
   319  0000                     POSTDEC1 equ 0FE5h ;# 
   320                           # 2720 "C:\Program Files (x86)\HI-TECH Software\PICC-18\9.80\include\pic18f4520.h"
   321  0000                     POSTINC1 equ 0FE6h ;# 
   322                           # 2732 "C:\Program Files (x86)\HI-TECH Software\PICC-18\9.80\include\pic18f4520.h"
   323  0000                     INDF1 equ 0FE7h ;# 
   324                           # 2744 "C:\Program Files (x86)\HI-TECH Software\PICC-18\9.80\include\pic18f4520.h"
   325  0000                     WREG equ 0FE8h ;# 
   326                           # 2767 "C:\Program Files (x86)\HI-TECH Software\PICC-18\9.80\include\pic18f4520.h"
   327  0000                     FSR0 equ 0FE9h ;# 
   328                           # 2779 "C:\Program Files (x86)\HI-TECH Software\PICC-18\9.80\include\pic18f4520.h"
   329  0000                     FSR0L equ 0FE9h ;# 
   330                           # 2791 "C:\Program Files (x86)\HI-TECH Software\PICC-18\9.80\include\pic18f4520.h"
   331  0000                     FSR0H equ 0FEAh ;# 
   332                           # 2803 "C:\Program Files (x86)\HI-TECH Software\PICC-18\9.80\include\pic18f4520.h"
   333  0000                     PLUSW0 equ 0FEBh ;# 
   334                           # 2815 "C:\Program Files (x86)\HI-TECH Software\PICC-18\9.80\include\pic18f4520.h"
   335  0000                     PREINC0 equ 0FECh ;# 
   336                           # 2827 "C:\Program Files (x86)\HI-TECH Software\PICC-18\9.80\include\pic18f4520.h"
   337  0000                     POSTDEC0 equ 0FEDh ;# 
   338                           # 2839 "C:\Program Files (x86)\HI-TECH Software\PICC-18\9.80\include\pic18f4520.h"
   339  0000                     POSTINC0 equ 0FEEh ;# 
   340                           # 2851 "C:\Program Files (x86)\HI-TECH Software\PICC-18\9.80\include\pic18f4520.h"
   341  0000                     INDF0 equ 0FEFh ;# 
   342                           # 2863 "C:\Program Files (x86)\HI-TECH Software\PICC-18\9.80\include\pic18f4520.h"
   343  0000                     INTCON3 equ 0FF0h ;# 
   344                           # 2892 "C:\Program Files (x86)\HI-TECH Software\PICC-18\9.80\include\pic18f4520.h"
   345  0000                     INTCON2 equ 0FF1h ;# 
   346                           # 2919 "C:\Program Files (x86)\HI-TECH Software\PICC-18\9.80\include\pic18f4520.h"
   347  0000                     INTCON equ 0FF2h ;# 
   348                           # 2983 "C:\Program Files (x86)\HI-TECH Software\PICC-18\9.80\include\pic18f4520.h"
   349  0000                     PROD equ 0FF3h ;# 
   350                           # 2995 "C:\Program Files (x86)\HI-TECH Software\PICC-18\9.80\include\pic18f4520.h"
   351  0000                     PRODL equ 0FF3h ;# 
   352                           # 3007 "C:\Program Files (x86)\HI-TECH Software\PICC-18\9.80\include\pic18f4520.h"
   353  0000                     PRODH equ 0FF4h ;# 
   354                           # 3019 "C:\Program Files (x86)\HI-TECH Software\PICC-18\9.80\include\pic18f4520.h"
   355  0000                     TABLAT equ 0FF5h ;# 
   356                           # 3031 "C:\Program Files (x86)\HI-TECH Software\PICC-18\9.80\include\pic18f4520.h"
   357  0000                     TBLPTR equ 0FF6h ;# 
   358                           # 3044 "C:\Program Files (x86)\HI-TECH Software\PICC-18\9.80\include\pic18f4520.h"
   359  0000                     TBLPTRL equ 0FF6h ;# 
   360                           # 3056 "C:\Program Files (x86)\HI-TECH Software\PICC-18\9.80\include\pic18f4520.h"
   361  0000                     TBLPTRH equ 0FF7h ;# 
   362                           # 3068 "C:\Program Files (x86)\HI-TECH Software\PICC-18\9.80\include\pic18f4520.h"
   363  0000                     TBLPTRU equ 0FF8h ;# 
   364                           # 3081 "C:\Program Files (x86)\HI-TECH Software\PICC-18\9.80\include\pic18f4520.h"
   365  0000                     PCLAT equ 0FF9h ;# 
   366                           # 3086 "C:\Program Files (x86)\HI-TECH Software\PICC-18\9.80\include\pic18f4520.h"
   367  0000                     PC equ 0FF9h ;# 
   368                           # 3104 "C:\Program Files (x86)\HI-TECH Software\PICC-18\9.80\include\pic18f4520.h"
   369  0000                     PCL equ 0FF9h ;# 
   370                           # 3116 "C:\Program Files (x86)\HI-TECH Software\PICC-18\9.80\include\pic18f4520.h"
   371  0000                     PCLATH equ 0FFAh ;# 
   372                           # 3128 "C:\Program Files (x86)\HI-TECH Software\PICC-18\9.80\include\pic18f4520.h"
   373  0000                     PCLATU equ 0FFBh ;# 
   374                           # 3140 "C:\Program Files (x86)\HI-TECH Software\PICC-18\9.80\include\pic18f4520.h"
   375  0000                     STKPTR equ 0FFCh ;# 
   376                           # 3164 "C:\Program Files (x86)\HI-TECH Software\PICC-18\9.80\include\pic18f4520.h"
   377  0000                     TOS equ 0FFDh ;# 
   378                           # 3176 "C:\Program Files (x86)\HI-TECH Software\PICC-18\9.80\include\pic18f4520.h"
   379  0000                     TOSL equ 0FFDh ;# 
   380                           # 3188 "C:\Program Files (x86)\HI-TECH Software\PICC-18\9.80\include\pic18f4520.h"
   381  0000                     TOSH equ 0FFEh ;# 
   382                           # 3200 "C:\Program Files (x86)\HI-TECH Software\PICC-18\9.80\include\pic18f4520.h"
   383  0000                     TOSU equ 0FFFh ;# 
   384                           # 19 "C:\Program Files (x86)\HI-TECH Software\PICC-18\9.80\include\pic18f4520.h"
   385  0000                     PORTA equ 0F80h ;# 
   386                           # 90 "C:\Program Files (x86)\HI-TECH Software\PICC-18\9.80\include\pic18f4520.h"
   387  0000                     PORTB equ 0F81h ;# 
   388                           # 139 "C:\Program Files (x86)\HI-TECH Software\PICC-18\9.80\include\pic18f4520.h"
   389  0000                     PORTC equ 0F82h ;# 
   390                           # 194 "C:\Program Files (x86)\HI-TECH Software\PICC-18\9.80\include\pic18f4520.h"
   391  0000                     PORTD equ 0F83h ;# 
   392                           # 236 "C:\Program Files (x86)\HI-TECH Software\PICC-18\9.80\include\pic18f4520.h"
   393  0000                     PORTE equ 0F84h ;# 
   394                           # 365 "C:\Program Files (x86)\HI-TECH Software\PICC-18\9.80\include\pic18f4520.h"
   395  0000                     LATA equ 0F89h ;# 
   396                           # 418 "C:\Program Files (x86)\HI-TECH Software\PICC-18\9.80\include\pic18f4520.h"
   397  0000                     LATB equ 0F8Ah ;# 
   398                           # 471 "C:\Program Files (x86)\HI-TECH Software\PICC-18\9.80\include\pic18f4520.h"
   399  0000                     LATC equ 0F8Bh ;# 
   400                           # 524 "C:\Program Files (x86)\HI-TECH Software\PICC-18\9.80\include\pic18f4520.h"
   401  0000                     LATD equ 0F8Ch ;# 
   402                           # 577 "C:\Program Files (x86)\HI-TECH Software\PICC-18\9.80\include\pic18f4520.h"
   403  0000                     LATE equ 0F8Dh ;# 
   404                           # 625 "C:\Program Files (x86)\HI-TECH Software\PICC-18\9.80\include\pic18f4520.h"
   405  0000                     TRISA equ 0F92h ;# 
   406                           # 630 "C:\Program Files (x86)\HI-TECH Software\PICC-18\9.80\include\pic18f4520.h"
   407  0000                     DDRA equ 0F92h ;# 
   408                           # 688 "C:\Program Files (x86)\HI-TECH Software\PICC-18\9.80\include\pic18f4520.h"
   409  0000                     TRISB equ 0F93h ;# 
   410                           # 693 "C:\Program Files (x86)\HI-TECH Software\PICC-18\9.80\include\pic18f4520.h"
   411  0000                     DDRB equ 0F93h ;# 
   412                           # 751 "C:\Program Files (x86)\HI-TECH Software\PICC-18\9.80\include\pic18f4520.h"
   413  0000                     TRISC equ 0F94h ;# 
   414                           # 756 "C:\Program Files (x86)\HI-TECH Software\PICC-18\9.80\include\pic18f4520.h"
   415  0000                     DDRC equ 0F94h ;# 
   416                           # 814 "C:\Program Files (x86)\HI-TECH Software\PICC-18\9.80\include\pic18f4520.h"
   417  0000                     TRISD equ 0F95h ;# 
   418                           # 819 "C:\Program Files (x86)\HI-TECH Software\PICC-18\9.80\include\pic18f4520.h"
   419  0000                     DDRD equ 0F95h ;# 
   420                           # 877 "C:\Program Files (x86)\HI-TECH Software\PICC-18\9.80\include\pic18f4520.h"
   421  0000                     TRISE equ 0F96h ;# 
   422                           # 882 "C:\Program Files (x86)\HI-TECH Software\PICC-18\9.80\include\pic18f4520.h"
   423  0000                     DDRE equ 0F96h ;# 
   424                           # 932 "C:\Program Files (x86)\HI-TECH Software\PICC-18\9.80\include\pic18f4520.h"
   425  0000                     OSCTUNE equ 0F9Bh ;# 
   426                           # 954 "C:\Program Files (x86)\HI-TECH Software\PICC-18\9.80\include\pic18f4520.h"
   427  0000                     PIE1 equ 0F9Dh ;# 
   428                           # 981 "C:\Program Files (x86)\HI-TECH Software\PICC-18\9.80\include\pic18f4520.h"
   429  0000                     PIR1 equ 0F9Eh ;# 
   430                           # 1017 "C:\Program Files (x86)\HI-TECH Software\PICC-18\9.80\include\pic18f4520.h"
   431  0000                     IPR1 equ 0F9Fh ;# 
   432                           # 1044 "C:\Program Files (x86)\HI-TECH Software\PICC-18\9.80\include\pic18f4520.h"
   433  0000                     PIE2 equ 0FA0h ;# 
   434                           # 1067 "C:\Program Files (x86)\HI-TECH Software\PICC-18\9.80\include\pic18f4520.h"
   435  0000                     PIR2 equ 0FA1h ;# 
   436                           # 1090 "C:\Program Files (x86)\HI-TECH Software\PICC-18\9.80\include\pic18f4520.h"
   437  0000                     IPR2 equ 0FA2h ;# 
   438                           # 1113 "C:\Program Files (x86)\HI-TECH Software\PICC-18\9.80\include\pic18f4520.h"
   439  0000                     EECON1 equ 0FA6h ;# 
   440                           # 1136 "C:\Program Files (x86)\HI-TECH Software\PICC-18\9.80\include\pic18f4520.h"
   441  0000                     EECON2 equ 0FA7h ;# 
   442                           # 1148 "C:\Program Files (x86)\HI-TECH Software\PICC-18\9.80\include\pic18f4520.h"
   443  0000                     EEDATA equ 0FA8h ;# 
   444                           # 1160 "C:\Program Files (x86)\HI-TECH Software\PICC-18\9.80\include\pic18f4520.h"
   445  0000                     EEADR equ 0FA9h ;# 
   446                           # 1172 "C:\Program Files (x86)\HI-TECH Software\PICC-18\9.80\include\pic18f4520.h"
   447  0000                     RCSTA equ 0FABh ;# 
   448                           # 1177 "C:\Program Files (x86)\HI-TECH Software\PICC-18\9.80\include\pic18f4520.h"
   449  0000                     RCSTA1 equ 0FABh ;# 
   450                           # 1225 "C:\Program Files (x86)\HI-TECH Software\PICC-18\9.80\include\pic18f4520.h"
   451  0000                     TXSTA equ 0FACh ;# 
   452                           # 1230 "C:\Program Files (x86)\HI-TECH Software\PICC-18\9.80\include\pic18f4520.h"
   453  0000                     TXSTA1 equ 0FACh ;# 
   454                           # 1324 "C:\Program Files (x86)\HI-TECH Software\PICC-18\9.80\include\pic18f4520.h"
   455  0000                     TXREG equ 0FADh ;# 
   456                           # 1329 "C:\Program Files (x86)\HI-TECH Software\PICC-18\9.80\include\pic18f4520.h"
   457  0000                     TXREG1 equ 0FADh ;# 
   458                           # 1347 "C:\Program Files (x86)\HI-TECH Software\PICC-18\9.80\include\pic18f4520.h"
   459  0000                     RCREG equ 0FAEh ;# 
   460                           # 1352 "C:\Program Files (x86)\HI-TECH Software\PICC-18\9.80\include\pic18f4520.h"
   461  0000                     RCREG1 equ 0FAEh ;# 
   462                           # 1370 "C:\Program Files (x86)\HI-TECH Software\PICC-18\9.80\include\pic18f4520.h"
   463  0000                     SPBRG equ 0FAFh ;# 
   464                           # 1375 "C:\Program Files (x86)\HI-TECH Software\PICC-18\9.80\include\pic18f4520.h"
   465  0000                     SPBRG1 equ 0FAFh ;# 
   466                           # 1393 "C:\Program Files (x86)\HI-TECH Software\PICC-18\9.80\include\pic18f4520.h"
   467  0000                     SPBRGH equ 0FB0h ;# 
   468                           # 1405 "C:\Program Files (x86)\HI-TECH Software\PICC-18\9.80\include\pic18f4520.h"
   469  0000                     T3CON equ 0FB1h ;# 
   470                           # 1446 "C:\Program Files (x86)\HI-TECH Software\PICC-18\9.80\include\pic18f4520.h"
   471  0000                     TMR3 equ 0FB2h ;# 
   472                           # 1458 "C:\Program Files (x86)\HI-TECH Software\PICC-18\9.80\include\pic18f4520.h"
   473  0000                     TMR3L equ 0FB2h ;# 
   474                           # 1470 "C:\Program Files (x86)\HI-TECH Software\PICC-18\9.80\include\pic18f4520.h"
   475  0000                     TMR3H equ 0FB3h ;# 
   476                           # 1482 "C:\Program Files (x86)\HI-TECH Software\PICC-18\9.80\include\pic18f4520.h"
   477  0000                     CMCON equ 0FB4h ;# 
   478                           # 1515 "C:\Program Files (x86)\HI-TECH Software\PICC-18\9.80\include\pic18f4520.h"
   479  0000                     CVRCON equ 0FB5h ;# 
   480                           # 1541 "C:\Program Files (x86)\HI-TECH Software\PICC-18\9.80\include\pic18f4520.h"
   481  0000                     ECCP1AS equ 0FB6h ;# 
   482                           # 1546 "C:\Program Files (x86)\HI-TECH Software\PICC-18\9.80\include\pic18f4520.h"
   483  0000                     ECCPAS equ 0FB6h ;# 
   484                           # 1588 "C:\Program Files (x86)\HI-TECH Software\PICC-18\9.80\include\pic18f4520.h"
   485  0000                     PWM1CON equ 0FB7h ;# 
   486                           # 1593 "C:\Program Files (x86)\HI-TECH Software\PICC-18\9.80\include\pic18f4520.h"
   487  0000                     ECCP1DEL equ 0FB7h ;# 
   488                           # 1631 "C:\Program Files (x86)\HI-TECH Software\PICC-18\9.80\include\pic18f4520.h"
   489  0000                     BAUDCON equ 0FB8h ;# 
   490                           # 1636 "C:\Program Files (x86)\HI-TECH Software\PICC-18\9.80\include\pic18f4520.h"
   491  0000                     BAUDCTL equ 0FB8h ;# 
   492                           # 1696 "C:\Program Files (x86)\HI-TECH Software\PICC-18\9.80\include\pic18f4520.h"
   493  0000                     CCP2CON equ 0FBAh ;# 
   494                           # 1722 "C:\Program Files (x86)\HI-TECH Software\PICC-18\9.80\include\pic18f4520.h"
   495  0000                     CCPR2 equ 0FBBh ;# 
   496                           # 1734 "C:\Program Files (x86)\HI-TECH Software\PICC-18\9.80\include\pic18f4520.h"
   497  0000                     CCPR2L equ 0FBBh ;# 
   498                           # 1746 "C:\Program Files (x86)\HI-TECH Software\PICC-18\9.80\include\pic18f4520.h"
   499  0000                     CCPR2H equ 0FBCh ;# 
   500                           # 1758 "C:\Program Files (x86)\HI-TECH Software\PICC-18\9.80\include\pic18f4520.h"
   501  0000                     CCP1CON equ 0FBDh ;# 
   502                           # 1787 "C:\Program Files (x86)\HI-TECH Software\PICC-18\9.80\include\pic18f4520.h"
   503  0000                     CCPR1 equ 0FBEh ;# 
   504                           # 1799 "C:\Program Files (x86)\HI-TECH Software\PICC-18\9.80\include\pic18f4520.h"
   505  0000                     CCPR1L equ 0FBEh ;# 
   506                           # 1811 "C:\Program Files (x86)\HI-TECH Software\PICC-18\9.80\include\pic18f4520.h"
   507  0000                     CCPR1H equ 0FBFh ;# 
   508                           # 1823 "C:\Program Files (x86)\HI-TECH Software\PICC-18\9.80\include\pic18f4520.h"
   509  0000                     ADCON2 equ 0FC0h ;# 
   510                           # 1846 "C:\Program Files (x86)\HI-TECH Software\PICC-18\9.80\include\pic18f4520.h"
   511  0000                     ADCON1 equ 0FC1h ;# 
   512                           # 1879 "C:\Program Files (x86)\HI-TECH Software\PICC-18\9.80\include\pic18f4520.h"
   513  0000                     ADCON0 equ 0FC2h ;# 
   514                           # 1934 "C:\Program Files (x86)\HI-TECH Software\PICC-18\9.80\include\pic18f4520.h"
   515  0000                     ADRES equ 0FC3h ;# 
   516                           # 1946 "C:\Program Files (x86)\HI-TECH Software\PICC-18\9.80\include\pic18f4520.h"
   517  0000                     ADRESL equ 0FC3h ;# 
   518                           # 1958 "C:\Program Files (x86)\HI-TECH Software\PICC-18\9.80\include\pic18f4520.h"
   519  0000                     ADRESH equ 0FC4h ;# 
   520                           # 1970 "C:\Program Files (x86)\HI-TECH Software\PICC-18\9.80\include\pic18f4520.h"
   521  0000                     SSPCON2 equ 0FC5h ;# 
   522                           # 1997 "C:\Program Files (x86)\HI-TECH Software\PICC-18\9.80\include\pic18f4520.h"
   523  0000                     SSPCON1 equ 0FC6h ;# 
   524                           # 2019 "C:\Program Files (x86)\HI-TECH Software\PICC-18\9.80\include\pic18f4520.h"
   525  0000                     SSPSTAT equ 0FC7h ;# 
   526                           # 2126 "C:\Program Files (x86)\HI-TECH Software\PICC-18\9.80\include\pic18f4520.h"
   527  0000                     SSPADD equ 0FC8h ;# 
   528                           # 2138 "C:\Program Files (x86)\HI-TECH Software\PICC-18\9.80\include\pic18f4520.h"
   529  0000                     SSPBUF equ 0FC9h ;# 
   530                           # 2150 "C:\Program Files (x86)\HI-TECH Software\PICC-18\9.80\include\pic18f4520.h"
   531  0000                     T2CON equ 0FCAh ;# 
   532                           # 2180 "C:\Program Files (x86)\HI-TECH Software\PICC-18\9.80\include\pic18f4520.h"
   533  0000                     PR2 equ 0FCBh ;# 
   534                           # 2185 "C:\Program Files (x86)\HI-TECH Software\PICC-18\9.80\include\pic18f4520.h"
   535  0000                     MEMCON equ 0FCBh ;# 
   536                           # 2203 "C:\Program Files (x86)\HI-TECH Software\PICC-18\9.80\include\pic18f4520.h"
   537  0000                     TMR2 equ 0FCCh ;# 
   538                           # 2215 "C:\Program Files (x86)\HI-TECH Software\PICC-18\9.80\include\pic18f4520.h"
   539  0000                     T1CON equ 0FCDh ;# 
   540                           # 2252 "C:\Program Files (x86)\HI-TECH Software\PICC-18\9.80\include\pic18f4520.h"
   541  0000                     TMR1 equ 0FCEh ;# 
   542                           # 2264 "C:\Program Files (x86)\HI-TECH Software\PICC-18\9.80\include\pic18f4520.h"
   543  0000                     TMR1L equ 0FCEh ;# 
   544                           # 2276 "C:\Program Files (x86)\HI-TECH Software\PICC-18\9.80\include\pic18f4520.h"
   545  0000                     TMR1H equ 0FCFh ;# 
   546                           # 2288 "C:\Program Files (x86)\HI-TECH Software\PICC-18\9.80\include\pic18f4520.h"
   547  0000                     RCON equ 0FD0h ;# 
   548                           # 2333 "C:\Program Files (x86)\HI-TECH Software\PICC-18\9.80\include\pic18f4520.h"
   549  0000                     WDTCON equ 0FD1h ;# 
   550                           # 2348 "C:\Program Files (x86)\HI-TECH Software\PICC-18\9.80\include\pic18f4520.h"
   551  0000                     HLVDCON equ 0FD2h ;# 
   552                           # 2353 "C:\Program Files (x86)\HI-TECH Software\PICC-18\9.80\include\pic18f4520.h"
   553  0000                     LVDCON equ 0FD2h ;# 
   554                           # 2423 "C:\Program Files (x86)\HI-TECH Software\PICC-18\9.80\include\pic18f4520.h"
   555  0000                     OSCCON equ 0FD3h ;# 
   556                           # 2448 "C:\Program Files (x86)\HI-TECH Software\PICC-18\9.80\include\pic18f4520.h"
   557  0000                     T0CON equ 0FD5h ;# 
   558                           # 2473 "C:\Program Files (x86)\HI-TECH Software\PICC-18\9.80\include\pic18f4520.h"
   559  0000                     TMR0 equ 0FD6h ;# 
   560                           # 2485 "C:\Program Files (x86)\HI-TECH Software\PICC-18\9.80\include\pic18f4520.h"
   561  0000                     TMR0L equ 0FD6h ;# 
   562                           # 2497 "C:\Program Files (x86)\HI-TECH Software\PICC-18\9.80\include\pic18f4520.h"
   563  0000                     TMR0H equ 0FD7h ;# 
   564                           # 2509 "C:\Program Files (x86)\HI-TECH Software\PICC-18\9.80\include\pic18f4520.h"
   565  0000                     STATUS equ 0FD8h ;# 
   566                           # 2540 "C:\Program Files (x86)\HI-TECH Software\PICC-18\9.80\include\pic18f4520.h"
   567  0000                     FSR2 equ 0FD9h ;# 
   568                           # 2552 "C:\Program Files (x86)\HI-TECH Software\PICC-18\9.80\include\pic18f4520.h"
   569  0000                     FSR2L equ 0FD9h ;# 
   570                           # 2564 "C:\Program Files (x86)\HI-TECH Software\PICC-18\9.80\include\pic18f4520.h"
   571  0000                     FSR2H equ 0FDAh ;# 
   572                           # 2576 "C:\Program Files (x86)\HI-TECH Software\PICC-18\9.80\include\pic18f4520.h"
   573  0000                     PLUSW2 equ 0FDBh ;# 
   574                           # 2588 "C:\Program Files (x86)\HI-TECH Software\PICC-18\9.80\include\pic18f4520.h"
   575  0000                     PREINC2 equ 0FDCh ;# 
   576                           # 2600 "C:\Program Files (x86)\HI-TECH Software\PICC-18\9.80\include\pic18f4520.h"
   577  0000                     POSTDEC2 equ 0FDDh ;# 
   578                           # 2612 "C:\Program Files (x86)\HI-TECH Software\PICC-18\9.80\include\pic18f4520.h"
   579  0000                     POSTINC2 equ 0FDEh ;# 
   580                           # 2624 "C:\Program Files (x86)\HI-TECH Software\PICC-18\9.80\include\pic18f4520.h"
   581  0000                     INDF2 equ 0FDFh ;# 
   582                           # 2636 "C:\Program Files (x86)\HI-TECH Software\PICC-18\9.80\include\pic18f4520.h"
   583  0000                     BSR equ 0FE0h ;# 
   584                           # 2648 "C:\Program Files (x86)\HI-TECH Software\PICC-18\9.80\include\pic18f4520.h"
   585  0000                     FSR1 equ 0FE1h ;# 
   586                           # 2660 "C:\Program Files (x86)\HI-TECH Software\PICC-18\9.80\include\pic18f4520.h"
   587  0000                     FSR1L equ 0FE1h ;# 
   588                           # 2672 "C:\Program Files (x86)\HI-TECH Software\PICC-18\9.80\include\pic18f4520.h"
   589  0000                     FSR1H equ 0FE2h ;# 
   590                           # 2684 "C:\Program Files (x86)\HI-TECH Software\PICC-18\9.80\include\pic18f4520.h"
   591  0000                     PLUSW1 equ 0FE3h ;# 
   592                           # 2696 "C:\Program Files (x86)\HI-TECH Software\PICC-18\9.80\include\pic18f4520.h"
   593  0000                     PREINC1 equ 0FE4h ;# 
   594                           # 2708 "C:\Program Files (x86)\HI-TECH Software\PICC-18\9.80\include\pic18f4520.h"
   595  0000                     POSTDEC1 equ 0FE5h ;# 
   596                           # 2720 "C:\Program Files (x86)\HI-TECH Software\PICC-18\9.80\include\pic18f4520.h"
   597  0000                     POSTINC1 equ 0FE6h ;# 
   598                           # 2732 "C:\Program Files (x86)\HI-TECH Software\PICC-18\9.80\include\pic18f4520.h"
   599  0000                     INDF1 equ 0FE7h ;# 
   600                           # 2744 "C:\Program Files (x86)\HI-TECH Software\PICC-18\9.80\include\pic18f4520.h"
   601  0000                     WREG equ 0FE8h ;# 
   602                           # 2767 "C:\Program Files (x86)\HI-TECH Software\PICC-18\9.80\include\pic18f4520.h"
   603  0000                     FSR0 equ 0FE9h ;# 
   604                           # 2779 "C:\Program Files (x86)\HI-TECH Software\PICC-18\9.80\include\pic18f4520.h"
   605  0000                     FSR0L equ 0FE9h ;# 
   606                           # 2791 "C:\Program Files (x86)\HI-TECH Software\PICC-18\9.80\include\pic18f4520.h"
   607  0000                     FSR0H equ 0FEAh ;# 
   608                           # 2803 "C:\Program Files (x86)\HI-TECH Software\PICC-18\9.80\include\pic18f4520.h"
   609  0000                     PLUSW0 equ 0FEBh ;# 
   610                           # 2815 "C:\Program Files (x86)\HI-TECH Software\PICC-18\9.80\include\pic18f4520.h"
   611  0000                     PREINC0 equ 0FECh ;# 
   612                           # 2827 "C:\Program Files (x86)\HI-TECH Software\PICC-18\9.80\include\pic18f4520.h"
   613  0000                     POSTDEC0 equ 0FEDh ;# 
   614                           # 2839 "C:\Program Files (x86)\HI-TECH Software\PICC-18\9.80\include\pic18f4520.h"
   615  0000                     POSTINC0 equ 0FEEh ;# 
   616                           # 2851 "C:\Program Files (x86)\HI-TECH Software\PICC-18\9.80\include\pic18f4520.h"
   617  0000                     INDF0 equ 0FEFh ;# 
   618                           # 2863 "C:\Program Files (x86)\HI-TECH Software\PICC-18\9.80\include\pic18f4520.h"
   619  0000                     INTCON3 equ 0FF0h ;# 
   620                           # 2892 "C:\Program Files (x86)\HI-TECH Software\PICC-18\9.80\include\pic18f4520.h"
   621  0000                     INTCON2 equ 0FF1h ;# 
   622                           # 2919 "C:\Program Files (x86)\HI-TECH Software\PICC-18\9.80\include\pic18f4520.h"
   623  0000                     INTCON equ 0FF2h ;# 
   624                           # 2983 "C:\Program Files (x86)\HI-TECH Software\PICC-18\9.80\include\pic18f4520.h"
   625  0000                     PROD equ 0FF3h ;# 
   626                           # 2995 "C:\Program Files (x86)\HI-TECH Software\PICC-18\9.80\include\pic18f4520.h"
   627  0000                     PRODL equ 0FF3h ;# 
   628                           # 3007 "C:\Program Files (x86)\HI-TECH Software\PICC-18\9.80\include\pic18f4520.h"
   629  0000                     PRODH equ 0FF4h ;# 
   630                           # 3019 "C:\Program Files (x86)\HI-TECH Software\PICC-18\9.80\include\pic18f4520.h"
   631  0000                     TABLAT equ 0FF5h ;# 
   632                           # 3031 "C:\Program Files (x86)\HI-TECH Software\PICC-18\9.80\include\pic18f4520.h"
   633  0000                     TBLPTR equ 0FF6h ;# 
   634                           # 3044 "C:\Program Files (x86)\HI-TECH Software\PICC-18\9.80\include\pic18f4520.h"
   635  0000                     TBLPTRL equ 0FF6h ;# 
   636                           # 3056 "C:\Program Files (x86)\HI-TECH Software\PICC-18\9.80\include\pic18f4520.h"
   637  0000                     TBLPTRH equ 0FF7h ;# 
   638                           # 3068 "C:\Program Files (x86)\HI-TECH Software\PICC-18\9.80\include\pic18f4520.h"
   639  0000                     TBLPTRU equ 0FF8h ;# 
   640                           # 3081 "C:\Program Files (x86)\HI-TECH Software\PICC-18\9.80\include\pic18f4520.h"
   641  0000                     PCLAT equ 0FF9h ;# 
   642                           # 3086 "C:\Program Files (x86)\HI-TECH Software\PICC-18\9.80\include\pic18f4520.h"
   643  0000                     PC equ 0FF9h ;# 
   644                           # 3104 "C:\Program Files (x86)\HI-TECH Software\PICC-18\9.80\include\pic18f4520.h"
   645  0000                     PCL equ 0FF9h ;# 
   646                           # 3116 "C:\Program Files (x86)\HI-TECH Software\PICC-18\9.80\include\pic18f4520.h"
   647  0000                     PCLATH equ 0FFAh ;# 
   648                           # 3128 "C:\Program Files (x86)\HI-TECH Software\PICC-18\9.80\include\pic18f4520.h"
   649  0000                     PCLATU equ 0FFBh ;# 
   650                           # 3140 "C:\Program Files (x86)\HI-TECH Software\PICC-18\9.80\include\pic18f4520.h"
   651  0000                     STKPTR equ 0FFCh ;# 
   652                           # 3164 "C:\Program Files (x86)\HI-TECH Software\PICC-18\9.80\include\pic18f4520.h"
   653  0000                     TOS equ 0FFDh ;# 
   654                           # 3176 "C:\Program Files (x86)\HI-TECH Software\PICC-18\9.80\include\pic18f4520.h"
   655  0000                     TOSL equ 0FFDh ;# 
   656                           # 3188 "C:\Program Files (x86)\HI-TECH Software\PICC-18\9.80\include\pic18f4520.h"
   657  0000                     TOSH equ 0FFEh ;# 
   658                           # 3200 "C:\Program Files (x86)\HI-TECH Software\PICC-18\9.80\include\pic18f4520.h"
   659  0000                     TOSU equ 0FFFh ;# 
   660                           	FNCALL	_main,_delay
   661                           	FNROOT	_main
   662                           	global	_RB0
   663  0000                     _RB0	set	0x7C08
   664                           	global	_RB1
   665  0000                     _RB1	set	0x7C09
   666                           	global	_RB2
   667  0000                     _RB2	set	0x7C0A
   668                           	global	_TRISB0
   669  0000                     _TRISB0	set	0x7C98
   670                           	global	_TRISB1
   671  0000                     _TRISB1	set	0x7C99
   672                           	global	_TRISB2
   673  0000                     _TRISB2	set	0x7C9A
   674                           psect	text0,class=CODE,space=0,reloc=2
   675                           global __ptext0
   676  007F7E                     __ptext0:
   677                           ; #config settings
   678                           	file	"traffic.as"
   679                           	line	#
   680                           psect	cinit,class=CODE,delta=1,reloc=2
   681                           global __pcinit
   682  007F78                     __pcinit:
   683                           global start_initialization
   684  007F78                     start_initialization:
   685                           
   686                           psect cinit,class=CODE,delta=1
   687                           global end_of_initialization
   688                           
   689                           ;End of C runtime variable initialization code
   690                           
   691  007F78                     end_of_initialization:
   692  007F78  0100               movlb 0
   693  007F7A  EFBF  F03F         goto _main	;jump to C main() function
   694                           psect	cstackCOMRAM,class=COMRAM,space=1
   695                           global __pcstackCOMRAM
   696  000001                     __pcstackCOMRAM:
   697                           	global	?_delay
   698  000001                     ?_delay:	; 0 bytes @ 0x0
   699                           	global	??_delay
   700  000001                     ??_delay:	; 0 bytes @ 0x0
   701                           	global	?_main
   702  000001                     ?_main:	; 2 bytes @ 0x0
   703                           	global	delay@i
   704  000001                     delay@i:	; 4 bytes @ 0x0
   705  000001                     	ds   4
   706                           	global	??_main
   707  000005                     ??_main:	; 0 bytes @ 0x4
   708                           ;!
   709                           ;!Data Sizes:
   710                           ;!    Strings     0
   711                           ;!    Constant    0
   712                           ;!    Data        0
   713                           ;!    BSS         0
   714                           ;!    Persistent  0
   715                           ;!    Stack       0
   716                           ;!
   717                           ;!Auto Spaces:
   718                           ;!    Space          Size  Autos    Used
   719                           ;!    COMRAM          127      4       4
   720                           ;!    BANK0           128      0       0
   721                           ;!    BANK1           256      0       0
   722                           ;!    BANK2           256      0       0
   723                           ;!    BANK3           256      0       0
   724                           ;!    BANK4           256      0       0
   725                           ;!    BANK5           256      0       0
   726                           
   727                           ;!
   728                           ;!Pointer List with Targets:
   729                           ;!
   730                           ;!    None.
   731                           
   732                           
   733                           ;!
   734                           ;!Critical Paths under _main in COMRAM
   735                           ;!
   736                           ;!    _main->_delay
   737                           ;!
   738                           ;!Critical Paths under _main in BANK0
   739                           ;!
   740                           ;!    None.
   741                           ;!
   742                           ;!Critical Paths under _main in BANK1
   743                           ;!
   744                           ;!    None.
   745                           ;!
   746                           ;!Critical Paths under _main in BANK2
   747                           ;!
   748                           ;!    None.
   749                           ;!
   750                           ;!Critical Paths under _main in BANK3
   751                           ;!
   752                           ;!    None.
   753                           ;!
   754                           ;!Critical Paths under _main in BANK4
   755                           ;!
   756                           ;!    None.
   757                           ;!
   758                           ;!Critical Paths under _main in BANK5
   759                           ;!
   760                           ;!    None.
   761                           
   762 ;;
   763 ;;Main: autosize = 0, tempsize = 0, incstack = 0, save=0
   764 ;;
   765                           
   766                           ;!
   767                           ;!Call Graph Tables:
   768                           ;!
   769                           ;! ---------------------------------------------------------------------------------
   770                           ;! (Depth) Function   	        Calls       Base Space   Used Autos Params    Refs
   771                           ;! ---------------------------------------------------------------------------------
   772                           ;! (0) _main                                                 0     0      0      30
   773                           ;!                              _delay
   774                           ;! ---------------------------------------------------------------------------------
   775                           ;! (1) _delay                                                4     4      0      30
   776                           ;!                                              0 COMRAM     4     4      0
   777                           ;! ---------------------------------------------------------------------------------
   778                           ;! Estimated maximum stack depth 1
   779                           ;! ---------------------------------------------------------------------------------
   780                           ;!
   781                           ;! Call Graph Graphs:
   782                           ;!
   783                           ;! _main (ROOT)
   784                           ;!   _delay
   785                           ;!
   786                           
   787                           ;! Address spaces:
   788                           
   789                           ;!Name               Size   Autos  Total    Cost      Usage
   790                           ;!BITCOMRAM           7F      0       0       0        0.0%
   791                           ;!EEDATA             100      0       0       0        0.0%
   792                           ;!NULL                 0      0       0       0        0.0%
   793                           ;!CODE                 0      0       0       0        0.0%
   794                           ;!COMRAM              7F      4       4       1        3.1%
   795                           ;!STACK                0      0       1       2        0.0%
   796                           ;!DATA                 0      0       0       3        0.0%
   797                           ;!BITBANK0            80      0       0       4        0.0%
   798                           ;!BANK0               80      0       0       5        0.0%
   799                           ;!BITBANK1           100      0       0       6        0.0%
   800                           ;!BANK1              100      0       0       7        0.0%
   801                           ;!BITBANK2           100      0       0       8        0.0%
   802                           ;!BANK2              100      0       0       9        0.0%
   803                           ;!BITBANK3           100      0       0      10        0.0%
   804                           ;!BANK3              100      0       0      11        0.0%
   805                           ;!BITBANK4           100      0       0      12        0.0%
   806                           ;!BANK4              100      0       0      13        0.0%
   807                           ;!BANK5              100      0       0      14        0.0%
   808                           ;!ABS                  0      0       0      15        0.0%
   809                           ;!BITBANK5           100      0       0      16        0.0%
   810                           ;!BIGRAM             5FF      0       0      17        0.0%
   811                           ;!BITSFR               0      0       0      40        0.0%
   812                           ;!SFR                  0      0       0      40        0.0%
   813                           
   814                           	global	_main
   815                           
   816 ;; *************** function _main *****************
   817 ;; Defined at:
   818 ;;		line 5 in file "D:\18bit034\ex1\pgm3\traffic2.c"
   819 ;; Parameters:    Size  Location     Type
   820 ;;		None
   821 ;; Auto vars:     Size  Location     Type
   822 ;;		None
   823 ;; Return value:  Size  Location     Type
   824 ;;                  2   43[COMRAM] int 
   825 ;; Registers used:
   826 ;;		wreg, status,2, status,0, cstack
   827 ;; Tracked objects:
   828 ;;		On entry : 0/0
   829 ;;		On exit  : 0/0
   830 ;;		Unchanged: 0/0
   831 ;; Data sizes:     COMRAM   BANK0   BANK1   BANK2   BANK3   BANK4   BANK5
   832 ;;      Params:         0       0       0       0       0       0       0
   833 ;;      Locals:         0       0       0       0       0       0       0
   834 ;;      Temps:          0       0       0       0       0       0       0
   835 ;;      Totals:         0       0       0       0       0       0       0
   836 ;;Total ram usage:        0 bytes
   837 ;; Hardware stack levels required when called:    1
   838 ;; This function calls:
   839 ;;		_delay
   840 ;; This function is called by:
   841 ;;		Startup code after reset
   842 ;; This function uses a non-reentrant model
   843 ;;
   844                           psect	text0
   845                           psect	text0
   846                           	file	"D:\18bit034\ex1\pgm3\traffic2.c"
   847                           	line	5
   848                           	global	__size_of_main
   849  0000                     	__size_of_main	equ	__end_of_main-_main
   850                           	
   851  007F7E                     _main:
   852                           	opt	stack 30
   853                           	line	6
   854                           	
   855  007F7E                     l1824:
   856                           ;traffic2.c: 6: TRISB0=0;
   857  007F7E  9093               	bcf	c:(31896/8),(31896)&7	;volatile
   858                           	line	7
   859                           ;traffic2.c: 7: TRISB1=0;
   860  007F80  9293               	bcf	c:(31897/8),(31897)&7	;volatile
   861                           	line	8
   862                           ;traffic2.c: 8: TRISB2=0;
   863  007F82  9493               	bcf	c:(31898/8),(31898)&7	;volatile
   864                           	line	9
   865                           ;traffic2.c: 9: RB0=0;
   866  007F84  9081               	bcf	c:(31752/8),(31752)&7	;volatile
   867                           	line	10
   868                           ;traffic2.c: 10: RB1=0;
   869  007F86  9281               	bcf	c:(31753/8),(31753)&7	;volatile
   870                           	line	11
   871                           ;traffic2.c: 11: RB2=0;
   872  007F88  9481               	bcf	c:(31754/8),(31754)&7	;volatile
   873                           	line	12
   874                           ;traffic2.c: 12: while(1){
   875                           	
   876  007F8A                     l44:
   877                           	line	13
   878                           ;traffic2.c: 13: RB0=1;
   879  007F8A  8081               	bsf	c:(31752/8),(31752)&7	;volatile
   880                           	line	14
   881                           	
   882  007F8C                     l1826:
   883                           ;traffic2.c: 14: delay();
   884  007F8C  ECD4  F03F         	call	_delay	;wreg free
   885                           	line	15
   886                           	
   887  007F90                     l1828:
   888                           ;traffic2.c: 15: RB0=0;
   889  007F90  9081               	bcf	c:(31752/8),(31752)&7	;volatile
   890                           	line	16
   891                           	
   892  007F92                     l1830:
   893                           ;traffic2.c: 16: RB1=1;
   894  007F92  8281               	bsf	c:(31753/8),(31753)&7	;volatile
   895                           	line	17
   896                           ;traffic2.c: 17: delay();
   897  007F94  ECD4  F03F         	call	_delay	;wreg free
   898                           	line	18
   899                           	
   900  007F98                     l1832:
   901                           ;traffic2.c: 18: RB1=0;
   902  007F98  9281               	bcf	c:(31753/8),(31753)&7	;volatile
   903                           	line	19
   904                           	
   905  007F9A                     l1834:
   906                           ;traffic2.c: 19: RB2=1;
   907  007F9A  8481               	bsf	c:(31754/8),(31754)&7	;volatile
   908                           	line	20
   909                           ;traffic2.c: 20: delay();
   910  007F9C  ECD4  F03F         	call	_delay	;wreg free
   911  007FA0  D7F4               	goto	l44
   912                           	line	21
   913                           	
   914  007FA2                     l45:
   915                           	line	12
   916  007FA2  D7F3               	goto	l44
   917                           	
   918  007FA4                     l46:
   919                           	line	22
   920                           	
   921  007FA4                     l47:
   922                           	global	start
   923  007FA4  EF00  F000         	goto	start
   924                           	opt stack 0
   925                           GLOBAL	__end_of_main
   926  007FA8                     	__end_of_main:
   927                           	signat	_main,90
   928                           	global	_delay
   929                           
   930 ;; *************** function _delay *****************
   931 ;; Defined at:
   932 ;;		line 2 in file "D:\18bit034\ex1\pgm3\traffic2.c"
   933 ;; Parameters:    Size  Location     Type
   934 ;;		None
   935 ;; Auto vars:     Size  Location     Type
   936 ;;  i               4    0[COMRAM] unsigned long 
   937 ;; Return value:  Size  Location     Type
   938 ;;		None               void
   939 ;; Registers used:
   940 ;;		wreg, status,2, status,0
   941 ;; Tracked objects:
   942 ;;		On entry : 0/0
   943 ;;		On exit  : 0/0
   944 ;;		Unchanged: 0/0
   945 ;; Data sizes:     COMRAM   BANK0   BANK1   BANK2   BANK3   BANK4   BANK5
   946 ;;      Params:         0       0       0       0       0       0       0
   947 ;;      Locals:         4       0       0       0       0       0       0
   948 ;;      Temps:          0       0       0       0       0       0       0
   949 ;;      Totals:         4       0       0       0       0       0       0
   950 ;;Total ram usage:        4 bytes
   951 ;; Hardware stack levels used:    1
   952 ;; This function calls:
   953 ;;		Nothing
   954 ;; This function is called by:
   955 ;;		_main
   956 ;; This function uses a non-reentrant model
   957 ;;
   958                           psect	text1,class=CODE,space=0,reloc=2
   959                           global __ptext1
   960  007FA8                     __ptext1:
   961                           psect	text1
   962                           	file	"D:\18bit034\ex1\pgm3\traffic2.c"
   963                           	line	2
   964                           	global	__size_of_delay
   965  0000                     	__size_of_delay	equ	__end_of_delay-_delay
   966                           	
   967  007FA8                     _delay:
   968                           	opt	stack 30
   969                           	line	3
   970                           	
   971  007FA8                     l652:
   972                           ;traffic2.c: 3: for(unsigned long i=0;i<10000;i++){}
   973  007FA8  0E00               	movlw	low(0)
   974  007FAA  6E01               	movwf	((c:delay@i)),c
   975  007FAC  0E00               	movlw	high(0)
   976  007FAE  6E02               	movwf	((c:delay@i+1)),c
   977  007FB0  0E00               	movlw	low highword(0)
   978  007FB2  6E03               	movwf	((c:delay@i+2)),c
   979  007FB4  0E00               	movlw	high highword(0)
   980  007FB6  6E04               	movwf	((c:delay@i+3)),c
   981                           	
   982  007FB8                     l654:
   983  007FB8  0E10               	movlw	low(02710h)
   984  007FBA  5C01               	subwf	((c:delay@i)),c,w
   985  007FBC  0E27               	movlw	high(02710h)
   986  007FBE  5802               	subwfb	((c:delay@i+1)),c,w
   987  007FC0  0E00               	movlw	low highword(02710h)
   988  007FC2  5803               	subwfb	((c:delay@i+2)),c,w
   989  007FC4  0E00               	movlw	high highword(02710h)
   990  007FC6  5804               	subwfb	((c:delay@i+3)),c,w
   991  007FC8  A0D8               	btfss	status,0
   992  007FCA  D001               	goto	u71
   993  007FCC  D001               	goto	u70
   994  007FCE                     u71:
   995  007FCE  D002               	goto	l658
   996  007FD0                     u70:
   997  007FD0  D016               	goto	l41
   998                           	
   999  007FD2                     l656:
  1000  007FD2  D015               	goto	l41
  1001                           	
  1002  007FD4                     l39:
  1003                           	
  1004  007FD4                     l658:
  1005  007FD4  0E01               	movlw	01h
  1006  007FD6  2601               	addwf	((c:delay@i)),c
  1007  007FD8  0E00               	movlw	0
  1008  007FDA  2202               	addwfc	((c:delay@i+1)),c
  1009  007FDC  0E00               	movlw	0
  1010  007FDE  2203               	addwfc	((c:delay@i+2)),c
  1011  007FE0  0E00               	movlw	0
  1012  007FE2  2204               	addwfc	((c:delay@i+3)),c
  1013  007FE4  0E10               	movlw	low(02710h)
  1014  007FE6  5C01               	subwf	((c:delay@i)),c,w
  1015  007FE8  0E27               	movlw	high(02710h)
  1016  007FEA  5802               	subwfb	((c:delay@i+1)),c,w
  1017  007FEC  0E00               	movlw	low highword(02710h)
  1018  007FEE  5803               	subwfb	((c:delay@i+2)),c,w
  1019  007FF0  0E00               	movlw	high highword(02710h)
  1020  007FF2  5804               	subwfb	((c:delay@i+3)),c,w
  1021  007FF4  A0D8               	btfss	status,0
  1022  007FF6  D001               	goto	u81
  1023  007FF8  D001               	goto	u80
  1024  007FFA                     u81:
  1025  007FFA  D7EC               	goto	l658
  1026  007FFC                     u80:
  1027  007FFC  D000               	goto	l41
  1028                           	
  1029  007FFE                     l40:
  1030                           	line	4
  1031                           	
  1032  007FFE                     l41:
  1033  007FFE  0012               	return
  1034                           	opt stack 0
  1035                           GLOBAL	__end_of_delay
  1036  008000                     	__end_of_delay:
  1037                           	signat	_delay,88
  1038                           	GLOBAL	__activetblptr
  1039  0000                     __activetblptr	EQU	0
  1040                           	psect	intsave_regs,class=BIGRAM,space=1
  1041                           psect	text2,class=CODE,space=0,reloc=2
  1042                           global __ptext2
  1043  000000                     __ptext2:
  1044                           	PSECT	rparam,class=COMRAM,space=1
  1045                           	GLOBAL	__Lrparam
  1046                           	FNCONF	rparam,??,?
  1047                           GLOBAL	__Lparam, __Hparam
  1048                           GLOBAL	__Lrparam, __Hrparam
  1049  0000                     __Lparam	EQU	__Lrparam
  1050  0000                     __Hparam	EQU	__Hrparam


Data Sizes:
    Strings     0
    Constant    0
    Data        0
    BSS         0
    Persistent  0
    Stack       0

Auto Spaces:
    Space          Size  Autos    Used
    COMRAM          127      4       4
    BANK0           128      0       0
    BANK1           256      0       0
    BANK2           256      0       0
    BANK3           256      0       0
    BANK4           256      0       0
    BANK5           256      0       0

Pointer List with Targets:

    None.

Critical Paths under _main in COMRAM

    _main->_delay

Critical Paths under _main in BANK0

    None.

Critical Paths under _main in BANK1

    None.

Critical Paths under _main in BANK2

    None.

Critical Paths under _main in BANK3

    None.

Critical Paths under _main in BANK4

    None.

Critical Paths under _main in BANK5

    None.

Call Graph Tables:

 ---------------------------------------------------------------------------------
 (Depth) Function   	        Calls       Base Space   Used Autos Params    Refs
 ---------------------------------------------------------------------------------
 (0) _main                                                 0     0      0      30
                              _delay
 ---------------------------------------------------------------------------------
 (1) _delay                                                4     4      0      30
                                              0 COMRAM     4     4      0
 ---------------------------------------------------------------------------------
 Estimated maximum stack depth 1
 ---------------------------------------------------------------------------------

 Call Graph Graphs:

 _main (ROOT)
   _delay

 Address spaces:
Name               Size   Autos  Total    Cost      Usage
BITCOMRAM           7F      0       0       0        0.0%
EEDATA             100      0       0       0        0.0%
NULL                 0      0       0       0        0.0%
CODE                 0      0       0       0        0.0%
COMRAM              7F      4       4       1        3.1%
STACK                0      0       1       2        0.0%
DATA                 0      0       0       3        0.0%
BITBANK0            80      0       0       4        0.0%
BANK0               80      0       0       5        0.0%
BITBANK1           100      0       0       6        0.0%
BANK1              100      0       0       7        0.0%
BITBANK2           100      0       0       8        0.0%
BANK2              100      0       0       9        0.0%
BITBANK3           100      0       0      10        0.0%
BANK3              100      0       0      11        0.0%
BITBANK4           100      0       0      12        0.0%
BANK4              100      0       0      13        0.0%
BANK5              100      0       0      14        0.0%
ABS                  0      0       0      15        0.0%
BITBANK5           100      0       0      16        0.0%
BIGRAM             5FF      0       0      17        0.0%
BITSFR               0      0       0      40        0.0%
SFR                  0      0       0      40        0.0%


HI-TECH Software PICC-18 Macro Assembler V9.80 build 11162 
Symbol Table                                                                                   Thu Mar 04 16:10:41 2021

                  l40 7FFE                    l41 7FFE                    l44 7F8A                    l45 7FA2  
                  l46 7FA4                    l39 7FD4                    l47 7FA4                    u70 7FD0  
                  u71 7FCE                    u80 7FFC                    u81 7FFA                   l652 7FA8  
                 l654 7FB8                   l656 7FD2                   l658 7FD4                   _RB0 007C08  
                 _RB1 007C09                   _RB2 007C0A                  l1830 7F92                  l1832 7F98  
                l1824 7F7E                  l1834 7F9A                  l1826 7F8C                  l1828 7F90  
                _main 7F7E                  start 0000                 ?_main 0001                 _delay 7FA8  
               status 000FD8          __end_of_main 7FA8                ??_main 0005         __activetblptr 000000  
              ?_delay 0001                _TRISB0 007C98                _TRISB1 007C99                _TRISB2 007C9A  
              delay@i 0001            __accesstop 0080        __pcstackCOMRAM 0001         __end_of_delay 8000  
             ??_delay 0001               __Hparam 0000               __Lparam 0000               __pcinit 7F78  
             __ramtop 0600               __ptext0 7F7E               __ptext1 7FA8               __ptext2 0000  
end_of_initialization 7F78   start_initialization 7F78        __size_of_delay 0058              __Hrparam 0000  
            __Lrparam 0000         __size_of_main 002A  
