

HI-TECH Software PIC18 LITE Macro Assembler V9.80 build 11162 
                                                                                               Wed Mar 24 14:26:31 2021

HI-TECH Software Omniscient Code Generator (Lite mode) build 11162
     1  0000                     opt subtitle "HI-TECH Software Omniscient Code Generator (Lite mode) build 11162"
     2                           
     3                           opt pagewidth 120
     4                           
     5                           	opt lm
     6                           
     7                           	processor	18F4520
     8  0000                     porta	equ	0F80h
     9  0000                     portb	equ	0F81h
    10  0000                     portc	equ	0F82h
    11  0000                     portd	equ	0F83h
    12  0000                     porte	equ	0F84h
    13  0000                     lata	equ	0F89h
    14  0000                     latb	equ	0F8Ah
    15  0000                     latc	equ	0F8Bh
    16  0000                     latd	equ	0F8Ch
    17  0000                     late	equ	0F8Dh
    18  0000                     trisa	equ	0F92h
    19  0000                     trisb	equ	0F93h
    20  0000                     trisc	equ	0F94h
    21  0000                     trisd	equ	0F95h
    22  0000                     trise	equ	0F96h
    23  0000                     pie1	equ	0F9Dh
    24  0000                     pir1	equ	0F9Eh
    25  0000                     ipr1	equ	0F9Fh
    26  0000                     pie2	equ	0FA0h
    27  0000                     pir2	equ	0FA1h
    28  0000                     ipr2	equ	0FA2h
    29  0000                     t3con	equ	0FB1h
    30  0000                     tmr3l	equ	0FB2h
    31  0000                     tmr3h	equ	0FB3h
    32  0000                     ccp1con	equ	0FBDh
    33  0000                     ccpr1l	equ	0FBEh
    34  0000                     ccpr1h	equ	0FBFh
    35  0000                     adcon1	equ	0FC1h
    36  0000                     adcon0	equ	0FC2h
    37  0000                     adresl	equ	0FC3h
    38  0000                     adresh	equ	0FC4h
    39  0000                     sspcon2	equ	0FC5h
    40  0000                     sspcon1	equ	0FC6h
    41  0000                     sspstat	equ	0FC7h
    42  0000                     sspadd	equ	0FC8h
    43  0000                     sspbuf	equ	0FC9h
    44  0000                     t2con	equ	0FCAh
    45  0000                     pr2	equ	0FCBh
    46  0000                     tmr2	equ	0FCCh
    47  0000                     t1con	equ	0FCDh
    48  0000                     tmr1l	equ	0FCEh
    49  0000                     tmr1h	equ	0FCFh
    50  0000                     rcon	equ	0FD0h
    51  0000                     wdtcon	equ	0FD1h
    52  0000                     lvdcon	equ	0FD2h
    53  0000                     osccon	equ	0FD3h
    54  0000                     t0con	equ	0FD5h
    55  0000                     tmr0l	equ	0FD6h
    56  0000                     tmr0h	equ	0FD7h
    57  0000                     status	equ	0FD8h
    58  0000                     fsr2	equ	0FD9h
    59  0000                     fsr2l	equ	0FD9h
    60  0000                     fsr2h	equ	0FDAh
    61  0000                     plusw2	equ	0FDBh
    62  0000                     preinc2	equ	0FDCh
    63  0000                     postdec2	equ	0FDDh
    64  0000                     postinc2	equ	0FDEh
    65  0000                     indf2	equ	0FDFh
    66  0000                     bsr	equ	0FE0h
    67  0000                     fsr1	equ	0FE1h
    68  0000                     fsr1l	equ	0FE1h
    69  0000                     fsr1h	equ	0FE2h
    70  0000                     plusw1	equ	0FE3h
    71  0000                     preinc1	equ	0FE4h
    72  0000                     postdec1	equ	0FE5h
    73  0000                     postinc1	equ	0FE6h
    74  0000                     indf1	equ	0FE7h
    75  0000                     wreg	equ	0FE8h
    76  0000                     fsr0	equ	0FE9h
    77  0000                     fsr0l	equ	0FE9h
    78  0000                     fsr0h	equ	0FEAh
    79  0000                     plusw0	equ	0FEBh
    80  0000                     preinc0	equ	0FECh
    81  0000                     postdec0	equ	0FEDh
    82  0000                     postinc0	equ	0FEEh
    83  0000                     indf0	equ	0FEFh
    84  0000                     intcon3	equ	0FF0h
    85  0000                     intcon2	equ	0FF1h
    86  0000                     intcon	equ	0FF2h
    87  0000                     prod	equ	0FF3h
    88  0000                     prodl	equ	0FF3h
    89  0000                     prodh	equ	0FF4h
    90  0000                     tablat	equ	0FF5h
    91  0000                     tblptr	equ	0FF6h
    92  0000                     tblptrl	equ	0FF6h
    93  0000                     tblptrh	equ	0FF7h
    94  0000                     tblptru	equ	0FF8h
    95  0000                     pcl	equ	0FF9h
    96  0000                     pclat	equ	0FFAh
    97  0000                     pclath	equ	0FFAh
    98  0000                     pclatu	equ	0FFBh
    99  0000                     stkptr	equ	0FFCh
   100  0000                     tosl	equ	0FFDh
   101  0000                     tosh	equ	0FFEh
   102  0000                     tosu	equ	0FFFh
   103                           skipnz macro
   104                           	btfsc	status,2
   105  0000                     	endm
   106                           	global	__ramtop
   107                           	global	__accesstop
   108                           # 19 "C:\Program Files (x86)\HI-TECH Software\PICC-18\9.80\include\pic18f4520.h"
   109  0000                     PORTA equ 0F80h ;# 
   110                           # 90 "C:\Program Files (x86)\HI-TECH Software\PICC-18\9.80\include\pic18f4520.h"
   111  0000                     PORTB equ 0F81h ;# 
   112                           # 139 "C:\Program Files (x86)\HI-TECH Software\PICC-18\9.80\include\pic18f4520.h"
   113  0000                     PORTC equ 0F82h ;# 
   114                           # 194 "C:\Program Files (x86)\HI-TECH Software\PICC-18\9.80\include\pic18f4520.h"
   115  0000                     PORTD equ 0F83h ;# 
   116                           # 236 "C:\Program Files (x86)\HI-TECH Software\PICC-18\9.80\include\pic18f4520.h"
   117  0000                     PORTE equ 0F84h ;# 
   118                           # 365 "C:\Program Files (x86)\HI-TECH Software\PICC-18\9.80\include\pic18f4520.h"
   119  0000                     LATA equ 0F89h ;# 
   120                           # 418 "C:\Program Files (x86)\HI-TECH Software\PICC-18\9.80\include\pic18f4520.h"
   121  0000                     LATB equ 0F8Ah ;# 
   122                           # 471 "C:\Program Files (x86)\HI-TECH Software\PICC-18\9.80\include\pic18f4520.h"
   123  0000                     LATC equ 0F8Bh ;# 
   124                           # 524 "C:\Program Files (x86)\HI-TECH Software\PICC-18\9.80\include\pic18f4520.h"
   125  0000                     LATD equ 0F8Ch ;# 
   126                           # 577 "C:\Program Files (x86)\HI-TECH Software\PICC-18\9.80\include\pic18f4520.h"
   127  0000                     LATE equ 0F8Dh ;# 
   128                           # 625 "C:\Program Files (x86)\HI-TECH Software\PICC-18\9.80\include\pic18f4520.h"
   129  0000                     TRISA equ 0F92h ;# 
   130                           # 630 "C:\Program Files (x86)\HI-TECH Software\PICC-18\9.80\include\pic18f4520.h"
   131  0000                     DDRA equ 0F92h ;# 
   132                           # 688 "C:\Program Files (x86)\HI-TECH Software\PICC-18\9.80\include\pic18f4520.h"
   133  0000                     TRISB equ 0F93h ;# 
   134                           # 693 "C:\Program Files (x86)\HI-TECH Software\PICC-18\9.80\include\pic18f4520.h"
   135  0000                     DDRB equ 0F93h ;# 
   136                           # 751 "C:\Program Files (x86)\HI-TECH Software\PICC-18\9.80\include\pic18f4520.h"
   137  0000                     TRISC equ 0F94h ;# 
   138                           # 756 "C:\Program Files (x86)\HI-TECH Software\PICC-18\9.80\include\pic18f4520.h"
   139  0000                     DDRC equ 0F94h ;# 
   140                           # 814 "C:\Program Files (x86)\HI-TECH Software\PICC-18\9.80\include\pic18f4520.h"
   141  0000                     TRISD equ 0F95h ;# 
   142                           # 819 "C:\Program Files (x86)\HI-TECH Software\PICC-18\9.80\include\pic18f4520.h"
   143  0000                     DDRD equ 0F95h ;# 
   144                           # 877 "C:\Program Files (x86)\HI-TECH Software\PICC-18\9.80\include\pic18f4520.h"
   145  0000                     TRISE equ 0F96h ;# 
   146                           # 882 "C:\Program Files (x86)\HI-TECH Software\PICC-18\9.80\include\pic18f4520.h"
   147  0000                     DDRE equ 0F96h ;# 
   148                           # 932 "C:\Program Files (x86)\HI-TECH Software\PICC-18\9.80\include\pic18f4520.h"
   149  0000                     OSCTUNE equ 0F9Bh ;# 
   150                           # 954 "C:\Program Files (x86)\HI-TECH Software\PICC-18\9.80\include\pic18f4520.h"
   151  0000                     PIE1 equ 0F9Dh ;# 
   152                           # 981 "C:\Program Files (x86)\HI-TECH Software\PICC-18\9.80\include\pic18f4520.h"
   153  0000                     PIR1 equ 0F9Eh ;# 
   154                           # 1017 "C:\Program Files (x86)\HI-TECH Software\PICC-18\9.80\include\pic18f4520.h"
   155  0000                     IPR1 equ 0F9Fh ;# 
   156                           # 1044 "C:\Program Files (x86)\HI-TECH Software\PICC-18\9.80\include\pic18f4520.h"
   157  0000                     PIE2 equ 0FA0h ;# 
   158                           # 1067 "C:\Program Files (x86)\HI-TECH Software\PICC-18\9.80\include\pic18f4520.h"
   159  0000                     PIR2 equ 0FA1h ;# 
   160                           # 1090 "C:\Program Files (x86)\HI-TECH Software\PICC-18\9.80\include\pic18f4520.h"
   161  0000                     IPR2 equ 0FA2h ;# 
   162                           # 1113 "C:\Program Files (x86)\HI-TECH Software\PICC-18\9.80\include\pic18f4520.h"
   163  0000                     EECON1 equ 0FA6h ;# 
   164                           # 1136 "C:\Program Files (x86)\HI-TECH Software\PICC-18\9.80\include\pic18f4520.h"
   165  0000                     EECON2 equ 0FA7h ;# 
   166                           # 1148 "C:\Program Files (x86)\HI-TECH Software\PICC-18\9.80\include\pic18f4520.h"
   167  0000                     EEDATA equ 0FA8h ;# 
   168                           # 1160 "C:\Program Files (x86)\HI-TECH Software\PICC-18\9.80\include\pic18f4520.h"
   169  0000                     EEADR equ 0FA9h ;# 
   170                           # 1172 "C:\Program Files (x86)\HI-TECH Software\PICC-18\9.80\include\pic18f4520.h"
   171  0000                     RCSTA equ 0FABh ;# 
   172                           # 1177 "C:\Program Files (x86)\HI-TECH Software\PICC-18\9.80\include\pic18f4520.h"
   173  0000                     RCSTA1 equ 0FABh ;# 
   174                           # 1225 "C:\Program Files (x86)\HI-TECH Software\PICC-18\9.80\include\pic18f4520.h"
   175  0000                     TXSTA equ 0FACh ;# 
   176                           # 1230 "C:\Program Files (x86)\HI-TECH Software\PICC-18\9.80\include\pic18f4520.h"
   177  0000                     TXSTA1 equ 0FACh ;# 
   178                           # 1324 "C:\Program Files (x86)\HI-TECH Software\PICC-18\9.80\include\pic18f4520.h"
   179  0000                     TXREG equ 0FADh ;# 
   180                           # 1329 "C:\Program Files (x86)\HI-TECH Software\PICC-18\9.80\include\pic18f4520.h"
   181  0000                     TXREG1 equ 0FADh ;# 
   182                           # 1347 "C:\Program Files (x86)\HI-TECH Software\PICC-18\9.80\include\pic18f4520.h"
   183  0000                     RCREG equ 0FAEh ;# 
   184                           # 1352 "C:\Program Files (x86)\HI-TECH Software\PICC-18\9.80\include\pic18f4520.h"
   185  0000                     RCREG1 equ 0FAEh ;# 
   186                           # 1370 "C:\Program Files (x86)\HI-TECH Software\PICC-18\9.80\include\pic18f4520.h"
   187  0000                     SPBRG equ 0FAFh ;# 
   188                           # 1375 "C:\Program Files (x86)\HI-TECH Software\PICC-18\9.80\include\pic18f4520.h"
   189  0000                     SPBRG1 equ 0FAFh ;# 
   190                           # 1393 "C:\Program Files (x86)\HI-TECH Software\PICC-18\9.80\include\pic18f4520.h"
   191  0000                     SPBRGH equ 0FB0h ;# 
   192                           # 1405 "C:\Program Files (x86)\HI-TECH Software\PICC-18\9.80\include\pic18f4520.h"
   193  0000                     T3CON equ 0FB1h ;# 
   194                           # 1446 "C:\Program Files (x86)\HI-TECH Software\PICC-18\9.80\include\pic18f4520.h"
   195  0000                     TMR3 equ 0FB2h ;# 
   196                           # 1458 "C:\Program Files (x86)\HI-TECH Software\PICC-18\9.80\include\pic18f4520.h"
   197  0000                     TMR3L equ 0FB2h ;# 
   198                           # 1470 "C:\Program Files (x86)\HI-TECH Software\PICC-18\9.80\include\pic18f4520.h"
   199  0000                     TMR3H equ 0FB3h ;# 
   200                           # 1482 "C:\Program Files (x86)\HI-TECH Software\PICC-18\9.80\include\pic18f4520.h"
   201  0000                     CMCON equ 0FB4h ;# 
   202                           # 1515 "C:\Program Files (x86)\HI-TECH Software\PICC-18\9.80\include\pic18f4520.h"
   203  0000                     CVRCON equ 0FB5h ;# 
   204                           # 1541 "C:\Program Files (x86)\HI-TECH Software\PICC-18\9.80\include\pic18f4520.h"
   205  0000                     ECCP1AS equ 0FB6h ;# 
   206                           # 1546 "C:\Program Files (x86)\HI-TECH Software\PICC-18\9.80\include\pic18f4520.h"
   207  0000                     ECCPAS equ 0FB6h ;# 
   208                           # 1588 "C:\Program Files (x86)\HI-TECH Software\PICC-18\9.80\include\pic18f4520.h"
   209  0000                     PWM1CON equ 0FB7h ;# 
   210                           # 1593 "C:\Program Files (x86)\HI-TECH Software\PICC-18\9.80\include\pic18f4520.h"
   211  0000                     ECCP1DEL equ 0FB7h ;# 
   212                           # 1631 "C:\Program Files (x86)\HI-TECH Software\PICC-18\9.80\include\pic18f4520.h"
   213  0000                     BAUDCON equ 0FB8h ;# 
   214                           # 1636 "C:\Program Files (x86)\HI-TECH Software\PICC-18\9.80\include\pic18f4520.h"
   215  0000                     BAUDCTL equ 0FB8h ;# 
   216                           # 1696 "C:\Program Files (x86)\HI-TECH Software\PICC-18\9.80\include\pic18f4520.h"
   217  0000                     CCP2CON equ 0FBAh ;# 
   218                           # 1722 "C:\Program Files (x86)\HI-TECH Software\PICC-18\9.80\include\pic18f4520.h"
   219  0000                     CCPR2 equ 0FBBh ;# 
   220                           # 1734 "C:\Program Files (x86)\HI-TECH Software\PICC-18\9.80\include\pic18f4520.h"
   221  0000                     CCPR2L equ 0FBBh ;# 
   222                           # 1746 "C:\Program Files (x86)\HI-TECH Software\PICC-18\9.80\include\pic18f4520.h"
   223  0000                     CCPR2H equ 0FBCh ;# 
   224                           # 1758 "C:\Program Files (x86)\HI-TECH Software\PICC-18\9.80\include\pic18f4520.h"
   225  0000                     CCP1CON equ 0FBDh ;# 
   226                           # 1787 "C:\Program Files (x86)\HI-TECH Software\PICC-18\9.80\include\pic18f4520.h"
   227  0000                     CCPR1 equ 0FBEh ;# 
   228                           # 1799 "C:\Program Files (x86)\HI-TECH Software\PICC-18\9.80\include\pic18f4520.h"
   229  0000                     CCPR1L equ 0FBEh ;# 
   230                           # 1811 "C:\Program Files (x86)\HI-TECH Software\PICC-18\9.80\include\pic18f4520.h"
   231  0000                     CCPR1H equ 0FBFh ;# 
   232                           # 1823 "C:\Program Files (x86)\HI-TECH Software\PICC-18\9.80\include\pic18f4520.h"
   233  0000                     ADCON2 equ 0FC0h ;# 
   234                           # 1846 "C:\Program Files (x86)\HI-TECH Software\PICC-18\9.80\include\pic18f4520.h"
   235  0000                     ADCON1 equ 0FC1h ;# 
   236                           # 1879 "C:\Program Files (x86)\HI-TECH Software\PICC-18\9.80\include\pic18f4520.h"
   237  0000                     ADCON0 equ 0FC2h ;# 
   238                           # 1934 "C:\Program Files (x86)\HI-TECH Software\PICC-18\9.80\include\pic18f4520.h"
   239  0000                     ADRES equ 0FC3h ;# 
   240                           # 1946 "C:\Program Files (x86)\HI-TECH Software\PICC-18\9.80\include\pic18f4520.h"
   241  0000                     ADRESL equ 0FC3h ;# 
   242                           # 1958 "C:\Program Files (x86)\HI-TECH Software\PICC-18\9.80\include\pic18f4520.h"
   243  0000                     ADRESH equ 0FC4h ;# 
   244                           # 1970 "C:\Program Files (x86)\HI-TECH Software\PICC-18\9.80\include\pic18f4520.h"
   245  0000                     SSPCON2 equ 0FC5h ;# 
   246                           # 1997 "C:\Program Files (x86)\HI-TECH Software\PICC-18\9.80\include\pic18f4520.h"
   247  0000                     SSPCON1 equ 0FC6h ;# 
   248                           # 2019 "C:\Program Files (x86)\HI-TECH Software\PICC-18\9.80\include\pic18f4520.h"
   249  0000                     SSPSTAT equ 0FC7h ;# 
   250                           # 2126 "C:\Program Files (x86)\HI-TECH Software\PICC-18\9.80\include\pic18f4520.h"
   251  0000                     SSPADD equ 0FC8h ;# 
   252                           # 2138 "C:\Program Files (x86)\HI-TECH Software\PICC-18\9.80\include\pic18f4520.h"
   253  0000                     SSPBUF equ 0FC9h ;# 
   254                           # 2150 "C:\Program Files (x86)\HI-TECH Software\PICC-18\9.80\include\pic18f4520.h"
   255  0000                     T2CON equ 0FCAh ;# 
   256                           # 2180 "C:\Program Files (x86)\HI-TECH Software\PICC-18\9.80\include\pic18f4520.h"
   257  0000                     PR2 equ 0FCBh ;# 
   258                           # 2185 "C:\Program Files (x86)\HI-TECH Software\PICC-18\9.80\include\pic18f4520.h"
   259  0000                     MEMCON equ 0FCBh ;# 
   260                           # 2203 "C:\Program Files (x86)\HI-TECH Software\PICC-18\9.80\include\pic18f4520.h"
   261  0000                     TMR2 equ 0FCCh ;# 
   262                           # 2215 "C:\Program Files (x86)\HI-TECH Software\PICC-18\9.80\include\pic18f4520.h"
   263  0000                     T1CON equ 0FCDh ;# 
   264                           # 2252 "C:\Program Files (x86)\HI-TECH Software\PICC-18\9.80\include\pic18f4520.h"
   265  0000                     TMR1 equ 0FCEh ;# 
   266                           # 2264 "C:\Program Files (x86)\HI-TECH Software\PICC-18\9.80\include\pic18f4520.h"
   267  0000                     TMR1L equ 0FCEh ;# 
   268                           # 2276 "C:\Program Files (x86)\HI-TECH Software\PICC-18\9.80\include\pic18f4520.h"
   269  0000                     TMR1H equ 0FCFh ;# 
   270                           # 2288 "C:\Program Files (x86)\HI-TECH Software\PICC-18\9.80\include\pic18f4520.h"
   271  0000                     RCON equ 0FD0h ;# 
   272                           # 2333 "C:\Program Files (x86)\HI-TECH Software\PICC-18\9.80\include\pic18f4520.h"
   273  0000                     WDTCON equ 0FD1h ;# 
   274                           # 2348 "C:\Program Files (x86)\HI-TECH Software\PICC-18\9.80\include\pic18f4520.h"
   275  0000                     HLVDCON equ 0FD2h ;# 
   276                           # 2353 "C:\Program Files (x86)\HI-TECH Software\PICC-18\9.80\include\pic18f4520.h"
   277  0000                     LVDCON equ 0FD2h ;# 
   278                           # 2423 "C:\Program Files (x86)\HI-TECH Software\PICC-18\9.80\include\pic18f4520.h"
   279  0000                     OSCCON equ 0FD3h ;# 
   280                           # 2448 "C:\Program Files (x86)\HI-TECH Software\PICC-18\9.80\include\pic18f4520.h"
   281  0000                     T0CON equ 0FD5h ;# 
   282                           # 2473 "C:\Program Files (x86)\HI-TECH Software\PICC-18\9.80\include\pic18f4520.h"
   283  0000                     TMR0 equ 0FD6h ;# 
   284                           # 2485 "C:\Program Files (x86)\HI-TECH Software\PICC-18\9.80\include\pic18f4520.h"
   285  0000                     TMR0L equ 0FD6h ;# 
   286                           # 2497 "C:\Program Files (x86)\HI-TECH Software\PICC-18\9.80\include\pic18f4520.h"
   287  0000                     TMR0H equ 0FD7h ;# 
   288                           # 2509 "C:\Program Files (x86)\HI-TECH Software\PICC-18\9.80\include\pic18f4520.h"
   289  0000                     STATUS equ 0FD8h ;# 
   290                           # 2540 "C:\Program Files (x86)\HI-TECH Software\PICC-18\9.80\include\pic18f4520.h"
   291  0000                     FSR2 equ 0FD9h ;# 
   292                           # 2552 "C:\Program Files (x86)\HI-TECH Software\PICC-18\9.80\include\pic18f4520.h"
   293  0000                     FSR2L equ 0FD9h ;# 
   294                           # 2564 "C:\Program Files (x86)\HI-TECH Software\PICC-18\9.80\include\pic18f4520.h"
   295  0000                     FSR2H equ 0FDAh ;# 
   296                           # 2576 "C:\Program Files (x86)\HI-TECH Software\PICC-18\9.80\include\pic18f4520.h"
   297  0000                     PLUSW2 equ 0FDBh ;# 
   298                           # 2588 "C:\Program Files (x86)\HI-TECH Software\PICC-18\9.80\include\pic18f4520.h"
   299  0000                     PREINC2 equ 0FDCh ;# 
   300                           # 2600 "C:\Program Files (x86)\HI-TECH Software\PICC-18\9.80\include\pic18f4520.h"
   301  0000                     POSTDEC2 equ 0FDDh ;# 
   302                           # 2612 "C:\Program Files (x86)\HI-TECH Software\PICC-18\9.80\include\pic18f4520.h"
   303  0000                     POSTINC2 equ 0FDEh ;# 
   304                           # 2624 "C:\Program Files (x86)\HI-TECH Software\PICC-18\9.80\include\pic18f4520.h"
   305  0000                     INDF2 equ 0FDFh ;# 
   306                           # 2636 "C:\Program Files (x86)\HI-TECH Software\PICC-18\9.80\include\pic18f4520.h"
   307  0000                     BSR equ 0FE0h ;# 
   308                           # 2648 "C:\Program Files (x86)\HI-TECH Software\PICC-18\9.80\include\pic18f4520.h"
   309  0000                     FSR1 equ 0FE1h ;# 
   310                           # 2660 "C:\Program Files (x86)\HI-TECH Software\PICC-18\9.80\include\pic18f4520.h"
   311  0000                     FSR1L equ 0FE1h ;# 
   312                           # 2672 "C:\Program Files (x86)\HI-TECH Software\PICC-18\9.80\include\pic18f4520.h"
   313  0000                     FSR1H equ 0FE2h ;# 
   314                           # 2684 "C:\Program Files (x86)\HI-TECH Software\PICC-18\9.80\include\pic18f4520.h"
   315  0000                     PLUSW1 equ 0FE3h ;# 
   316                           # 2696 "C:\Program Files (x86)\HI-TECH Software\PICC-18\9.80\include\pic18f4520.h"
   317  0000                     PREINC1 equ 0FE4h ;# 
   318                           # 2708 "C:\Program Files (x86)\HI-TECH Software\PICC-18\9.80\include\pic18f4520.h"
   319  0000                     POSTDEC1 equ 0FE5h ;# 
   320                           # 2720 "C:\Program Files (x86)\HI-TECH Software\PICC-18\9.80\include\pic18f4520.h"
   321  0000                     POSTINC1 equ 0FE6h ;# 
   322                           # 2732 "C:\Program Files (x86)\HI-TECH Software\PICC-18\9.80\include\pic18f4520.h"
   323  0000                     INDF1 equ 0FE7h ;# 
   324                           # 2744 "C:\Program Files (x86)\HI-TECH Software\PICC-18\9.80\include\pic18f4520.h"
   325  0000                     WREG equ 0FE8h ;# 
   326                           # 2767 "C:\Program Files (x86)\HI-TECH Software\PICC-18\9.80\include\pic18f4520.h"
   327  0000                     FSR0 equ 0FE9h ;# 
   328                           # 2779 "C:\Program Files (x86)\HI-TECH Software\PICC-18\9.80\include\pic18f4520.h"
   329  0000                     FSR0L equ 0FE9h ;# 
   330                           # 2791 "C:\Program Files (x86)\HI-TECH Software\PICC-18\9.80\include\pic18f4520.h"
   331  0000                     FSR0H equ 0FEAh ;# 
   332                           # 2803 "C:\Program Files (x86)\HI-TECH Software\PICC-18\9.80\include\pic18f4520.h"
   333  0000                     PLUSW0 equ 0FEBh ;# 
   334                           # 2815 "C:\Program Files (x86)\HI-TECH Software\PICC-18\9.80\include\pic18f4520.h"
   335  0000                     PREINC0 equ 0FECh ;# 
   336                           # 2827 "C:\Program Files (x86)\HI-TECH Software\PICC-18\9.80\include\pic18f4520.h"
   337  0000                     POSTDEC0 equ 0FEDh ;# 
   338                           # 2839 "C:\Program Files (x86)\HI-TECH Software\PICC-18\9.80\include\pic18f4520.h"
   339  0000                     POSTINC0 equ 0FEEh ;# 
   340                           # 2851 "C:\Program Files (x86)\HI-TECH Software\PICC-18\9.80\include\pic18f4520.h"
   341  0000                     INDF0 equ 0FEFh ;# 
   342                           # 2863 "C:\Program Files (x86)\HI-TECH Software\PICC-18\9.80\include\pic18f4520.h"
   343  0000                     INTCON3 equ 0FF0h ;# 
   344                           # 2892 "C:\Program Files (x86)\HI-TECH Software\PICC-18\9.80\include\pic18f4520.h"
   345  0000                     INTCON2 equ 0FF1h ;# 
   346                           # 2919 "C:\Program Files (x86)\HI-TECH Software\PICC-18\9.80\include\pic18f4520.h"
   347  0000                     INTCON equ 0FF2h ;# 
   348                           # 2983 "C:\Program Files (x86)\HI-TECH Software\PICC-18\9.80\include\pic18f4520.h"
   349  0000                     PROD equ 0FF3h ;# 
   350                           # 2995 "C:\Program Files (x86)\HI-TECH Software\PICC-18\9.80\include\pic18f4520.h"
   351  0000                     PRODL equ 0FF3h ;# 
   352                           # 3007 "C:\Program Files (x86)\HI-TECH Software\PICC-18\9.80\include\pic18f4520.h"
   353  0000                     PRODH equ 0FF4h ;# 
   354                           # 3019 "C:\Program Files (x86)\HI-TECH Software\PICC-18\9.80\include\pic18f4520.h"
   355  0000                     TABLAT equ 0FF5h ;# 
   356                           # 3031 "C:\Program Files (x86)\HI-TECH Software\PICC-18\9.80\include\pic18f4520.h"
   357  0000                     TBLPTR equ 0FF6h ;# 
   358                           # 3044 "C:\Program Files (x86)\HI-TECH Software\PICC-18\9.80\include\pic18f4520.h"
   359  0000                     TBLPTRL equ 0FF6h ;# 
   360                           # 3056 "C:\Program Files (x86)\HI-TECH Software\PICC-18\9.80\include\pic18f4520.h"
   361  0000                     TBLPTRH equ 0FF7h ;# 
   362                           # 3068 "C:\Program Files (x86)\HI-TECH Software\PICC-18\9.80\include\pic18f4520.h"
   363  0000                     TBLPTRU equ 0FF8h ;# 
   364                           # 3081 "C:\Program Files (x86)\HI-TECH Software\PICC-18\9.80\include\pic18f4520.h"
   365  0000                     PCLAT equ 0FF9h ;# 
   366                           # 3086 "C:\Program Files (x86)\HI-TECH Software\PICC-18\9.80\include\pic18f4520.h"
   367  0000                     PC equ 0FF9h ;# 
   368                           # 3104 "C:\Program Files (x86)\HI-TECH Software\PICC-18\9.80\include\pic18f4520.h"
   369  0000                     PCL equ 0FF9h ;# 
   370                           # 3116 "C:\Program Files (x86)\HI-TECH Software\PICC-18\9.80\include\pic18f4520.h"
   371  0000                     PCLATH equ 0FFAh ;# 
   372                           # 3128 "C:\Program Files (x86)\HI-TECH Software\PICC-18\9.80\include\pic18f4520.h"
   373  0000                     PCLATU equ 0FFBh ;# 
   374                           # 3140 "C:\Program Files (x86)\HI-TECH Software\PICC-18\9.80\include\pic18f4520.h"
   375  0000                     STKPTR equ 0FFCh ;# 
   376                           # 3164 "C:\Program Files (x86)\HI-TECH Software\PICC-18\9.80\include\pic18f4520.h"
   377  0000                     TOS equ 0FFDh ;# 
   378                           # 3176 "C:\Program Files (x86)\HI-TECH Software\PICC-18\9.80\include\pic18f4520.h"
   379  0000                     TOSL equ 0FFDh ;# 
   380                           # 3188 "C:\Program Files (x86)\HI-TECH Software\PICC-18\9.80\include\pic18f4520.h"
   381  0000                     TOSH equ 0FFEh ;# 
   382                           # 3200 "C:\Program Files (x86)\HI-TECH Software\PICC-18\9.80\include\pic18f4520.h"
   383  0000                     TOSU equ 0FFFh ;# 
   384                           	FNCALL	_main,_DELAY
   385                           	FNROOT	_main
   386                           	global	_PORTD
   387  0000                     _PORTD	set	0xF83
   388                           	global	_TRISD
   389  0000                     _TRISD	set	0xF95
   390                           	global	_RB0
   391  0000                     _RB0	set	0x7C08
   392                           	global	_TRISB0
   393  0000                     _TRISB0	set	0x7C98
   394                           psect	text0,class=CODE,space=0,reloc=2
   395                           global __ptext0
   396  007F64                     __ptext0:
   397                           ; #config settings
   398                           	file	"stppermotor.as"
   399                           	line	#
   400                           psect	cinit,class=CODE,delta=1,reloc=2
   401                           global __pcinit
   402  007F3A                     __pcinit:
   403                           global start_initialization
   404  007F3A                     start_initialization:
   405                           
   406                           psect cinit,class=CODE,delta=1
   407                           global end_of_initialization
   408                           
   409                           ;End of C runtime variable initialization code
   410                           
   411  007F3A                     end_of_initialization:
   412  007F3A  0100               movlb 0
   413  007F3C  EFB2  F03F         goto _main	;jump to C main() function
   414                           psect	cstackCOMRAM,class=COMRAM,space=1
   415                           global __pcstackCOMRAM
   416  000001                     __pcstackCOMRAM:
   417                           	global	?_DELAY
   418  000001                     ?_DELAY:	; 0 bytes @ 0x0
   419                           	global	?_main
   420  000001                     ?_main:	; 2 bytes @ 0x0
   421                           	global	DELAY@a
   422  000001                     DELAY@a:	; 2 bytes @ 0x0
   423  000001                     	ds   2
   424                           	global	??_DELAY
   425  000003                     ??_DELAY:	; 0 bytes @ 0x2
   426                           	global	DELAY@i
   427  000003                     DELAY@i:	; 2 bytes @ 0x2
   428  000003                     	ds   2
   429                           	global	??_main
   430  000005                     ??_main:	; 0 bytes @ 0x4
   431                           ;!
   432                           ;!Data Sizes:
   433                           ;!    Strings     0
   434                           ;!    Constant    0
   435                           ;!    Data        0
   436                           ;!    BSS         0
   437                           ;!    Persistent  0
   438                           ;!    Stack       0
   439                           ;!
   440                           ;!Auto Spaces:
   441                           ;!    Space          Size  Autos    Used
   442                           ;!    COMRAM          127      4       4
   443                           ;!    BANK0           128      0       0
   444                           ;!    BANK1           256      0       0
   445                           ;!    BANK2           256      0       0
   446                           ;!    BANK3           256      0       0
   447                           ;!    BANK4           256      0       0
   448                           ;!    BANK5           256      0       0
   449                           
   450                           ;!
   451                           ;!Pointer List with Targets:
   452                           ;!
   453                           ;!    None.
   454                           
   455                           
   456                           ;!
   457                           ;!Critical Paths under _main in COMRAM
   458                           ;!
   459                           ;!    _main->_DELAY
   460                           ;!
   461                           ;!Critical Paths under _main in BANK0
   462                           ;!
   463                           ;!    None.
   464                           ;!
   465                           ;!Critical Paths under _main in BANK1
   466                           ;!
   467                           ;!    None.
   468                           ;!
   469                           ;!Critical Paths under _main in BANK2
   470                           ;!
   471                           ;!    None.
   472                           ;!
   473                           ;!Critical Paths under _main in BANK3
   474                           ;!
   475                           ;!    None.
   476                           ;!
   477                           ;!Critical Paths under _main in BANK4
   478                           ;!
   479                           ;!    None.
   480                           ;!
   481                           ;!Critical Paths under _main in BANK5
   482                           ;!
   483                           ;!    None.
   484                           
   485 ;;
   486 ;;Main: autosize = 0, tempsize = 0, incstack = 0, save=0
   487 ;;
   488                           
   489                           ;!
   490                           ;!Call Graph Tables:
   491                           ;!
   492                           ;! ---------------------------------------------------------------------------------
   493                           ;! (Depth) Function   	        Calls       Base Space   Used Autos Params    Refs
   494                           ;! ---------------------------------------------------------------------------------
   495                           ;! (0) _main                                                 0     0      0      30
   496                           ;!                              _DELAY
   497                           ;! ---------------------------------------------------------------------------------
   498                           ;! (1) _DELAY                                                4     2      2      30
   499                           ;!                                              0 COMRAM     4     2      2
   500                           ;! ---------------------------------------------------------------------------------
   501                           ;! Estimated maximum stack depth 1
   502                           ;! ---------------------------------------------------------------------------------
   503                           ;!
   504                           ;! Call Graph Graphs:
   505                           ;!
   506                           ;! _main (ROOT)
   507                           ;!   _DELAY
   508                           ;!
   509                           
   510                           ;! Address spaces:
   511                           
   512                           ;!Name               Size   Autos  Total    Cost      Usage
   513                           ;!BITCOMRAM           7F      0       0       0        0.0%
   514                           ;!EEDATA             100      0       0       0        0.0%
   515                           ;!NULL                 0      0       0       0        0.0%
   516                           ;!CODE                 0      0       0       0        0.0%
   517                           ;!COMRAM              7F      4       4       1        3.1%
   518                           ;!STACK                0      0       1       2        0.0%
   519                           ;!DATA                 0      0       0       3        0.0%
   520                           ;!BITBANK0            80      0       0       4        0.0%
   521                           ;!BANK0               80      0       0       5        0.0%
   522                           ;!BITBANK1           100      0       0       6        0.0%
   523                           ;!BANK1              100      0       0       7        0.0%
   524                           ;!BITBANK2           100      0       0       8        0.0%
   525                           ;!BANK2              100      0       0       9        0.0%
   526                           ;!BITBANK3           100      0       0      10        0.0%
   527                           ;!BANK3              100      0       0      11        0.0%
   528                           ;!BITBANK4           100      0       0      12        0.0%
   529                           ;!BANK4              100      0       0      13        0.0%
   530                           ;!BANK5              100      0       0      14        0.0%
   531                           ;!ABS                  0      0       0      15        0.0%
   532                           ;!BITBANK5           100      0       0      16        0.0%
   533                           ;!BIGRAM             5FF      0       0      17        0.0%
   534                           ;!BITSFR               0      0       0      40        0.0%
   535                           ;!SFR                  0      0       0      40        0.0%
   536                           
   537                           	global	_main
   538                           
   539 ;; *************** function _main *****************
   540 ;; Defined at:
   541 ;;		line 8 in file "F:\eslab\emlab\Ex6\stepper.c"
   542 ;; Parameters:    Size  Location     Type
   543 ;;		None
   544 ;; Auto vars:     Size  Location     Type
   545 ;;		None
   546 ;; Return value:  Size  Location     Type
   547 ;;                  2   16[COMRAM] int 
   548 ;; Registers used:
   549 ;;		wreg, status,2, status,0, cstack
   550 ;; Tracked objects:
   551 ;;		On entry : 0/0
   552 ;;		On exit  : 0/0
   553 ;;		Unchanged: 0/0
   554 ;; Data sizes:     COMRAM   BANK0   BANK1   BANK2   BANK3   BANK4   BANK5
   555 ;;      Params:         0       0       0       0       0       0       0
   556 ;;      Locals:         0       0       0       0       0       0       0
   557 ;;      Temps:          0       0       0       0       0       0       0
   558 ;;      Totals:         0       0       0       0       0       0       0
   559 ;;Total ram usage:        0 bytes
   560 ;; Hardware stack levels required when called:    1
   561 ;; This function calls:
   562 ;;		_DELAY
   563 ;; This function is called by:
   564 ;;		Startup code after reset
   565 ;; This function uses a non-reentrant model
   566 ;;
   567                           psect	text0
   568                           psect	text0
   569                           	file	"F:\eslab\emlab\Ex6\stepper.c"
   570                           	line	8
   571                           	global	__size_of_main
   572  0000                     	__size_of_main	equ	__end_of_main-_main
   573                           	
   574  007F64                     _main:
   575                           	opt	stack 30
   576                           	line	9
   577                           	
   578  007F64                     l1771:
   579                           ;stepper.c: 9: TRISB0=1;
   580  007F64  8093               	bsf	c:(31896/8),(31896)&7	;volatile
   581                           	line	10
   582                           	
   583  007F66                     l1773:
   584                           ;stepper.c: 10: TRISD=0;
   585  007F66  0E00               	movlw	low(0)
   586  007F68  6E95               	movwf	((c:3989)),c	;volatile
   587  007F6A  D000               	goto	l1775
   588                           	line	11
   589                           ;stepper.c: 11: while(1)
   590                           	
   591  007F6C                     l17:
   592                           	line	13
   593                           	
   594  007F6C                     l1775:
   595                           ;stepper.c: 12: {
   596                           ;stepper.c: 13: if(RB0==1)
   597  007F6C  A081               	btfss	c:(31752/8),(31752)&7	;volatile
   598  007F6E  D001               	goto	u1831
   599  007F70  D001               	goto	u1830
   600  007F72                     u1831:
   601  007F72  D021               	goto	l1789
   602  007F74                     u1830:
   603                           	line	15
   604                           	
   605  007F74                     l1777:
   606                           ;stepper.c: 14: {
   607                           ;stepper.c: 15: PORTD=0X99;
   608  007F74  0E99               	movlw	low(099h)
   609  007F76  6E83               	movwf	((c:3971)),c	;volatile
   610                           	line	16
   611                           	
   612  007F78                     l1779:
   613                           ;stepper.c: 16: DELAY(50000);
   614  007F78  0EC3               	movlw	high(0C350h)
   615  007F7A  6E02               	movwf	((c:?_DELAY+1)),c
   616  007F7C  0E50               	movlw	low(0C350h)
   617  007F7E  6E01               	movwf	((c:?_DELAY)),c
   618  007F80  ECA0  F03F         	call	_DELAY	;wreg free
   619                           	line	17
   620                           	
   621  007F84                     l1781:
   622                           ;stepper.c: 17: PORTD=0XCC;
   623  007F84  0ECC               	movlw	low(0CCh)
   624  007F86  6E83               	movwf	((c:3971)),c	;volatile
   625                           	line	18
   626                           ;stepper.c: 18: DELAY(50000);
   627  007F88  0EC3               	movlw	high(0C350h)
   628  007F8A  6E02               	movwf	((c:?_DELAY+1)),c
   629  007F8C  0E50               	movlw	low(0C350h)
   630  007F8E  6E01               	movwf	((c:?_DELAY)),c
   631  007F90  ECA0  F03F         	call	_DELAY	;wreg free
   632                           	line	19
   633                           	
   634  007F94                     l1783:
   635                           ;stepper.c: 19: PORTD=0X66;
   636  007F94  0E66               	movlw	low(066h)
   637  007F96  6E83               	movwf	((c:3971)),c	;volatile
   638                           	line	20
   639                           	
   640  007F98                     l1785:
   641                           ;stepper.c: 20: DELAY(50000);
   642  007F98  0EC3               	movlw	high(0C350h)
   643  007F9A  6E02               	movwf	((c:?_DELAY+1)),c
   644  007F9C  0E50               	movlw	low(0C350h)
   645  007F9E  6E01               	movwf	((c:?_DELAY)),c
   646  007FA0  ECA0  F03F         	call	_DELAY	;wreg free
   647                           	line	21
   648                           ;stepper.c: 21: PORTD=0X33;
   649  007FA4  0E33               	movlw	low(033h)
   650  007FA6  6E83               	movwf	((c:3971)),c	;volatile
   651                           	line	22
   652                           	
   653  007FA8                     l1787:
   654                           ;stepper.c: 22: DELAY(50000);
   655  007FA8  0EC3               	movlw	high(0C350h)
   656  007FAA  6E02               	movwf	((c:?_DELAY+1)),c
   657  007FAC  0E50               	movlw	low(0C350h)
   658  007FAE  6E01               	movwf	((c:?_DELAY)),c
   659  007FB0  ECA0  F03F         	call	_DELAY	;wreg free
   660                           	line	23
   661                           ;stepper.c: 23: }
   662  007FB4  D7DB               	goto	l1775
   663                           	line	24
   664                           	
   665  007FB6                     l18:
   666                           	line	26
   667                           	
   668  007FB6                     l1789:
   669                           ;stepper.c: 24: else
   670                           ;stepper.c: 25: {
   671                           ;stepper.c: 26: PORTD=0X33;
   672  007FB6  0E33               	movlw	low(033h)
   673  007FB8  6E83               	movwf	((c:3971)),c	;volatile
   674                           	line	27
   675                           	
   676  007FBA                     l1791:
   677                           ;stepper.c: 27: DELAY(50000);
   678  007FBA  0EC3               	movlw	high(0C350h)
   679  007FBC  6E02               	movwf	((c:?_DELAY+1)),c
   680  007FBE  0E50               	movlw	low(0C350h)
   681  007FC0  6E01               	movwf	((c:?_DELAY)),c
   682  007FC2  ECA0  F03F         	call	_DELAY	;wreg free
   683                           	line	28
   684                           	
   685  007FC6                     l1793:
   686                           ;stepper.c: 28: PORTD=0X66;
   687  007FC6  0E66               	movlw	low(066h)
   688  007FC8  6E83               	movwf	((c:3971)),c	;volatile
   689                           	line	29
   690                           ;stepper.c: 29: DELAY(50000);
   691  007FCA  0EC3               	movlw	high(0C350h)
   692  007FCC  6E02               	movwf	((c:?_DELAY+1)),c
   693  007FCE  0E50               	movlw	low(0C350h)
   694  007FD0  6E01               	movwf	((c:?_DELAY)),c
   695  007FD2  ECA0  F03F         	call	_DELAY	;wreg free
   696                           	line	30
   697                           	
   698  007FD6                     l1795:
   699                           ;stepper.c: 30: PORTD=0XCC;
   700  007FD6  0ECC               	movlw	low(0CCh)
   701  007FD8  6E83               	movwf	((c:3971)),c	;volatile
   702                           	line	31
   703                           	
   704  007FDA                     l1797:
   705                           ;stepper.c: 31: DELAY(50000);
   706  007FDA  0EC3               	movlw	high(0C350h)
   707  007FDC  6E02               	movwf	((c:?_DELAY+1)),c
   708  007FDE  0E50               	movlw	low(0C350h)
   709  007FE0  6E01               	movwf	((c:?_DELAY)),c
   710  007FE2  ECA0  F03F         	call	_DELAY	;wreg free
   711                           	line	32
   712                           ;stepper.c: 32: PORTD=0X99;
   713  007FE6  0E99               	movlw	low(099h)
   714  007FE8  6E83               	movwf	((c:3971)),c	;volatile
   715                           	line	33
   716                           	
   717  007FEA                     l1799:
   718                           ;stepper.c: 33: DELAY(50000);
   719  007FEA  0EC3               	movlw	high(0C350h)
   720  007FEC  6E02               	movwf	((c:?_DELAY+1)),c
   721  007FEE  0E50               	movlw	low(0C350h)
   722  007FF0  6E01               	movwf	((c:?_DELAY)),c
   723  007FF2  ECA0  F03F         	call	_DELAY	;wreg free
   724  007FF6  D7BA               	goto	l1775
   725                           	line	34
   726                           	
   727  007FF8                     l19:
   728  007FF8  D7B9               	goto	l1775
   729                           	line	35
   730                           	
   731  007FFA                     l20:
   732                           	line	11
   733  007FFA  D7B8               	goto	l1775
   734                           	
   735  007FFC                     l21:
   736                           	line	36
   737                           	
   738  007FFC                     l22:
   739                           	global	start
   740  007FFC  EF00  F000         	goto	start
   741                           	opt stack 0
   742                           GLOBAL	__end_of_main
   743  008000                     	__end_of_main:
   744                           	signat	_main,90
   745                           	global	_DELAY
   746                           
   747 ;; *************** function _DELAY *****************
   748 ;; Defined at:
   749 ;;		line 4 in file "F:\eslab\emlab\Ex6\stepper.c"
   750 ;; Parameters:    Size  Location     Type
   751 ;;  a               2    0[COMRAM] unsigned int 
   752 ;; Auto vars:     Size  Location     Type
   753 ;;  i               2    2[COMRAM] unsigned int 
   754 ;; Return value:  Size  Location     Type
   755 ;;		None               void
   756 ;; Registers used:
   757 ;;		wreg, status,2, status,0
   758 ;; Tracked objects:
   759 ;;		On entry : 0/0
   760 ;;		On exit  : 0/0
   761 ;;		Unchanged: 0/0
   762 ;; Data sizes:     COMRAM   BANK0   BANK1   BANK2   BANK3   BANK4   BANK5
   763 ;;      Params:         2       0       0       0       0       0       0
   764 ;;      Locals:         2       0       0       0       0       0       0
   765 ;;      Temps:          0       0       0       0       0       0       0
   766 ;;      Totals:         4       0       0       0       0       0       0
   767 ;;Total ram usage:        4 bytes
   768 ;; Hardware stack levels used:    1
   769 ;; This function calls:
   770 ;;		Nothing
   771 ;; This function is called by:
   772 ;;		_main
   773 ;; This function uses a non-reentrant model
   774 ;;
   775                           psect	text1,class=CODE,space=0,reloc=2
   776                           global __ptext1
   777  007F40                     __ptext1:
   778                           psect	text1
   779                           	file	"F:\eslab\emlab\Ex6\stepper.c"
   780                           	line	4
   781                           	global	__size_of_DELAY
   782  0000                     	__size_of_DELAY	equ	__end_of_DELAY-_DELAY
   783                           	
   784  007F40                     _DELAY:
   785                           	opt	stack 30
   786                           	
   787  007F40                     l601:
   788  007F40  0E00               	movlw	high(0)
   789  007F42  6E04               	movwf	((c:DELAY@i+1)),c
   790  007F44  0E00               	movlw	low(0)
   791  007F46  6E03               	movwf	((c:DELAY@i)),c
   792  007F48  D003               	goto	l605
   793                           	line	5
   794                           	
   795  007F4A                     l12:
   796                           	line	4
   797                           	
   798  007F4A                     l603:
   799                           ;stepper.c: 5: {}
   800  007F4A  4A03               	infsnz	((c:DELAY@i)),c
   801  007F4C  2A04               	incf	((c:DELAY@i+1)),c
   802  007F4E  D000               	goto	l605
   803                           	
   804  007F50                     l11:
   805                           	
   806  007F50                     l605:
   807  007F50  5001               	movf	((c:DELAY@a)),c,w
   808  007F52  5C03               	subwf	((c:DELAY@i)),c,w
   809  007F54  5002               	movf	((c:DELAY@a+1)),c,w
   810  007F56  5804               	subwfb	((c:DELAY@i+1)),c,w
   811  007F58  A0D8               	btfss	status,0
   812  007F5A  D001               	goto	u11
   813  007F5C  D001               	goto	u10
   814  007F5E                     u11:
   815  007F5E  D7F5               	goto	l603
   816  007F60                     u10:
   817  007F60  D000               	goto	l14
   818                           	
   819  007F62                     l13:
   820                           	line	6
   821                           	
   822  007F62                     l14:
   823  007F62  0012               	return
   824                           	opt stack 0
   825                           GLOBAL	__end_of_DELAY
   826  007F64                     	__end_of_DELAY:
   827                           	signat	_DELAY,4216
   828                           	GLOBAL	__activetblptr
   829  0000                     __activetblptr	EQU	0
   830                           	psect	intsave_regs,class=BIGRAM,space=1
   831                           psect	text2,class=CODE,space=0,reloc=2
   832                           global __ptext2
   833  000000                     __ptext2:
   834                           	PSECT	rparam,class=COMRAM,space=1
   835                           	GLOBAL	__Lrparam
   836                           	FNCONF	rparam,??,?
   837                           GLOBAL	__Lparam, __Hparam
   838                           GLOBAL	__Lrparam, __Hrparam
   839  0000                     __Lparam	EQU	__Lrparam
   840  0000                     __Hparam	EQU	__Hrparam


Data Sizes:
    Strings     0
    Constant    0
    Data        0
    BSS         0
    Persistent  0
    Stack       0

Auto Spaces:
    Space          Size  Autos    Used
    COMRAM          127      4       4
    BANK0           128      0       0
    BANK1           256      0       0
    BANK2           256      0       0
    BANK3           256      0       0
    BANK4           256      0       0
    BANK5           256      0       0

Pointer List with Targets:

    None.

Critical Paths under _main in COMRAM

    _main->_DELAY

Critical Paths under _main in BANK0

    None.

Critical Paths under _main in BANK1

    None.

Critical Paths under _main in BANK2

    None.

Critical Paths under _main in BANK3

    None.

Critical Paths under _main in BANK4

    None.

Critical Paths under _main in BANK5

    None.

Call Graph Tables:

 ---------------------------------------------------------------------------------
 (Depth) Function   	        Calls       Base Space   Used Autos Params    Refs
 ---------------------------------------------------------------------------------
 (0) _main                                                 0     0      0      30
                              _DELAY
 ---------------------------------------------------------------------------------
 (1) _DELAY                                                4     2      2      30
                                              0 COMRAM     4     2      2
 ---------------------------------------------------------------------------------
 Estimated maximum stack depth 1
 ---------------------------------------------------------------------------------

 Call Graph Graphs:

 _main (ROOT)
   _DELAY

 Address spaces:
Name               Size   Autos  Total    Cost      Usage
BITCOMRAM           7F      0       0       0        0.0%
EEDATA             100      0       0       0        0.0%
NULL                 0      0       0       0        0.0%
CODE                 0      0       0       0        0.0%
COMRAM              7F      4       4       1        3.1%
STACK                0      0       1       2        0.0%
DATA                 0      0       0       3        0.0%
BITBANK0            80      0       0       4        0.0%
BANK0               80      0       0       5        0.0%
BITBANK1           100      0       0       6        0.0%
BANK1              100      0       0       7        0.0%
BITBANK2           100      0       0       8        0.0%
BANK2              100      0       0       9        0.0%
BITBANK3           100      0       0      10        0.0%
BANK3              100      0       0      11        0.0%
BITBANK4           100      0       0      12        0.0%
BANK4              100      0       0      13        0.0%
BANK5              100      0       0      14        0.0%
ABS                  0      0       0      15        0.0%
BITBANK5           100      0       0      16        0.0%
BIGRAM             5FF      0       0      17        0.0%
BITSFR               0      0       0      40        0.0%
SFR                  0      0       0      40        0.0%


HI-TECH Software PICC-18 Macro Assembler V9.80 build 11162 
Symbol Table                                                                                   Wed Mar 24 14:26:31 2021

                  l11 7F50                    l12 7F4A                    l20 7FFA                    l13 7F62  
                  l21 7FFC                    l14 7F62                    l22 7FFC                    l17 7F6C  
                  l18 7FB6                    l19 7FF8                    u10 7F60                    u11 7F5E  
                 l601 7F40                   l603 7F4A                   l605 7F50                   _RB0 007C08  
                l1771 7F64                  l1781 7F84                  l1773 7F66                  l1791 7FBA  
                l1783 7F94                  l1775 7F6C                  l1793 7FC6                  l1785 7F98  
                l1777 7F74                  l1795 7FD6                  l1787 7FA8                  l1779 7F78  
                l1797 7FDA                  l1789 7FB6                  l1799 7FEA                  u1830 7F74  
                u1831 7F72                  _main 7F64                  start 0000                 ?_main 0001  
               _DELAY 7F40                 _PORTD 000F83                 _TRISD 000F95                 status 000FD8  
        __end_of_main 8000                DELAY@a 0001                DELAY@i 0003                ??_main 0005  
              ?_DELAY 0001         __activetblptr 000000                _TRISB0 007C98            __accesstop 0080  
       __end_of_DELAY 7F64        __pcstackCOMRAM 0001               ??_DELAY 0003               __Hparam 0000  
             __Lparam 0000               __pcinit 7F3A               __ramtop 0600               __ptext0 7F64  
             __ptext1 7F40               __ptext2 0000  end_of_initialization 7F3A   start_initialization 7F3A  
      __size_of_DELAY 0024              __Hrparam 0000              __Lrparam 0000         __size_of_main 009C  
