

HI-TECH Software PIC18 LITE Macro Assembler V9.80 build 11162 
                                                                                               Thu Mar 04 16:14:54 2021

HI-TECH Software Omniscient Code Generator (Lite mode) build 11162
     1  0000                     opt subtitle "HI-TECH Software Omniscient Code Generator (Lite mode) build 11162"
     2                           
     3                           opt pagewidth 120
     4                           
     5                           	opt lm
     6                           
     7                           	processor	18F4520
     8  0000                     porta	equ	0F80h
     9  0000                     portb	equ	0F81h
    10  0000                     portc	equ	0F82h
    11  0000                     portd	equ	0F83h
    12  0000                     porte	equ	0F84h
    13  0000                     lata	equ	0F89h
    14  0000                     latb	equ	0F8Ah
    15  0000                     latc	equ	0F8Bh
    16  0000                     latd	equ	0F8Ch
    17  0000                     late	equ	0F8Dh
    18  0000                     trisa	equ	0F92h
    19  0000                     trisb	equ	0F93h
    20  0000                     trisc	equ	0F94h
    21  0000                     trisd	equ	0F95h
    22  0000                     trise	equ	0F96h
    23  0000                     pie1	equ	0F9Dh
    24  0000                     pir1	equ	0F9Eh
    25  0000                     ipr1	equ	0F9Fh
    26  0000                     pie2	equ	0FA0h
    27  0000                     pir2	equ	0FA1h
    28  0000                     ipr2	equ	0FA2h
    29  0000                     t3con	equ	0FB1h
    30  0000                     tmr3l	equ	0FB2h
    31  0000                     tmr3h	equ	0FB3h
    32  0000                     ccp1con	equ	0FBDh
    33  0000                     ccpr1l	equ	0FBEh
    34  0000                     ccpr1h	equ	0FBFh
    35  0000                     adcon1	equ	0FC1h
    36  0000                     adcon0	equ	0FC2h
    37  0000                     adresl	equ	0FC3h
    38  0000                     adresh	equ	0FC4h
    39  0000                     sspcon2	equ	0FC5h
    40  0000                     sspcon1	equ	0FC6h
    41  0000                     sspstat	equ	0FC7h
    42  0000                     sspadd	equ	0FC8h
    43  0000                     sspbuf	equ	0FC9h
    44  0000                     t2con	equ	0FCAh
    45  0000                     pr2	equ	0FCBh
    46  0000                     tmr2	equ	0FCCh
    47  0000                     t1con	equ	0FCDh
    48  0000                     tmr1l	equ	0FCEh
    49  0000                     tmr1h	equ	0FCFh
    50  0000                     rcon	equ	0FD0h
    51  0000                     wdtcon	equ	0FD1h
    52  0000                     lvdcon	equ	0FD2h
    53  0000                     osccon	equ	0FD3h
    54  0000                     t0con	equ	0FD5h
    55  0000                     tmr0l	equ	0FD6h
    56  0000                     tmr0h	equ	0FD7h
    57  0000                     status	equ	0FD8h
    58  0000                     fsr2	equ	0FD9h
    59  0000                     fsr2l	equ	0FD9h
    60  0000                     fsr2h	equ	0FDAh
    61  0000                     plusw2	equ	0FDBh
    62  0000                     preinc2	equ	0FDCh
    63  0000                     postdec2	equ	0FDDh
    64  0000                     postinc2	equ	0FDEh
    65  0000                     indf2	equ	0FDFh
    66  0000                     bsr	equ	0FE0h
    67  0000                     fsr1	equ	0FE1h
    68  0000                     fsr1l	equ	0FE1h
    69  0000                     fsr1h	equ	0FE2h
    70  0000                     plusw1	equ	0FE3h
    71  0000                     preinc1	equ	0FE4h
    72  0000                     postdec1	equ	0FE5h
    73  0000                     postinc1	equ	0FE6h
    74  0000                     indf1	equ	0FE7h
    75  0000                     wreg	equ	0FE8h
    76  0000                     fsr0	equ	0FE9h
    77  0000                     fsr0l	equ	0FE9h
    78  0000                     fsr0h	equ	0FEAh
    79  0000                     plusw0	equ	0FEBh
    80  0000                     preinc0	equ	0FECh
    81  0000                     postdec0	equ	0FEDh
    82  0000                     postinc0	equ	0FEEh
    83  0000                     indf0	equ	0FEFh
    84  0000                     intcon3	equ	0FF0h
    85  0000                     intcon2	equ	0FF1h
    86  0000                     intcon	equ	0FF2h
    87  0000                     prod	equ	0FF3h
    88  0000                     prodl	equ	0FF3h
    89  0000                     prodh	equ	0FF4h
    90  0000                     tablat	equ	0FF5h
    91  0000                     tblptr	equ	0FF6h
    92  0000                     tblptrl	equ	0FF6h
    93  0000                     tblptrh	equ	0FF7h
    94  0000                     tblptru	equ	0FF8h
    95  0000                     pcl	equ	0FF9h
    96  0000                     pclat	equ	0FFAh
    97  0000                     pclath	equ	0FFAh
    98  0000                     pclatu	equ	0FFBh
    99  0000                     stkptr	equ	0FFCh
   100  0000                     tosl	equ	0FFDh
   101  0000                     tosh	equ	0FFEh
   102  0000                     tosu	equ	0FFFh
   103                           skipnz macro
   104                           	btfsc	status,2
   105  0000                     	endm
   106                           	global	__ramtop
   107                           	global	__accesstop
   108                           # 19 "C:\Program Files (x86)\HI-TECH Software\PICC-18\9.80\include\pic18f4520.h"
   109  0000                     PORTA equ 0F80h ;# 
   110                           # 90 "C:\Program Files (x86)\HI-TECH Software\PICC-18\9.80\include\pic18f4520.h"
   111  0000                     PORTB equ 0F81h ;# 
   112                           # 139 "C:\Program Files (x86)\HI-TECH Software\PICC-18\9.80\include\pic18f4520.h"
   113  0000                     PORTC equ 0F82h ;# 
   114                           # 194 "C:\Program Files (x86)\HI-TECH Software\PICC-18\9.80\include\pic18f4520.h"
   115  0000                     PORTD equ 0F83h ;# 
   116                           # 236 "C:\Program Files (x86)\HI-TECH Software\PICC-18\9.80\include\pic18f4520.h"
   117  0000                     PORTE equ 0F84h ;# 
   118                           # 365 "C:\Program Files (x86)\HI-TECH Software\PICC-18\9.80\include\pic18f4520.h"
   119  0000                     LATA equ 0F89h ;# 
   120                           # 418 "C:\Program Files (x86)\HI-TECH Software\PICC-18\9.80\include\pic18f4520.h"
   121  0000                     LATB equ 0F8Ah ;# 
   122                           # 471 "C:\Program Files (x86)\HI-TECH Software\PICC-18\9.80\include\pic18f4520.h"
   123  0000                     LATC equ 0F8Bh ;# 
   124                           # 524 "C:\Program Files (x86)\HI-TECH Software\PICC-18\9.80\include\pic18f4520.h"
   125  0000                     LATD equ 0F8Ch ;# 
   126                           # 577 "C:\Program Files (x86)\HI-TECH Software\PICC-18\9.80\include\pic18f4520.h"
   127  0000                     LATE equ 0F8Dh ;# 
   128                           # 625 "C:\Program Files (x86)\HI-TECH Software\PICC-18\9.80\include\pic18f4520.h"
   129  0000                     TRISA equ 0F92h ;# 
   130                           # 630 "C:\Program Files (x86)\HI-TECH Software\PICC-18\9.80\include\pic18f4520.h"
   131  0000                     DDRA equ 0F92h ;# 
   132                           # 688 "C:\Program Files (x86)\HI-TECH Software\PICC-18\9.80\include\pic18f4520.h"
   133  0000                     TRISB equ 0F93h ;# 
   134                           # 693 "C:\Program Files (x86)\HI-TECH Software\PICC-18\9.80\include\pic18f4520.h"
   135  0000                     DDRB equ 0F93h ;# 
   136                           # 751 "C:\Program Files (x86)\HI-TECH Software\PICC-18\9.80\include\pic18f4520.h"
   137  0000                     TRISC equ 0F94h ;# 
   138                           # 756 "C:\Program Files (x86)\HI-TECH Software\PICC-18\9.80\include\pic18f4520.h"
   139  0000                     DDRC equ 0F94h ;# 
   140                           # 814 "C:\Program Files (x86)\HI-TECH Software\PICC-18\9.80\include\pic18f4520.h"
   141  0000                     TRISD equ 0F95h ;# 
   142                           # 819 "C:\Program Files (x86)\HI-TECH Software\PICC-18\9.80\include\pic18f4520.h"
   143  0000                     DDRD equ 0F95h ;# 
   144                           # 877 "C:\Program Files (x86)\HI-TECH Software\PICC-18\9.80\include\pic18f4520.h"
   145  0000                     TRISE equ 0F96h ;# 
   146                           # 882 "C:\Program Files (x86)\HI-TECH Software\PICC-18\9.80\include\pic18f4520.h"
   147  0000                     DDRE equ 0F96h ;# 
   148                           # 932 "C:\Program Files (x86)\HI-TECH Software\PICC-18\9.80\include\pic18f4520.h"
   149  0000                     OSCTUNE equ 0F9Bh ;# 
   150                           # 954 "C:\Program Files (x86)\HI-TECH Software\PICC-18\9.80\include\pic18f4520.h"
   151  0000                     PIE1 equ 0F9Dh ;# 
   152                           # 981 "C:\Program Files (x86)\HI-TECH Software\PICC-18\9.80\include\pic18f4520.h"
   153  0000                     PIR1 equ 0F9Eh ;# 
   154                           # 1017 "C:\Program Files (x86)\HI-TECH Software\PICC-18\9.80\include\pic18f4520.h"
   155  0000                     IPR1 equ 0F9Fh ;# 
   156                           # 1044 "C:\Program Files (x86)\HI-TECH Software\PICC-18\9.80\include\pic18f4520.h"
   157  0000                     PIE2 equ 0FA0h ;# 
   158                           # 1067 "C:\Program Files (x86)\HI-TECH Software\PICC-18\9.80\include\pic18f4520.h"
   159  0000                     PIR2 equ 0FA1h ;# 
   160                           # 1090 "C:\Program Files (x86)\HI-TECH Software\PICC-18\9.80\include\pic18f4520.h"
   161  0000                     IPR2 equ 0FA2h ;# 
   162                           # 1113 "C:\Program Files (x86)\HI-TECH Software\PICC-18\9.80\include\pic18f4520.h"
   163  0000                     EECON1 equ 0FA6h ;# 
   164                           # 1136 "C:\Program Files (x86)\HI-TECH Software\PICC-18\9.80\include\pic18f4520.h"
   165  0000                     EECON2 equ 0FA7h ;# 
   166                           # 1148 "C:\Program Files (x86)\HI-TECH Software\PICC-18\9.80\include\pic18f4520.h"
   167  0000                     EEDATA equ 0FA8h ;# 
   168                           # 1160 "C:\Program Files (x86)\HI-TECH Software\PICC-18\9.80\include\pic18f4520.h"
   169  0000                     EEADR equ 0FA9h ;# 
   170                           # 1172 "C:\Program Files (x86)\HI-TECH Software\PICC-18\9.80\include\pic18f4520.h"
   171  0000                     RCSTA equ 0FABh ;# 
   172                           # 1177 "C:\Program Files (x86)\HI-TECH Software\PICC-18\9.80\include\pic18f4520.h"
   173  0000                     RCSTA1 equ 0FABh ;# 
   174                           # 1225 "C:\Program Files (x86)\HI-TECH Software\PICC-18\9.80\include\pic18f4520.h"
   175  0000                     TXSTA equ 0FACh ;# 
   176                           # 1230 "C:\Program Files (x86)\HI-TECH Software\PICC-18\9.80\include\pic18f4520.h"
   177  0000                     TXSTA1 equ 0FACh ;# 
   178                           # 1324 "C:\Program Files (x86)\HI-TECH Software\PICC-18\9.80\include\pic18f4520.h"
   179  0000                     TXREG equ 0FADh ;# 
   180                           # 1329 "C:\Program Files (x86)\HI-TECH Software\PICC-18\9.80\include\pic18f4520.h"
   181  0000                     TXREG1 equ 0FADh ;# 
   182                           # 1347 "C:\Program Files (x86)\HI-TECH Software\PICC-18\9.80\include\pic18f4520.h"
   183  0000                     RCREG equ 0FAEh ;# 
   184                           # 1352 "C:\Program Files (x86)\HI-TECH Software\PICC-18\9.80\include\pic18f4520.h"
   185  0000                     RCREG1 equ 0FAEh ;# 
   186                           # 1370 "C:\Program Files (x86)\HI-TECH Software\PICC-18\9.80\include\pic18f4520.h"
   187  0000                     SPBRG equ 0FAFh ;# 
   188                           # 1375 "C:\Program Files (x86)\HI-TECH Software\PICC-18\9.80\include\pic18f4520.h"
   189  0000                     SPBRG1 equ 0FAFh ;# 
   190                           # 1393 "C:\Program Files (x86)\HI-TECH Software\PICC-18\9.80\include\pic18f4520.h"
   191  0000                     SPBRGH equ 0FB0h ;# 
   192                           # 1405 "C:\Program Files (x86)\HI-TECH Software\PICC-18\9.80\include\pic18f4520.h"
   193  0000                     T3CON equ 0FB1h ;# 
   194                           # 1446 "C:\Program Files (x86)\HI-TECH Software\PICC-18\9.80\include\pic18f4520.h"
   195  0000                     TMR3 equ 0FB2h ;# 
   196                           # 1458 "C:\Program Files (x86)\HI-TECH Software\PICC-18\9.80\include\pic18f4520.h"
   197  0000                     TMR3L equ 0FB2h ;# 
   198                           # 1470 "C:\Program Files (x86)\HI-TECH Software\PICC-18\9.80\include\pic18f4520.h"
   199  0000                     TMR3H equ 0FB3h ;# 
   200                           # 1482 "C:\Program Files (x86)\HI-TECH Software\PICC-18\9.80\include\pic18f4520.h"
   201  0000                     CMCON equ 0FB4h ;# 
   202                           # 1515 "C:\Program Files (x86)\HI-TECH Software\PICC-18\9.80\include\pic18f4520.h"
   203  0000                     CVRCON equ 0FB5h ;# 
   204                           # 1541 "C:\Program Files (x86)\HI-TECH Software\PICC-18\9.80\include\pic18f4520.h"
   205  0000                     ECCP1AS equ 0FB6h ;# 
   206                           # 1546 "C:\Program Files (x86)\HI-TECH Software\PICC-18\9.80\include\pic18f4520.h"
   207  0000                     ECCPAS equ 0FB6h ;# 
   208                           # 1588 "C:\Program Files (x86)\HI-TECH Software\PICC-18\9.80\include\pic18f4520.h"
   209  0000                     PWM1CON equ 0FB7h ;# 
   210                           # 1593 "C:\Program Files (x86)\HI-TECH Software\PICC-18\9.80\include\pic18f4520.h"
   211  0000                     ECCP1DEL equ 0FB7h ;# 
   212                           # 1631 "C:\Program Files (x86)\HI-TECH Software\PICC-18\9.80\include\pic18f4520.h"
   213  0000                     BAUDCON equ 0FB8h ;# 
   214                           # 1636 "C:\Program Files (x86)\HI-TECH Software\PICC-18\9.80\include\pic18f4520.h"
   215  0000                     BAUDCTL equ 0FB8h ;# 
   216                           # 1696 "C:\Program Files (x86)\HI-TECH Software\PICC-18\9.80\include\pic18f4520.h"
   217  0000                     CCP2CON equ 0FBAh ;# 
   218                           # 1722 "C:\Program Files (x86)\HI-TECH Software\PICC-18\9.80\include\pic18f4520.h"
   219  0000                     CCPR2 equ 0FBBh ;# 
   220                           # 1734 "C:\Program Files (x86)\HI-TECH Software\PICC-18\9.80\include\pic18f4520.h"
   221  0000                     CCPR2L equ 0FBBh ;# 
   222                           # 1746 "C:\Program Files (x86)\HI-TECH Software\PICC-18\9.80\include\pic18f4520.h"
   223  0000                     CCPR2H equ 0FBCh ;# 
   224                           # 1758 "C:\Program Files (x86)\HI-TECH Software\PICC-18\9.80\include\pic18f4520.h"
   225  0000                     CCP1CON equ 0FBDh ;# 
   226                           # 1787 "C:\Program Files (x86)\HI-TECH Software\PICC-18\9.80\include\pic18f4520.h"
   227  0000                     CCPR1 equ 0FBEh ;# 
   228                           # 1799 "C:\Program Files (x86)\HI-TECH Software\PICC-18\9.80\include\pic18f4520.h"
   229  0000                     CCPR1L equ 0FBEh ;# 
   230                           # 1811 "C:\Program Files (x86)\HI-TECH Software\PICC-18\9.80\include\pic18f4520.h"
   231  0000                     CCPR1H equ 0FBFh ;# 
   232                           # 1823 "C:\Program Files (x86)\HI-TECH Software\PICC-18\9.80\include\pic18f4520.h"
   233  0000                     ADCON2 equ 0FC0h ;# 
   234                           # 1846 "C:\Program Files (x86)\HI-TECH Software\PICC-18\9.80\include\pic18f4520.h"
   235  0000                     ADCON1 equ 0FC1h ;# 
   236                           # 1879 "C:\Program Files (x86)\HI-TECH Software\PICC-18\9.80\include\pic18f4520.h"
   237  0000                     ADCON0 equ 0FC2h ;# 
   238                           # 1934 "C:\Program Files (x86)\HI-TECH Software\PICC-18\9.80\include\pic18f4520.h"
   239  0000                     ADRES equ 0FC3h ;# 
   240                           # 1946 "C:\Program Files (x86)\HI-TECH Software\PICC-18\9.80\include\pic18f4520.h"
   241  0000                     ADRESL equ 0FC3h ;# 
   242                           # 1958 "C:\Program Files (x86)\HI-TECH Software\PICC-18\9.80\include\pic18f4520.h"
   243  0000                     ADRESH equ 0FC4h ;# 
   244                           # 1970 "C:\Program Files (x86)\HI-TECH Software\PICC-18\9.80\include\pic18f4520.h"
   245  0000                     SSPCON2 equ 0FC5h ;# 
   246                           # 1997 "C:\Program Files (x86)\HI-TECH Software\PICC-18\9.80\include\pic18f4520.h"
   247  0000                     SSPCON1 equ 0FC6h ;# 
   248                           # 2019 "C:\Program Files (x86)\HI-TECH Software\PICC-18\9.80\include\pic18f4520.h"
   249  0000                     SSPSTAT equ 0FC7h ;# 
   250                           # 2126 "C:\Program Files (x86)\HI-TECH Software\PICC-18\9.80\include\pic18f4520.h"
   251  0000                     SSPADD equ 0FC8h ;# 
   252                           # 2138 "C:\Program Files (x86)\HI-TECH Software\PICC-18\9.80\include\pic18f4520.h"
   253  0000                     SSPBUF equ 0FC9h ;# 
   254                           # 2150 "C:\Program Files (x86)\HI-TECH Software\PICC-18\9.80\include\pic18f4520.h"
   255  0000                     T2CON equ 0FCAh ;# 
   256                           # 2180 "C:\Program Files (x86)\HI-TECH Software\PICC-18\9.80\include\pic18f4520.h"
   257  0000                     PR2 equ 0FCBh ;# 
   258                           # 2185 "C:\Program Files (x86)\HI-TECH Software\PICC-18\9.80\include\pic18f4520.h"
   259  0000                     MEMCON equ 0FCBh ;# 
   260                           # 2203 "C:\Program Files (x86)\HI-TECH Software\PICC-18\9.80\include\pic18f4520.h"
   261  0000                     TMR2 equ 0FCCh ;# 
   262                           # 2215 "C:\Program Files (x86)\HI-TECH Software\PICC-18\9.80\include\pic18f4520.h"
   263  0000                     T1CON equ 0FCDh ;# 
   264                           # 2252 "C:\Program Files (x86)\HI-TECH Software\PICC-18\9.80\include\pic18f4520.h"
   265  0000                     TMR1 equ 0FCEh ;# 
   266                           # 2264 "C:\Program Files (x86)\HI-TECH Software\PICC-18\9.80\include\pic18f4520.h"
   267  0000                     TMR1L equ 0FCEh ;# 
   268                           # 2276 "C:\Program Files (x86)\HI-TECH Software\PICC-18\9.80\include\pic18f4520.h"
   269  0000                     TMR1H equ 0FCFh ;# 
   270                           # 2288 "C:\Program Files (x86)\HI-TECH Software\PICC-18\9.80\include\pic18f4520.h"
   271  0000                     RCON equ 0FD0h ;# 
   272                           # 2333 "C:\Program Files (x86)\HI-TECH Software\PICC-18\9.80\include\pic18f4520.h"
   273  0000                     WDTCON equ 0FD1h ;# 
   274                           # 2348 "C:\Program Files (x86)\HI-TECH Software\PICC-18\9.80\include\pic18f4520.h"
   275  0000                     HLVDCON equ 0FD2h ;# 
   276                           # 2353 "C:\Program Files (x86)\HI-TECH Software\PICC-18\9.80\include\pic18f4520.h"
   277  0000                     LVDCON equ 0FD2h ;# 
   278                           # 2423 "C:\Program Files (x86)\HI-TECH Software\PICC-18\9.80\include\pic18f4520.h"
   279  0000                     OSCCON equ 0FD3h ;# 
   280                           # 2448 "C:\Program Files (x86)\HI-TECH Software\PICC-18\9.80\include\pic18f4520.h"
   281  0000                     T0CON equ 0FD5h ;# 
   282                           # 2473 "C:\Program Files (x86)\HI-TECH Software\PICC-18\9.80\include\pic18f4520.h"
   283  0000                     TMR0 equ 0FD6h ;# 
   284                           # 2485 "C:\Program Files (x86)\HI-TECH Software\PICC-18\9.80\include\pic18f4520.h"
   285  0000                     TMR0L equ 0FD6h ;# 
   286                           # 2497 "C:\Program Files (x86)\HI-TECH Software\PICC-18\9.80\include\pic18f4520.h"
   287  0000                     TMR0H equ 0FD7h ;# 
   288                           # 2509 "C:\Program Files (x86)\HI-TECH Software\PICC-18\9.80\include\pic18f4520.h"
   289  0000                     STATUS equ 0FD8h ;# 
   290                           # 2540 "C:\Program Files (x86)\HI-TECH Software\PICC-18\9.80\include\pic18f4520.h"
   291  0000                     FSR2 equ 0FD9h ;# 
   292                           # 2552 "C:\Program Files (x86)\HI-TECH Software\PICC-18\9.80\include\pic18f4520.h"
   293  0000                     FSR2L equ 0FD9h ;# 
   294                           # 2564 "C:\Program Files (x86)\HI-TECH Software\PICC-18\9.80\include\pic18f4520.h"
   295  0000                     FSR2H equ 0FDAh ;# 
   296                           # 2576 "C:\Program Files (x86)\HI-TECH Software\PICC-18\9.80\include\pic18f4520.h"
   297  0000                     PLUSW2 equ 0FDBh ;# 
   298                           # 2588 "C:\Program Files (x86)\HI-TECH Software\PICC-18\9.80\include\pic18f4520.h"
   299  0000                     PREINC2 equ 0FDCh ;# 
   300                           # 2600 "C:\Program Files (x86)\HI-TECH Software\PICC-18\9.80\include\pic18f4520.h"
   301  0000                     POSTDEC2 equ 0FDDh ;# 
   302                           # 2612 "C:\Program Files (x86)\HI-TECH Software\PICC-18\9.80\include\pic18f4520.h"
   303  0000                     POSTINC2 equ 0FDEh ;# 
   304                           # 2624 "C:\Program Files (x86)\HI-TECH Software\PICC-18\9.80\include\pic18f4520.h"
   305  0000                     INDF2 equ 0FDFh ;# 
   306                           # 2636 "C:\Program Files (x86)\HI-TECH Software\PICC-18\9.80\include\pic18f4520.h"
   307  0000                     BSR equ 0FE0h ;# 
   308                           # 2648 "C:\Program Files (x86)\HI-TECH Software\PICC-18\9.80\include\pic18f4520.h"
   309  0000                     FSR1 equ 0FE1h ;# 
   310                           # 2660 "C:\Program Files (x86)\HI-TECH Software\PICC-18\9.80\include\pic18f4520.h"
   311  0000                     FSR1L equ 0FE1h ;# 
   312                           # 2672 "C:\Program Files (x86)\HI-TECH Software\PICC-18\9.80\include\pic18f4520.h"
   313  0000                     FSR1H equ 0FE2h ;# 
   314                           # 2684 "C:\Program Files (x86)\HI-TECH Software\PICC-18\9.80\include\pic18f4520.h"
   315  0000                     PLUSW1 equ 0FE3h ;# 
   316                           # 2696 "C:\Program Files (x86)\HI-TECH Software\PICC-18\9.80\include\pic18f4520.h"
   317  0000                     PREINC1 equ 0FE4h ;# 
   318                           # 2708 "C:\Program Files (x86)\HI-TECH Software\PICC-18\9.80\include\pic18f4520.h"
   319  0000                     POSTDEC1 equ 0FE5h ;# 
   320                           # 2720 "C:\Program Files (x86)\HI-TECH Software\PICC-18\9.80\include\pic18f4520.h"
   321  0000                     POSTINC1 equ 0FE6h ;# 
   322                           # 2732 "C:\Program Files (x86)\HI-TECH Software\PICC-18\9.80\include\pic18f4520.h"
   323  0000                     INDF1 equ 0FE7h ;# 
   324                           # 2744 "C:\Program Files (x86)\HI-TECH Software\PICC-18\9.80\include\pic18f4520.h"
   325  0000                     WREG equ 0FE8h ;# 
   326                           # 2767 "C:\Program Files (x86)\HI-TECH Software\PICC-18\9.80\include\pic18f4520.h"
   327  0000                     FSR0 equ 0FE9h ;# 
   328                           # 2779 "C:\Program Files (x86)\HI-TECH Software\PICC-18\9.80\include\pic18f4520.h"
   329  0000                     FSR0L equ 0FE9h ;# 
   330                           # 2791 "C:\Program Files (x86)\HI-TECH Software\PICC-18\9.80\include\pic18f4520.h"
   331  0000                     FSR0H equ 0FEAh ;# 
   332                           # 2803 "C:\Program Files (x86)\HI-TECH Software\PICC-18\9.80\include\pic18f4520.h"
   333  0000                     PLUSW0 equ 0FEBh ;# 
   334                           # 2815 "C:\Program Files (x86)\HI-TECH Software\PICC-18\9.80\include\pic18f4520.h"
   335  0000                     PREINC0 equ 0FECh ;# 
   336                           # 2827 "C:\Program Files (x86)\HI-TECH Software\PICC-18\9.80\include\pic18f4520.h"
   337  0000                     POSTDEC0 equ 0FEDh ;# 
   338                           # 2839 "C:\Program Files (x86)\HI-TECH Software\PICC-18\9.80\include\pic18f4520.h"
   339  0000                     POSTINC0 equ 0FEEh ;# 
   340                           # 2851 "C:\Program Files (x86)\HI-TECH Software\PICC-18\9.80\include\pic18f4520.h"
   341  0000                     INDF0 equ 0FEFh ;# 
   342                           # 2863 "C:\Program Files (x86)\HI-TECH Software\PICC-18\9.80\include\pic18f4520.h"
   343  0000                     INTCON3 equ 0FF0h ;# 
   344                           # 2892 "C:\Program Files (x86)\HI-TECH Software\PICC-18\9.80\include\pic18f4520.h"
   345  0000                     INTCON2 equ 0FF1h ;# 
   346                           # 2919 "C:\Program Files (x86)\HI-TECH Software\PICC-18\9.80\include\pic18f4520.h"
   347  0000                     INTCON equ 0FF2h ;# 
   348                           # 2983 "C:\Program Files (x86)\HI-TECH Software\PICC-18\9.80\include\pic18f4520.h"
   349  0000                     PROD equ 0FF3h ;# 
   350                           # 2995 "C:\Program Files (x86)\HI-TECH Software\PICC-18\9.80\include\pic18f4520.h"
   351  0000                     PRODL equ 0FF3h ;# 
   352                           # 3007 "C:\Program Files (x86)\HI-TECH Software\PICC-18\9.80\include\pic18f4520.h"
   353  0000                     PRODH equ 0FF4h ;# 
   354                           # 3019 "C:\Program Files (x86)\HI-TECH Software\PICC-18\9.80\include\pic18f4520.h"
   355  0000                     TABLAT equ 0FF5h ;# 
   356                           # 3031 "C:\Program Files (x86)\HI-TECH Software\PICC-18\9.80\include\pic18f4520.h"
   357  0000                     TBLPTR equ 0FF6h ;# 
   358                           # 3044 "C:\Program Files (x86)\HI-TECH Software\PICC-18\9.80\include\pic18f4520.h"
   359  0000                     TBLPTRL equ 0FF6h ;# 
   360                           # 3056 "C:\Program Files (x86)\HI-TECH Software\PICC-18\9.80\include\pic18f4520.h"
   361  0000                     TBLPTRH equ 0FF7h ;# 
   362                           # 3068 "C:\Program Files (x86)\HI-TECH Software\PICC-18\9.80\include\pic18f4520.h"
   363  0000                     TBLPTRU equ 0FF8h ;# 
   364                           # 3081 "C:\Program Files (x86)\HI-TECH Software\PICC-18\9.80\include\pic18f4520.h"
   365  0000                     PCLAT equ 0FF9h ;# 
   366                           # 3086 "C:\Program Files (x86)\HI-TECH Software\PICC-18\9.80\include\pic18f4520.h"
   367  0000                     PC equ 0FF9h ;# 
   368                           # 3104 "C:\Program Files (x86)\HI-TECH Software\PICC-18\9.80\include\pic18f4520.h"
   369  0000                     PCL equ 0FF9h ;# 
   370                           # 3116 "C:\Program Files (x86)\HI-TECH Software\PICC-18\9.80\include\pic18f4520.h"
   371  0000                     PCLATH equ 0FFAh ;# 
   372                           # 3128 "C:\Program Files (x86)\HI-TECH Software\PICC-18\9.80\include\pic18f4520.h"
   373  0000                     PCLATU equ 0FFBh ;# 
   374                           # 3140 "C:\Program Files (x86)\HI-TECH Software\PICC-18\9.80\include\pic18f4520.h"
   375  0000                     STKPTR equ 0FFCh ;# 
   376                           # 3164 "C:\Program Files (x86)\HI-TECH Software\PICC-18\9.80\include\pic18f4520.h"
   377  0000                     TOS equ 0FFDh ;# 
   378                           # 3176 "C:\Program Files (x86)\HI-TECH Software\PICC-18\9.80\include\pic18f4520.h"
   379  0000                     TOSL equ 0FFDh ;# 
   380                           # 3188 "C:\Program Files (x86)\HI-TECH Software\PICC-18\9.80\include\pic18f4520.h"
   381  0000                     TOSH equ 0FFEh ;# 
   382                           # 3200 "C:\Program Files (x86)\HI-TECH Software\PICC-18\9.80\include\pic18f4520.h"
   383  0000                     TOSU equ 0FFFh ;# 
   384                           	FNCALL	_main,_delay
   385                           	FNROOT	_main
   386                           	global	_PORTB
   387  0000                     _PORTB	set	0xF81
   388                           	global	_TRISB
   389  0000                     _TRISB	set	0xF93
   390                           psect	text0,class=CODE,space=0,reloc=2
   391                           global __ptext0
   392  007FBC                     __ptext0:
   393                           ; #config settings
   394                           	file	"led.as"
   395                           	line	#
   396                           psect	cinit,class=CODE,delta=1,reloc=2
   397                           global __pcinit
   398  007F78                     __pcinit:
   399                           global start_initialization
   400  007F78                     start_initialization:
   401                           
   402                           psect cinit,class=CODE,delta=1
   403                           global end_of_initialization
   404                           
   405                           ;End of C runtime variable initialization code
   406                           
   407  007F78                     end_of_initialization:
   408  007F78  0100               movlb 0
   409  007F7A  EFDE  F03F         goto _main	;jump to C main() function
   410                           psect	cstackCOMRAM,class=COMRAM,space=1
   411                           global __pcstackCOMRAM
   412  000001                     __pcstackCOMRAM:
   413                           	global	?_delay
   414  000001                     ?_delay:	; 0 bytes @ 0x0
   415                           	global	?_main
   416  000001                     ?_main:	; 2 bytes @ 0x0
   417                           	global	delay@i
   418  000001                     delay@i:	; 4 bytes @ 0x0
   419  000001                     	ds   4
   420                           	global	??_delay
   421  000005                     ??_delay:	; 0 bytes @ 0x4
   422                           	global	delay@z
   423  000005                     delay@z:	; 4 bytes @ 0x4
   424  000005                     	ds   4
   425                           	global	??_main
   426  000009                     ??_main:	; 0 bytes @ 0x8
   427  000009                     	ds   1
   428                           	global	main@z
   429  00000A                     main@z:	; 1 bytes @ 0x9
   430  00000A                     	ds   1
   431                           ;!
   432                           ;!Data Sizes:
   433                           ;!    Strings     0
   434                           ;!    Constant    0
   435                           ;!    Data        0
   436                           ;!    BSS         0
   437                           ;!    Persistent  0
   438                           ;!    Stack       0
   439                           ;!
   440                           ;!Auto Spaces:
   441                           ;!    Space          Size  Autos    Used
   442                           ;!    COMRAM          127     10      10
   443                           ;!    BANK0           128      0       0
   444                           ;!    BANK1           256      0       0
   445                           ;!    BANK2           256      0       0
   446                           ;!    BANK3           256      0       0
   447                           ;!    BANK4           256      0       0
   448                           ;!    BANK5           256      0       0
   449                           
   450                           ;!
   451                           ;!Pointer List with Targets:
   452                           ;!
   453                           ;!    None.
   454                           
   455                           
   456                           ;!
   457                           ;!Critical Paths under _main in COMRAM
   458                           ;!
   459                           ;!    _main->_delay
   460                           ;!
   461                           ;!Critical Paths under _main in BANK0
   462                           ;!
   463                           ;!    None.
   464                           ;!
   465                           ;!Critical Paths under _main in BANK1
   466                           ;!
   467                           ;!    None.
   468                           ;!
   469                           ;!Critical Paths under _main in BANK2
   470                           ;!
   471                           ;!    None.
   472                           ;!
   473                           ;!Critical Paths under _main in BANK3
   474                           ;!
   475                           ;!    None.
   476                           ;!
   477                           ;!Critical Paths under _main in BANK4
   478                           ;!
   479                           ;!    None.
   480                           ;!
   481                           ;!Critical Paths under _main in BANK5
   482                           ;!
   483                           ;!    None.
   484                           
   485 ;;
   486 ;;Main: autosize = 0, tempsize = 1, incstack = 0, save=0
   487 ;;
   488                           
   489                           ;!
   490                           ;!Call Graph Tables:
   491                           ;!
   492                           ;! ---------------------------------------------------------------------------------
   493                           ;! (Depth) Function   	        Calls       Base Space   Used Autos Params    Refs
   494                           ;! ---------------------------------------------------------------------------------
   495                           ;! (0) _main                                                 2     2      0      75
   496                           ;!                                              8 COMRAM     2     2      0
   497                           ;!                              _delay
   498                           ;! ---------------------------------------------------------------------------------
   499                           ;! (1) _delay                                                8     4      4      30
   500                           ;!                                              0 COMRAM     8     4      4
   501                           ;! ---------------------------------------------------------------------------------
   502                           ;! Estimated maximum stack depth 1
   503                           ;! ---------------------------------------------------------------------------------
   504                           ;!
   505                           ;! Call Graph Graphs:
   506                           ;!
   507                           ;! _main (ROOT)
   508                           ;!   _delay
   509                           ;!
   510                           
   511                           ;! Address spaces:
   512                           
   513                           ;!Name               Size   Autos  Total    Cost      Usage
   514                           ;!BITCOMRAM           7F      0       0       0        0.0%
   515                           ;!EEDATA             100      0       0       0        0.0%
   516                           ;!NULL                 0      0       0       0        0.0%
   517                           ;!CODE                 0      0       0       0        0.0%
   518                           ;!COMRAM              7F      A       A       1        7.9%
   519                           ;!STACK                0      0       1       2        0.0%
   520                           ;!DATA                 0      0       0       3        0.0%
   521                           ;!BITBANK0            80      0       0       4        0.0%
   522                           ;!BANK0               80      0       0       5        0.0%
   523                           ;!BITBANK1           100      0       0       6        0.0%
   524                           ;!BANK1              100      0       0       7        0.0%
   525                           ;!BITBANK2           100      0       0       8        0.0%
   526                           ;!BANK2              100      0       0       9        0.0%
   527                           ;!BITBANK3           100      0       0      10        0.0%
   528                           ;!BANK3              100      0       0      11        0.0%
   529                           ;!BITBANK4           100      0       0      12        0.0%
   530                           ;!BANK4              100      0       0      13        0.0%
   531                           ;!BANK5              100      0       0      14        0.0%
   532                           ;!ABS                  0      0       0      15        0.0%
   533                           ;!BITBANK5           100      0       0      16        0.0%
   534                           ;!BIGRAM             5FF      0       0      17        0.0%
   535                           ;!BITSFR               0      0       0      40        0.0%
   536                           ;!SFR                  0      0       0      40        0.0%
   537                           
   538                           	global	_main
   539                           
   540 ;; *************** function _main *****************
   541 ;; Defined at:
   542 ;;		line 6 in file "D:\18bit034\ex1\pgm2\portbled.c"
   543 ;; Parameters:    Size  Location     Type
   544 ;;		None
   545 ;; Auto vars:     Size  Location     Type
   546 ;;  z               1    9[COMRAM] unsigned char 
   547 ;; Return value:  Size  Location     Type
   548 ;;                  2   12[COMRAM] int 
   549 ;; Registers used:
   550 ;;		wreg, status,2, status,0, cstack
   551 ;; Tracked objects:
   552 ;;		On entry : 0/0
   553 ;;		On exit  : 0/0
   554 ;;		Unchanged: 0/0
   555 ;; Data sizes:     COMRAM   BANK0   BANK1   BANK2   BANK3   BANK4   BANK5
   556 ;;      Params:         0       0       0       0       0       0       0
   557 ;;      Locals:         1       0       0       0       0       0       0
   558 ;;      Temps:          1       0       0       0       0       0       0
   559 ;;      Totals:         2       0       0       0       0       0       0
   560 ;;Total ram usage:        2 bytes
   561 ;; Hardware stack levels required when called:    1
   562 ;; This function calls:
   563 ;;		_delay
   564 ;; This function is called by:
   565 ;;		Startup code after reset
   566 ;; This function uses a non-reentrant model
   567 ;;
   568                           psect	text0
   569                           psect	text0
   570                           	file	"D:\18bit034\ex1\pgm2\portbled.c"
   571                           	line	6
   572                           	global	__size_of_main
   573  0000                     	__size_of_main	equ	__end_of_main-_main
   574                           	
   575  007FBC                     _main:
   576                           	opt	stack 30
   577                           	line	7
   578                           	
   579  007FBC                     l1762:
   580                           ;portbled.c: 7: TRISB=0;
   581  007FBC  0E00               	movlw	low(0)
   582  007FBE  6E93               	movwf	((c:3987)),c	;volatile
   583                           	line	9
   584                           	
   585  007FC0                     l1764:
   586                           ;portbled.c: 8: unsigned char z;
   587                           ;portbled.c: 9: for(z=1;z<255;z++){
   588  007FC0  6E09               	movwf	(??_main+0+0)&0ffh,c
   589  007FC2  0E01               	movlw	low(01h)
   590  007FC4  6E0A               	movwf	((c:main@z)),c
   591  007FC6  5009               	movf	(??_main+0+0)&0ffh,c,w
   592                           	
   593  007FC8                     l1766:
   594  007FC8  280A               	incf	((c:main@z)),c,w
   595                           
   596  007FCA  A4D8               	btfss	status,2
   597  007FCC  D001               	goto	u1831
   598  007FCE  D001               	goto	u1830
   599  007FD0                     u1831:
   600  007FD0  D002               	goto	l13
   601  007FD2                     u1830:
   602  007FD2  D014               	goto	l15
   603                           	
   604  007FD4                     l1768:
   605  007FD4  D013               	goto	l15
   606                           	
   607  007FD6                     l13:
   608                           	line	10
   609                           ;portbled.c: 10: PORTB=z;
   610  007FD6  C00A  FF81         	movff	(c:main@z),(c:3969)	;volatile
   611                           	line	11
   612                           	
   613  007FDA                     l1770:
   614                           ;portbled.c: 11: delay(15000);
   615  007FDA  0E98               	movlw	low(03A98h)
   616  007FDC  6E01               	movwf	((c:?_delay)),c
   617  007FDE  0E3A               	movlw	high(03A98h)
   618  007FE0  6E02               	movwf	((c:?_delay+1)),c
   619  007FE2  0E00               	movlw	low highword(03A98h)
   620  007FE4  6E03               	movwf	((c:?_delay+2)),c
   621  007FE6  0E00               	movlw	high highword(03A98h)
   622  007FE8  6E04               	movwf	((c:?_delay+3)),c
   623  007FEA  ECBF  F03F         	call	_delay	;wreg free
   624                           	line	9
   625                           	
   626  007FEE                     l1772:
   627  007FEE  2A0A               	incf	((c:main@z)),c
   628                           	
   629  007FF0                     l1774:
   630  007FF0  280A               	incf	((c:main@z)),c,w
   631                           
   632  007FF2  A4D8               	btfss	status,2
   633  007FF4  D001               	goto	u1841
   634  007FF6  D001               	goto	u1840
   635  007FF8                     u1841:
   636  007FF8  D7EE               	goto	l13
   637  007FFA                     u1840:
   638  007FFA  D000               	goto	l15
   639                           	
   640  007FFC                     l14:
   641                           	line	13
   642                           	
   643  007FFC                     l15:
   644                           	global	start
   645  007FFC  EF00  F000         	goto	start
   646                           	opt stack 0
   647                           GLOBAL	__end_of_main
   648  008000                     	__end_of_main:
   649                           	signat	_main,90
   650                           	global	_delay
   651                           
   652 ;; *************** function _delay *****************
   653 ;; Defined at:
   654 ;;		line 2 in file "D:\18bit034\ex1\pgm2\portbled.c"
   655 ;; Parameters:    Size  Location     Type
   656 ;;  i               4    0[COMRAM] unsigned long 
   657 ;; Auto vars:     Size  Location     Type
   658 ;;  z               4    4[COMRAM] unsigned long 
   659 ;; Return value:  Size  Location     Type
   660 ;;		None               void
   661 ;; Registers used:
   662 ;;		wreg, status,2, status,0
   663 ;; Tracked objects:
   664 ;;		On entry : 0/0
   665 ;;		On exit  : 0/0
   666 ;;		Unchanged: 0/0
   667 ;; Data sizes:     COMRAM   BANK0   BANK1   BANK2   BANK3   BANK4   BANK5
   668 ;;      Params:         4       0       0       0       0       0       0
   669 ;;      Locals:         4       0       0       0       0       0       0
   670 ;;      Temps:          0       0       0       0       0       0       0
   671 ;;      Totals:         8       0       0       0       0       0       0
   672 ;;Total ram usage:        8 bytes
   673 ;; Hardware stack levels used:    1
   674 ;; This function calls:
   675 ;;		Nothing
   676 ;; This function is called by:
   677 ;;		_main
   678 ;; This function uses a non-reentrant model
   679 ;;
   680                           psect	text1,class=CODE,space=0,reloc=2
   681                           global __ptext1
   682  007F7E                     __ptext1:
   683                           psect	text1
   684                           	file	"D:\18bit034\ex1\pgm2\portbled.c"
   685                           	line	2
   686                           	global	__size_of_delay
   687  0000                     	__size_of_delay	equ	__end_of_delay-_delay
   688                           	
   689  007F7E                     _delay:
   690                           	opt	stack 30
   691                           	line	3
   692                           	
   693  007F7E                     l594:
   694                           ;portbled.c: 3: for(unsigned long z=0;z<i;z++){
   695  007F7E  0E00               	movlw	low(0)
   696  007F80  6E05               	movwf	((c:delay@z)),c
   697  007F82  0E00               	movlw	high(0)
   698  007F84  6E06               	movwf	((c:delay@z+1)),c
   699  007F86  0E00               	movlw	low highword(0)
   700  007F88  6E07               	movwf	((c:delay@z+2)),c
   701  007F8A  0E00               	movlw	high highword(0)
   702  007F8C  6E08               	movwf	((c:delay@z+3)),c
   703  007F8E  D008               	goto	l7
   704                           	
   705  007F90                     l8:
   706                           	
   707  007F90                     l596:
   708  007F90  0E01               	movlw	01h
   709  007F92  2605               	addwf	((c:delay@z)),c
   710  007F94  0E00               	movlw	0
   711  007F96  2206               	addwfc	((c:delay@z+1)),c
   712  007F98  0E00               	movlw	0
   713  007F9A  2207               	addwfc	((c:delay@z+2)),c
   714  007F9C  0E00               	movlw	0
   715  007F9E  2208               	addwfc	((c:delay@z+3)),c
   716                           	
   717  007FA0                     l7:
   718  007FA0  5001               	movf	((c:delay@i)),c,w
   719  007FA2  5C05               	subwf	((c:delay@z)),c,w
   720  007FA4  5002               	movf	((c:delay@i+1)),c,w
   721  007FA6  5806               	subwfb	((c:delay@z+1)),c,w
   722  007FA8  5003               	movf	((c:delay@i+2)),c,w
   723  007FAA  5807               	subwfb	((c:delay@z+2)),c,w
   724  007FAC  5004               	movf	((c:delay@i+3)),c,w
   725  007FAE  5808               	subwfb	((c:delay@z+3)),c,w
   726  007FB0  A0D8               	btfss	status,0
   727  007FB2  D001               	goto	u11
   728  007FB4  D001               	goto	u10
   729  007FB6                     u11:
   730  007FB6  D7EC               	goto	l596
   731  007FB8                     u10:
   732  007FB8  D000               	goto	l10
   733                           	
   734  007FBA                     l9:
   735                           	line	5
   736                           	
   737  007FBA                     l10:
   738  007FBA  0012               	return
   739                           	opt stack 0
   740                           GLOBAL	__end_of_delay
   741  007FBC                     	__end_of_delay:
   742                           	signat	_delay,4216
   743                           	GLOBAL	__activetblptr
   744  0000                     __activetblptr	EQU	0
   745                           	psect	intsave_regs,class=BIGRAM,space=1
   746                           psect	text2,class=CODE,space=0,reloc=2
   747                           global __ptext2
   748  000000                     __ptext2:
   749                           	PSECT	rparam,class=COMRAM,space=1
   750                           	GLOBAL	__Lrparam
   751                           	FNCONF	rparam,??,?
   752                           GLOBAL	__Lparam, __Hparam
   753                           GLOBAL	__Lrparam, __Hrparam
   754  0000                     __Lparam	EQU	__Lrparam
   755  0000                     __Hparam	EQU	__Hrparam


Data Sizes:
    Strings     0
    Constant    0
    Data        0
    BSS         0
    Persistent  0
    Stack       0

Auto Spaces:
    Space          Size  Autos    Used
    COMRAM          127     10      10
    BANK0           128      0       0
    BANK1           256      0       0
    BANK2           256      0       0
    BANK3           256      0       0
    BANK4           256      0       0
    BANK5           256      0       0

Pointer List with Targets:

    None.

Critical Paths under _main in COMRAM

    _main->_delay

Critical Paths under _main in BANK0

    None.

Critical Paths under _main in BANK1

    None.

Critical Paths under _main in BANK2

    None.

Critical Paths under _main in BANK3

    None.

Critical Paths under _main in BANK4

    None.

Critical Paths under _main in BANK5

    None.

Call Graph Tables:

 ---------------------------------------------------------------------------------
 (Depth) Function   	        Calls       Base Space   Used Autos Params    Refs
 ---------------------------------------------------------------------------------
 (0) _main                                                 2     2      0      75
                                              8 COMRAM     2     2      0
                              _delay
 ---------------------------------------------------------------------------------
 (1) _delay                                                8     4      4      30
                                              0 COMRAM     8     4      4
 ---------------------------------------------------------------------------------
 Estimated maximum stack depth 1
 ---------------------------------------------------------------------------------

 Call Graph Graphs:

 _main (ROOT)
   _delay

 Address spaces:
Name               Size   Autos  Total    Cost      Usage
BITCOMRAM           7F      0       0       0        0.0%
EEDATA             100      0       0       0        0.0%
NULL                 0      0       0       0        0.0%
CODE                 0      0       0       0        0.0%
COMRAM              7F      A       A       1        7.9%
STACK                0      0       1       2        0.0%
DATA                 0      0       0       3        0.0%
BITBANK0            80      0       0       4        0.0%
BANK0               80      0       0       5        0.0%
BITBANK1           100      0       0       6        0.0%
BANK1              100      0       0       7        0.0%
BITBANK2           100      0       0       8        0.0%
BANK2              100      0       0       9        0.0%
BITBANK3           100      0       0      10        0.0%
BANK3              100      0       0      11        0.0%
BITBANK4           100      0       0      12        0.0%
BANK4              100      0       0      13        0.0%
BANK5              100      0       0      14        0.0%
ABS                  0      0       0      15        0.0%
BITBANK5           100      0       0      16        0.0%
BIGRAM             5FF      0       0      17        0.0%
BITSFR               0      0       0      40        0.0%
SFR                  0      0       0      40        0.0%


HI-TECH Software PICC-18 Macro Assembler V9.80 build 11162 
Symbol Table                                                                                   Thu Mar 04 16:14:54 2021

                   l7 7FA0                     l8 7F90                     l9 7FBA                    l10 7FBA  
                  l13 7FD6                    l14 7FFC                    l15 7FFC                    u10 7FB8  
                  u11 7FB6                   l594 7F7E                   l596 7F90                  l1770 7FDA  
                l1762 7FBC                  l1772 7FEE                  l1764 7FC0                  l1774 7FF0  
                l1766 7FC8                  l1768 7FD4                  u1830 7FD2                  u1831 7FD0  
                u1840 7FFA                  u1841 7FF8                  _main 7FBC                  start 0000  
               ?_main 0001                 _PORTB 000F81                 _TRISB 000F93                 _delay 7F7E  
               main@z 000A                 status 000FD8          __end_of_main 8000                ??_main 0009  
       __activetblptr 000000                ?_delay 0001                delay@i 0001                delay@z 0005  
          __accesstop 0080        __pcstackCOMRAM 0001         __end_of_delay 7FBC               ??_delay 0005  
             __Hparam 0000               __Lparam 0000               __pcinit 7F78               __ramtop 0600  
             __ptext0 7FBC               __ptext1 7F7E               __ptext2 0000  end_of_initialization 7F78  
 start_initialization 7F78        __size_of_delay 003E              __Hrparam 0000              __Lrparam 0000  
       __size_of_main 0044  
