

HI-TECH Software PIC18 LITE Macro Assembler V9.80 build 11162 
                                                                                               Fri Mar 05 11:35:27 2021

HI-TECH Software Omniscient Code Generator (Lite mode) build 11162
     1  0000                     opt subtitle "HI-TECH Software Omniscient Code Generator (Lite mode) build 11162"
     2                           
     3                           opt pagewidth 120
     4                           
     5                           	opt lm
     6                           
     7                           	processor	18F4520
     8  0000                     porta	equ	0F80h
     9  0000                     portb	equ	0F81h
    10  0000                     portc	equ	0F82h
    11  0000                     portd	equ	0F83h
    12  0000                     porte	equ	0F84h
    13  0000                     lata	equ	0F89h
    14  0000                     latb	equ	0F8Ah
    15  0000                     latc	equ	0F8Bh
    16  0000                     latd	equ	0F8Ch
    17  0000                     late	equ	0F8Dh
    18  0000                     trisa	equ	0F92h
    19  0000                     trisb	equ	0F93h
    20  0000                     trisc	equ	0F94h
    21  0000                     trisd	equ	0F95h
    22  0000                     trise	equ	0F96h
    23  0000                     pie1	equ	0F9Dh
    24  0000                     pir1	equ	0F9Eh
    25  0000                     ipr1	equ	0F9Fh
    26  0000                     pie2	equ	0FA0h
    27  0000                     pir2	equ	0FA1h
    28  0000                     ipr2	equ	0FA2h
    29  0000                     t3con	equ	0FB1h
    30  0000                     tmr3l	equ	0FB2h
    31  0000                     tmr3h	equ	0FB3h
    32  0000                     ccp1con	equ	0FBDh
    33  0000                     ccpr1l	equ	0FBEh
    34  0000                     ccpr1h	equ	0FBFh
    35  0000                     adcon1	equ	0FC1h
    36  0000                     adcon0	equ	0FC2h
    37  0000                     adresl	equ	0FC3h
    38  0000                     adresh	equ	0FC4h
    39  0000                     sspcon2	equ	0FC5h
    40  0000                     sspcon1	equ	0FC6h
    41  0000                     sspstat	equ	0FC7h
    42  0000                     sspadd	equ	0FC8h
    43  0000                     sspbuf	equ	0FC9h
    44  0000                     t2con	equ	0FCAh
    45  0000                     pr2	equ	0FCBh
    46  0000                     tmr2	equ	0FCCh
    47  0000                     t1con	equ	0FCDh
    48  0000                     tmr1l	equ	0FCEh
    49  0000                     tmr1h	equ	0FCFh
    50  0000                     rcon	equ	0FD0h
    51  0000                     wdtcon	equ	0FD1h
    52  0000                     lvdcon	equ	0FD2h
    53  0000                     osccon	equ	0FD3h
    54  0000                     t0con	equ	0FD5h
    55  0000                     tmr0l	equ	0FD6h
    56  0000                     tmr0h	equ	0FD7h
    57  0000                     status	equ	0FD8h
    58  0000                     fsr2	equ	0FD9h
    59  0000                     fsr2l	equ	0FD9h
    60  0000                     fsr2h	equ	0FDAh
    61  0000                     plusw2	equ	0FDBh
    62  0000                     preinc2	equ	0FDCh
    63  0000                     postdec2	equ	0FDDh
    64  0000                     postinc2	equ	0FDEh
    65  0000                     indf2	equ	0FDFh
    66  0000                     bsr	equ	0FE0h
    67  0000                     fsr1	equ	0FE1h
    68  0000                     fsr1l	equ	0FE1h
    69  0000                     fsr1h	equ	0FE2h
    70  0000                     plusw1	equ	0FE3h
    71  0000                     preinc1	equ	0FE4h
    72  0000                     postdec1	equ	0FE5h
    73  0000                     postinc1	equ	0FE6h
    74  0000                     indf1	equ	0FE7h
    75  0000                     wreg	equ	0FE8h
    76  0000                     fsr0	equ	0FE9h
    77  0000                     fsr0l	equ	0FE9h
    78  0000                     fsr0h	equ	0FEAh
    79  0000                     plusw0	equ	0FEBh
    80  0000                     preinc0	equ	0FECh
    81  0000                     postdec0	equ	0FEDh
    82  0000                     postinc0	equ	0FEEh
    83  0000                     indf0	equ	0FEFh
    84  0000                     intcon3	equ	0FF0h
    85  0000                     intcon2	equ	0FF1h
    86  0000                     intcon	equ	0FF2h
    87  0000                     prod	equ	0FF3h
    88  0000                     prodl	equ	0FF3h
    89  0000                     prodh	equ	0FF4h
    90  0000                     tablat	equ	0FF5h
    91  0000                     tblptr	equ	0FF6h
    92  0000                     tblptrl	equ	0FF6h
    93  0000                     tblptrh	equ	0FF7h
    94  0000                     tblptru	equ	0FF8h
    95  0000                     pcl	equ	0FF9h
    96  0000                     pclat	equ	0FFAh
    97  0000                     pclath	equ	0FFAh
    98  0000                     pclatu	equ	0FFBh
    99  0000                     stkptr	equ	0FFCh
   100  0000                     tosl	equ	0FFDh
   101  0000                     tosh	equ	0FFEh
   102  0000                     tosu	equ	0FFFh
   103                           skipnz macro
   104                           	btfsc	status,2
   105  0000                     	endm
   106                           	global	__ramtop
   107                           	global	__accesstop
   108                           # 19 "C:\Program Files (x86)\HI-TECH Software\PICC-18\9.80\include\pic18f4520.h"
   109  0000                     PORTA equ 0F80h ;# 
   110                           # 90 "C:\Program Files (x86)\HI-TECH Software\PICC-18\9.80\include\pic18f4520.h"
   111  0000                     PORTB equ 0F81h ;# 
   112                           # 139 "C:\Program Files (x86)\HI-TECH Software\PICC-18\9.80\include\pic18f4520.h"
   113  0000                     PORTC equ 0F82h ;# 
   114                           # 194 "C:\Program Files (x86)\HI-TECH Software\PICC-18\9.80\include\pic18f4520.h"
   115  0000                     PORTD equ 0F83h ;# 
   116                           # 236 "C:\Program Files (x86)\HI-TECH Software\PICC-18\9.80\include\pic18f4520.h"
   117  0000                     PORTE equ 0F84h ;# 
   118                           # 365 "C:\Program Files (x86)\HI-TECH Software\PICC-18\9.80\include\pic18f4520.h"
   119  0000                     LATA equ 0F89h ;# 
   120                           # 418 "C:\Program Files (x86)\HI-TECH Software\PICC-18\9.80\include\pic18f4520.h"
   121  0000                     LATB equ 0F8Ah ;# 
   122                           # 471 "C:\Program Files (x86)\HI-TECH Software\PICC-18\9.80\include\pic18f4520.h"
   123  0000                     LATC equ 0F8Bh ;# 
   124                           # 524 "C:\Program Files (x86)\HI-TECH Software\PICC-18\9.80\include\pic18f4520.h"
   125  0000                     LATD equ 0F8Ch ;# 
   126                           # 577 "C:\Program Files (x86)\HI-TECH Software\PICC-18\9.80\include\pic18f4520.h"
   127  0000                     LATE equ 0F8Dh ;# 
   128                           # 625 "C:\Program Files (x86)\HI-TECH Software\PICC-18\9.80\include\pic18f4520.h"
   129  0000                     TRISA equ 0F92h ;# 
   130                           # 630 "C:\Program Files (x86)\HI-TECH Software\PICC-18\9.80\include\pic18f4520.h"
   131  0000                     DDRA equ 0F92h ;# 
   132                           # 688 "C:\Program Files (x86)\HI-TECH Software\PICC-18\9.80\include\pic18f4520.h"
   133  0000                     TRISB equ 0F93h ;# 
   134                           # 693 "C:\Program Files (x86)\HI-TECH Software\PICC-18\9.80\include\pic18f4520.h"
   135  0000                     DDRB equ 0F93h ;# 
   136                           # 751 "C:\Program Files (x86)\HI-TECH Software\PICC-18\9.80\include\pic18f4520.h"
   137  0000                     TRISC equ 0F94h ;# 
   138                           # 756 "C:\Program Files (x86)\HI-TECH Software\PICC-18\9.80\include\pic18f4520.h"
   139  0000                     DDRC equ 0F94h ;# 
   140                           # 814 "C:\Program Files (x86)\HI-TECH Software\PICC-18\9.80\include\pic18f4520.h"
   141  0000                     TRISD equ 0F95h ;# 
   142                           # 819 "C:\Program Files (x86)\HI-TECH Software\PICC-18\9.80\include\pic18f4520.h"
   143  0000                     DDRD equ 0F95h ;# 
   144                           # 877 "C:\Program Files (x86)\HI-TECH Software\PICC-18\9.80\include\pic18f4520.h"
   145  0000                     TRISE equ 0F96h ;# 
   146                           # 882 "C:\Program Files (x86)\HI-TECH Software\PICC-18\9.80\include\pic18f4520.h"
   147  0000                     DDRE equ 0F96h ;# 
   148                           # 932 "C:\Program Files (x86)\HI-TECH Software\PICC-18\9.80\include\pic18f4520.h"
   149  0000                     OSCTUNE equ 0F9Bh ;# 
   150                           # 954 "C:\Program Files (x86)\HI-TECH Software\PICC-18\9.80\include\pic18f4520.h"
   151  0000                     PIE1 equ 0F9Dh ;# 
   152                           # 981 "C:\Program Files (x86)\HI-TECH Software\PICC-18\9.80\include\pic18f4520.h"
   153  0000                     PIR1 equ 0F9Eh ;# 
   154                           # 1017 "C:\Program Files (x86)\HI-TECH Software\PICC-18\9.80\include\pic18f4520.h"
   155  0000                     IPR1 equ 0F9Fh ;# 
   156                           # 1044 "C:\Program Files (x86)\HI-TECH Software\PICC-18\9.80\include\pic18f4520.h"
   157  0000                     PIE2 equ 0FA0h ;# 
   158                           # 1067 "C:\Program Files (x86)\HI-TECH Software\PICC-18\9.80\include\pic18f4520.h"
   159  0000                     PIR2 equ 0FA1h ;# 
   160                           # 1090 "C:\Program Files (x86)\HI-TECH Software\PICC-18\9.80\include\pic18f4520.h"
   161  0000                     IPR2 equ 0FA2h ;# 
   162                           # 1113 "C:\Program Files (x86)\HI-TECH Software\PICC-18\9.80\include\pic18f4520.h"
   163  0000                     EECON1 equ 0FA6h ;# 
   164                           # 1136 "C:\Program Files (x86)\HI-TECH Software\PICC-18\9.80\include\pic18f4520.h"
   165  0000                     EECON2 equ 0FA7h ;# 
   166                           # 1148 "C:\Program Files (x86)\HI-TECH Software\PICC-18\9.80\include\pic18f4520.h"
   167  0000                     EEDATA equ 0FA8h ;# 
   168                           # 1160 "C:\Program Files (x86)\HI-TECH Software\PICC-18\9.80\include\pic18f4520.h"
   169  0000                     EEADR equ 0FA9h ;# 
   170                           # 1172 "C:\Program Files (x86)\HI-TECH Software\PICC-18\9.80\include\pic18f4520.h"
   171  0000                     RCSTA equ 0FABh ;# 
   172                           # 1177 "C:\Program Files (x86)\HI-TECH Software\PICC-18\9.80\include\pic18f4520.h"
   173  0000                     RCSTA1 equ 0FABh ;# 
   174                           # 1225 "C:\Program Files (x86)\HI-TECH Software\PICC-18\9.80\include\pic18f4520.h"
   175  0000                     TXSTA equ 0FACh ;# 
   176                           # 1230 "C:\Program Files (x86)\HI-TECH Software\PICC-18\9.80\include\pic18f4520.h"
   177  0000                     TXSTA1 equ 0FACh ;# 
   178                           # 1324 "C:\Program Files (x86)\HI-TECH Software\PICC-18\9.80\include\pic18f4520.h"
   179  0000                     TXREG equ 0FADh ;# 
   180                           # 1329 "C:\Program Files (x86)\HI-TECH Software\PICC-18\9.80\include\pic18f4520.h"
   181  0000                     TXREG1 equ 0FADh ;# 
   182                           # 1347 "C:\Program Files (x86)\HI-TECH Software\PICC-18\9.80\include\pic18f4520.h"
   183  0000                     RCREG equ 0FAEh ;# 
   184                           # 1352 "C:\Program Files (x86)\HI-TECH Software\PICC-18\9.80\include\pic18f4520.h"
   185  0000                     RCREG1 equ 0FAEh ;# 
   186                           # 1370 "C:\Program Files (x86)\HI-TECH Software\PICC-18\9.80\include\pic18f4520.h"
   187  0000                     SPBRG equ 0FAFh ;# 
   188                           # 1375 "C:\Program Files (x86)\HI-TECH Software\PICC-18\9.80\include\pic18f4520.h"
   189  0000                     SPBRG1 equ 0FAFh ;# 
   190                           # 1393 "C:\Program Files (x86)\HI-TECH Software\PICC-18\9.80\include\pic18f4520.h"
   191  0000                     SPBRGH equ 0FB0h ;# 
   192                           # 1405 "C:\Program Files (x86)\HI-TECH Software\PICC-18\9.80\include\pic18f4520.h"
   193  0000                     T3CON equ 0FB1h ;# 
   194                           # 1446 "C:\Program Files (x86)\HI-TECH Software\PICC-18\9.80\include\pic18f4520.h"
   195  0000                     TMR3 equ 0FB2h ;# 
   196                           # 1458 "C:\Program Files (x86)\HI-TECH Software\PICC-18\9.80\include\pic18f4520.h"
   197  0000                     TMR3L equ 0FB2h ;# 
   198                           # 1470 "C:\Program Files (x86)\HI-TECH Software\PICC-18\9.80\include\pic18f4520.h"
   199  0000                     TMR3H equ 0FB3h ;# 
   200                           # 1482 "C:\Program Files (x86)\HI-TECH Software\PICC-18\9.80\include\pic18f4520.h"
   201  0000                     CMCON equ 0FB4h ;# 
   202                           # 1515 "C:\Program Files (x86)\HI-TECH Software\PICC-18\9.80\include\pic18f4520.h"
   203  0000                     CVRCON equ 0FB5h ;# 
   204                           # 1541 "C:\Program Files (x86)\HI-TECH Software\PICC-18\9.80\include\pic18f4520.h"
   205  0000                     ECCP1AS equ 0FB6h ;# 
   206                           # 1546 "C:\Program Files (x86)\HI-TECH Software\PICC-18\9.80\include\pic18f4520.h"
   207  0000                     ECCPAS equ 0FB6h ;# 
   208                           # 1588 "C:\Program Files (x86)\HI-TECH Software\PICC-18\9.80\include\pic18f4520.h"
   209  0000                     PWM1CON equ 0FB7h ;# 
   210                           # 1593 "C:\Program Files (x86)\HI-TECH Software\PICC-18\9.80\include\pic18f4520.h"
   211  0000                     ECCP1DEL equ 0FB7h ;# 
   212                           # 1631 "C:\Program Files (x86)\HI-TECH Software\PICC-18\9.80\include\pic18f4520.h"
   213  0000                     BAUDCON equ 0FB8h ;# 
   214                           # 1636 "C:\Program Files (x86)\HI-TECH Software\PICC-18\9.80\include\pic18f4520.h"
   215  0000                     BAUDCTL equ 0FB8h ;# 
   216                           # 1696 "C:\Program Files (x86)\HI-TECH Software\PICC-18\9.80\include\pic18f4520.h"
   217  0000                     CCP2CON equ 0FBAh ;# 
   218                           # 1722 "C:\Program Files (x86)\HI-TECH Software\PICC-18\9.80\include\pic18f4520.h"
   219  0000                     CCPR2 equ 0FBBh ;# 
   220                           # 1734 "C:\Program Files (x86)\HI-TECH Software\PICC-18\9.80\include\pic18f4520.h"
   221  0000                     CCPR2L equ 0FBBh ;# 
   222                           # 1746 "C:\Program Files (x86)\HI-TECH Software\PICC-18\9.80\include\pic18f4520.h"
   223  0000                     CCPR2H equ 0FBCh ;# 
   224                           # 1758 "C:\Program Files (x86)\HI-TECH Software\PICC-18\9.80\include\pic18f4520.h"
   225  0000                     CCP1CON equ 0FBDh ;# 
   226                           # 1787 "C:\Program Files (x86)\HI-TECH Software\PICC-18\9.80\include\pic18f4520.h"
   227  0000                     CCPR1 equ 0FBEh ;# 
   228                           # 1799 "C:\Program Files (x86)\HI-TECH Software\PICC-18\9.80\include\pic18f4520.h"
   229  0000                     CCPR1L equ 0FBEh ;# 
   230                           # 1811 "C:\Program Files (x86)\HI-TECH Software\PICC-18\9.80\include\pic18f4520.h"
   231  0000                     CCPR1H equ 0FBFh ;# 
   232                           # 1823 "C:\Program Files (x86)\HI-TECH Software\PICC-18\9.80\include\pic18f4520.h"
   233  0000                     ADCON2 equ 0FC0h ;# 
   234                           # 1846 "C:\Program Files (x86)\HI-TECH Software\PICC-18\9.80\include\pic18f4520.h"
   235  0000                     ADCON1 equ 0FC1h ;# 
   236                           # 1879 "C:\Program Files (x86)\HI-TECH Software\PICC-18\9.80\include\pic18f4520.h"
   237  0000                     ADCON0 equ 0FC2h ;# 
   238                           # 1934 "C:\Program Files (x86)\HI-TECH Software\PICC-18\9.80\include\pic18f4520.h"
   239  0000                     ADRES equ 0FC3h ;# 
   240                           # 1946 "C:\Program Files (x86)\HI-TECH Software\PICC-18\9.80\include\pic18f4520.h"
   241  0000                     ADRESL equ 0FC3h ;# 
   242                           # 1958 "C:\Program Files (x86)\HI-TECH Software\PICC-18\9.80\include\pic18f4520.h"
   243  0000                     ADRESH equ 0FC4h ;# 
   244                           # 1970 "C:\Program Files (x86)\HI-TECH Software\PICC-18\9.80\include\pic18f4520.h"
   245  0000                     SSPCON2 equ 0FC5h ;# 
   246                           # 1997 "C:\Program Files (x86)\HI-TECH Software\PICC-18\9.80\include\pic18f4520.h"
   247  0000                     SSPCON1 equ 0FC6h ;# 
   248                           # 2019 "C:\Program Files (x86)\HI-TECH Software\PICC-18\9.80\include\pic18f4520.h"
   249  0000                     SSPSTAT equ 0FC7h ;# 
   250                           # 2126 "C:\Program Files (x86)\HI-TECH Software\PICC-18\9.80\include\pic18f4520.h"
   251  0000                     SSPADD equ 0FC8h ;# 
   252                           # 2138 "C:\Program Files (x86)\HI-TECH Software\PICC-18\9.80\include\pic18f4520.h"
   253  0000                     SSPBUF equ 0FC9h ;# 
   254                           # 2150 "C:\Program Files (x86)\HI-TECH Software\PICC-18\9.80\include\pic18f4520.h"
   255  0000                     T2CON equ 0FCAh ;# 
   256                           # 2180 "C:\Program Files (x86)\HI-TECH Software\PICC-18\9.80\include\pic18f4520.h"
   257  0000                     PR2 equ 0FCBh ;# 
   258                           # 2185 "C:\Program Files (x86)\HI-TECH Software\PICC-18\9.80\include\pic18f4520.h"
   259  0000                     MEMCON equ 0FCBh ;# 
   260                           # 2203 "C:\Program Files (x86)\HI-TECH Software\PICC-18\9.80\include\pic18f4520.h"
   261  0000                     TMR2 equ 0FCCh ;# 
   262                           # 2215 "C:\Program Files (x86)\HI-TECH Software\PICC-18\9.80\include\pic18f4520.h"
   263  0000                     T1CON equ 0FCDh ;# 
   264                           # 2252 "C:\Program Files (x86)\HI-TECH Software\PICC-18\9.80\include\pic18f4520.h"
   265  0000                     TMR1 equ 0FCEh ;# 
   266                           # 2264 "C:\Program Files (x86)\HI-TECH Software\PICC-18\9.80\include\pic18f4520.h"
   267  0000                     TMR1L equ 0FCEh ;# 
   268                           # 2276 "C:\Program Files (x86)\HI-TECH Software\PICC-18\9.80\include\pic18f4520.h"
   269  0000                     TMR1H equ 0FCFh ;# 
   270                           # 2288 "C:\Program Files (x86)\HI-TECH Software\PICC-18\9.80\include\pic18f4520.h"
   271  0000                     RCON equ 0FD0h ;# 
   272                           # 2333 "C:\Program Files (x86)\HI-TECH Software\PICC-18\9.80\include\pic18f4520.h"
   273  0000                     WDTCON equ 0FD1h ;# 
   274                           # 2348 "C:\Program Files (x86)\HI-TECH Software\PICC-18\9.80\include\pic18f4520.h"
   275  0000                     HLVDCON equ 0FD2h ;# 
   276                           # 2353 "C:\Program Files (x86)\HI-TECH Software\PICC-18\9.80\include\pic18f4520.h"
   277  0000                     LVDCON equ 0FD2h ;# 
   278                           # 2423 "C:\Program Files (x86)\HI-TECH Software\PICC-18\9.80\include\pic18f4520.h"
   279  0000                     OSCCON equ 0FD3h ;# 
   280                           # 2448 "C:\Program Files (x86)\HI-TECH Software\PICC-18\9.80\include\pic18f4520.h"
   281  0000                     T0CON equ 0FD5h ;# 
   282                           # 2473 "C:\Program Files (x86)\HI-TECH Software\PICC-18\9.80\include\pic18f4520.h"
   283  0000                     TMR0 equ 0FD6h ;# 
   284                           # 2485 "C:\Program Files (x86)\HI-TECH Software\PICC-18\9.80\include\pic18f4520.h"
   285  0000                     TMR0L equ 0FD6h ;# 
   286                           # 2497 "C:\Program Files (x86)\HI-TECH Software\PICC-18\9.80\include\pic18f4520.h"
   287  0000                     TMR0H equ 0FD7h ;# 
   288                           # 2509 "C:\Program Files (x86)\HI-TECH Software\PICC-18\9.80\include\pic18f4520.h"
   289  0000                     STATUS equ 0FD8h ;# 
   290                           # 2540 "C:\Program Files (x86)\HI-TECH Software\PICC-18\9.80\include\pic18f4520.h"
   291  0000                     FSR2 equ 0FD9h ;# 
   292                           # 2552 "C:\Program Files (x86)\HI-TECH Software\PICC-18\9.80\include\pic18f4520.h"
   293  0000                     FSR2L equ 0FD9h ;# 
   294                           # 2564 "C:\Program Files (x86)\HI-TECH Software\PICC-18\9.80\include\pic18f4520.h"
   295  0000                     FSR2H equ 0FDAh ;# 
   296                           # 2576 "C:\Program Files (x86)\HI-TECH Software\PICC-18\9.80\include\pic18f4520.h"
   297  0000                     PLUSW2 equ 0FDBh ;# 
   298                           # 2588 "C:\Program Files (x86)\HI-TECH Software\PICC-18\9.80\include\pic18f4520.h"
   299  0000                     PREINC2 equ 0FDCh ;# 
   300                           # 2600 "C:\Program Files (x86)\HI-TECH Software\PICC-18\9.80\include\pic18f4520.h"
   301  0000                     POSTDEC2 equ 0FDDh ;# 
   302                           # 2612 "C:\Program Files (x86)\HI-TECH Software\PICC-18\9.80\include\pic18f4520.h"
   303  0000                     POSTINC2 equ 0FDEh ;# 
   304                           # 2624 "C:\Program Files (x86)\HI-TECH Software\PICC-18\9.80\include\pic18f4520.h"
   305  0000                     INDF2 equ 0FDFh ;# 
   306                           # 2636 "C:\Program Files (x86)\HI-TECH Software\PICC-18\9.80\include\pic18f4520.h"
   307  0000                     BSR equ 0FE0h ;# 
   308                           # 2648 "C:\Program Files (x86)\HI-TECH Software\PICC-18\9.80\include\pic18f4520.h"
   309  0000                     FSR1 equ 0FE1h ;# 
   310                           # 2660 "C:\Program Files (x86)\HI-TECH Software\PICC-18\9.80\include\pic18f4520.h"
   311  0000                     FSR1L equ 0FE1h ;# 
   312                           # 2672 "C:\Program Files (x86)\HI-TECH Software\PICC-18\9.80\include\pic18f4520.h"
   313  0000                     FSR1H equ 0FE2h ;# 
   314                           # 2684 "C:\Program Files (x86)\HI-TECH Software\PICC-18\9.80\include\pic18f4520.h"
   315  0000                     PLUSW1 equ 0FE3h ;# 
   316                           # 2696 "C:\Program Files (x86)\HI-TECH Software\PICC-18\9.80\include\pic18f4520.h"
   317  0000                     PREINC1 equ 0FE4h ;# 
   318                           # 2708 "C:\Program Files (x86)\HI-TECH Software\PICC-18\9.80\include\pic18f4520.h"
   319  0000                     POSTDEC1 equ 0FE5h ;# 
   320                           # 2720 "C:\Program Files (x86)\HI-TECH Software\PICC-18\9.80\include\pic18f4520.h"
   321  0000                     POSTINC1 equ 0FE6h ;# 
   322                           # 2732 "C:\Program Files (x86)\HI-TECH Software\PICC-18\9.80\include\pic18f4520.h"
   323  0000                     INDF1 equ 0FE7h ;# 
   324                           # 2744 "C:\Program Files (x86)\HI-TECH Software\PICC-18\9.80\include\pic18f4520.h"
   325  0000                     WREG equ 0FE8h ;# 
   326                           # 2767 "C:\Program Files (x86)\HI-TECH Software\PICC-18\9.80\include\pic18f4520.h"
   327  0000                     FSR0 equ 0FE9h ;# 
   328                           # 2779 "C:\Program Files (x86)\HI-TECH Software\PICC-18\9.80\include\pic18f4520.h"
   329  0000                     FSR0L equ 0FE9h ;# 
   330                           # 2791 "C:\Program Files (x86)\HI-TECH Software\PICC-18\9.80\include\pic18f4520.h"
   331  0000                     FSR0H equ 0FEAh ;# 
   332                           # 2803 "C:\Program Files (x86)\HI-TECH Software\PICC-18\9.80\include\pic18f4520.h"
   333  0000                     PLUSW0 equ 0FEBh ;# 
   334                           # 2815 "C:\Program Files (x86)\HI-TECH Software\PICC-18\9.80\include\pic18f4520.h"
   335  0000                     PREINC0 equ 0FECh ;# 
   336                           # 2827 "C:\Program Files (x86)\HI-TECH Software\PICC-18\9.80\include\pic18f4520.h"
   337  0000                     POSTDEC0 equ 0FEDh ;# 
   338                           # 2839 "C:\Program Files (x86)\HI-TECH Software\PICC-18\9.80\include\pic18f4520.h"
   339  0000                     POSTINC0 equ 0FEEh ;# 
   340                           # 2851 "C:\Program Files (x86)\HI-TECH Software\PICC-18\9.80\include\pic18f4520.h"
   341  0000                     INDF0 equ 0FEFh ;# 
   342                           # 2863 "C:\Program Files (x86)\HI-TECH Software\PICC-18\9.80\include\pic18f4520.h"
   343  0000                     INTCON3 equ 0FF0h ;# 
   344                           # 2892 "C:\Program Files (x86)\HI-TECH Software\PICC-18\9.80\include\pic18f4520.h"
   345  0000                     INTCON2 equ 0FF1h ;# 
   346                           # 2919 "C:\Program Files (x86)\HI-TECH Software\PICC-18\9.80\include\pic18f4520.h"
   347  0000                     INTCON equ 0FF2h ;# 
   348                           # 2983 "C:\Program Files (x86)\HI-TECH Software\PICC-18\9.80\include\pic18f4520.h"
   349  0000                     PROD equ 0FF3h ;# 
   350                           # 2995 "C:\Program Files (x86)\HI-TECH Software\PICC-18\9.80\include\pic18f4520.h"
   351  0000                     PRODL equ 0FF3h ;# 
   352                           # 3007 "C:\Program Files (x86)\HI-TECH Software\PICC-18\9.80\include\pic18f4520.h"
   353  0000                     PRODH equ 0FF4h ;# 
   354                           # 3019 "C:\Program Files (x86)\HI-TECH Software\PICC-18\9.80\include\pic18f4520.h"
   355  0000                     TABLAT equ 0FF5h ;# 
   356                           # 3031 "C:\Program Files (x86)\HI-TECH Software\PICC-18\9.80\include\pic18f4520.h"
   357  0000                     TBLPTR equ 0FF6h ;# 
   358                           # 3044 "C:\Program Files (x86)\HI-TECH Software\PICC-18\9.80\include\pic18f4520.h"
   359  0000                     TBLPTRL equ 0FF6h ;# 
   360                           # 3056 "C:\Program Files (x86)\HI-TECH Software\PICC-18\9.80\include\pic18f4520.h"
   361  0000                     TBLPTRH equ 0FF7h ;# 
   362                           # 3068 "C:\Program Files (x86)\HI-TECH Software\PICC-18\9.80\include\pic18f4520.h"
   363  0000                     TBLPTRU equ 0FF8h ;# 
   364                           # 3081 "C:\Program Files (x86)\HI-TECH Software\PICC-18\9.80\include\pic18f4520.h"
   365  0000                     PCLAT equ 0FF9h ;# 
   366                           # 3086 "C:\Program Files (x86)\HI-TECH Software\PICC-18\9.80\include\pic18f4520.h"
   367  0000                     PC equ 0FF9h ;# 
   368                           # 3104 "C:\Program Files (x86)\HI-TECH Software\PICC-18\9.80\include\pic18f4520.h"
   369  0000                     PCL equ 0FF9h ;# 
   370                           # 3116 "C:\Program Files (x86)\HI-TECH Software\PICC-18\9.80\include\pic18f4520.h"
   371  0000                     PCLATH equ 0FFAh ;# 
   372                           # 3128 "C:\Program Files (x86)\HI-TECH Software\PICC-18\9.80\include\pic18f4520.h"
   373  0000                     PCLATU equ 0FFBh ;# 
   374                           # 3140 "C:\Program Files (x86)\HI-TECH Software\PICC-18\9.80\include\pic18f4520.h"
   375  0000                     STKPTR equ 0FFCh ;# 
   376                           # 3164 "C:\Program Files (x86)\HI-TECH Software\PICC-18\9.80\include\pic18f4520.h"
   377  0000                     TOS equ 0FFDh ;# 
   378                           # 3176 "C:\Program Files (x86)\HI-TECH Software\PICC-18\9.80\include\pic18f4520.h"
   379  0000                     TOSL equ 0FFDh ;# 
   380                           # 3188 "C:\Program Files (x86)\HI-TECH Software\PICC-18\9.80\include\pic18f4520.h"
   381  0000                     TOSH equ 0FFEh ;# 
   382                           # 3200 "C:\Program Files (x86)\HI-TECH Software\PICC-18\9.80\include\pic18f4520.h"
   383  0000                     TOSU equ 0FFFh ;# 
   384                           	FNROOT	_main
   385                           	global	_PORTB
   386  0000                     _PORTB	set	0xF81
   387                           	global	_PORTD
   388  0000                     _PORTD	set	0xF83
   389                           	global	_T0CON
   390  0000                     _T0CON	set	0xFD5
   391                           	global	_TMR0L
   392  0000                     _TMR0L	set	0xFD6
   393                           	global	_TRISB
   394  0000                     _TRISB	set	0xF93
   395                           	global	_TRISD
   396  0000                     _TRISD	set	0xF95
   397                           	global	_TMR0ON
   398  0000                     _TMR0ON	set	0x7EAF
   399                           psect	text0,class=CODE,space=0,reloc=2
   400                           global __ptext0
   401  007FBC                     __ptext0:
   402                           ; #config settings
   403                           	file	"min_sec.as"
   404                           	line	#
   405                           psect	cinit,class=CODE,delta=1,reloc=2
   406                           global __pcinit
   407  007FB6                     __pcinit:
   408                           global start_initialization
   409  007FB6                     start_initialization:
   410                           
   411                           psect cinit,class=CODE,delta=1
   412                           global end_of_initialization
   413                           
   414                           ;End of C runtime variable initialization code
   415                           
   416  007FB6                     end_of_initialization:
   417  007FB6  0100               movlb 0
   418  007FB8  EFDE  F03F         goto _main	;jump to C main() function
   419                           psect	cstackCOMRAM,class=COMRAM,space=1
   420                           global __pcstackCOMRAM
   421  000001                     __pcstackCOMRAM:
   422                           	global	??_main
   423  000001                     ??_main:	; 0 bytes @ 0x0
   424                           	global	?_main
   425  000001                     ?_main:	; 2 bytes @ 0x0
   426  000001                     	ds   1
   427                           	global	main@i
   428  000002                     main@i:	; 1 bytes @ 0x1
   429  000002                     	ds   1
   430                           ;!
   431                           ;!Data Sizes:
   432                           ;!    Strings     0
   433                           ;!    Constant    0
   434                           ;!    Data        0
   435                           ;!    BSS         0
   436                           ;!    Persistent  0
   437                           ;!    Stack       0
   438                           ;!
   439                           ;!Auto Spaces:
   440                           ;!    Space          Size  Autos    Used
   441                           ;!    COMRAM          127      2       2
   442                           ;!    BANK0           128      0       0
   443                           ;!    BANK1           256      0       0
   444                           ;!    BANK2           256      0       0
   445                           ;!    BANK3           256      0       0
   446                           ;!    BANK4           256      0       0
   447                           ;!    BANK5           256      0       0
   448                           
   449                           ;!
   450                           ;!Pointer List with Targets:
   451                           ;!
   452                           ;!    None.
   453                           
   454                           
   455                           ;!
   456                           ;!Critical Paths under _main in COMRAM
   457                           ;!
   458                           ;!    None.
   459                           ;!
   460                           ;!Critical Paths under _main in BANK0
   461                           ;!
   462                           ;!    None.
   463                           ;!
   464                           ;!Critical Paths under _main in BANK1
   465                           ;!
   466                           ;!    None.
   467                           ;!
   468                           ;!Critical Paths under _main in BANK2
   469                           ;!
   470                           ;!    None.
   471                           ;!
   472                           ;!Critical Paths under _main in BANK3
   473                           ;!
   474                           ;!    None.
   475                           ;!
   476                           ;!Critical Paths under _main in BANK4
   477                           ;!
   478                           ;!    None.
   479                           ;!
   480                           ;!Critical Paths under _main in BANK5
   481                           ;!
   482                           ;!    None.
   483                           
   484 ;;
   485 ;;Main: autosize = 0, tempsize = 1, incstack = 0, save=0
   486 ;;
   487                           
   488                           ;!
   489                           ;!Call Graph Tables:
   490                           ;!
   491                           ;! ---------------------------------------------------------------------------------
   492                           ;! (Depth) Function   	        Calls       Base Space   Used Autos Params    Refs
   493                           ;! ---------------------------------------------------------------------------------
   494                           ;! (0) _main                                                 2     2      0      15
   495                           ;!                                              0 COMRAM     2     2      0
   496                           ;! ---------------------------------------------------------------------------------
   497                           ;! Estimated maximum stack depth 0
   498                           ;! ---------------------------------------------------------------------------------
   499                           ;!
   500                           ;! Call Graph Graphs:
   501                           ;!
   502                           ;! _main (ROOT)
   503                           ;!
   504                           
   505                           ;! Address spaces:
   506                           
   507                           ;!Name               Size   Autos  Total    Cost      Usage
   508                           ;!BITCOMRAM           7F      0       0       0        0.0%
   509                           ;!EEDATA             100      0       0       0        0.0%
   510                           ;!NULL                 0      0       0       0        0.0%
   511                           ;!CODE                 0      0       0       0        0.0%
   512                           ;!COMRAM              7F      2       2       1        1.6%
   513                           ;!STACK                0      0       0       2        0.0%
   514                           ;!DATA                 0      0       0       3        0.0%
   515                           ;!BITBANK0            80      0       0       4        0.0%
   516                           ;!BANK0               80      0       0       5        0.0%
   517                           ;!BITBANK1           100      0       0       6        0.0%
   518                           ;!BANK1              100      0       0       7        0.0%
   519                           ;!BITBANK2           100      0       0       8        0.0%
   520                           ;!BANK2              100      0       0       9        0.0%
   521                           ;!BITBANK3           100      0       0      10        0.0%
   522                           ;!BANK3              100      0       0      11        0.0%
   523                           ;!BITBANK4           100      0       0      12        0.0%
   524                           ;!BANK4              100      0       0      13        0.0%
   525                           ;!BANK5              100      0       0      14        0.0%
   526                           ;!ABS                  0      0       0      15        0.0%
   527                           ;!BITBANK5           100      0       0      16        0.0%
   528                           ;!BIGRAM             5FF      0       0      17        0.0%
   529                           ;!BITSFR               0      0       0      40        0.0%
   530                           ;!SFR                  0      0       0      40        0.0%
   531                           
   532                           	global	_main
   533                           
   534 ;; *************** function _main *****************
   535 ;; Defined at:
   536 ;;		line 2 in file "D:\18bit034\ex2\counter0\min_sec.c"
   537 ;; Parameters:    Size  Location     Type
   538 ;;		None
   539 ;; Auto vars:     Size  Location     Type
   540 ;;  i               1    1[COMRAM] unsigned char 
   541 ;; Return value:  Size  Location     Type
   542 ;;                  2   16[COMRAM] int 
   543 ;; Registers used:
   544 ;;		wreg, status,2, status,0
   545 ;; Tracked objects:
   546 ;;		On entry : 0/0
   547 ;;		On exit  : 0/0
   548 ;;		Unchanged: 0/0
   549 ;; Data sizes:     COMRAM   BANK0   BANK1   BANK2   BANK3   BANK4   BANK5
   550 ;;      Params:         0       0       0       0       0       0       0
   551 ;;      Locals:         1       0       0       0       0       0       0
   552 ;;      Temps:          1       0       0       0       0       0       0
   553 ;;      Totals:         2       0       0       0       0       0       0
   554 ;;Total ram usage:        2 bytes
   555 ;; This function calls:
   556 ;;		Nothing
   557 ;; This function is called by:
   558 ;;		Startup code after reset
   559 ;; This function uses a non-reentrant model
   560 ;;
   561                           psect	text0
   562                           psect	text0
   563                           	file	"D:\18bit034\ex2\counter0\min_sec.c"
   564                           	line	2
   565                           	global	__size_of_main
   566  0000                     	__size_of_main	equ	__end_of_main-_main
   567                           	
   568  007FBC                     _main:
   569                           	opt	stack 31
   570                           	line	3
   571                           	
   572  007FBC                     l602:
   573                           ;min_sec.c: 3: TRISB=0;
   574  007FBC  0E00               	movlw	low(0)
   575  007FBE  6E93               	movwf	((c:3987)),c	;volatile
   576                           	line	4
   577                           ;min_sec.c: 4: TRISD=0;
   578  007FC0  0E00               	movlw	low(0)
   579  007FC2  6E95               	movwf	((c:3989)),c	;volatile
   580                           	line	5
   581                           	
   582  007FC4                     l604:
   583                           ;min_sec.c: 5: unsigned char i=0;
   584  007FC4  6E01               	movwf	(??_main+0+0)&0ffh,c
   585  007FC6  0E00               	movlw	low(0)
   586  007FC8  6E02               	movwf	((c:main@i)),c
   587  007FCA  5001               	movf	(??_main+0+0)&0ffh,c,w
   588                           	line	6
   589                           	
   590  007FCC                     l606:
   591                           ;min_sec.c: 6: T0CON=0x68;
   592  007FCC  0E68               	movlw	low(068h)
   593  007FCE  6ED5               	movwf	((c:4053)),c	;volatile
   594                           	line	7
   595                           	
   596  007FD0                     l608:
   597                           ;min_sec.c: 7: TMR0L=0x00;
   598  007FD0  0E00               	movlw	low(0)
   599  007FD2  6ED6               	movwf	((c:4054)),c	;volatile
   600  007FD4  D000               	goto	l610
   601                           	line	8
   602                           ;min_sec.c: 8: while(1){
   603                           	
   604  007FD6                     l17:
   605                           	line	9
   606                           	
   607  007FD6                     l610:
   608                           ;min_sec.c: 9: TMR0ON=1;
   609  007FD6  8ED5               	bsf	c:(32431/8),(32431)&7	;volatile
   610                           	line	10
   611                           ;min_sec.c: 10: while(TMR0L!=60){
   612  007FD8  D003               	goto	l612
   613                           	
   614  007FDA                     l19:
   615                           	line	11
   616                           ;min_sec.c: 11: PORTB=TMR0L;
   617  007FDA  CFD6 FF81          	movff	(c:4054),(c:3969)	;volatile
   618  007FDE  D000               	goto	l612
   619                           	line	12
   620                           	
   621  007FE0                     l18:
   622                           	line	10
   623                           	
   624  007FE0                     l612:
   625  007FE0  50D6               	movf	((c:4054)),c,w	;volatile
   626  007FE2  0A3C               	xorlw	60
   627                           
   628  007FE4  A4D8               	btfss	status,2
   629  007FE6  D001               	goto	u11
   630  007FE8  D001               	goto	u10
   631  007FEA                     u11:
   632  007FEA  D7F7               	goto	l19
   633  007FEC                     u10:
   634                           	
   635  007FEC                     l20:
   636                           	line	13
   637                           ;min_sec.c: 12: }
   638                           ;min_sec.c: 13: TMR0ON=0;
   639  007FEC  9ED5               	bcf	c:(32431/8),(32431)&7	;volatile
   640                           	line	14
   641                           	
   642  007FEE                     l614:
   643                           ;min_sec.c: 14: TMR0L=0;
   644  007FEE  0E00               	movlw	low(0)
   645  007FF0  6ED6               	movwf	((c:4054)),c	;volatile
   646                           	line	15
   647                           	
   648  007FF2                     l616:
   649                           ;min_sec.c: 15: i+=1;
   650  007FF2  2A02               	incf	((c:main@i)),c
   651                           	line	16
   652                           	
   653  007FF4                     l618:
   654                           ;min_sec.c: 16: PORTD=i;
   655  007FF4  C002  FF83         	movff	(c:main@i),(c:3971)	;volatile
   656  007FF8  D7EE               	goto	l610
   657                           	line	17
   658                           	
   659  007FFA                     l21:
   660                           	line	8
   661  007FFA  D7ED               	goto	l610
   662                           	
   663  007FFC                     l22:
   664                           	line	18
   665                           	
   666  007FFC                     l23:
   667                           	global	start
   668  007FFC  EF00  F000         	goto	start
   669                           	opt stack 0
   670                           GLOBAL	__end_of_main
   671  008000                     	__end_of_main:
   672                           	signat	_main,90
   673                           	GLOBAL	__activetblptr
   674  0000                     __activetblptr	EQU	0
   675                           	psect	intsave_regs,class=BIGRAM,space=1
   676                           psect	text1,class=CODE,space=0,reloc=2
   677                           global __ptext1
   678  000000                     __ptext1:
   679                           	PSECT	rparam,class=COMRAM,space=1
   680                           	GLOBAL	__Lrparam
   681                           	FNCONF	rparam,??,?
   682                           GLOBAL	__Lparam, __Hparam
   683                           GLOBAL	__Lrparam, __Hrparam
   684  0000                     __Lparam	EQU	__Lrparam
   685  0000                     __Hparam	EQU	__Hrparam


Data Sizes:
    Strings     0
    Constant    0
    Data        0
    BSS         0
    Persistent  0
    Stack       0

Auto Spaces:
    Space          Size  Autos    Used
    COMRAM          127      2       2
    BANK0           128      0       0
    BANK1           256      0       0
    BANK2           256      0       0
    BANK3           256      0       0
    BANK4           256      0       0
    BANK5           256      0       0

Pointer List with Targets:

    None.

Critical Paths under _main in COMRAM

    None.

Critical Paths under _main in BANK0

    None.

Critical Paths under _main in BANK1

    None.

Critical Paths under _main in BANK2

    None.

Critical Paths under _main in BANK3

    None.

Critical Paths under _main in BANK4

    None.

Critical Paths under _main in BANK5

    None.

Call Graph Tables:

 ---------------------------------------------------------------------------------
 (Depth) Function   	        Calls       Base Space   Used Autos Params    Refs
 ---------------------------------------------------------------------------------
 (0) _main                                                 2     2      0      15
                                              0 COMRAM     2     2      0
 ---------------------------------------------------------------------------------
 Estimated maximum stack depth 0
 ---------------------------------------------------------------------------------

 Call Graph Graphs:

 _main (ROOT)

 Address spaces:
Name               Size   Autos  Total    Cost      Usage
BITCOMRAM           7F      0       0       0        0.0%
EEDATA             100      0       0       0        0.0%
NULL                 0      0       0       0        0.0%
CODE                 0      0       0       0        0.0%
COMRAM              7F      2       2       1        1.6%
STACK                0      0       0       2        0.0%
DATA                 0      0       0       3        0.0%
BITBANK0            80      0       0       4        0.0%
BANK0               80      0       0       5        0.0%
BITBANK1           100      0       0       6        0.0%
BANK1              100      0       0       7        0.0%
BITBANK2           100      0       0       8        0.0%
BANK2              100      0       0       9        0.0%
BITBANK3           100      0       0      10        0.0%
BANK3              100      0       0      11        0.0%
BITBANK4           100      0       0      12        0.0%
BANK4              100      0       0      13        0.0%
BANK5              100      0       0      14        0.0%
ABS                  0      0       0      15        0.0%
BITBANK5           100      0       0      16        0.0%
BIGRAM             5FF      0       0      17        0.0%
BITSFR               0      0       0      40        0.0%
SFR                  0      0       0      40        0.0%


HI-TECH Software PICC-18 Macro Assembler V9.80 build 11162 
Symbol Table                                                                                   Fri Mar 05 11:35:27 2021

                  l20 7FEC                    l21 7FFA                    l22 7FFC                    l23 7FFC  
                  l17 7FD6                    l18 7FE0                    l19 7FDA                    u10 7FEC  
                  u11 7FEA                   l610 7FD6                   l602 7FBC                   l612 7FE0  
                 l604 7FC4                   l614 7FEE                   l606 7FCC                   l616 7FF2  
                 l608 7FD0                   l618 7FF4                  _main 7FBC                  start 0000  
               ?_main 0001                 _T0CON 000FD5                 _TMR0L 000FD6                 _PORTB 000F81  
               _PORTD 000F83                 _TRISB 000F93                 _TRISD 000F95                 main@i 0002  
               status 000FD8          __end_of_main 8000                ??_main 0001         __activetblptr 000000  
              _TMR0ON 007EAF            __accesstop 0080        __pcstackCOMRAM 0001               __Hparam 0000  
             __Lparam 0000               __pcinit 7FB6               __ramtop 0600               __ptext0 7FBC  
             __ptext1 0000  end_of_initialization 7FB6   start_initialization 7FB6              __Hrparam 0000  
            __Lrparam 0000         __size_of_main 0044  
